[0.009s] Invoking command in '/home/cayo-sousa/ws_ld90_sim/build/amr_teleop': DEBUGINFOD_URLS=https://debuginfod.ubuntu.com /usr/bin/cmake --build /home/cayo-sousa/ws_ld90_sim/build/amr_teleop -- -j12 -l12
[0.060s] Invoked command in '/home/cayo-sousa/ws_ld90_sim/build/amr_teleop' returned '0': DEBUGINFOD_URLS=https://debuginfod.ubuntu.com /usr/bin/cmake --build /home/cayo-sousa/ws_ld90_sim/build/amr_teleop -- -j12 -l12
[0.068s] Invoking command in '/home/cayo-sousa/ws_ld90_sim/build/amr_teleop': DEBUGINFOD_URLS=https://debuginfod.ubuntu.com /usr/bin/cmake --install /home/cayo-sousa/ws_ld90_sim/build/amr_teleop
[0.076s] -- Install configuration: ""
[0.077s] -- Execute custom install script
[0.078s] -- Up-to-date symlink: /home/cayo-sousa/ws_ld90_sim/install/amr_teleop/share/amr_teleop/launch/amr_joyop.launch.py
[0.079s] -- Up-to-date symlink: /home/cayo-sousa/ws_ld90_sim/install/amr_teleop/share/amr_teleop/config/teleop.yaml
[0.079s] -- Up-to-date symlink: /home/cayo-sousa/ws_ld90_sim/install/amr_teleop/share/ament_index/resource_index/package_run_dependencies/amr_teleop
[0.080s] -- Up-to-date symlink: /home/cayo-sousa/ws_ld90_sim/install/amr_teleop/share/ament_index/resource_index/parent_prefix_path/amr_teleop
[0.080s] -- Up-to-date symlink: /home/cayo-sousa/ws_ld90_sim/install/amr_teleop/share/amr_teleop/environment/ament_prefix_path.sh
[0.080s] -- Up-to-date symlink: /home/cayo-sousa/ws_ld90_sim/install/amr_teleop/share/amr_teleop/environment/ament_prefix_path.dsv
[0.081s] -- Up-to-date symlink: /home/cayo-sousa/ws_ld90_sim/install/amr_teleop/share/amr_teleop/environment/path.sh
[0.081s] -- Up-to-date symlink: /home/cayo-sousa/ws_ld90_sim/install/amr_teleop/share/amr_teleop/environment/path.dsv
[0.081s] -- Up-to-date symlink: /home/cayo-sousa/ws_ld90_sim/install/amr_teleop/share/amr_teleop/local_setup.bash
[0.082s] -- Up-to-date symlink: /home/cayo-sousa/ws_ld90_sim/install/amr_teleop/share/amr_teleop/local_setup.sh
[0.082s] -- Up-to-date symlink: /home/cayo-sousa/ws_ld90_sim/install/amr_teleop/share/amr_teleop/local_setup.zsh
[0.082s] -- Up-to-date symlink: /home/cayo-sousa/ws_ld90_sim/install/amr_teleop/share/amr_teleop/local_setup.dsv
[0.082s] -- Symlinking: /home/cayo-sousa/ws_ld90_sim/install/amr_teleop/share/amr_teleop/package.dsv
[0.090s] -- Up-to-date symlink: /home/cayo-sousa/ws_ld90_sim/install/amr_teleop/share/ament_index/resource_index/packages/amr_teleop
[0.091s] -- Up-to-date symlink: /home/cayo-sousa/ws_ld90_sim/install/amr_teleop/share/amr_teleop/cmake/amr_teleopConfig.cmake
[0.091s] -- Up-to-date symlink: /home/cayo-sousa/ws_ld90_sim/install/amr_teleop/share/amr_teleop/cmake/amr_teleopConfig-version.cmake
[0.091s] -- Up-to-date symlink: /home/cayo-sousa/ws_ld90_sim/install/amr_teleop/share/amr_teleop/package.xml
[0.093s] Invoked command in '/home/cayo-sousa/ws_ld90_sim/build/amr_teleop' returned '0': DEBUGINFOD_URLS=https://debuginfod.ubuntu.com /usr/bin/cmake --install /home/cayo-sousa/ws_ld90_sim/build/amr_teleop
