-- Install configuration: ""
-- Execute custom install script
-- Up-to-date symlink: /home/cayo-sousa/ws_ld90_sim/install/amr_nav2/share/amr_nav2/launch/ld250.launch.py
-- Up-to-date symlink: /home/cayo-sousa/ws_ld90_sim/install/amr_nav2/share/amr_nav2/launch/ld90.launch.py
-- Up-to-date symlink: /home/cayo-sousa/ws_ld90_sim/install/amr_nav2/share/amr_nav2/launch/localization.launch.py
-- Up-to-date symlink: /home/cayo-sousa/ws_ld90_sim/install/amr_nav2/share/amr_nav2/launch/nav2.launch.py
-- Up-to-date symlink: /home/cayo-sousa/ws_ld90_sim/install/amr_nav2/share/amr_nav2/launch/rviz.launch.py
-- Up-to-date symlink: /home/cayo-sousa/ws_ld90_sim/install/amr_nav2/share/amr_nav2/launch/slam.launch.py
-- Up-to-date symlink: /home/cayo-sousa/ws_ld90_sim/install/amr_nav2/share/amr_nav2/config/default.yaml
-- Up-to-date symlink: /home/cayo-sousa/ws_ld90_sim/install/amr_nav2/share/amr_nav2/config/ld250_nav2.yaml
-- Up-to-date symlink: /home/cayo-sousa/ws_ld90_sim/install/amr_nav2/share/amr_nav2/config/ld90_nav2.yaml
-- Up-to-date symlink: /home/cayo-sousa/ws_ld90_sim/install/amr_nav2/share/amr_nav2/maps/.gitkeep
-- Up-to-date symlink: /home/cayo-sousa/ws_ld90_sim/install/amr_nav2/share/amr_nav2/maps/crlab-partial.pgm
-- Up-to-date symlink: /home/cayo-sousa/ws_ld90_sim/install/amr_nav2/share/amr_nav2/maps/crlab-partial.yaml
-- Up-to-date symlink: /home/cayo-sousa/ws_ld90_sim/install/amr_nav2/share/amr_nav2/rviz/nav2.rviz
-- Up-to-date symlink: /home/cayo-sousa/ws_ld90_sim/install/amr_nav2/share/ament_index/resource_index/package_run_dependencies/amr_nav2
-- Up-to-date symlink: /home/cayo-sousa/ws_ld90_sim/install/amr_nav2/share/ament_index/resource_index/parent_prefix_path/amr_nav2
-- Up-to-date symlink: /home/cayo-sousa/ws_ld90_sim/install/amr_nav2/share/amr_nav2/environment/ament_prefix_path.sh
-- Up-to-date symlink: /home/cayo-sousa/ws_ld90_sim/install/amr_nav2/share/amr_nav2/environment/ament_prefix_path.dsv
-- Up-to-date symlink: /home/cayo-sousa/ws_ld90_sim/install/amr_nav2/share/amr_nav2/environment/path.sh
-- Up-to-date symlink: /home/cayo-sousa/ws_ld90_sim/install/amr_nav2/share/amr_nav2/environment/path.dsv
-- Up-to-date symlink: /home/cayo-sousa/ws_ld90_sim/install/amr_nav2/share/amr_nav2/local_setup.bash
-- Up-to-date symlink: /home/cayo-sousa/ws_ld90_sim/install/amr_nav2/share/amr_nav2/local_setup.sh
-- Up-to-date symlink: /home/cayo-sousa/ws_ld90_sim/install/amr_nav2/share/amr_nav2/local_setup.zsh
-- Up-to-date symlink: /home/cayo-sousa/ws_ld90_sim/install/amr_nav2/share/amr_nav2/local_setup.dsv
-- Symlinking: /home/cayo-sousa/ws_ld90_sim/install/amr_nav2/share/amr_nav2/package.dsv
-- Up-to-date symlink: /home/cayo-sousa/ws_ld90_sim/install/amr_nav2/share/ament_index/resource_index/packages/amr_nav2
-- Up-to-date symlink: /home/cayo-sousa/ws_ld90_sim/install/amr_nav2/share/amr_nav2/cmake/amr_nav2Config.cmake
-- Up-to-date symlink: /home/cayo-sousa/ws_ld90_sim/install/amr_nav2/share/amr_nav2/cmake/amr_nav2Config-version.cmake
-- Up-to-date symlink: /home/cayo-sousa/ws_ld90_sim/install/amr_nav2/share/amr_nav2/package.xml
