[0.017s] Invoking command in '/home/cayo-sousa/ws_ld90_sim/build/amr_msgs': CMAKE_PREFIX_PATH=${CMAKE_PREFIX_PATH}:/home/cayo-sousa/ws_ld90_sim/install/ld90_gz:/opt/ros/jazzy DEBUGINFOD_URLS=https://debuginfod.ubuntu.com /usr/bin/cmake --build /home/cayo-sousa/ws_ld90_sim/build/amr_msgs -- -j12 -l12
[0.074s] [  2%] Built target amr_msgs__rosidl_generator_type_description
[0.084s] [  2%] Built target ament_cmake_python_symlink_amr_msgs
[0.098s] [  4%] Built target amr_msgs__cpp
[0.100s] [ 22%] Built target amr_msgs__rosidl_generator_c
[0.124s] [ 31%] Built target amr_msgs__rosidl_typesupport_c
[0.124s] [ 40%] Built target amr_msgs__rosidl_typesupport_introspection_c
[0.126s] [ 50%] Built target amr_msgs__rosidl_typesupport_introspection_cpp
[0.126s] [ 59%] Built target amr_msgs__rosidl_typesupport_cpp
[0.127s] [ 77%] Built target amr_msgs__rosidl_typesupport_fastrtps_c
[0.128s] [ 77%] Built target amr_msgs__rosidl_typesupport_fastrtps_cpp
[0.151s] [ 77%] Built target amr_msgs
[0.179s] [ 79%] Built target amr_msgs__py
[0.217s] [ 86%] Built target amr_msgs__rosidl_generator_py
[0.242s] [ 90%] Built target amr_msgs_s__rosidl_typesupport_fastrtps_c
[0.245s] [ 95%] Built target amr_msgs_s__rosidl_typesupport_introspection_c
[0.245s] [100%] Built target amr_msgs_s__rosidl_typesupport_c
[0.379s] running egg_info
[0.393s] writing amr_msgs.egg-info/PKG-INFO
[0.393s] writing dependency_links to amr_msgs.egg-info/dependency_links.txt
[0.393s] writing top-level names to amr_msgs.egg-info/top_level.txt
[0.435s] reading manifest file 'amr_msgs.egg-info/SOURCES.txt'
[0.435s] writing manifest file 'amr_msgs.egg-info/SOURCES.txt'
[0.460s] [100%] Built target ament_cmake_python_build_amr_msgs_egg
[0.472s] Invoked command in '/home/cayo-sousa/ws_ld90_sim/build/amr_msgs' returned '0': CMAKE_PREFIX_PATH=${CMAKE_PREFIX_PATH}:/home/cayo-sousa/ws_ld90_sim/install/ld90_gz:/opt/ros/jazzy DEBUGINFOD_URLS=https://debuginfod.ubuntu.com /usr/bin/cmake --build /home/cayo-sousa/ws_ld90_sim/build/amr_msgs -- -j12 -l12
[0.473s] Invoking command in '/home/cayo-sousa/ws_ld90_sim/build/amr_msgs': CMAKE_PREFIX_PATH=${CMAKE_PREFIX_PATH}:/home/cayo-sousa/ws_ld90_sim/install/ld90_gz:/opt/ros/jazzy DEBUGINFOD_URLS=https://debuginfod.ubuntu.com /usr/bin/cmake --install /home/cayo-sousa/ws_ld90_sim/build/amr_msgs
[0.479s] -- Install configuration: ""
[0.480s] -- Execute custom install script
[0.480s] -- Up-to-date symlink: /home/cayo-sousa/ws_ld90_sim/install/amr_msgs/share/ament_index/resource_index/rosidl_interfaces/amr_msgs
[0.480s] -- Up-to-date symlink: /home/cayo-sousa/ws_ld90_sim/install/amr_msgs/share/amr_msgs/msg/Location.json
[0.480s] -- Up-to-date symlink: /home/cayo-sousa/ws_ld90_sim/install/amr_msgs/share/amr_msgs/msg/Status.json
[0.480s] -- Up-to-date symlink: /home/cayo-sousa/ws_ld90_sim/install/amr_msgs/include/amr_msgs/amr_msgs/msg/detail/location__functions.h
[0.480s] -- Up-to-date symlink: /home/cayo-sousa/ws_ld90_sim/install/amr_msgs/include/amr_msgs/amr_msgs/msg/detail/location__struct.h
[0.480s] -- Up-to-date symlink: /home/cayo-sousa/ws_ld90_sim/install/amr_msgs/include/amr_msgs/amr_msgs/msg/detail/location__type_support.h
[0.481s] -- Up-to-date symlink: /home/cayo-sousa/ws_ld90_sim/install/amr_msgs/include/amr_msgs/amr_msgs/msg/detail/status__functions.h
[0.481s] -- Up-to-date symlink: /home/cayo-sousa/ws_ld90_sim/install/amr_msgs/include/amr_msgs/amr_msgs/msg/detail/status__struct.h
[0.481s] -- Up-to-date symlink: /home/cayo-sousa/ws_ld90_sim/install/amr_msgs/include/amr_msgs/amr_msgs/msg/detail/status__type_support.h
[0.481s] -- Up-to-date symlink: /home/cayo-sousa/ws_ld90_sim/install/amr_msgs/include/amr_msgs/amr_msgs/msg/location.h
[0.481s] -- Up-to-date symlink: /home/cayo-sousa/ws_ld90_sim/install/amr_msgs/include/amr_msgs/amr_msgs/msg/rosidl_generator_c__visibility_control.h
[0.481s] -- Up-to-date symlink: /home/cayo-sousa/ws_ld90_sim/install/amr_msgs/include/amr_msgs/amr_msgs/msg/status.h
[0.481s] -- Up-to-date symlink: /home/cayo-sousa/ws_ld90_sim/install/amr_msgs/share/amr_msgs/environment/library_path.sh
[0.481s] -- Up-to-date symlink: /home/cayo-sousa/ws_ld90_sim/install/amr_msgs/share/amr_msgs/environment/library_path.dsv
[0.481s] -- Up-to-date symlink: /home/cayo-sousa/ws_ld90_sim/install/amr_msgs/include/amr_msgs/amr_msgs/msg/detail/location__rosidl_typesupport_fastrtps_c.h
[0.481s] -- Up-to-date symlink: /home/cayo-sousa/ws_ld90_sim/install/amr_msgs/include/amr_msgs/amr_msgs/msg/detail/status__rosidl_typesupport_fastrtps_c.h
[0.482s] -- Up-to-date symlink: /home/cayo-sousa/ws_ld90_sim/install/amr_msgs/include/amr_msgs/amr_msgs/msg/rosidl_typesupport_fastrtps_c__visibility_control.h
[0.482s] -- Up-to-date symlink: /home/cayo-sousa/ws_ld90_sim/install/amr_msgs/include/amr_msgs/amr_msgs/msg/detail/location__builder.hpp
[0.482s] -- Up-to-date symlink: /home/cayo-sousa/ws_ld90_sim/install/amr_msgs/include/amr_msgs/amr_msgs/msg/detail/location__struct.hpp
[0.482s] -- Up-to-date symlink: /home/cayo-sousa/ws_ld90_sim/install/amr_msgs/include/amr_msgs/amr_msgs/msg/detail/location__traits.hpp
[0.482s] -- Up-to-date symlink: /home/cayo-sousa/ws_ld90_sim/install/amr_msgs/include/amr_msgs/amr_msgs/msg/detail/location__type_support.hpp
[0.482s] -- Up-to-date symlink: /home/cayo-sousa/ws_ld90_sim/install/amr_msgs/include/amr_msgs/amr_msgs/msg/detail/status__builder.hpp
[0.482s] -- Up-to-date symlink: /home/cayo-sousa/ws_ld90_sim/install/amr_msgs/include/amr_msgs/amr_msgs/msg/detail/status__struct.hpp
[0.482s] -- Up-to-date symlink: /home/cayo-sousa/ws_ld90_sim/install/amr_msgs/include/amr_msgs/amr_msgs/msg/detail/status__traits.hpp
[0.482s] -- Up-to-date symlink: /home/cayo-sousa/ws_ld90_sim/install/amr_msgs/include/amr_msgs/amr_msgs/msg/detail/status__type_support.hpp
[0.483s] -- Up-to-date symlink: /home/cayo-sousa/ws_ld90_sim/install/amr_msgs/include/amr_msgs/amr_msgs/msg/location.hpp
[0.483s] -- Up-to-date symlink: /home/cayo-sousa/ws_ld90_sim/install/amr_msgs/include/amr_msgs/amr_msgs/msg/rosidl_generator_cpp__visibility_control.hpp
[0.483s] -- Up-to-date symlink: /home/cayo-sousa/ws_ld90_sim/install/amr_msgs/include/amr_msgs/amr_msgs/msg/status.hpp
[0.483s] -- Up-to-date symlink: /home/cayo-sousa/ws_ld90_sim/install/amr_msgs/include/amr_msgs/amr_msgs/msg/detail/location__rosidl_typesupport_fastrtps_cpp.hpp
[0.483s] -- Up-to-date symlink: /home/cayo-sousa/ws_ld90_sim/install/amr_msgs/include/amr_msgs/amr_msgs/msg/detail/status__rosidl_typesupport_fastrtps_cpp.hpp
[0.483s] -- Up-to-date symlink: /home/cayo-sousa/ws_ld90_sim/install/amr_msgs/include/amr_msgs/amr_msgs/msg/rosidl_typesupport_fastrtps_cpp__visibility_control.h
[0.483s] -- Up-to-date symlink: /home/cayo-sousa/ws_ld90_sim/install/amr_msgs/include/amr_msgs/amr_msgs/msg/detail/location__rosidl_typesupport_introspection_c.h
[0.483s] -- Up-to-date symlink: /home/cayo-sousa/ws_ld90_sim/install/amr_msgs/include/amr_msgs/amr_msgs/msg/detail/status__rosidl_typesupport_introspection_c.h
[0.483s] -- Up-to-date symlink: /home/cayo-sousa/ws_ld90_sim/install/amr_msgs/include/amr_msgs/amr_msgs/msg/rosidl_typesupport_introspection_c__visibility_control.h
[0.483s] -- Up-to-date symlink: /home/cayo-sousa/ws_ld90_sim/install/amr_msgs/include/amr_msgs/amr_msgs/msg/detail/location__rosidl_typesupport_introspection_cpp.hpp
[0.484s] -- Up-to-date symlink: /home/cayo-sousa/ws_ld90_sim/install/amr_msgs/include/amr_msgs/amr_msgs/msg/detail/status__rosidl_typesupport_introspection_cpp.hpp
[0.484s] -- Up-to-date symlink: /home/cayo-sousa/ws_ld90_sim/install/amr_msgs/share/amr_msgs/environment/pythonpath.sh
[0.484s] -- Up-to-date symlink: /home/cayo-sousa/ws_ld90_sim/install/amr_msgs/share/amr_msgs/environment/pythonpath.dsv
[0.484s] -- Up-to-date symlink: /home/cayo-sousa/ws_ld90_sim/install/amr_msgs/lib/python3.12/site-packages/amr_msgs-0.0.0-py3.12.egg-info/PKG-INFO
[0.484s] -- Up-to-date symlink: /home/cayo-sousa/ws_ld90_sim/install/amr_msgs/lib/python3.12/site-packages/amr_msgs-0.0.0-py3.12.egg-info/SOURCES.txt
[0.484s] -- Up-to-date symlink: /home/cayo-sousa/ws_ld90_sim/install/amr_msgs/lib/python3.12/site-packages/amr_msgs-0.0.0-py3.12.egg-info/dependency_links.txt
[0.484s] -- Up-to-date symlink: /home/cayo-sousa/ws_ld90_sim/install/amr_msgs/lib/python3.12/site-packages/amr_msgs-0.0.0-py3.12.egg-info/top_level.txt
[0.484s] -- Up-to-date symlink: /home/cayo-sousa/ws_ld90_sim/install/amr_msgs/lib/python3.12/site-packages/amr_msgs/__init__.py
[0.485s] -- Up-to-date symlink: /home/cayo-sousa/ws_ld90_sim/install/amr_msgs/lib/python3.12/site-packages/amr_msgs/_amr_msgs_s.ep.rosidl_typesupport_c.c
[0.485s] -- Up-to-date symlink: /home/cayo-sousa/ws_ld90_sim/install/amr_msgs/lib/python3.12/site-packages/amr_msgs/_amr_msgs_s.ep.rosidl_typesupport_fastrtps_c.c
[0.485s] -- Up-to-date symlink: /home/cayo-sousa/ws_ld90_sim/install/amr_msgs/lib/python3.12/site-packages/amr_msgs/_amr_msgs_s.ep.rosidl_typesupport_introspection_c.c
[0.485s] -- Up-to-date symlink: /home/cayo-sousa/ws_ld90_sim/install/amr_msgs/lib/python3.12/site-packages/amr_msgs/amr_msgs_s__rosidl_typesupport_c.so
[0.485s] -- Up-to-date symlink: /home/cayo-sousa/ws_ld90_sim/install/amr_msgs/lib/python3.12/site-packages/amr_msgs/amr_msgs_s__rosidl_typesupport_fastrtps_c.so
[0.485s] -- Up-to-date symlink: /home/cayo-sousa/ws_ld90_sim/install/amr_msgs/lib/python3.12/site-packages/amr_msgs/amr_msgs_s__rosidl_typesupport_introspection_c.so
[0.485s] -- Up-to-date symlink: /home/cayo-sousa/ws_ld90_sim/install/amr_msgs/lib/python3.12/site-packages/amr_msgs/msg/__init__.py
[0.485s] -- Up-to-date symlink: /home/cayo-sousa/ws_ld90_sim/install/amr_msgs/lib/python3.12/site-packages/amr_msgs/msg/_location.py
[0.485s] -- Up-to-date symlink: /home/cayo-sousa/ws_ld90_sim/install/amr_msgs/lib/python3.12/site-packages/amr_msgs/msg/_location_s.c
[0.486s] -- Up-to-date symlink: /home/cayo-sousa/ws_ld90_sim/install/amr_msgs/lib/python3.12/site-packages/amr_msgs/msg/_status.py
[0.486s] -- Up-to-date symlink: /home/cayo-sousa/ws_ld90_sim/install/amr_msgs/lib/python3.12/site-packages/amr_msgs/msg/_status_s.c
[0.486s] -- Up-to-date symlink: /home/cayo-sousa/ws_ld90_sim/install/amr_msgs/lib/python3.12/site-packages/amr_msgs/amr_msgs_s__rosidl_typesupport_fastrtps_c.so
[0.486s] -- Up-to-date symlink: /home/cayo-sousa/ws_ld90_sim/install/amr_msgs/lib/python3.12/site-packages/amr_msgs/amr_msgs_s__rosidl_typesupport_introspection_c.so
[0.486s] -- Up-to-date symlink: /home/cayo-sousa/ws_ld90_sim/install/amr_msgs/lib/python3.12/site-packages/amr_msgs/amr_msgs_s__rosidl_typesupport_c.so
[0.486s] -- Up-to-date symlink: /home/cayo-sousa/ws_ld90_sim/install/amr_msgs/share/amr_msgs/msg/Location.idl
[0.486s] -- Up-to-date symlink: /home/cayo-sousa/ws_ld90_sim/install/amr_msgs/share/amr_msgs/msg/Status.idl
[0.486s] -- Up-to-date symlink: /home/cayo-sousa/ws_ld90_sim/install/amr_msgs/share/amr_msgs/msg/Location.msg
[0.486s] -- Up-to-date symlink: /home/cayo-sousa/ws_ld90_sim/install/amr_msgs/share/amr_msgs/msg/Status.msg
[0.487s] -- Up-to-date symlink: /home/cayo-sousa/ws_ld90_sim/install/amr_msgs/share/ament_index/resource_index/package_run_dependencies/amr_msgs
[0.487s] -- Up-to-date symlink: /home/cayo-sousa/ws_ld90_sim/install/amr_msgs/share/ament_index/resource_index/parent_prefix_path/amr_msgs
[0.487s] -- Up-to-date symlink: /home/cayo-sousa/ws_ld90_sim/install/amr_msgs/share/amr_msgs/environment/ament_prefix_path.sh
[0.487s] -- Up-to-date symlink: /home/cayo-sousa/ws_ld90_sim/install/amr_msgs/share/amr_msgs/environment/ament_prefix_path.dsv
[0.487s] -- Up-to-date symlink: /home/cayo-sousa/ws_ld90_sim/install/amr_msgs/share/amr_msgs/environment/path.sh
[0.487s] -- Up-to-date symlink: /home/cayo-sousa/ws_ld90_sim/install/amr_msgs/share/amr_msgs/environment/path.dsv
[0.487s] -- Up-to-date symlink: /home/cayo-sousa/ws_ld90_sim/install/amr_msgs/share/amr_msgs/local_setup.bash
[0.487s] -- Up-to-date symlink: /home/cayo-sousa/ws_ld90_sim/install/amr_msgs/share/amr_msgs/local_setup.sh
[0.487s] -- Up-to-date symlink: /home/cayo-sousa/ws_ld90_sim/install/amr_msgs/share/amr_msgs/local_setup.zsh
[0.487s] -- Up-to-date symlink: /home/cayo-sousa/ws_ld90_sim/install/amr_msgs/share/amr_msgs/local_setup.dsv
[0.487s] -- Symlinking: /home/cayo-sousa/ws_ld90_sim/install/amr_msgs/share/amr_msgs/package.dsv
[0.493s] -- Up-to-date symlink: /home/cayo-sousa/ws_ld90_sim/install/amr_msgs/share/ament_index/resource_index/packages/amr_msgs
[0.493s] -- Up-to-date symlink: /home/cayo-sousa/ws_ld90_sim/install/amr_msgs/share/amr_msgs/cmake/rosidl_cmake-extras.cmake
[0.493s] -- Up-to-date symlink: /home/cayo-sousa/ws_ld90_sim/install/amr_msgs/share/amr_msgs/cmake/ament_cmake_export_include_directories-extras.cmake
[0.493s] -- Up-to-date symlink: /home/cayo-sousa/ws_ld90_sim/install/amr_msgs/share/amr_msgs/cmake/ament_cmake_export_libraries-extras.cmake
[0.493s] -- Up-to-date symlink: /home/cayo-sousa/ws_ld90_sim/install/amr_msgs/share/amr_msgs/cmake/ament_cmake_export_targets-extras.cmake
[0.493s] -- Up-to-date symlink: /home/cayo-sousa/ws_ld90_sim/install/amr_msgs/share/amr_msgs/cmake/rosidl_cmake_export_typesupport_targets-extras.cmake
[0.493s] -- Up-to-date symlink: /home/cayo-sousa/ws_ld90_sim/install/amr_msgs/share/amr_msgs/cmake/ament_cmake_export_dependencies-extras.cmake
[0.494s] -- Up-to-date symlink: /home/cayo-sousa/ws_ld90_sim/install/amr_msgs/share/amr_msgs/cmake/rosidl_cmake_export_typesupport_libraries-extras.cmake
[0.494s] -- Up-to-date symlink: /home/cayo-sousa/ws_ld90_sim/install/amr_msgs/share/amr_msgs/cmake/amr_msgsConfig.cmake
[0.494s] -- Up-to-date symlink: /home/cayo-sousa/ws_ld90_sim/install/amr_msgs/share/amr_msgs/cmake/amr_msgsConfig-version.cmake
[0.494s] -- Up-to-date symlink: /home/cayo-sousa/ws_ld90_sim/install/amr_msgs/share/amr_msgs/package.xml
[0.494s] -- Up-to-date: /home/cayo-sousa/ws_ld90_sim/install/amr_msgs/lib/libamr_msgs__rosidl_generator_c.so
[0.494s] -- Up-to-date: /home/cayo-sousa/ws_ld90_sim/install/amr_msgs/lib/libamr_msgs__rosidl_typesupport_fastrtps_c.so
[0.494s] -- Up-to-date: /home/cayo-sousa/ws_ld90_sim/install/amr_msgs/lib/libamr_msgs__rosidl_typesupport_fastrtps_cpp.so
[0.494s] -- Up-to-date: /home/cayo-sousa/ws_ld90_sim/install/amr_msgs/lib/libamr_msgs__rosidl_typesupport_introspection_c.so
[0.494s] -- Up-to-date: /home/cayo-sousa/ws_ld90_sim/install/amr_msgs/lib/libamr_msgs__rosidl_typesupport_c.so
[0.494s] -- Up-to-date: /home/cayo-sousa/ws_ld90_sim/install/amr_msgs/lib/libamr_msgs__rosidl_typesupport_introspection_cpp.so
[0.494s] -- Up-to-date: /home/cayo-sousa/ws_ld90_sim/install/amr_msgs/lib/libamr_msgs__rosidl_typesupport_cpp.so
[0.522s] Listing '/home/cayo-sousa/ws_ld90_sim/install/amr_msgs/lib/python3.12/site-packages/amr_msgs'...
[0.523s] Listing '/home/cayo-sousa/ws_ld90_sim/install/amr_msgs/lib/python3.12/site-packages/amr_msgs/msg'...
[0.526s] -- Up-to-date: /home/cayo-sousa/ws_ld90_sim/install/amr_msgs/lib/libamr_msgs__rosidl_generator_py.so
[0.526s] -- Up-to-date: /home/cayo-sousa/ws_ld90_sim/install/amr_msgs/share/amr_msgs/cmake/export_amr_msgs__rosidl_generator_cExport.cmake
[0.527s] -- Up-to-date: /home/cayo-sousa/ws_ld90_sim/install/amr_msgs/share/amr_msgs/cmake/export_amr_msgs__rosidl_generator_cExport-noconfig.cmake
[0.527s] -- Up-to-date: /home/cayo-sousa/ws_ld90_sim/install/amr_msgs/share/amr_msgs/cmake/export_amr_msgs__rosidl_typesupport_fastrtps_cExport.cmake
[0.527s] -- Up-to-date: /home/cayo-sousa/ws_ld90_sim/install/amr_msgs/share/amr_msgs/cmake/export_amr_msgs__rosidl_typesupport_fastrtps_cExport-noconfig.cmake
[0.527s] -- Up-to-date: /home/cayo-sousa/ws_ld90_sim/install/amr_msgs/share/amr_msgs/cmake/export_amr_msgs__rosidl_generator_cppExport.cmake
[0.527s] -- Up-to-date: /home/cayo-sousa/ws_ld90_sim/install/amr_msgs/share/amr_msgs/cmake/export_amr_msgs__rosidl_typesupport_fastrtps_cppExport.cmake
[0.527s] -- Up-to-date: /home/cayo-sousa/ws_ld90_sim/install/amr_msgs/share/amr_msgs/cmake/export_amr_msgs__rosidl_typesupport_fastrtps_cppExport-noconfig.cmake
[0.527s] -- Up-to-date: /home/cayo-sousa/ws_ld90_sim/install/amr_msgs/share/amr_msgs/cmake/amr_msgs__rosidl_typesupport_introspection_cExport.cmake
[0.527s] -- Up-to-date: /home/cayo-sousa/ws_ld90_sim/install/amr_msgs/share/amr_msgs/cmake/amr_msgs__rosidl_typesupport_introspection_cExport-noconfig.cmake
[0.527s] -- Up-to-date: /home/cayo-sousa/ws_ld90_sim/install/amr_msgs/share/amr_msgs/cmake/amr_msgs__rosidl_typesupport_cExport.cmake
[0.528s] -- Up-to-date: /home/cayo-sousa/ws_ld90_sim/install/amr_msgs/share/amr_msgs/cmake/amr_msgs__rosidl_typesupport_cExport-noconfig.cmake
[0.528s] -- Up-to-date: /home/cayo-sousa/ws_ld90_sim/install/amr_msgs/share/amr_msgs/cmake/amr_msgs__rosidl_typesupport_introspection_cppExport.cmake
[0.528s] -- Up-to-date: /home/cayo-sousa/ws_ld90_sim/install/amr_msgs/share/amr_msgs/cmake/amr_msgs__rosidl_typesupport_introspection_cppExport-noconfig.cmake
[0.528s] -- Up-to-date: /home/cayo-sousa/ws_ld90_sim/install/amr_msgs/share/amr_msgs/cmake/amr_msgs__rosidl_typesupport_cppExport.cmake
[0.528s] -- Up-to-date: /home/cayo-sousa/ws_ld90_sim/install/amr_msgs/share/amr_msgs/cmake/amr_msgs__rosidl_typesupport_cppExport-noconfig.cmake
[0.528s] -- Up-to-date: /home/cayo-sousa/ws_ld90_sim/install/amr_msgs/share/amr_msgs/cmake/export_amr_msgs__rosidl_generator_pyExport.cmake
[0.528s] -- Up-to-date: /home/cayo-sousa/ws_ld90_sim/install/amr_msgs/share/amr_msgs/cmake/export_amr_msgs__rosidl_generator_pyExport-noconfig.cmake
[0.530s] Invoked command in '/home/cayo-sousa/ws_ld90_sim/build/amr_msgs' returned '0': CMAKE_PREFIX_PATH=${CMAKE_PREFIX_PATH}:/home/cayo-sousa/ws_ld90_sim/install/ld90_gz:/opt/ros/jazzy DEBUGINFOD_URLS=https://debuginfod.ubuntu.com /usr/bin/cmake --install /home/cayo-sousa/ws_ld90_sim/build/amr_msgs
