[0.010s] Invoking command in '/home/cayo-sousa/ws_ld90_sim/build/amr_teleop': CMAKE_PREFIX_PATH=${CMAKE_PREFIX_PATH}:/opt/ros/jazzy DEBUGINFOD_URLS=https://debuginfod.ubuntu.com /usr/bin/cmake --build /home/cayo-sousa/ws_ld90_sim/build/amr_teleop -- -j12 -l12
[0.043s] Invoked command in '/home/cayo-sousa/ws_ld90_sim/build/amr_teleop' returned '0': CMAKE_PREFIX_PATH=${CMAKE_PREFIX_PATH}:/opt/ros/jazzy DEBUGINFOD_URLS=https://debuginfod.ubuntu.com /usr/bin/cmake --build /home/cayo-sousa/ws_ld90_sim/build/amr_teleop -- -j12 -l12
[0.044s] Invoking command in '/home/cayo-sousa/ws_ld90_sim/build/amr_teleop': CMAKE_PREFIX_PATH=${CMAKE_PREFIX_PATH}:/opt/ros/jazzy DEBUGINFOD_URLS=https://debuginfod.ubuntu.com /usr/bin/cmake --install /home/cayo-sousa/ws_ld90_sim/build/amr_teleop
[0.050s] -- Install configuration: ""
[0.051s] -- Execute custom install script
[0.051s] -- Up-to-date symlink: /home/cayo-sousa/ws_ld90_sim/install/amr_teleop/share/amr_teleop/launch/amr_joyop.launch.py
[0.052s] -- Up-to-date symlink: /home/cayo-sousa/ws_ld90_sim/install/amr_teleop/share/amr_teleop/config/teleop.yaml
[0.052s] -- Up-to-date symlink: /home/cayo-sousa/ws_ld90_sim/install/amr_teleop/share/ament_index/resource_index/package_run_dependencies/amr_teleop
[0.052s] -- Up-to-date symlink: /home/cayo-sousa/ws_ld90_sim/install/amr_teleop/share/ament_index/resource_index/parent_prefix_path/amr_teleop
[0.052s] -- Up-to-date symlink: /home/cayo-sousa/ws_ld90_sim/install/amr_teleop/share/amr_teleop/environment/ament_prefix_path.sh
[0.052s] -- Up-to-date symlink: /home/cayo-sousa/ws_ld90_sim/install/amr_teleop/share/amr_teleop/environment/ament_prefix_path.dsv
[0.053s] -- Up-to-date symlink: /home/cayo-sousa/ws_ld90_sim/install/amr_teleop/share/amr_teleop/environment/path.sh
[0.053s] -- Up-to-date symlink: /home/cayo-sousa/ws_ld90_sim/install/amr_teleop/share/amr_teleop/environment/path.dsv
[0.053s] -- Up-to-date symlink: /home/cayo-sousa/ws_ld90_sim/install/amr_teleop/share/amr_teleop/local_setup.bash
[0.053s] -- Up-to-date symlink: /home/cayo-sousa/ws_ld90_sim/install/amr_teleop/share/amr_teleop/local_setup.sh
[0.054s] -- Up-to-date symlink: /home/cayo-sousa/ws_ld90_sim/install/amr_teleop/share/amr_teleop/local_setup.zsh
[0.054s] -- Up-to-date symlink: /home/cayo-sousa/ws_ld90_sim/install/amr_teleop/share/amr_teleop/local_setup.dsv
[0.054s] -- Symlinking: /home/cayo-sousa/ws_ld90_sim/install/amr_teleop/share/amr_teleop/package.dsv
[0.059s] -- Up-to-date symlink: /home/cayo-sousa/ws_ld90_sim/install/amr_teleop/share/ament_index/resource_index/packages/amr_teleop
[0.060s] -- Up-to-date symlink: /home/cayo-sousa/ws_ld90_sim/install/amr_teleop/share/amr_teleop/cmake/amr_teleopConfig.cmake
[0.060s] -- Up-to-date symlink: /home/cayo-sousa/ws_ld90_sim/install/amr_teleop/share/amr_teleop/cmake/amr_teleopConfig-version.cmake
[0.060s] -- Up-to-date symlink: /home/cayo-sousa/ws_ld90_sim/install/amr_teleop/share/amr_teleop/package.xml
[0.062s] Invoked command in '/home/cayo-sousa/ws_ld90_sim/build/amr_teleop' returned '0': CMAKE_PREFIX_PATH=${CMAKE_PREFIX_PATH}:/opt/ros/jazzy DEBUGINFOD_URLS=https://debuginfod.ubuntu.com /usr/bin/cmake --install /home/cayo-sousa/ws_ld90_sim/build/amr_teleop
