running develop
running egg_info
creating ld90_gz.egg-info
writing ld90_gz.egg-info/PKG-INFO
writing dependency_links to ld90_gz.egg-info/dependency_links.txt
writing entry points to ld90_gz.egg-info/entry_points.txt
writing requirements to ld90_gz.egg-info/requires.txt
writing top-level names to ld90_gz.egg-info/top_level.txt
writing manifest file 'ld90_gz.egg-info/SOURCES.txt'
reading manifest file 'ld90_gz.egg-info/SOURCES.txt'
writing manifest file 'ld90_gz.egg-info/SOURCES.txt'
running build_ext
Creating /home/cayo-sousa/ws_ld90_sim/install/ld90_gz/lib/python3.12/site-packages/ld90-gz.egg-link (link to .)
Installing fl_controller script to /home/cayo-sousa/ws_ld90_sim/install/ld90_gz/lib/ld90_gz
Installing tangent_bug script to /home/cayo-sousa/ws_ld90_sim/install/ld90_gz/lib/ld90_gz

Installed /home/cayo-sousa/ws_ld90_sim/build/ld90_gz
running symlink_data
creating /home/cayo-sousa/ws_ld90_sim/install/ld90_gz/share/ament_index
creating /home/cayo-sousa/ws_ld90_sim/install/ld90_gz/share/ament_index/resource_index
creating /home/cayo-sousa/ws_ld90_sim/install/ld90_gz/share/ament_index/resource_index/packages
symbolically linking /home/cayo-sousa/ws_ld90_sim/build/ld90_gz/resource/ld90_gz -> /home/cayo-sousa/ws_ld90_sim/install/ld90_gz/share/ament_index/resource_index/packages
symbolically linking /home/cayo-sousa/ws_ld90_sim/build/ld90_gz/package.xml -> /home/cayo-sousa/ws_ld90_sim/install/ld90_gz/share/ld90_gz
creating /home/cayo-sousa/ws_ld90_sim/install/ld90_gz/share/ld90_gz/launch
symbolically linking /home/cayo-sousa/ws_ld90_sim/build/ld90_gz/launch/sim_ld90.launch.py -> /home/cayo-sousa/ws_ld90_sim/install/ld90_gz/share/ld90_gz/launch
creating /home/cayo-sousa/ws_ld90_sim/install/ld90_gz/share/ld90_gz/worlds
symbolically linking /home/cayo-sousa/ws_ld90_sim/build/ld90_gz/worlds/empty.sdf -> /home/cayo-sousa/ws_ld90_sim/install/ld90_gz/share/ld90_gz/worlds
creating /home/cayo-sousa/ws_ld90_sim/install/ld90_gz/share/ld90_gz/urdf
symbolically linking /home/cayo-sousa/ws_ld90_sim/build/ld90_gz/urdf/ld90_gz.urdf.xacro -> /home/cayo-sousa/ws_ld90_sim/install/ld90_gz/share/ld90_gz/urdf
creating /home/cayo-sousa/ws_ld90_sim/install/ld90_gz/share/ld90_gz/config
symbolically linking /home/cayo-sousa/ws_ld90_sim/build/ld90_gz/config/bridge.yaml -> /home/cayo-sousa/ws_ld90_sim/install/ld90_gz/share/ld90_gz/config
creating /home/cayo-sousa/ws_ld90_sim/install/ld90_gz/share/ld90_gz/models
symbolically linking /home/cayo-sousa/ws_ld90_sim/build/ld90_gz/models/ld90_gz.sdf -> /home/cayo-sousa/ws_ld90_sim/install/ld90_gz/share/ld90_gz/models
