[1.456s] Invoking command in '/home/cayo-sousa/ws_ld90_sim/build/ld90_gz': CMAKE_PREFIX_PATH=/home/cayo-sousa/ws_ld90_sim/install/amr_description:/home/cayo-sousa/ws_ld90_sim/install/amr_msgs:/opt/ros/jazzy/opt/gz_sim_vendor:/opt/ros/jazzy/opt/gz_sensors_vendor:/opt/ros/jazzy/opt/gz_physics_vendor:/opt/ros/jazzy/opt/sdformat_vendor:/opt/ros/jazzy/opt/gz_gui_vendor:/opt/ros/jazzy/opt/gz_transport_vendor:/opt/ros/jazzy/opt/gz_rendering_vendor:/opt/ros/jazzy/opt/gz_plugin_vendor:/opt/ros/jazzy/opt/gz_fuel_tools_vendor:/opt/ros/jazzy/opt/gz_msgs_vendor:/opt/ros/jazzy/opt/gz_common_vendor:/opt/ros/jazzy/opt/gz_math_vendor:/opt/ros/jazzy/opt/gz_utils_vendor:/opt/ros/jazzy/opt/gz_tools_vendor:/opt/ros/jazzy/opt/gz_ogre_next_vendor:/opt/ros/jazzy/opt/gz_dartsim_vendor:/opt/ros/jazzy/opt/gz_cmake_vendor:/home/cayo-sousa/ws_ld90_sim/install/amr_ros:/home/cayo-sousa/ws_ld90_sim/install/amr_core:/home/cayo-sousa/ws_ld90_sim/install/libaria:/home/cayo-sousa/ws_ld90_sim/install/amr_teleop:/home/cayo-sousa/ws_ld90_sim/install/amr_nav2 DEBUGINFOD_URLS=https://debuginfod.ubuntu.com LD_LIBRARY_PATH=/home/cayo-sousa/ws_ld90_sim/install/amr_msgs/lib:/opt/ros/jazzy/opt/gz_sim_vendor/lib:/opt/ros/jazzy/opt/gz_sensors_vendor/lib:/opt/ros/jazzy/opt/gz_physics_vendor/lib:/opt/ros/jazzy/opt/sdformat_vendor/lib:/opt/ros/jazzy/opt/rviz_ogre_vendor/lib:/opt/ros/jazzy/lib/x86_64-linux-gnu:/opt/ros/jazzy/opt/gz_gui_vendor/lib:/opt/ros/jazzy/opt/gz_transport_vendor/lib:/opt/ros/jazzy/opt/gz_rendering_vendor/lib:/opt/ros/jazzy/opt/gz_plugin_vendor/lib:/opt/ros/jazzy/opt/gz_fuel_tools_vendor/lib:/opt/ros/jazzy/opt/gz_msgs_vendor/lib:/opt/ros/jazzy/opt/gz_common_vendor/lib:/opt/ros/jazzy/opt/gz_math_vendor/lib:/opt/ros/jazzy/opt/gz_utils_vendor/lib:/opt/ros/jazzy/opt/gz_tools_vendor/lib:/opt/ros/jazzy/opt/gz_ogre_next_vendor/lib:/opt/ros/jazzy/opt/gz_dartsim_vendor/lib:/opt/ros/jazzy/opt/gz_cmake_vendor/lib:/opt/ros/jazzy/lib:/home/cayo-sousa/ws_ld90_sim/install/libaria/lib PYTHONPATH=/home/cayo-sousa/ws_ld90_sim/build/ld90_gz/prefix_override:/usr/lib/python3/dist-packages/colcon_core/task/python/colcon_distutils_commands:/home/cayo-sousa/ws_ld90_sim/install/ld90_gz/lib/python3.12/site-packages:/home/cayo-sousa/ws_ld90_sim/install/amr_msgs/lib/python3.12/site-packages:/opt/ros/jazzy/lib/python3.12/site-packages:/home/cayo-sousa/ws_ld90_sim/build/ld90_gz:/home/cayo-sousa/ws_ld90_sim/install/ld90_gz/lib/python3.12/site-packages /usr/bin/python3 -W ignore:setup.py install is deprecated -W ignore:easy_install command is deprecated setup.py develop --editable --build-directory /home/cayo-sousa/ws_ld90_sim/build/ld90_gz/build --no-deps symlink_data
[2.369s] running develop
[2.836s] running egg_info
[2.836s] creating ld90_gz.egg-info
[2.881s] writing ld90_gz.egg-info/PKG-INFO
[2.881s] writing dependency_links to ld90_gz.egg-info/dependency_links.txt
[2.881s] writing entry points to ld90_gz.egg-info/entry_points.txt
[2.882s] writing requirements to ld90_gz.egg-info/requires.txt
[2.882s] writing top-level names to ld90_gz.egg-info/top_level.txt
[2.882s] writing manifest file 'ld90_gz.egg-info/SOURCES.txt'
[2.973s] reading manifest file 'ld90_gz.egg-info/SOURCES.txt'
[2.974s] writing manifest file 'ld90_gz.egg-info/SOURCES.txt'
[3.021s] running build_ext
[3.021s] Creating /home/cayo-sousa/ws_ld90_sim/install/ld90_gz/lib/python3.12/site-packages/ld90-gz.egg-link (link to .)
[3.022s] Installing fl_controller script to /home/cayo-sousa/ws_ld90_sim/install/ld90_gz/lib/ld90_gz
[3.022s] Installing tangent_bug script to /home/cayo-sousa/ws_ld90_sim/install/ld90_gz/lib/ld90_gz
[3.023s] 
[3.023s] Installed /home/cayo-sousa/ws_ld90_sim/build/ld90_gz
[3.023s] running symlink_data
[3.026s] creating /home/cayo-sousa/ws_ld90_sim/install/ld90_gz/share/ament_index
[3.026s] creating /home/cayo-sousa/ws_ld90_sim/install/ld90_gz/share/ament_index/resource_index
[3.026s] creating /home/cayo-sousa/ws_ld90_sim/install/ld90_gz/share/ament_index/resource_index/packages
[3.026s] symbolically linking /home/cayo-sousa/ws_ld90_sim/build/ld90_gz/resource/ld90_gz -> /home/cayo-sousa/ws_ld90_sim/install/ld90_gz/share/ament_index/resource_index/packages
[3.026s] symbolically linking /home/cayo-sousa/ws_ld90_sim/build/ld90_gz/package.xml -> /home/cayo-sousa/ws_ld90_sim/install/ld90_gz/share/ld90_gz
[3.026s] creating /home/cayo-sousa/ws_ld90_sim/install/ld90_gz/share/ld90_gz/launch
[3.026s] symbolically linking /home/cayo-sousa/ws_ld90_sim/build/ld90_gz/launch/sim_ld90.launch.py -> /home/cayo-sousa/ws_ld90_sim/install/ld90_gz/share/ld90_gz/launch
[3.027s] creating /home/cayo-sousa/ws_ld90_sim/install/ld90_gz/share/ld90_gz/worlds
[3.027s] symbolically linking /home/cayo-sousa/ws_ld90_sim/build/ld90_gz/worlds/empty.sdf -> /home/cayo-sousa/ws_ld90_sim/install/ld90_gz/share/ld90_gz/worlds
[3.027s] creating /home/cayo-sousa/ws_ld90_sim/install/ld90_gz/share/ld90_gz/urdf
[3.027s] symbolically linking /home/cayo-sousa/ws_ld90_sim/build/ld90_gz/urdf/ld90_gz.urdf.xacro -> /home/cayo-sousa/ws_ld90_sim/install/ld90_gz/share/ld90_gz/urdf
[3.027s] creating /home/cayo-sousa/ws_ld90_sim/install/ld90_gz/share/ld90_gz/config
[3.027s] symbolically linking /home/cayo-sousa/ws_ld90_sim/build/ld90_gz/config/bridge.yaml -> /home/cayo-sousa/ws_ld90_sim/install/ld90_gz/share/ld90_gz/config
[3.027s] creating /home/cayo-sousa/ws_ld90_sim/install/ld90_gz/share/ld90_gz/models
[3.027s] symbolically linking /home/cayo-sousa/ws_ld90_sim/build/ld90_gz/models/ld90_gz.sdf -> /home/cayo-sousa/ws_ld90_sim/install/ld90_gz/share/ld90_gz/models
[3.106s] Invoked command in '/home/cayo-sousa/ws_ld90_sim/build/ld90_gz' returned '0': CMAKE_PREFIX_PATH=/home/cayo-sousa/ws_ld90_sim/install/amr_description:/home/cayo-sousa/ws_ld90_sim/install/amr_msgs:/opt/ros/jazzy/opt/gz_sim_vendor:/opt/ros/jazzy/opt/gz_sensors_vendor:/opt/ros/jazzy/opt/gz_physics_vendor:/opt/ros/jazzy/opt/sdformat_vendor:/opt/ros/jazzy/opt/gz_gui_vendor:/opt/ros/jazzy/opt/gz_transport_vendor:/opt/ros/jazzy/opt/gz_rendering_vendor:/opt/ros/jazzy/opt/gz_plugin_vendor:/opt/ros/jazzy/opt/gz_fuel_tools_vendor:/opt/ros/jazzy/opt/gz_msgs_vendor:/opt/ros/jazzy/opt/gz_common_vendor:/opt/ros/jazzy/opt/gz_math_vendor:/opt/ros/jazzy/opt/gz_utils_vendor:/opt/ros/jazzy/opt/gz_tools_vendor:/opt/ros/jazzy/opt/gz_ogre_next_vendor:/opt/ros/jazzy/opt/gz_dartsim_vendor:/opt/ros/jazzy/opt/gz_cmake_vendor:/home/cayo-sousa/ws_ld90_sim/install/amr_ros:/home/cayo-sousa/ws_ld90_sim/install/amr_core:/home/cayo-sousa/ws_ld90_sim/install/libaria:/home/cayo-sousa/ws_ld90_sim/install/amr_teleop:/home/cayo-sousa/ws_ld90_sim/install/amr_nav2 DEBUGINFOD_URLS=https://debuginfod.ubuntu.com LD_LIBRARY_PATH=/home/cayo-sousa/ws_ld90_sim/install/amr_msgs/lib:/opt/ros/jazzy/opt/gz_sim_vendor/lib:/opt/ros/jazzy/opt/gz_sensors_vendor/lib:/opt/ros/jazzy/opt/gz_physics_vendor/lib:/opt/ros/jazzy/opt/sdformat_vendor/lib:/opt/ros/jazzy/opt/rviz_ogre_vendor/lib:/opt/ros/jazzy/lib/x86_64-linux-gnu:/opt/ros/jazzy/opt/gz_gui_vendor/lib:/opt/ros/jazzy/opt/gz_transport_vendor/lib:/opt/ros/jazzy/opt/gz_rendering_vendor/lib:/opt/ros/jazzy/opt/gz_plugin_vendor/lib:/opt/ros/jazzy/opt/gz_fuel_tools_vendor/lib:/opt/ros/jazzy/opt/gz_msgs_vendor/lib:/opt/ros/jazzy/opt/gz_common_vendor/lib:/opt/ros/jazzy/opt/gz_math_vendor/lib:/opt/ros/jazzy/opt/gz_utils_vendor/lib:/opt/ros/jazzy/opt/gz_tools_vendor/lib:/opt/ros/jazzy/opt/gz_ogre_next_vendor/lib:/opt/ros/jazzy/opt/gz_dartsim_vendor/lib:/opt/ros/jazzy/opt/gz_cmake_vendor/lib:/opt/ros/jazzy/lib:/home/cayo-sousa/ws_ld90_sim/install/libaria/lib PYTHONPATH=/home/cayo-sousa/ws_ld90_sim/build/ld90_gz/prefix_override:/usr/lib/python3/dist-packages/colcon_core/task/python/colcon_distutils_commands:/home/cayo-sousa/ws_ld90_sim/install/ld90_gz/lib/python3.12/site-packages:/home/cayo-sousa/ws_ld90_sim/install/amr_msgs/lib/python3.12/site-packages:/opt/ros/jazzy/lib/python3.12/site-packages:/home/cayo-sousa/ws_ld90_sim/build/ld90_gz:/home/cayo-sousa/ws_ld90_sim/install/ld90_gz/lib/python3.12/site-packages /usr/bin/python3 -W ignore:setup.py install is deprecated -W ignore:easy_install command is deprecated setup.py develop --editable --build-directory /home/cayo-sousa/ws_ld90_sim/build/ld90_gz/build --no-deps symlink_data
