[0.013s] Invoking command in '/home/cayo-sousa/ws_ld90_sim/build/amr_msgs': CMAKE_PREFIX_PATH=${CMAKE_PREFIX_PATH}:/home/cayo-sousa/ws_ld90_sim/install/ld90_gz:/opt/ros/jazzy DEBUGINFOD_URLS=https://debuginfod.ubuntu.com /usr/bin/cmake --build /home/cayo-sousa/ws_ld90_sim/build/amr_msgs -- -j12 -l12
[0.054s] [  2%] Built target amr_msgs__rosidl_generator_type_description
[0.063s] [  2%] Built target ament_cmake_python_symlink_amr_msgs
[0.071s] [  4%] Built target amr_msgs__cpp
[0.074s] [ 22%] Built target amr_msgs__rosidl_generator_c
[0.095s] [ 68%] Built target amr_msgs__rosidl_typesupport_introspection_cpp
[0.095s] [ 68%] Built target amr_msgs__rosidl_typesupport_fastrtps_cpp
[0.095s] [ 68%] Built target amr_msgs__rosidl_typesupport_introspection_c
[0.095s] [ 68%] Built target amr_msgs__rosidl_typesupport_cpp
[0.096s] [ 68%] Built target amr_msgs__rosidl_typesupport_c
[0.096s] [ 77%] Built target amr_msgs__rosidl_typesupport_fastrtps_c
[0.117s] [ 77%] Built target amr_msgs
[0.136s] [ 79%] Built target amr_msgs__py
[0.154s] [ 86%] Built target amr_msgs__rosidl_generator_py
[0.170s] [ 90%] Built target amr_msgs_s__rosidl_typesupport_introspection_c
[0.173s] [ 95%] Built target amr_msgs_s__rosidl_typesupport_fastrtps_c
[0.174s] [100%] Built target amr_msgs_s__rosidl_typesupport_c
[0.237s] running egg_info
[0.250s] writing amr_msgs.egg-info/PKG-INFO
[0.250s] writing dependency_links to amr_msgs.egg-info/dependency_links.txt
[0.250s] writing top-level names to amr_msgs.egg-info/top_level.txt
[0.286s] reading manifest file 'amr_msgs.egg-info/SOURCES.txt'
[0.286s] writing manifest file 'amr_msgs.egg-info/SOURCES.txt'
[0.306s] [100%] Built target ament_cmake_python_build_amr_msgs_egg
[0.316s] Invoked command in '/home/cayo-sousa/ws_ld90_sim/build/amr_msgs' returned '0': CMAKE_PREFIX_PATH=${CMAKE_PREFIX_PATH}:/home/cayo-sousa/ws_ld90_sim/install/ld90_gz:/opt/ros/jazzy DEBUGINFOD_URLS=https://debuginfod.ubuntu.com /usr/bin/cmake --build /home/cayo-sousa/ws_ld90_sim/build/amr_msgs -- -j12 -l12
[0.317s] Invoking command in '/home/cayo-sousa/ws_ld90_sim/build/amr_msgs': CMAKE_PREFIX_PATH=${CMAKE_PREFIX_PATH}:/home/cayo-sousa/ws_ld90_sim/install/ld90_gz:/opt/ros/jazzy DEBUGINFOD_URLS=https://debuginfod.ubuntu.com /usr/bin/cmake --install /home/cayo-sousa/ws_ld90_sim/build/amr_msgs
[0.324s] -- Install configuration: ""
[0.324s] -- Execute custom install script
[0.324s] -- Up-to-date symlink: /home/cayo-sousa/ws_ld90_sim/install/amr_msgs/share/ament_index/resource_index/rosidl_interfaces/amr_msgs
[0.324s] -- Up-to-date symlink: /home/cayo-sousa/ws_ld90_sim/install/amr_msgs/share/amr_msgs/msg/Location.json
[0.325s] -- Up-to-date symlink: /home/cayo-sousa/ws_ld90_sim/install/amr_msgs/share/amr_msgs/msg/Status.json
[0.325s] -- Up-to-date symlink: /home/cayo-sousa/ws_ld90_sim/install/amr_msgs/include/amr_msgs/amr_msgs/msg/detail/location__functions.h
[0.325s] -- Up-to-date symlink: /home/cayo-sousa/ws_ld90_sim/install/amr_msgs/include/amr_msgs/amr_msgs/msg/detail/location__struct.h
[0.325s] -- Up-to-date symlink: /home/cayo-sousa/ws_ld90_sim/install/amr_msgs/include/amr_msgs/amr_msgs/msg/detail/location__type_support.h
[0.325s] -- Up-to-date symlink: /home/cayo-sousa/ws_ld90_sim/install/amr_msgs/include/amr_msgs/amr_msgs/msg/detail/status__functions.h
[0.325s] -- Up-to-date symlink: /home/cayo-sousa/ws_ld90_sim/install/amr_msgs/include/amr_msgs/amr_msgs/msg/detail/status__struct.h
[0.325s] -- Up-to-date symlink: /home/cayo-sousa/ws_ld90_sim/install/amr_msgs/include/amr_msgs/amr_msgs/msg/detail/status__type_support.h
[0.325s] -- Up-to-date symlink: /home/cayo-sousa/ws_ld90_sim/install/amr_msgs/include/amr_msgs/amr_msgs/msg/location.h
[0.325s] -- Up-to-date symlink: /home/cayo-sousa/ws_ld90_sim/install/amr_msgs/include/amr_msgs/amr_msgs/msg/rosidl_generator_c__visibility_control.h
[0.325s] -- Up-to-date symlink: /home/cayo-sousa/ws_ld90_sim/install/amr_msgs/include/amr_msgs/amr_msgs/msg/status.h
[0.325s] -- Up-to-date symlink: /home/cayo-sousa/ws_ld90_sim/install/amr_msgs/share/amr_msgs/environment/library_path.sh
[0.326s] -- Up-to-date symlink: /home/cayo-sousa/ws_ld90_sim/install/amr_msgs/share/amr_msgs/environment/library_path.dsv
[0.326s] -- Up-to-date symlink: /home/cayo-sousa/ws_ld90_sim/install/amr_msgs/include/amr_msgs/amr_msgs/msg/detail/location__rosidl_typesupport_fastrtps_c.h
[0.326s] -- Up-to-date symlink: /home/cayo-sousa/ws_ld90_sim/install/amr_msgs/include/amr_msgs/amr_msgs/msg/detail/status__rosidl_typesupport_fastrtps_c.h
[0.326s] -- Up-to-date symlink: /home/cayo-sousa/ws_ld90_sim/install/amr_msgs/include/amr_msgs/amr_msgs/msg/rosidl_typesupport_fastrtps_c__visibility_control.h
[0.326s] -- Up-to-date symlink: /home/cayo-sousa/ws_ld90_sim/install/amr_msgs/include/amr_msgs/amr_msgs/msg/detail/location__builder.hpp
[0.326s] -- Up-to-date symlink: /home/cayo-sousa/ws_ld90_sim/install/amr_msgs/include/amr_msgs/amr_msgs/msg/detail/location__struct.hpp
[0.326s] -- Up-to-date symlink: /home/cayo-sousa/ws_ld90_sim/install/amr_msgs/include/amr_msgs/amr_msgs/msg/detail/location__traits.hpp
[0.326s] -- Up-to-date symlink: /home/cayo-sousa/ws_ld90_sim/install/amr_msgs/include/amr_msgs/amr_msgs/msg/detail/location__type_support.hpp
[0.326s] -- Up-to-date symlink: /home/cayo-sousa/ws_ld90_sim/install/amr_msgs/include/amr_msgs/amr_msgs/msg/detail/status__builder.hpp
[0.326s] -- Up-to-date symlink: /home/cayo-sousa/ws_ld90_sim/install/amr_msgs/include/amr_msgs/amr_msgs/msg/detail/status__struct.hpp
[0.326s] -- Up-to-date symlink: /home/cayo-sousa/ws_ld90_sim/install/amr_msgs/include/amr_msgs/amr_msgs/msg/detail/status__traits.hpp
[0.326s] -- Up-to-date symlink: /home/cayo-sousa/ws_ld90_sim/install/amr_msgs/include/amr_msgs/amr_msgs/msg/detail/status__type_support.hpp
[0.326s] -- Up-to-date symlink: /home/cayo-sousa/ws_ld90_sim/install/amr_msgs/include/amr_msgs/amr_msgs/msg/location.hpp
[0.327s] -- Up-to-date symlink: /home/cayo-sousa/ws_ld90_sim/install/amr_msgs/include/amr_msgs/amr_msgs/msg/rosidl_generator_cpp__visibility_control.hpp
[0.327s] -- Up-to-date symlink: /home/cayo-sousa/ws_ld90_sim/install/amr_msgs/include/amr_msgs/amr_msgs/msg/status.hpp
[0.327s] -- Up-to-date symlink: /home/cayo-sousa/ws_ld90_sim/install/amr_msgs/include/amr_msgs/amr_msgs/msg/detail/location__rosidl_typesupport_fastrtps_cpp.hpp
[0.327s] -- Up-to-date symlink: /home/cayo-sousa/ws_ld90_sim/install/amr_msgs/include/amr_msgs/amr_msgs/msg/detail/status__rosidl_typesupport_fastrtps_cpp.hpp
[0.327s] -- Up-to-date symlink: /home/cayo-sousa/ws_ld90_sim/install/amr_msgs/include/amr_msgs/amr_msgs/msg/rosidl_typesupport_fastrtps_cpp__visibility_control.h
[0.327s] -- Up-to-date symlink: /home/cayo-sousa/ws_ld90_sim/install/amr_msgs/include/amr_msgs/amr_msgs/msg/detail/location__rosidl_typesupport_introspection_c.h
[0.327s] -- Up-to-date symlink: /home/cayo-sousa/ws_ld90_sim/install/amr_msgs/include/amr_msgs/amr_msgs/msg/detail/status__rosidl_typesupport_introspection_c.h
[0.327s] -- Up-to-date symlink: /home/cayo-sousa/ws_ld90_sim/install/amr_msgs/include/amr_msgs/amr_msgs/msg/rosidl_typesupport_introspection_c__visibility_control.h
[0.327s] -- Up-to-date symlink: /home/cayo-sousa/ws_ld90_sim/install/amr_msgs/include/amr_msgs/amr_msgs/msg/detail/location__rosidl_typesupport_introspection_cpp.hpp
[0.327s] -- Up-to-date symlink: /home/cayo-sousa/ws_ld90_sim/install/amr_msgs/include/amr_msgs/amr_msgs/msg/detail/status__rosidl_typesupport_introspection_cpp.hpp
[0.327s] -- Up-to-date symlink: /home/cayo-sousa/ws_ld90_sim/install/amr_msgs/share/amr_msgs/environment/pythonpath.sh
[0.327s] -- Up-to-date symlink: /home/cayo-sousa/ws_ld90_sim/install/amr_msgs/share/amr_msgs/environment/pythonpath.dsv
[0.328s] -- Up-to-date symlink: /home/cayo-sousa/ws_ld90_sim/install/amr_msgs/lib/python3.12/site-packages/amr_msgs-0.0.0-py3.12.egg-info/PKG-INFO
[0.328s] -- Up-to-date symlink: /home/cayo-sousa/ws_ld90_sim/install/amr_msgs/lib/python3.12/site-packages/amr_msgs-0.0.0-py3.12.egg-info/SOURCES.txt
[0.328s] -- Up-to-date symlink: /home/cayo-sousa/ws_ld90_sim/install/amr_msgs/lib/python3.12/site-packages/amr_msgs-0.0.0-py3.12.egg-info/dependency_links.txt
[0.328s] -- Up-to-date symlink: /home/cayo-sousa/ws_ld90_sim/install/amr_msgs/lib/python3.12/site-packages/amr_msgs-0.0.0-py3.12.egg-info/top_level.txt
[0.328s] -- Up-to-date symlink: /home/cayo-sousa/ws_ld90_sim/install/amr_msgs/lib/python3.12/site-packages/amr_msgs/__init__.py
[0.328s] -- Up-to-date symlink: /home/cayo-sousa/ws_ld90_sim/install/amr_msgs/lib/python3.12/site-packages/amr_msgs/_amr_msgs_s.ep.rosidl_typesupport_c.c
[0.328s] -- Up-to-date symlink: /home/cayo-sousa/ws_ld90_sim/install/amr_msgs/lib/python3.12/site-packages/amr_msgs/_amr_msgs_s.ep.rosidl_typesupport_fastrtps_c.c
[0.328s] -- Up-to-date symlink: /home/cayo-sousa/ws_ld90_sim/install/amr_msgs/lib/python3.12/site-packages/amr_msgs/_amr_msgs_s.ep.rosidl_typesupport_introspection_c.c
[0.328s] -- Up-to-date symlink: /home/cayo-sousa/ws_ld90_sim/install/amr_msgs/lib/python3.12/site-packages/amr_msgs/amr_msgs_s__rosidl_typesupport_c.so
[0.328s] -- Up-to-date symlink: /home/cayo-sousa/ws_ld90_sim/install/amr_msgs/lib/python3.12/site-packages/amr_msgs/amr_msgs_s__rosidl_typesupport_fastrtps_c.so
[0.328s] -- Up-to-date symlink: /home/cayo-sousa/ws_ld90_sim/install/amr_msgs/lib/python3.12/site-packages/amr_msgs/amr_msgs_s__rosidl_typesupport_introspection_c.so
[0.329s] -- Up-to-date symlink: /home/cayo-sousa/ws_ld90_sim/install/amr_msgs/lib/python3.12/site-packages/amr_msgs/msg/__init__.py
[0.329s] -- Up-to-date symlink: /home/cayo-sousa/ws_ld90_sim/install/amr_msgs/lib/python3.12/site-packages/amr_msgs/msg/_location.py
[0.329s] -- Up-to-date symlink: /home/cayo-sousa/ws_ld90_sim/install/amr_msgs/lib/python3.12/site-packages/amr_msgs/msg/_location_s.c
[0.329s] -- Up-to-date symlink: /home/cayo-sousa/ws_ld90_sim/install/amr_msgs/lib/python3.12/site-packages/amr_msgs/msg/_status.py
[0.329s] -- Up-to-date symlink: /home/cayo-sousa/ws_ld90_sim/install/amr_msgs/lib/python3.12/site-packages/amr_msgs/msg/_status_s.c
[0.329s] -- Up-to-date symlink: /home/cayo-sousa/ws_ld90_sim/install/amr_msgs/lib/python3.12/site-packages/amr_msgs/amr_msgs_s__rosidl_typesupport_fastrtps_c.so
[0.329s] -- Up-to-date symlink: /home/cayo-sousa/ws_ld90_sim/install/amr_msgs/lib/python3.12/site-packages/amr_msgs/amr_msgs_s__rosidl_typesupport_introspection_c.so
[0.329s] -- Up-to-date symlink: /home/cayo-sousa/ws_ld90_sim/install/amr_msgs/lib/python3.12/site-packages/amr_msgs/amr_msgs_s__rosidl_typesupport_c.so
[0.329s] -- Up-to-date symlink: /home/cayo-sousa/ws_ld90_sim/install/amr_msgs/share/amr_msgs/msg/Location.idl
[0.329s] -- Up-to-date symlink: /home/cayo-sousa/ws_ld90_sim/install/amr_msgs/share/amr_msgs/msg/Status.idl
[0.329s] -- Up-to-date symlink: /home/cayo-sousa/ws_ld90_sim/install/amr_msgs/share/amr_msgs/msg/Location.msg
[0.329s] -- Up-to-date symlink: /home/cayo-sousa/ws_ld90_sim/install/amr_msgs/share/amr_msgs/msg/Status.msg
[0.330s] -- Up-to-date symlink: /home/cayo-sousa/ws_ld90_sim/install/amr_msgs/share/ament_index/resource_index/package_run_dependencies/amr_msgs
[0.330s] -- Up-to-date symlink: /home/cayo-sousa/ws_ld90_sim/install/amr_msgs/share/ament_index/resource_index/parent_prefix_path/amr_msgs
[0.330s] -- Up-to-date symlink: /home/cayo-sousa/ws_ld90_sim/install/amr_msgs/share/amr_msgs/environment/ament_prefix_path.sh
[0.330s] -- Up-to-date symlink: /home/cayo-sousa/ws_ld90_sim/install/amr_msgs/share/amr_msgs/environment/ament_prefix_path.dsv
[0.330s] -- Up-to-date symlink: /home/cayo-sousa/ws_ld90_sim/install/amr_msgs/share/amr_msgs/environment/path.sh
[0.330s] -- Up-to-date symlink: /home/cayo-sousa/ws_ld90_sim/install/amr_msgs/share/amr_msgs/environment/path.dsv
[0.330s] -- Up-to-date symlink: /home/cayo-sousa/ws_ld90_sim/install/amr_msgs/share/amr_msgs/local_setup.bash
[0.330s] -- Up-to-date symlink: /home/cayo-sousa/ws_ld90_sim/install/amr_msgs/share/amr_msgs/local_setup.sh
[0.330s] -- Up-to-date symlink: /home/cayo-sousa/ws_ld90_sim/install/amr_msgs/share/amr_msgs/local_setup.zsh
[0.330s] -- Up-to-date symlink: /home/cayo-sousa/ws_ld90_sim/install/amr_msgs/share/amr_msgs/local_setup.dsv
[0.330s] -- Symlinking: /home/cayo-sousa/ws_ld90_sim/install/amr_msgs/share/amr_msgs/package.dsv
[0.337s] -- Up-to-date symlink: /home/cayo-sousa/ws_ld90_sim/install/amr_msgs/share/ament_index/resource_index/packages/amr_msgs
[0.337s] -- Up-to-date symlink: /home/cayo-sousa/ws_ld90_sim/install/amr_msgs/share/amr_msgs/cmake/rosidl_cmake-extras.cmake
[0.337s] -- Up-to-date symlink: /home/cayo-sousa/ws_ld90_sim/install/amr_msgs/share/amr_msgs/cmake/ament_cmake_export_include_directories-extras.cmake
[0.337s] -- Up-to-date symlink: /home/cayo-sousa/ws_ld90_sim/install/amr_msgs/share/amr_msgs/cmake/ament_cmake_export_libraries-extras.cmake
[0.337s] -- Up-to-date symlink: /home/cayo-sousa/ws_ld90_sim/install/amr_msgs/share/amr_msgs/cmake/ament_cmake_export_targets-extras.cmake
[0.338s] -- Up-to-date symlink: /home/cayo-sousa/ws_ld90_sim/install/amr_msgs/share/amr_msgs/cmake/rosidl_cmake_export_typesupport_targets-extras.cmake
[0.338s] -- Up-to-date symlink: /home/cayo-sousa/ws_ld90_sim/install/amr_msgs/share/amr_msgs/cmake/ament_cmake_export_dependencies-extras.cmake
[0.338s] -- Up-to-date symlink: /home/cayo-sousa/ws_ld90_sim/install/amr_msgs/share/amr_msgs/cmake/rosidl_cmake_export_typesupport_libraries-extras.cmake
[0.338s] -- Up-to-date symlink: /home/cayo-sousa/ws_ld90_sim/install/amr_msgs/share/amr_msgs/cmake/amr_msgsConfig.cmake
[0.338s] -- Up-to-date symlink: /home/cayo-sousa/ws_ld90_sim/install/amr_msgs/share/amr_msgs/cmake/amr_msgsConfig-version.cmake
[0.338s] -- Up-to-date symlink: /home/cayo-sousa/ws_ld90_sim/install/amr_msgs/share/amr_msgs/package.xml
[0.338s] -- Up-to-date: /home/cayo-sousa/ws_ld90_sim/install/amr_msgs/lib/libamr_msgs__rosidl_generator_c.so
[0.339s] -- Up-to-date: /home/cayo-sousa/ws_ld90_sim/install/amr_msgs/lib/libamr_msgs__rosidl_typesupport_fastrtps_c.so
[0.339s] -- Up-to-date: /home/cayo-sousa/ws_ld90_sim/install/amr_msgs/lib/libamr_msgs__rosidl_typesupport_fastrtps_cpp.so
[0.339s] -- Up-to-date: /home/cayo-sousa/ws_ld90_sim/install/amr_msgs/lib/libamr_msgs__rosidl_typesupport_introspection_c.so
[0.339s] -- Up-to-date: /home/cayo-sousa/ws_ld90_sim/install/amr_msgs/lib/libamr_msgs__rosidl_typesupport_c.so
[0.339s] -- Up-to-date: /home/cayo-sousa/ws_ld90_sim/install/amr_msgs/lib/libamr_msgs__rosidl_typesupport_introspection_cpp.so
[0.340s] -- Up-to-date: /home/cayo-sousa/ws_ld90_sim/install/amr_msgs/lib/libamr_msgs__rosidl_typesupport_cpp.so
[0.363s] Listing '/home/cayo-sousa/ws_ld90_sim/install/amr_msgs/lib/python3.12/site-packages/amr_msgs'...
[0.363s] Listing '/home/cayo-sousa/ws_ld90_sim/install/amr_msgs/lib/python3.12/site-packages/amr_msgs/msg'...
[0.366s] -- Up-to-date: /home/cayo-sousa/ws_ld90_sim/install/amr_msgs/lib/libamr_msgs__rosidl_generator_py.so
[0.366s] -- Up-to-date: /home/cayo-sousa/ws_ld90_sim/install/amr_msgs/share/amr_msgs/cmake/export_amr_msgs__rosidl_generator_cExport.cmake
[0.366s] -- Up-to-date: /home/cayo-sousa/ws_ld90_sim/install/amr_msgs/share/amr_msgs/cmake/export_amr_msgs__rosidl_generator_cExport-noconfig.cmake
[0.366s] -- Up-to-date: /home/cayo-sousa/ws_ld90_sim/install/amr_msgs/share/amr_msgs/cmake/export_amr_msgs__rosidl_typesupport_fastrtps_cExport.cmake
[0.366s] -- Up-to-date: /home/cayo-sousa/ws_ld90_sim/install/amr_msgs/share/amr_msgs/cmake/export_amr_msgs__rosidl_typesupport_fastrtps_cExport-noconfig.cmake
[0.366s] -- Up-to-date: /home/cayo-sousa/ws_ld90_sim/install/amr_msgs/share/amr_msgs/cmake/export_amr_msgs__rosidl_generator_cppExport.cmake
[0.366s] -- Up-to-date: /home/cayo-sousa/ws_ld90_sim/install/amr_msgs/share/amr_msgs/cmake/export_amr_msgs__rosidl_typesupport_fastrtps_cppExport.cmake
[0.366s] -- Up-to-date: /home/cayo-sousa/ws_ld90_sim/install/amr_msgs/share/amr_msgs/cmake/export_amr_msgs__rosidl_typesupport_fastrtps_cppExport-noconfig.cmake
[0.366s] -- Up-to-date: /home/cayo-sousa/ws_ld90_sim/install/amr_msgs/share/amr_msgs/cmake/amr_msgs__rosidl_typesupport_introspection_cExport.cmake
[0.366s] -- Up-to-date: /home/cayo-sousa/ws_ld90_sim/install/amr_msgs/share/amr_msgs/cmake/amr_msgs__rosidl_typesupport_introspection_cExport-noconfig.cmake
[0.366s] -- Up-to-date: /home/cayo-sousa/ws_ld90_sim/install/amr_msgs/share/amr_msgs/cmake/amr_msgs__rosidl_typesupport_cExport.cmake
[0.366s] -- Up-to-date: /home/cayo-sousa/ws_ld90_sim/install/amr_msgs/share/amr_msgs/cmake/amr_msgs__rosidl_typesupport_cExport-noconfig.cmake
[0.367s] -- Up-to-date: /home/cayo-sousa/ws_ld90_sim/install/amr_msgs/share/amr_msgs/cmake/amr_msgs__rosidl_typesupport_introspection_cppExport.cmake
[0.367s] -- Up-to-date: /home/cayo-sousa/ws_ld90_sim/install/amr_msgs/share/amr_msgs/cmake/amr_msgs__rosidl_typesupport_introspection_cppExport-noconfig.cmake
[0.367s] -- Up-to-date: /home/cayo-sousa/ws_ld90_sim/install/amr_msgs/share/amr_msgs/cmake/amr_msgs__rosidl_typesupport_cppExport.cmake
[0.367s] -- Up-to-date: /home/cayo-sousa/ws_ld90_sim/install/amr_msgs/share/amr_msgs/cmake/amr_msgs__rosidl_typesupport_cppExport-noconfig.cmake
[0.367s] -- Up-to-date: /home/cayo-sousa/ws_ld90_sim/install/amr_msgs/share/amr_msgs/cmake/export_amr_msgs__rosidl_generator_pyExport.cmake
[0.367s] -- Up-to-date: /home/cayo-sousa/ws_ld90_sim/install/amr_msgs/share/amr_msgs/cmake/export_amr_msgs__rosidl_generator_pyExport-noconfig.cmake
[0.367s] Invoked command in '/home/cayo-sousa/ws_ld90_sim/build/amr_msgs' returned '0': CMAKE_PREFIX_PATH=${CMAKE_PREFIX_PATH}:/home/cayo-sousa/ws_ld90_sim/install/ld90_gz:/opt/ros/jazzy DEBUGINFOD_URLS=https://debuginfod.ubuntu.com /usr/bin/cmake --install /home/cayo-sousa/ws_ld90_sim/build/amr_msgs
