[0.544s] Invoking command in '/home/cayo-sousa/ws_ld90_sim/build/ld90_gz': CMAKE_PREFIX_PATH=/home/cayo-sousa/ws_ld90_sim/install/amr_description:/home/cayo-sousa/ws_ld90_sim/install/amr_msgs:/home/cayo-sousa/ws_ld90_sim/install/amr_ros:/home/cayo-sousa/ws_ld90_sim/install/amr_core:/home/cayo-sousa/ws_ld90_sim/install/libaria:/home/cayo-sousa/ws_ld90_sim/install/amr_teleop:/home/cayo-sousa/ws_ld90_sim/install/amr_nav2:/opt/ros/jazzy/opt/gz_sim_vendor:/opt/ros/jazzy/opt/gz_sensors_vendor:/opt/ros/jazzy/opt/gz_physics_vendor:/opt/ros/jazzy/opt/sdformat_vendor:/opt/ros/jazzy/opt/gz_gui_vendor:/opt/ros/jazzy/opt/gz_transport_vendor:/opt/ros/jazzy/opt/gz_rendering_vendor:/opt/ros/jazzy/opt/gz_plugin_vendor:/opt/ros/jazzy/opt/gz_fuel_tools_vendor:/opt/ros/jazzy/opt/gz_msgs_vendor:/opt/ros/jazzy/opt/gz_common_vendor:/opt/ros/jazzy/opt/gz_math_vendor:/opt/ros/jazzy/opt/gz_utils_vendor:/opt/ros/jazzy/opt/gz_tools_vendor:/opt/ros/jazzy/opt/gz_ogre_next_vendor:/opt/ros/jazzy/opt/gz_dartsim_vendor:/opt/ros/jazzy/opt/gz_cmake_vendor DEBUGINFOD_URLS=https://debuginfod.ubuntu.com LD_LIBRARY_PATH=/home/cayo-sousa/ws_ld90_sim/install/amr_msgs/lib:/home/cayo-sousa/ws_ld90_sim/install/libaria/lib:/opt/ros/jazzy/opt/gz_sim_vendor/lib:/opt/ros/jazzy/opt/gz_sensors_vendor/lib:/opt/ros/jazzy/opt/gz_physics_vendor/lib:/opt/ros/jazzy/opt/sdformat_vendor/lib:/opt/ros/jazzy/opt/rviz_ogre_vendor/lib:/opt/ros/jazzy/lib/x86_64-linux-gnu:/opt/ros/jazzy/opt/gz_gui_vendor/lib:/opt/ros/jazzy/opt/gz_transport_vendor/lib:/opt/ros/jazzy/opt/gz_rendering_vendor/lib:/opt/ros/jazzy/opt/gz_plugin_vendor/lib:/opt/ros/jazzy/opt/gz_fuel_tools_vendor/lib:/opt/ros/jazzy/opt/gz_msgs_vendor/lib:/opt/ros/jazzy/opt/gz_common_vendor/lib:/opt/ros/jazzy/opt/gz_math_vendor/lib:/opt/ros/jazzy/opt/gz_utils_vendor/lib:/opt/ros/jazzy/opt/gz_tools_vendor/lib:/opt/ros/jazzy/opt/gz_ogre_next_vendor/lib:/opt/ros/jazzy/opt/gz_dartsim_vendor/lib:/opt/ros/jazzy/opt/gz_cmake_vendor/lib:/opt/ros/jazzy/lib PYTHONPATH=/home/cayo-sousa/ws_ld90_sim/build/ld90_gz/prefix_override:/usr/lib/python3/dist-packages/colcon_core/task/python/colcon_distutils_commands:/home/cayo-sousa/ws_ld90_sim/install/ld90_gz/lib/python3.12/site-packages:${PYTHONPATH} /usr/bin/python3 -W ignore:setup.py install is deprecated -W ignore:easy_install command is deprecated setup.py develop --editable --build-directory /home/cayo-sousa/ws_ld90_sim/build/ld90_gz/build --no-deps symlink_data
[0.728s] running develop
[0.843s] running egg_info
[0.843s] creating ld90_gz.egg-info
[0.855s] writing ld90_gz.egg-info/PKG-INFO
[0.855s] writing dependency_links to ld90_gz.egg-info/dependency_links.txt
[0.855s] writing requirements to ld90_gz.egg-info/requires.txt
[0.855s] writing top-level names to ld90_gz.egg-info/top_level.txt
[0.855s] writing manifest file 'ld90_gz.egg-info/SOURCES.txt'
[0.878s] reading manifest file 'ld90_gz.egg-info/SOURCES.txt'
[0.879s] writing manifest file 'ld90_gz.egg-info/SOURCES.txt'
[0.891s] running build_ext
[0.891s] Creating /home/cayo-sousa/ws_ld90_sim/install/ld90_gz/lib/python3.12/site-packages/ld90-gz.egg-link (link to .)
[0.891s] 
[0.891s] Installed /home/cayo-sousa/ws_ld90_sim/build/ld90_gz
[0.891s] running symlink_data
[0.892s] creating /home/cayo-sousa/ws_ld90_sim/install/ld90_gz/share/ament_index
[0.892s] creating /home/cayo-sousa/ws_ld90_sim/install/ld90_gz/share/ament_index/resource_index
[0.892s] creating /home/cayo-sousa/ws_ld90_sim/install/ld90_gz/share/ament_index/resource_index/packages
[0.892s] symbolically linking /home/cayo-sousa/ws_ld90_sim/build/ld90_gz/resource/ld90_gz -> /home/cayo-sousa/ws_ld90_sim/install/ld90_gz/share/ament_index/resource_index/packages
[0.892s] symbolically linking /home/cayo-sousa/ws_ld90_sim/build/ld90_gz/package.xml -> /home/cayo-sousa/ws_ld90_sim/install/ld90_gz/share/ld90_gz
[0.892s] creating /home/cayo-sousa/ws_ld90_sim/install/ld90_gz/share/ld90_gz/launch
[0.892s] symbolically linking /home/cayo-sousa/ws_ld90_sim/build/ld90_gz/launch/sim_ld90.launch.py -> /home/cayo-sousa/ws_ld90_sim/install/ld90_gz/share/ld90_gz/launch
[0.892s] creating /home/cayo-sousa/ws_ld90_sim/install/ld90_gz/share/ld90_gz/worlds
[0.892s] symbolically linking /home/cayo-sousa/ws_ld90_sim/build/ld90_gz/worlds/empty.sdf -> /home/cayo-sousa/ws_ld90_sim/install/ld90_gz/share/ld90_gz/worlds
[0.892s] creating /home/cayo-sousa/ws_ld90_sim/install/ld90_gz/share/ld90_gz/urdf
[0.892s] symbolically linking /home/cayo-sousa/ws_ld90_sim/build/ld90_gz/urdf/ld90_gz.urdf.xacro -> /home/cayo-sousa/ws_ld90_sim/install/ld90_gz/share/ld90_gz/urdf
[0.892s] creating /home/cayo-sousa/ws_ld90_sim/install/ld90_gz/share/ld90_gz/config
[0.892s] symbolically linking /home/cayo-sousa/ws_ld90_sim/build/ld90_gz/config/bridge.yaml -> /home/cayo-sousa/ws_ld90_sim/install/ld90_gz/share/ld90_gz/config
[0.912s] Invoked command in '/home/cayo-sousa/ws_ld90_sim/build/ld90_gz' returned '0': CMAKE_PREFIX_PATH=/home/cayo-sousa/ws_ld90_sim/install/amr_description:/home/cayo-sousa/ws_ld90_sim/install/amr_msgs:/home/cayo-sousa/ws_ld90_sim/install/amr_ros:/home/cayo-sousa/ws_ld90_sim/install/amr_core:/home/cayo-sousa/ws_ld90_sim/install/libaria:/home/cayo-sousa/ws_ld90_sim/install/amr_teleop:/home/cayo-sousa/ws_ld90_sim/install/amr_nav2:/opt/ros/jazzy/opt/gz_sim_vendor:/opt/ros/jazzy/opt/gz_sensors_vendor:/opt/ros/jazzy/opt/gz_physics_vendor:/opt/ros/jazzy/opt/sdformat_vendor:/opt/ros/jazzy/opt/gz_gui_vendor:/opt/ros/jazzy/opt/gz_transport_vendor:/opt/ros/jazzy/opt/gz_rendering_vendor:/opt/ros/jazzy/opt/gz_plugin_vendor:/opt/ros/jazzy/opt/gz_fuel_tools_vendor:/opt/ros/jazzy/opt/gz_msgs_vendor:/opt/ros/jazzy/opt/gz_common_vendor:/opt/ros/jazzy/opt/gz_math_vendor:/opt/ros/jazzy/opt/gz_utils_vendor:/opt/ros/jazzy/opt/gz_tools_vendor:/opt/ros/jazzy/opt/gz_ogre_next_vendor:/opt/ros/jazzy/opt/gz_dartsim_vendor:/opt/ros/jazzy/opt/gz_cmake_vendor DEBUGINFOD_URLS=https://debuginfod.ubuntu.com LD_LIBRARY_PATH=/home/cayo-sousa/ws_ld90_sim/install/amr_msgs/lib:/home/cayo-sousa/ws_ld90_sim/install/libaria/lib:/opt/ros/jazzy/opt/gz_sim_vendor/lib:/opt/ros/jazzy/opt/gz_sensors_vendor/lib:/opt/ros/jazzy/opt/gz_physics_vendor/lib:/opt/ros/jazzy/opt/sdformat_vendor/lib:/opt/ros/jazzy/opt/rviz_ogre_vendor/lib:/opt/ros/jazzy/lib/x86_64-linux-gnu:/opt/ros/jazzy/opt/gz_gui_vendor/lib:/opt/ros/jazzy/opt/gz_transport_vendor/lib:/opt/ros/jazzy/opt/gz_rendering_vendor/lib:/opt/ros/jazzy/opt/gz_plugin_vendor/lib:/opt/ros/jazzy/opt/gz_fuel_tools_vendor/lib:/opt/ros/jazzy/opt/gz_msgs_vendor/lib:/opt/ros/jazzy/opt/gz_common_vendor/lib:/opt/ros/jazzy/opt/gz_math_vendor/lib:/opt/ros/jazzy/opt/gz_utils_vendor/lib:/opt/ros/jazzy/opt/gz_tools_vendor/lib:/opt/ros/jazzy/opt/gz_ogre_next_vendor/lib:/opt/ros/jazzy/opt/gz_dartsim_vendor/lib:/opt/ros/jazzy/opt/gz_cmake_vendor/lib:/opt/ros/jazzy/lib PYTHONPATH=/home/cayo-sousa/ws_ld90_sim/build/ld90_gz/prefix_override:/usr/lib/python3/dist-packages/colcon_core/task/python/colcon_distutils_commands:/home/cayo-sousa/ws_ld90_sim/install/ld90_gz/lib/python3.12/site-packages:${PYTHONPATH} /usr/bin/python3 -W ignore:setup.py install is deprecated -W ignore:easy_install command is deprecated setup.py develop --editable --build-directory /home/cayo-sousa/ws_ld90_sim/build/ld90_gz/build --no-deps symlink_data
