-- The C compiler identification is GNU 13.3.0
-- The CXX compiler identification is GNU 13.3.0
-- Detecting C compiler ABI info
-- Detecting C compiler ABI info - done
-- Check for working C compiler: /usr/bin/cc - skipped
-- Detecting C compile features
-- Detecting C compile features - done
-- Detecting CXX compiler ABI info
-- Detecting CXX compiler ABI info - done
-- Check for working CXX compiler: /usr/bin/c++ - skipped
-- Detecting CXX compile features
-- Detecting CXX compile features - done
-- Found ament_cmake: 2.5.6 (/opt/ros/jazzy/share/ament_cmake/cmake)
-- Found Python3: /usr/bin/python3 (found version "3.12.3") found components: Interpreter 
-- Override CMake install command with custom implementation using symlinks instead of copying resources
-- Configuring done (0.7s)
-- Generating done (0.0s)
-- Build files have been written to: /home/cayo-sousa/ws_ld90_sim/build/amr_nav2
-- Install configuration: ""
-- Execute custom install script
-- Symlinking: /home/cayo-sousa/ws_ld90_sim/install/amr_nav2/share/amr_nav2/launch/ld250.launch.py
-- Symlinking: /home/cayo-sousa/ws_ld90_sim/install/amr_nav2/share/amr_nav2/launch/ld90.launch.py
-- Symlinking: /home/cayo-sousa/ws_ld90_sim/install/amr_nav2/share/amr_nav2/launch/localization.launch.py
-- Symlinking: /home/cayo-sousa/ws_ld90_sim/install/amr_nav2/share/amr_nav2/launch/nav2.launch.py
-- Symlinking: /home/cayo-sousa/ws_ld90_sim/install/amr_nav2/share/amr_nav2/launch/rviz.launch.py
-- Symlinking: /home/cayo-sousa/ws_ld90_sim/install/amr_nav2/share/amr_nav2/launch/slam.launch.py
-- Symlinking: /home/cayo-sousa/ws_ld90_sim/install/amr_nav2/share/amr_nav2/config/default.yaml
-- Symlinking: /home/cayo-sousa/ws_ld90_sim/install/amr_nav2/share/amr_nav2/config/ld250_nav2.yaml
-- Symlinking: /home/cayo-sousa/ws_ld90_sim/install/amr_nav2/share/amr_nav2/config/ld90_nav2.yaml
-- Symlinking: /home/cayo-sousa/ws_ld90_sim/install/amr_nav2/share/amr_nav2/maps/.gitkeep
-- Symlinking: /home/cayo-sousa/ws_ld90_sim/install/amr_nav2/share/amr_nav2/maps/crlab-partial.pgm
-- Symlinking: /home/cayo-sousa/ws_ld90_sim/install/amr_nav2/share/amr_nav2/maps/crlab-partial.yaml
-- Symlinking: /home/cayo-sousa/ws_ld90_sim/install/amr_nav2/share/amr_nav2/rviz/nav2.rviz
-- Symlinking: /home/cayo-sousa/ws_ld90_sim/install/amr_nav2/share/ament_index/resource_index/package_run_dependencies/amr_nav2
-- Symlinking: /home/cayo-sousa/ws_ld90_sim/install/amr_nav2/share/ament_index/resource_index/parent_prefix_path/amr_nav2
-- Symlinking: /home/cayo-sousa/ws_ld90_sim/install/amr_nav2/share/amr_nav2/environment/ament_prefix_path.sh
-- Symlinking: /home/cayo-sousa/ws_ld90_sim/install/amr_nav2/share/amr_nav2/environment/ament_prefix_path.dsv
-- Symlinking: /home/cayo-sousa/ws_ld90_sim/install/amr_nav2/share/amr_nav2/environment/path.sh
-- Symlinking: /home/cayo-sousa/ws_ld90_sim/install/amr_nav2/share/amr_nav2/environment/path.dsv
-- Symlinking: /home/cayo-sousa/ws_ld90_sim/install/amr_nav2/share/amr_nav2/local_setup.bash
-- Symlinking: /home/cayo-sousa/ws_ld90_sim/install/amr_nav2/share/amr_nav2/local_setup.sh
-- Symlinking: /home/cayo-sousa/ws_ld90_sim/install/amr_nav2/share/amr_nav2/local_setup.zsh
-- Symlinking: /home/cayo-sousa/ws_ld90_sim/install/amr_nav2/share/amr_nav2/local_setup.dsv
-- Symlinking: /home/cayo-sousa/ws_ld90_sim/install/amr_nav2/share/amr_nav2/package.dsv
-- Symlinking: /home/cayo-sousa/ws_ld90_sim/install/amr_nav2/share/ament_index/resource_index/packages/amr_nav2
-- Symlinking: /home/cayo-sousa/ws_ld90_sim/install/amr_nav2/share/amr_nav2/cmake/amr_nav2Config.cmake
-- Symlinking: /home/cayo-sousa/ws_ld90_sim/install/amr_nav2/share/amr_nav2/cmake/amr_nav2Config-version.cmake
-- Symlinking: /home/cayo-sousa/ws_ld90_sim/install/amr_nav2/share/amr_nav2/package.xml
