[0.098s] DEBUG:colcon:Command line arguments: ['/usr/bin/colcon', 'build', '--symlink-install']
[0.098s] DEBUG:colcon:Parsed command line arguments: Namespace(log_base=None, log_level=None, verb_name='build', build_base='build', install_base='install', merge_install=False, symlink_install=True, test_result_base=None, continue_on_error=False, executor='parallel', parallel_workers=12, event_handlers=None, ignore_user_meta=False, metas=['./colcon.meta'], base_paths=['.'], packages_ignore=None, packages_ignore_regex=None, paths=None, packages_up_to=None, packages_up_to_regex=None, packages_above=None, packages_above_and_dependencies=None, packages_above_depth=None, packages_select_by_dep=None, packages_skip_by_dep=None, packages_skip_up_to=None, packages_select_build_failed=False, packages_skip_build_finished=False, packages_select_test_failures=False, packages_skip_test_passed=False, packages_select=None, packages_skip=None, packages_select_regex=None, packages_skip_regex=None, packages_start=None, packages_end=None, allow_overriding=[], cmake_args=None, cmake_target=None, cmake_target_skip_unavailable=False, cmake_clean_cache=False, cmake_clean_first=False, cmake_force_configure=False, ament_cmake_args=None, catkin_cmake_args=None, catkin_skip_building_tests=False, mixin_files=None, mixin=None, verb_parser=<colcon_mixin.mixin.mixin_argument.MixinArgumentDecorator object at 0x7f4ca39338c0>, verb_extension=<colcon_core.verb.build.BuildVerb object at 0x7f4ca3a78050>, main=<bound method BuildVerb.main of <colcon_core.verb.build.BuildVerb object at 0x7f4ca3a78050>>, mixin_verb=('build',))
[0.134s] Level 1:colcon.colcon_core.package_discovery:discover_packages(colcon_meta) check parameters
[0.134s] Level 1:colcon.colcon_core.package_discovery:discover_packages(recursive) check parameters
[0.134s] Level 1:colcon.colcon_core.package_discovery:discover_packages(ignore) check parameters
[0.134s] Level 1:colcon.colcon_core.package_discovery:discover_packages(path) check parameters
[0.134s] Level 1:colcon.colcon_core.package_discovery:discover_packages(colcon_meta) discover
[0.134s] Level 1:colcon.colcon_core.package_discovery:discover_packages(recursive) discover
[0.134s] INFO:colcon.colcon_core.package_discovery:Crawling recursively for packages in '/home/cayo-sousa/ws_ld90_sim'
[0.134s] Level 1:colcon.colcon_core.package_identification:_identify(.) by extensions ['ignore', 'ignore_ament_install']
[0.134s] Level 1:colcon.colcon_core.package_identification:_identify(.) by extension 'ignore'
[0.134s] Level 1:colcon.colcon_core.package_identification:_identify(.) by extension 'ignore_ament_install'
[0.134s] Level 1:colcon.colcon_core.package_identification:_identify(.) by extensions ['colcon_pkg']
[0.134s] Level 1:colcon.colcon_core.package_identification:_identify(.) by extension 'colcon_pkg'
[0.134s] Level 1:colcon.colcon_core.package_identification:_identify(.) by extensions ['colcon_meta']
[0.134s] Level 1:colcon.colcon_core.package_identification:_identify(.) by extension 'colcon_meta'
[0.134s] Level 1:colcon.colcon_core.package_identification:_identify(.) by extensions ['ros']
[0.134s] Level 1:colcon.colcon_core.package_identification:_identify(.) by extension 'ros'
[0.158s] Level 1:colcon.colcon_core.package_identification:_identify(.) by extensions ['cmake', 'python']
[0.158s] Level 1:colcon.colcon_core.package_identification:_identify(.) by extension 'cmake'
[0.158s] Level 1:colcon.colcon_core.package_identification:_identify(.) by extension 'python'
[0.158s] Level 1:colcon.colcon_core.package_identification:_identify(.) by extensions ['python_setup_py']
[0.158s] Level 1:colcon.colcon_core.package_identification:_identify(.) by extension 'python_setup_py'
[0.158s] Level 1:colcon.colcon_core.package_identification:_identify(build) by extensions ['ignore', 'ignore_ament_install']
[0.158s] Level 1:colcon.colcon_core.package_identification:_identify(build) by extension 'ignore'
[0.158s] Level 1:colcon.colcon_core.package_identification:_identify(build) ignored
[0.158s] Level 1:colcon.colcon_core.package_identification:_identify(install) by extensions ['ignore', 'ignore_ament_install']
[0.158s] Level 1:colcon.colcon_core.package_identification:_identify(install) by extension 'ignore'
[0.158s] Level 1:colcon.colcon_core.package_identification:_identify(install) ignored
[0.158s] Level 1:colcon.colcon_core.package_identification:_identify(log) by extensions ['ignore', 'ignore_ament_install']
[0.158s] Level 1:colcon.colcon_core.package_identification:_identify(log) by extension 'ignore'
[0.158s] Level 1:colcon.colcon_core.package_identification:_identify(log) ignored
[0.159s] Level 1:colcon.colcon_core.package_identification:_identify(src) by extensions ['ignore', 'ignore_ament_install']
[0.159s] Level 1:colcon.colcon_core.package_identification:_identify(src) by extension 'ignore'
[0.159s] Level 1:colcon.colcon_core.package_identification:_identify(src) by extension 'ignore_ament_install'
[0.159s] Level 1:colcon.colcon_core.package_identification:_identify(src) by extensions ['colcon_pkg']
[0.159s] Level 1:colcon.colcon_core.package_identification:_identify(src) by extension 'colcon_pkg'
[0.159s] Level 1:colcon.colcon_core.package_identification:_identify(src) by extensions ['colcon_meta']
[0.159s] Level 1:colcon.colcon_core.package_identification:_identify(src) by extension 'colcon_meta'
[0.159s] Level 1:colcon.colcon_core.package_identification:_identify(src) by extensions ['ros']
[0.159s] Level 1:colcon.colcon_core.package_identification:_identify(src) by extension 'ros'
[0.159s] Level 1:colcon.colcon_core.package_identification:_identify(src) by extensions ['cmake', 'python']
[0.159s] Level 1:colcon.colcon_core.package_identification:_identify(src) by extension 'cmake'
[0.159s] Level 1:colcon.colcon_core.package_identification:_identify(src) by extension 'python'
[0.159s] Level 1:colcon.colcon_core.package_identification:_identify(src) by extensions ['python_setup_py']
[0.159s] Level 1:colcon.colcon_core.package_identification:_identify(src) by extension 'python_setup_py'
[0.159s] Level 1:colcon.colcon_core.package_identification:_identify(src/ld90_gz) by extensions ['ignore', 'ignore_ament_install']
[0.159s] Level 1:colcon.colcon_core.package_identification:_identify(src/ld90_gz) by extension 'ignore'
[0.159s] Level 1:colcon.colcon_core.package_identification:_identify(src/ld90_gz) by extension 'ignore_ament_install'
[0.159s] Level 1:colcon.colcon_core.package_identification:_identify(src/ld90_gz) by extensions ['colcon_pkg']
[0.159s] Level 1:colcon.colcon_core.package_identification:_identify(src/ld90_gz) by extension 'colcon_pkg'
[0.159s] Level 1:colcon.colcon_core.package_identification:_identify(src/ld90_gz) by extensions ['colcon_meta']
[0.159s] Level 1:colcon.colcon_core.package_identification:_identify(src/ld90_gz) by extension 'colcon_meta'
[0.159s] Level 1:colcon.colcon_core.package_identification:_identify(src/ld90_gz) by extensions ['ros']
[0.159s] Level 1:colcon.colcon_core.package_identification:_identify(src/ld90_gz) by extension 'ros'
[0.163s] DEBUG:colcon.colcon_core.package_identification:Package 'src/ld90_gz' with type 'ros.ament_python' and name 'ld90_gz'
[0.164s] Level 1:colcon.colcon_core.package_identification:_identify(src/omron_amr) by extensions ['ignore', 'ignore_ament_install']
[0.164s] Level 1:colcon.colcon_core.package_identification:_identify(src/omron_amr) by extension 'ignore'
[0.164s] Level 1:colcon.colcon_core.package_identification:_identify(src/omron_amr) by extension 'ignore_ament_install'
[0.164s] Level 1:colcon.colcon_core.package_identification:_identify(src/omron_amr) by extensions ['colcon_pkg']
[0.164s] Level 1:colcon.colcon_core.package_identification:_identify(src/omron_amr) by extension 'colcon_pkg'
[0.164s] Level 1:colcon.colcon_core.package_identification:_identify(src/omron_amr) by extensions ['colcon_meta']
[0.164s] Level 1:colcon.colcon_core.package_identification:_identify(src/omron_amr) by extension 'colcon_meta'
[0.164s] Level 1:colcon.colcon_core.package_identification:_identify(src/omron_amr) by extensions ['ros']
[0.164s] Level 1:colcon.colcon_core.package_identification:_identify(src/omron_amr) by extension 'ros'
[0.165s] Level 1:colcon.colcon_core.package_identification:_identify(src/omron_amr) by extensions ['cmake', 'python']
[0.165s] Level 1:colcon.colcon_core.package_identification:_identify(src/omron_amr) by extension 'cmake'
[0.165s] Level 1:colcon.colcon_core.package_identification:_identify(src/omron_amr) by extension 'python'
[0.165s] Level 1:colcon.colcon_core.package_identification:_identify(src/omron_amr) by extensions ['python_setup_py']
[0.165s] Level 1:colcon.colcon_core.package_identification:_identify(src/omron_amr) by extension 'python_setup_py'
[0.165s] Level 1:colcon.colcon_core.package_identification:_identify(src/omron_amr/amr_core) by extensions ['ignore', 'ignore_ament_install']
[0.165s] Level 1:colcon.colcon_core.package_identification:_identify(src/omron_amr/amr_core) by extension 'ignore'
[0.165s] Level 1:colcon.colcon_core.package_identification:_identify(src/omron_amr/amr_core) by extension 'ignore_ament_install'
[0.165s] Level 1:colcon.colcon_core.package_identification:_identify(src/omron_amr/amr_core) by extensions ['colcon_pkg']
[0.165s] Level 1:colcon.colcon_core.package_identification:_identify(src/omron_amr/amr_core) by extension 'colcon_pkg'
[0.165s] Level 1:colcon.colcon_core.package_identification:_identify(src/omron_amr/amr_core) by extensions ['colcon_meta']
[0.165s] Level 1:colcon.colcon_core.package_identification:_identify(src/omron_amr/amr_core) by extension 'colcon_meta'
[0.166s] Level 1:colcon.colcon_core.package_identification:_identify(src/omron_amr/amr_core) by extensions ['ros']
[0.166s] Level 1:colcon.colcon_core.package_identification:_identify(src/omron_amr/amr_core) by extension 'ros'
[0.167s] DEBUG:colcon.colcon_core.package_identification:Package 'src/omron_amr/amr_core' with type 'ros.ament_cmake' and name 'amr_core'
[0.167s] Level 1:colcon.colcon_core.package_identification:_identify(src/omron_amr/amr_description) by extensions ['ignore', 'ignore_ament_install']
[0.167s] Level 1:colcon.colcon_core.package_identification:_identify(src/omron_amr/amr_description) by extension 'ignore'
[0.167s] Level 1:colcon.colcon_core.package_identification:_identify(src/omron_amr/amr_description) by extension 'ignore_ament_install'
[0.167s] Level 1:colcon.colcon_core.package_identification:_identify(src/omron_amr/amr_description) by extensions ['colcon_pkg']
[0.167s] Level 1:colcon.colcon_core.package_identification:_identify(src/omron_amr/amr_description) by extension 'colcon_pkg'
[0.168s] Level 1:colcon.colcon_core.package_identification:_identify(src/omron_amr/amr_description) by extensions ['colcon_meta']
[0.168s] Level 1:colcon.colcon_core.package_identification:_identify(src/omron_amr/amr_description) by extension 'colcon_meta'
[0.168s] Level 1:colcon.colcon_core.package_identification:_identify(src/omron_amr/amr_description) by extensions ['ros']
[0.168s] Level 1:colcon.colcon_core.package_identification:_identify(src/omron_amr/amr_description) by extension 'ros'
[0.168s] DEBUG:colcon.colcon_core.package_identification:Package 'src/omron_amr/amr_description' with type 'ros.ament_cmake' and name 'amr_description'
[0.168s] Level 1:colcon.colcon_core.package_identification:_identify(src/omron_amr/amr_msgs) by extensions ['ignore', 'ignore_ament_install']
[0.168s] Level 1:colcon.colcon_core.package_identification:_identify(src/omron_amr/amr_msgs) by extension 'ignore'
[0.169s] Level 1:colcon.colcon_core.package_identification:_identify(src/omron_amr/amr_msgs) by extension 'ignore_ament_install'
[0.169s] Level 1:colcon.colcon_core.package_identification:_identify(src/omron_amr/amr_msgs) by extensions ['colcon_pkg']
[0.169s] Level 1:colcon.colcon_core.package_identification:_identify(src/omron_amr/amr_msgs) by extension 'colcon_pkg'
[0.169s] Level 1:colcon.colcon_core.package_identification:_identify(src/omron_amr/amr_msgs) by extensions ['colcon_meta']
[0.169s] Level 1:colcon.colcon_core.package_identification:_identify(src/omron_amr/amr_msgs) by extension 'colcon_meta'
[0.169s] Level 1:colcon.colcon_core.package_identification:_identify(src/omron_amr/amr_msgs) by extensions ['ros']
[0.169s] Level 1:colcon.colcon_core.package_identification:_identify(src/omron_amr/amr_msgs) by extension 'ros'
[0.169s] DEBUG:colcon.colcon_core.package_identification:Package 'src/omron_amr/amr_msgs' with type 'ros.ament_cmake' and name 'amr_msgs'
[0.169s] Level 1:colcon.colcon_core.package_identification:_identify(src/omron_amr/amr_nav2) by extensions ['ignore', 'ignore_ament_install']
[0.169s] Level 1:colcon.colcon_core.package_identification:_identify(src/omron_amr/amr_nav2) by extension 'ignore'
[0.170s] Level 1:colcon.colcon_core.package_identification:_identify(src/omron_amr/amr_nav2) by extension 'ignore_ament_install'
[0.170s] Level 1:colcon.colcon_core.package_identification:_identify(src/omron_amr/amr_nav2) by extensions ['colcon_pkg']
[0.170s] Level 1:colcon.colcon_core.package_identification:_identify(src/omron_amr/amr_nav2) by extension 'colcon_pkg'
[0.170s] Level 1:colcon.colcon_core.package_identification:_identify(src/omron_amr/amr_nav2) by extensions ['colcon_meta']
[0.170s] Level 1:colcon.colcon_core.package_identification:_identify(src/omron_amr/amr_nav2) by extension 'colcon_meta'
[0.170s] Level 1:colcon.colcon_core.package_identification:_identify(src/omron_amr/amr_nav2) by extensions ['ros']
[0.170s] Level 1:colcon.colcon_core.package_identification:_identify(src/omron_amr/amr_nav2) by extension 'ros'
[0.170s] DEBUG:colcon.colcon_core.package_identification:Package 'src/omron_amr/amr_nav2' with type 'ros.ament_cmake' and name 'amr_nav2'
[0.170s] Level 1:colcon.colcon_core.package_identification:_identify(src/omron_amr/amr_ros) by extensions ['ignore', 'ignore_ament_install']
[0.171s] Level 1:colcon.colcon_core.package_identification:_identify(src/omron_amr/amr_ros) by extension 'ignore'
[0.171s] Level 1:colcon.colcon_core.package_identification:_identify(src/omron_amr/amr_ros) by extension 'ignore_ament_install'
[0.171s] Level 1:colcon.colcon_core.package_identification:_identify(src/omron_amr/amr_ros) by extensions ['colcon_pkg']
[0.171s] Level 1:colcon.colcon_core.package_identification:_identify(src/omron_amr/amr_ros) by extension 'colcon_pkg'
[0.171s] Level 1:colcon.colcon_core.package_identification:_identify(src/omron_amr/amr_ros) by extensions ['colcon_meta']
[0.171s] Level 1:colcon.colcon_core.package_identification:_identify(src/omron_amr/amr_ros) by extension 'colcon_meta'
[0.171s] Level 1:colcon.colcon_core.package_identification:_identify(src/omron_amr/amr_ros) by extensions ['ros']
[0.171s] Level 1:colcon.colcon_core.package_identification:_identify(src/omron_amr/amr_ros) by extension 'ros'
[0.171s] DEBUG:colcon.colcon_core.package_identification:Package 'src/omron_amr/amr_ros' with type 'ros.ament_cmake' and name 'amr_ros'
[0.171s] Level 1:colcon.colcon_core.package_identification:_identify(src/omron_amr/amr_teleop) by extensions ['ignore', 'ignore_ament_install']
[0.171s] Level 1:colcon.colcon_core.package_identification:_identify(src/omron_amr/amr_teleop) by extension 'ignore'
[0.171s] Level 1:colcon.colcon_core.package_identification:_identify(src/omron_amr/amr_teleop) by extension 'ignore_ament_install'
[0.171s] Level 1:colcon.colcon_core.package_identification:_identify(src/omron_amr/amr_teleop) by extensions ['colcon_pkg']
[0.172s] Level 1:colcon.colcon_core.package_identification:_identify(src/omron_amr/amr_teleop) by extension 'colcon_pkg'
[0.172s] Level 1:colcon.colcon_core.package_identification:_identify(src/omron_amr/amr_teleop) by extensions ['colcon_meta']
[0.172s] Level 1:colcon.colcon_core.package_identification:_identify(src/omron_amr/amr_teleop) by extension 'colcon_meta'
[0.172s] Level 1:colcon.colcon_core.package_identification:_identify(src/omron_amr/amr_teleop) by extensions ['ros']
[0.172s] Level 1:colcon.colcon_core.package_identification:_identify(src/omron_amr/amr_teleop) by extension 'ros'
[0.172s] DEBUG:colcon.colcon_core.package_identification:Package 'src/omron_amr/amr_teleop' with type 'ros.ament_cmake' and name 'amr_teleop'
[0.172s] Level 1:colcon.colcon_core.package_identification:_identify(src/omron_amr/docs) by extensions ['ignore', 'ignore_ament_install']
[0.172s] Level 1:colcon.colcon_core.package_identification:_identify(src/omron_amr/docs) by extension 'ignore'
[0.172s] Level 1:colcon.colcon_core.package_identification:_identify(src/omron_amr/docs) by extension 'ignore_ament_install'
[0.172s] Level 1:colcon.colcon_core.package_identification:_identify(src/omron_amr/docs) by extensions ['colcon_pkg']
[0.172s] Level 1:colcon.colcon_core.package_identification:_identify(src/omron_amr/docs) by extension 'colcon_pkg'
[0.172s] Level 1:colcon.colcon_core.package_identification:_identify(src/omron_amr/docs) by extensions ['colcon_meta']
[0.172s] Level 1:colcon.colcon_core.package_identification:_identify(src/omron_amr/docs) by extension 'colcon_meta'
[0.172s] Level 1:colcon.colcon_core.package_identification:_identify(src/omron_amr/docs) by extensions ['ros']
[0.172s] Level 1:colcon.colcon_core.package_identification:_identify(src/omron_amr/docs) by extension 'ros'
[0.172s] Level 1:colcon.colcon_core.package_identification:_identify(src/omron_amr/docs) by extensions ['cmake', 'python']
[0.172s] Level 1:colcon.colcon_core.package_identification:_identify(src/omron_amr/docs) by extension 'cmake'
[0.172s] Level 1:colcon.colcon_core.package_identification:_identify(src/omron_amr/docs) by extension 'python'
[0.172s] Level 1:colcon.colcon_core.package_identification:_identify(src/omron_amr/docs) by extensions ['python_setup_py']
[0.172s] Level 1:colcon.colcon_core.package_identification:_identify(src/omron_amr/docs) by extension 'python_setup_py'
[0.173s] Level 1:colcon.colcon_core.package_identification:_identify(src/omron_amr/docs/old_docs) by extensions ['ignore', 'ignore_ament_install']
[0.173s] Level 1:colcon.colcon_core.package_identification:_identify(src/omron_amr/docs/old_docs) by extension 'ignore'
[0.173s] Level 1:colcon.colcon_core.package_identification:_identify(src/omron_amr/docs/old_docs) by extension 'ignore_ament_install'
[0.173s] Level 1:colcon.colcon_core.package_identification:_identify(src/omron_amr/docs/old_docs) by extensions ['colcon_pkg']
[0.173s] Level 1:colcon.colcon_core.package_identification:_identify(src/omron_amr/docs/old_docs) by extension 'colcon_pkg'
[0.173s] Level 1:colcon.colcon_core.package_identification:_identify(src/omron_amr/docs/old_docs) by extensions ['colcon_meta']
[0.173s] Level 1:colcon.colcon_core.package_identification:_identify(src/omron_amr/docs/old_docs) by extension 'colcon_meta'
[0.173s] Level 1:colcon.colcon_core.package_identification:_identify(src/omron_amr/docs/old_docs) by extensions ['ros']
[0.173s] Level 1:colcon.colcon_core.package_identification:_identify(src/omron_amr/docs/old_docs) by extension 'ros'
[0.173s] Level 1:colcon.colcon_core.package_identification:_identify(src/omron_amr/docs/old_docs) by extensions ['cmake', 'python']
[0.173s] Level 1:colcon.colcon_core.package_identification:_identify(src/omron_amr/docs/old_docs) by extension 'cmake'
[0.173s] Level 1:colcon.colcon_core.package_identification:_identify(src/omron_amr/docs/old_docs) by extension 'python'
[0.173s] Level 1:colcon.colcon_core.package_identification:_identify(src/omron_amr/docs/old_docs) by extensions ['python_setup_py']
[0.173s] Level 1:colcon.colcon_core.package_identification:_identify(src/omron_amr/docs/old_docs) by extension 'python_setup_py'
[0.173s] Level 1:colcon.colcon_core.package_identification:_identify(src/omron_amr/docs/old_docs/dg-images) by extensions ['ignore', 'ignore_ament_install']
[0.173s] Level 1:colcon.colcon_core.package_identification:_identify(src/omron_amr/docs/old_docs/dg-images) by extension 'ignore'
[0.173s] Level 1:colcon.colcon_core.package_identification:_identify(src/omron_amr/docs/old_docs/dg-images) by extension 'ignore_ament_install'
[0.173s] Level 1:colcon.colcon_core.package_identification:_identify(src/omron_amr/docs/old_docs/dg-images) by extensions ['colcon_pkg']
[0.173s] Level 1:colcon.colcon_core.package_identification:_identify(src/omron_amr/docs/old_docs/dg-images) by extension 'colcon_pkg'
[0.173s] Level 1:colcon.colcon_core.package_identification:_identify(src/omron_amr/docs/old_docs/dg-images) by extensions ['colcon_meta']
[0.173s] Level 1:colcon.colcon_core.package_identification:_identify(src/omron_amr/docs/old_docs/dg-images) by extension 'colcon_meta'
[0.173s] Level 1:colcon.colcon_core.package_identification:_identify(src/omron_amr/docs/old_docs/dg-images) by extensions ['ros']
[0.173s] Level 1:colcon.colcon_core.package_identification:_identify(src/omron_amr/docs/old_docs/dg-images) by extension 'ros'
[0.173s] Level 1:colcon.colcon_core.package_identification:_identify(src/omron_amr/docs/old_docs/dg-images) by extensions ['cmake', 'python']
[0.173s] Level 1:colcon.colcon_core.package_identification:_identify(src/omron_amr/docs/old_docs/dg-images) by extension 'cmake'
[0.173s] Level 1:colcon.colcon_core.package_identification:_identify(src/omron_amr/docs/old_docs/dg-images) by extension 'python'
[0.173s] Level 1:colcon.colcon_core.package_identification:_identify(src/omron_amr/docs/old_docs/dg-images) by extensions ['python_setup_py']
[0.173s] Level 1:colcon.colcon_core.package_identification:_identify(src/omron_amr/docs/old_docs/dg-images) by extension 'python_setup_py'
[0.173s] Level 1:colcon.colcon_core.package_identification:_identify(src/omron_amr/libaria) by extensions ['ignore', 'ignore_ament_install']
[0.173s] Level 1:colcon.colcon_core.package_identification:_identify(src/omron_amr/libaria) by extension 'ignore'
[0.174s] Level 1:colcon.colcon_core.package_identification:_identify(src/omron_amr/libaria) by extension 'ignore_ament_install'
[0.174s] Level 1:colcon.colcon_core.package_identification:_identify(src/omron_amr/libaria) by extensions ['colcon_pkg']
[0.174s] Level 1:colcon.colcon_core.package_identification:_identify(src/omron_amr/libaria) by extension 'colcon_pkg'
[0.174s] Level 1:colcon.colcon_core.package_identification:_identify(src/omron_amr/libaria) by extensions ['colcon_meta']
[0.174s] Level 1:colcon.colcon_core.package_identification:_identify(src/omron_amr/libaria) by extension 'colcon_meta'
[0.174s] Level 1:colcon.colcon_core.package_identification:_identify(src/omron_amr/libaria) by extensions ['ros']
[0.174s] Level 1:colcon.colcon_core.package_identification:_identify(src/omron_amr/libaria) by extension 'ros'
[0.174s] DEBUG:colcon.colcon_core.package_identification:Package 'src/omron_amr/libaria' with type 'ros.cmake' and name 'libaria'
[0.174s] Level 1:colcon.colcon_core.package_discovery:discover_packages(recursive) using defaults
[0.174s] Level 1:colcon.colcon_core.package_discovery:discover_packages(ignore) discover
[0.174s] Level 1:colcon.colcon_core.package_discovery:discover_packages(ignore) using defaults
[0.174s] Level 1:colcon.colcon_core.package_discovery:discover_packages(path) discover
[0.174s] Level 1:colcon.colcon_core.package_discovery:discover_packages(path) using defaults
[0.194s] Level 1:colcon.colcon_core.package_discovery:discover_packages(prefix_path) check parameters
[0.194s] Level 1:colcon.colcon_core.package_discovery:discover_packages(prefix_path) discover
[0.195s] Level 1:colcon.colcon_core.package_discovery:discover_packages(prefix_path) using defaults
[0.196s] Level 5:colcon.colcon_core.verb:set package 'amr_msgs' build argument 'cmake_args' from command line to 'None'
[0.196s] Level 5:colcon.colcon_core.verb:set package 'amr_msgs' build argument 'cmake_target' from command line to 'None'
[0.196s] Level 5:colcon.colcon_core.verb:set package 'amr_msgs' build argument 'cmake_target_skip_unavailable' from command line to 'False'
[0.197s] Level 5:colcon.colcon_core.verb:set package 'amr_msgs' build argument 'cmake_clean_cache' from command line to 'False'
[0.197s] Level 5:colcon.colcon_core.verb:set package 'amr_msgs' build argument 'cmake_clean_first' from command line to 'False'
[0.197s] Level 5:colcon.colcon_core.verb:set package 'amr_msgs' build argument 'cmake_force_configure' from command line to 'False'
[0.197s] Level 5:colcon.colcon_core.verb:set package 'amr_msgs' build argument 'ament_cmake_args' from command line to 'None'
[0.197s] Level 5:colcon.colcon_core.verb:set package 'amr_msgs' build argument 'catkin_cmake_args' from command line to 'None'
[0.197s] Level 5:colcon.colcon_core.verb:set package 'amr_msgs' build argument 'catkin_skip_building_tests' from command line to 'False'
[0.197s] DEBUG:colcon.colcon_core.verb:Building package 'amr_msgs' with the following arguments: {'ament_cmake_args': None, 'build_base': '/home/cayo-sousa/ws_ld90_sim/build/amr_msgs', 'catkin_cmake_args': None, 'catkin_skip_building_tests': False, 'cmake_args': None, 'cmake_clean_cache': False, 'cmake_clean_first': False, 'cmake_force_configure': False, 'cmake_target': None, 'cmake_target_skip_unavailable': False, 'install_base': '/home/cayo-sousa/ws_ld90_sim/install/amr_msgs', 'merge_install': False, 'path': '/home/cayo-sousa/ws_ld90_sim/src/omron_amr/amr_msgs', 'symlink_install': True, 'test_result_base': None}
[0.197s] Level 5:colcon.colcon_core.verb:set package 'amr_nav2' build argument 'cmake_args' from command line to 'None'
[0.197s] Level 5:colcon.colcon_core.verb:set package 'amr_nav2' build argument 'cmake_target' from command line to 'None'
[0.197s] Level 5:colcon.colcon_core.verb:set package 'amr_nav2' build argument 'cmake_target_skip_unavailable' from command line to 'False'
[0.197s] Level 5:colcon.colcon_core.verb:set package 'amr_nav2' build argument 'cmake_clean_cache' from command line to 'False'
[0.197s] Level 5:colcon.colcon_core.verb:set package 'amr_nav2' build argument 'cmake_clean_first' from command line to 'False'
[0.197s] Level 5:colcon.colcon_core.verb:set package 'amr_nav2' build argument 'cmake_force_configure' from command line to 'False'
[0.197s] Level 5:colcon.colcon_core.verb:set package 'amr_nav2' build argument 'ament_cmake_args' from command line to 'None'
[0.197s] Level 5:colcon.colcon_core.verb:set package 'amr_nav2' build argument 'catkin_cmake_args' from command line to 'None'
[0.197s] Level 5:colcon.colcon_core.verb:set package 'amr_nav2' build argument 'catkin_skip_building_tests' from command line to 'False'
[0.197s] DEBUG:colcon.colcon_core.verb:Building package 'amr_nav2' with the following arguments: {'ament_cmake_args': None, 'build_base': '/home/cayo-sousa/ws_ld90_sim/build/amr_nav2', 'catkin_cmake_args': None, 'catkin_skip_building_tests': False, 'cmake_args': None, 'cmake_clean_cache': False, 'cmake_clean_first': False, 'cmake_force_configure': False, 'cmake_target': None, 'cmake_target_skip_unavailable': False, 'install_base': '/home/cayo-sousa/ws_ld90_sim/install/amr_nav2', 'merge_install': False, 'path': '/home/cayo-sousa/ws_ld90_sim/src/omron_amr/amr_nav2', 'symlink_install': True, 'test_result_base': None}
[0.198s] Level 5:colcon.colcon_core.verb:set package 'amr_teleop' build argument 'cmake_args' from command line to 'None'
[0.198s] Level 5:colcon.colcon_core.verb:set package 'amr_teleop' build argument 'cmake_target' from command line to 'None'
[0.198s] Level 5:colcon.colcon_core.verb:set package 'amr_teleop' build argument 'cmake_target_skip_unavailable' from command line to 'False'
[0.198s] Level 5:colcon.colcon_core.verb:set package 'amr_teleop' build argument 'cmake_clean_cache' from command line to 'False'
[0.198s] Level 5:colcon.colcon_core.verb:set package 'amr_teleop' build argument 'cmake_clean_first' from command line to 'False'
[0.198s] Level 5:colcon.colcon_core.verb:set package 'amr_teleop' build argument 'cmake_force_configure' from command line to 'False'
[0.198s] Level 5:colcon.colcon_core.verb:set package 'amr_teleop' build argument 'ament_cmake_args' from command line to 'None'
[0.198s] Level 5:colcon.colcon_core.verb:set package 'amr_teleop' build argument 'catkin_cmake_args' from command line to 'None'
[0.198s] Level 5:colcon.colcon_core.verb:set package 'amr_teleop' build argument 'catkin_skip_building_tests' from command line to 'False'
[0.198s] DEBUG:colcon.colcon_core.verb:Building package 'amr_teleop' with the following arguments: {'ament_cmake_args': None, 'build_base': '/home/cayo-sousa/ws_ld90_sim/build/amr_teleop', 'catkin_cmake_args': None, 'catkin_skip_building_tests': False, 'cmake_args': None, 'cmake_clean_cache': False, 'cmake_clean_first': False, 'cmake_force_configure': False, 'cmake_target': None, 'cmake_target_skip_unavailable': False, 'install_base': '/home/cayo-sousa/ws_ld90_sim/install/amr_teleop', 'merge_install': False, 'path': '/home/cayo-sousa/ws_ld90_sim/src/omron_amr/amr_teleop', 'symlink_install': True, 'test_result_base': None}
[0.198s] Level 5:colcon.colcon_core.verb:set package 'libaria' build argument 'cmake_args' from command line to 'None'
[0.199s] Level 5:colcon.colcon_core.verb:set package 'libaria' build argument 'cmake_target' from command line to 'None'
[0.199s] Level 5:colcon.colcon_core.verb:set package 'libaria' build argument 'cmake_target_skip_unavailable' from command line to 'False'
[0.199s] Level 5:colcon.colcon_core.verb:set package 'libaria' build argument 'cmake_clean_cache' from command line to 'False'
[0.199s] Level 5:colcon.colcon_core.verb:set package 'libaria' build argument 'cmake_clean_first' from command line to 'False'
[0.199s] Level 5:colcon.colcon_core.verb:set package 'libaria' build argument 'cmake_force_configure' from command line to 'False'
[0.199s] Level 5:colcon.colcon_core.verb:set package 'libaria' build argument 'ament_cmake_args' from command line to 'None'
[0.199s] Level 5:colcon.colcon_core.verb:set package 'libaria' build argument 'catkin_cmake_args' from command line to 'None'
[0.199s] Level 5:colcon.colcon_core.verb:set package 'libaria' build argument 'catkin_skip_building_tests' from command line to 'False'
[0.199s] DEBUG:colcon.colcon_core.verb:Building package 'libaria' with the following arguments: {'ament_cmake_args': None, 'build_base': '/home/cayo-sousa/ws_ld90_sim/build/libaria', 'catkin_cmake_args': None, 'catkin_skip_building_tests': False, 'cmake_args': None, 'cmake_clean_cache': False, 'cmake_clean_first': False, 'cmake_force_configure': False, 'cmake_target': None, 'cmake_target_skip_unavailable': False, 'install_base': '/home/cayo-sousa/ws_ld90_sim/install/libaria', 'merge_install': False, 'path': '/home/cayo-sousa/ws_ld90_sim/src/omron_amr/libaria', 'symlink_install': True, 'test_result_base': None}
[0.199s] Level 5:colcon.colcon_core.verb:set package 'amr_core' build argument 'cmake_args' from command line to 'None'
[0.199s] Level 5:colcon.colcon_core.verb:set package 'amr_core' build argument 'cmake_target' from command line to 'None'
[0.199s] Level 5:colcon.colcon_core.verb:set package 'amr_core' build argument 'cmake_target_skip_unavailable' from command line to 'False'
[0.199s] Level 5:colcon.colcon_core.verb:set package 'amr_core' build argument 'cmake_clean_cache' from command line to 'False'
[0.199s] Level 5:colcon.colcon_core.verb:set package 'amr_core' build argument 'cmake_clean_first' from command line to 'False'
[0.199s] Level 5:colcon.colcon_core.verb:set package 'amr_core' build argument 'cmake_force_configure' from command line to 'False'
[0.199s] Level 5:colcon.colcon_core.verb:set package 'amr_core' build argument 'ament_cmake_args' from command line to 'None'
[0.199s] Level 5:colcon.colcon_core.verb:set package 'amr_core' build argument 'catkin_cmake_args' from command line to 'None'
[0.199s] Level 5:colcon.colcon_core.verb:set package 'amr_core' build argument 'catkin_skip_building_tests' from command line to 'False'
[0.199s] DEBUG:colcon.colcon_core.verb:Building package 'amr_core' with the following arguments: {'ament_cmake_args': None, 'build_base': '/home/cayo-sousa/ws_ld90_sim/build/amr_core', 'catkin_cmake_args': None, 'catkin_skip_building_tests': False, 'cmake_args': None, 'cmake_clean_cache': False, 'cmake_clean_first': False, 'cmake_force_configure': False, 'cmake_target': None, 'cmake_target_skip_unavailable': False, 'install_base': '/home/cayo-sousa/ws_ld90_sim/install/amr_core', 'merge_install': False, 'path': '/home/cayo-sousa/ws_ld90_sim/src/omron_amr/amr_core', 'symlink_install': True, 'test_result_base': None}
[0.200s] Level 5:colcon.colcon_core.verb:set package 'amr_description' build argument 'cmake_args' from command line to 'None'
[0.200s] Level 5:colcon.colcon_core.verb:set package 'amr_description' build argument 'cmake_target' from command line to 'None'
[0.200s] Level 5:colcon.colcon_core.verb:set package 'amr_description' build argument 'cmake_target_skip_unavailable' from command line to 'False'
[0.200s] Level 5:colcon.colcon_core.verb:set package 'amr_description' build argument 'cmake_clean_cache' from command line to 'False'
[0.200s] Level 5:colcon.colcon_core.verb:set package 'amr_description' build argument 'cmake_clean_first' from command line to 'False'
[0.200s] Level 5:colcon.colcon_core.verb:set package 'amr_description' build argument 'cmake_force_configure' from command line to 'False'
[0.200s] Level 5:colcon.colcon_core.verb:set package 'amr_description' build argument 'ament_cmake_args' from command line to 'None'
[0.200s] Level 5:colcon.colcon_core.verb:set package 'amr_description' build argument 'catkin_cmake_args' from command line to 'None'
[0.200s] Level 5:colcon.colcon_core.verb:set package 'amr_description' build argument 'catkin_skip_building_tests' from command line to 'False'
[0.200s] DEBUG:colcon.colcon_core.verb:Building package 'amr_description' with the following arguments: {'ament_cmake_args': None, 'build_base': '/home/cayo-sousa/ws_ld90_sim/build/amr_description', 'catkin_cmake_args': None, 'catkin_skip_building_tests': False, 'cmake_args': None, 'cmake_clean_cache': False, 'cmake_clean_first': False, 'cmake_force_configure': False, 'cmake_target': None, 'cmake_target_skip_unavailable': False, 'install_base': '/home/cayo-sousa/ws_ld90_sim/install/amr_description', 'merge_install': False, 'path': '/home/cayo-sousa/ws_ld90_sim/src/omron_amr/amr_description', 'symlink_install': True, 'test_result_base': None}
[0.200s] Level 5:colcon.colcon_core.verb:set package 'amr_ros' build argument 'cmake_args' from command line to 'None'
[0.200s] Level 5:colcon.colcon_core.verb:set package 'amr_ros' build argument 'cmake_target' from command line to 'None'
[0.200s] Level 5:colcon.colcon_core.verb:set package 'amr_ros' build argument 'cmake_target_skip_unavailable' from command line to 'False'
[0.200s] Level 5:colcon.colcon_core.verb:set package 'amr_ros' build argument 'cmake_clean_cache' from command line to 'False'
[0.200s] Level 5:colcon.colcon_core.verb:set package 'amr_ros' build argument 'cmake_clean_first' from command line to 'False'
[0.200s] Level 5:colcon.colcon_core.verb:set package 'amr_ros' build argument 'cmake_force_configure' from command line to 'False'
[0.200s] Level 5:colcon.colcon_core.verb:set package 'amr_ros' build argument 'ament_cmake_args' from command line to 'None'
[0.200s] Level 5:colcon.colcon_core.verb:set package 'amr_ros' build argument 'catkin_cmake_args' from command line to 'None'
[0.200s] Level 5:colcon.colcon_core.verb:set package 'amr_ros' build argument 'catkin_skip_building_tests' from command line to 'False'
[0.200s] DEBUG:colcon.colcon_core.verb:Building package 'amr_ros' with the following arguments: {'ament_cmake_args': None, 'build_base': '/home/cayo-sousa/ws_ld90_sim/build/amr_ros', 'catkin_cmake_args': None, 'catkin_skip_building_tests': False, 'cmake_args': None, 'cmake_clean_cache': False, 'cmake_clean_first': False, 'cmake_force_configure': False, 'cmake_target': None, 'cmake_target_skip_unavailable': False, 'install_base': '/home/cayo-sousa/ws_ld90_sim/install/amr_ros', 'merge_install': False, 'path': '/home/cayo-sousa/ws_ld90_sim/src/omron_amr/amr_ros', 'symlink_install': True, 'test_result_base': None}
[0.200s] Level 5:colcon.colcon_core.verb:set package 'ld90_gz' build argument 'cmake_args' from command line to 'None'
[0.200s] Level 5:colcon.colcon_core.verb:set package 'ld90_gz' build argument 'cmake_target' from command line to 'None'
[0.200s] Level 5:colcon.colcon_core.verb:set package 'ld90_gz' build argument 'cmake_target_skip_unavailable' from command line to 'False'
[0.200s] Level 5:colcon.colcon_core.verb:set package 'ld90_gz' build argument 'cmake_clean_cache' from command line to 'False'
[0.200s] Level 5:colcon.colcon_core.verb:set package 'ld90_gz' build argument 'cmake_clean_first' from command line to 'False'
[0.200s] Level 5:colcon.colcon_core.verb:set package 'ld90_gz' build argument 'cmake_force_configure' from command line to 'False'
[0.200s] Level 5:colcon.colcon_core.verb:set package 'ld90_gz' build argument 'ament_cmake_args' from command line to 'None'
[0.200s] Level 5:colcon.colcon_core.verb:set package 'ld90_gz' build argument 'catkin_cmake_args' from command line to 'None'
[0.200s] Level 5:colcon.colcon_core.verb:set package 'ld90_gz' build argument 'catkin_skip_building_tests' from command line to 'False'
[0.200s] DEBUG:colcon.colcon_core.verb:Building package 'ld90_gz' with the following arguments: {'ament_cmake_args': None, 'build_base': '/home/cayo-sousa/ws_ld90_sim/build/ld90_gz', 'catkin_cmake_args': None, 'catkin_skip_building_tests': False, 'cmake_args': None, 'cmake_clean_cache': False, 'cmake_clean_first': False, 'cmake_force_configure': False, 'cmake_target': None, 'cmake_target_skip_unavailable': False, 'install_base': '/home/cayo-sousa/ws_ld90_sim/install/ld90_gz', 'merge_install': False, 'path': '/home/cayo-sousa/ws_ld90_sim/src/ld90_gz', 'symlink_install': True, 'test_result_base': None}
[0.200s] INFO:colcon.colcon_core.executor:Executing jobs using 'parallel' executor
[0.201s] DEBUG:colcon.colcon_parallel_executor.executor.parallel:run_until_complete
[0.202s] INFO:colcon.colcon_ros.task.ament_cmake.build:Building ROS package in '/home/cayo-sousa/ws_ld90_sim/src/omron_amr/amr_msgs' with build type 'ament_cmake'
[0.202s] INFO:colcon.colcon_cmake.task.cmake.build:Building CMake package in '/home/cayo-sousa/ws_ld90_sim/src/omron_amr/amr_msgs'
[0.204s] INFO:colcon.colcon_core.plugin_system:Skipping extension 'colcon_core.shell.bat': Not used on non-Windows systems
[0.204s] INFO:colcon.colcon_core.shell:Skip shell extension 'powershell' for command environment: Not usable outside of PowerShell
[0.204s] DEBUG:colcon.colcon_core.shell:Skip shell extension 'dsv' for command environment
[0.205s] INFO:colcon.colcon_ros.task.cmake.build:Building ROS package in '/home/cayo-sousa/ws_ld90_sim/src/omron_amr/libaria' with build type 'cmake'
[0.205s] INFO:colcon.colcon_cmake.task.cmake.build:Building CMake package in '/home/cayo-sousa/ws_ld90_sim/src/omron_amr/libaria'
[0.205s] INFO:colcon.colcon_core.shell:Skip shell extension 'powershell' for command environment: Not usable outside of PowerShell
[0.205s] DEBUG:colcon.colcon_core.shell:Skip shell extension 'dsv' for command environment
[0.206s] INFO:colcon.colcon_ros.task.ament_cmake.build:Building ROS package in '/home/cayo-sousa/ws_ld90_sim/src/omron_amr/amr_nav2' with build type 'ament_cmake'
[0.206s] INFO:colcon.colcon_cmake.task.cmake.build:Building CMake package in '/home/cayo-sousa/ws_ld90_sim/src/omron_amr/amr_nav2'
[0.207s] INFO:colcon.colcon_core.shell:Skip shell extension 'powershell' for command environment: Not usable outside of PowerShell
[0.207s] DEBUG:colcon.colcon_core.shell:Skip shell extension 'dsv' for command environment
[0.207s] INFO:colcon.colcon_ros.task.ament_cmake.build:Building ROS package in '/home/cayo-sousa/ws_ld90_sim/src/omron_amr/amr_teleop' with build type 'ament_cmake'
[0.208s] INFO:colcon.colcon_cmake.task.cmake.build:Building CMake package in '/home/cayo-sousa/ws_ld90_sim/src/omron_amr/amr_teleop'
[0.208s] INFO:colcon.colcon_core.shell:Skip shell extension 'powershell' for command environment: Not usable outside of PowerShell
[0.208s] DEBUG:colcon.colcon_core.shell:Skip shell extension 'dsv' for command environment
[0.212s] DEBUG:colcon.colcon_core.event_handler.log_command:Invoking command in '/home/cayo-sousa/ws_ld90_sim/build/amr_msgs': DEBUGINFOD_URLS=https://debuginfod.ubuntu.com /usr/bin/cmake --build /home/cayo-sousa/ws_ld90_sim/build/amr_msgs -- -j12 -l12
[0.215s] DEBUG:colcon.colcon_core.event_handler.log_command:Invoking command in '/home/cayo-sousa/ws_ld90_sim/build/libaria': DEBUGINFOD_URLS=https://debuginfod.ubuntu.com /usr/bin/cmake --build /home/cayo-sousa/ws_ld90_sim/build/libaria -- -j12 -l12
[0.226s] DEBUG:colcon.colcon_core.event_handler.log_command:Invoking command in '/home/cayo-sousa/ws_ld90_sim/build/amr_nav2': DEBUGINFOD_URLS=https://debuginfod.ubuntu.com /usr/bin/cmake --build /home/cayo-sousa/ws_ld90_sim/build/amr_nav2 -- -j12 -l12
[0.229s] DEBUG:colcon.colcon_core.event_handler.log_command:Invoking command in '/home/cayo-sousa/ws_ld90_sim/build/amr_teleop': DEBUGINFOD_URLS=https://debuginfod.ubuntu.com /usr/bin/cmake --build /home/cayo-sousa/ws_ld90_sim/build/amr_teleop -- -j12 -l12
[0.266s] DEBUG:colcon.colcon_core.event_handler.log_command:Invoked command in '/home/cayo-sousa/ws_ld90_sim/build/amr_nav2' returned '0': DEBUGINFOD_URLS=https://debuginfod.ubuntu.com /usr/bin/cmake --build /home/cayo-sousa/ws_ld90_sim/build/amr_nav2 -- -j12 -l12
[0.280s] DEBUG:colcon.colcon_core.event_handler.log_command:Invoking command in '/home/cayo-sousa/ws_ld90_sim/build/amr_nav2': DEBUGINFOD_URLS=https://debuginfod.ubuntu.com /usr/bin/cmake --install /home/cayo-sousa/ws_ld90_sim/build/amr_nav2
[0.282s] DEBUG:colcon.colcon_core.event_handler.log_command:Invoked command in '/home/cayo-sousa/ws_ld90_sim/build/amr_teleop' returned '0': DEBUGINFOD_URLS=https://debuginfod.ubuntu.com /usr/bin/cmake --build /home/cayo-sousa/ws_ld90_sim/build/amr_teleop -- -j12 -l12
[0.284s] DEBUG:colcon.colcon_core.event_handler.log_command:Invoking command in '/home/cayo-sousa/ws_ld90_sim/build/amr_teleop': DEBUGINFOD_URLS=https://debuginfod.ubuntu.com /usr/bin/cmake --install /home/cayo-sousa/ws_ld90_sim/build/amr_teleop
[0.315s] Level 1:colcon.colcon_core.environment:create_environment_scripts_only(amr_teleop)
[0.316s] DEBUG:colcon.colcon_core.event_handler.log_command:Invoked command in '/home/cayo-sousa/ws_ld90_sim/build/amr_teleop' returned '0': DEBUGINFOD_URLS=https://debuginfod.ubuntu.com /usr/bin/cmake --install /home/cayo-sousa/ws_ld90_sim/build/amr_teleop
[0.322s] Level 1:colcon.colcon_core.environment:checking '/home/cayo-sousa/ws_ld90_sim/install/amr_teleop' for CMake module files
[0.324s] Level 1:colcon.colcon_core.environment:checking '/home/cayo-sousa/ws_ld90_sim/install/amr_teleop' for CMake config files
[0.324s] Level 1:colcon.colcon_core.shell:create_environment_hook('amr_teleop', 'cmake_prefix_path')
[0.325s] INFO:colcon.colcon_core.shell:Creating environment hook '/home/cayo-sousa/ws_ld90_sim/install/amr_teleop/share/amr_teleop/hook/cmake_prefix_path.ps1'
[0.326s] INFO:colcon.colcon_core.shell:Creating environment descriptor '/home/cayo-sousa/ws_ld90_sim/install/amr_teleop/share/amr_teleop/hook/cmake_prefix_path.dsv'
[0.327s] INFO:colcon.colcon_core.shell:Creating environment hook '/home/cayo-sousa/ws_ld90_sim/install/amr_teleop/share/amr_teleop/hook/cmake_prefix_path.sh'
[0.328s] Level 1:colcon.colcon_core.environment:checking '/home/cayo-sousa/ws_ld90_sim/install/amr_teleop/bin'
[0.328s] Level 1:colcon.colcon_core.environment:checking '/home/cayo-sousa/ws_ld90_sim/install/amr_teleop/lib/pkgconfig/amr_teleop.pc'
[0.331s] Level 1:colcon.colcon_core.environment:checking '/home/cayo-sousa/ws_ld90_sim/install/amr_teleop/lib/python3.12/site-packages'
[0.332s] Level 1:colcon.colcon_core.environment:checking '/home/cayo-sousa/ws_ld90_sim/install/amr_teleop/bin'
[0.333s] INFO:colcon.colcon_core.shell:Creating package script '/home/cayo-sousa/ws_ld90_sim/install/amr_teleop/share/amr_teleop/package.ps1'
[0.334s] INFO:colcon.colcon_core.shell:Creating package descriptor '/home/cayo-sousa/ws_ld90_sim/install/amr_teleop/share/amr_teleop/package.dsv'
[0.335s] INFO:colcon.colcon_core.shell:Creating package script '/home/cayo-sousa/ws_ld90_sim/install/amr_teleop/share/amr_teleop/package.sh'
[0.336s] INFO:colcon.colcon_core.shell:Creating package script '/home/cayo-sousa/ws_ld90_sim/install/amr_teleop/share/amr_teleop/package.bash'
[0.337s] INFO:colcon.colcon_core.shell:Creating package script '/home/cayo-sousa/ws_ld90_sim/install/amr_teleop/share/amr_teleop/package.zsh'
[0.338s] Level 1:colcon.colcon_core.environment:create_file_with_runtime_dependencies(/home/cayo-sousa/ws_ld90_sim/install/amr_teleop/share/colcon-core/packages/amr_teleop)
[0.339s] Level 1:colcon.colcon_core.environment:create_environment_scripts_only(amr_teleop)
[0.339s] Level 1:colcon.colcon_core.environment:checking '/home/cayo-sousa/ws_ld90_sim/install/amr_teleop' for CMake module files
[0.340s] Level 1:colcon.colcon_core.environment:checking '/home/cayo-sousa/ws_ld90_sim/install/amr_teleop' for CMake config files
[0.340s] Level 1:colcon.colcon_core.shell:create_environment_hook('amr_teleop', 'cmake_prefix_path')
[0.341s] INFO:colcon.colcon_core.shell:Creating environment hook '/home/cayo-sousa/ws_ld90_sim/install/amr_teleop/share/amr_teleop/hook/cmake_prefix_path.ps1'
[0.341s] INFO:colcon.colcon_core.shell:Creating environment descriptor '/home/cayo-sousa/ws_ld90_sim/install/amr_teleop/share/amr_teleop/hook/cmake_prefix_path.dsv'
[0.342s] INFO:colcon.colcon_core.shell:Creating environment hook '/home/cayo-sousa/ws_ld90_sim/install/amr_teleop/share/amr_teleop/hook/cmake_prefix_path.sh'
[0.343s] Level 1:colcon.colcon_core.environment:checking '/home/cayo-sousa/ws_ld90_sim/install/amr_teleop/bin'
[0.343s] Level 1:colcon.colcon_core.environment:checking '/home/cayo-sousa/ws_ld90_sim/install/amr_teleop/lib/pkgconfig/amr_teleop.pc'
[0.343s] Level 1:colcon.colcon_core.environment:checking '/home/cayo-sousa/ws_ld90_sim/install/amr_teleop/lib/python3.12/site-packages'
[0.344s] Level 1:colcon.colcon_core.environment:checking '/home/cayo-sousa/ws_ld90_sim/install/amr_teleop/bin'
[0.344s] INFO:colcon.colcon_core.shell:Creating package script '/home/cayo-sousa/ws_ld90_sim/install/amr_teleop/share/amr_teleop/package.ps1'
[0.345s] INFO:colcon.colcon_core.shell:Creating package descriptor '/home/cayo-sousa/ws_ld90_sim/install/amr_teleop/share/amr_teleop/package.dsv'
[0.346s] INFO:colcon.colcon_core.shell:Creating package script '/home/cayo-sousa/ws_ld90_sim/install/amr_teleop/share/amr_teleop/package.sh'
[0.347s] INFO:colcon.colcon_core.shell:Creating package script '/home/cayo-sousa/ws_ld90_sim/install/amr_teleop/share/amr_teleop/package.bash'
[0.348s] INFO:colcon.colcon_core.shell:Creating package script '/home/cayo-sousa/ws_ld90_sim/install/amr_teleop/share/amr_teleop/package.zsh'
[0.348s] Level 1:colcon.colcon_core.environment:create_file_with_runtime_dependencies(/home/cayo-sousa/ws_ld90_sim/install/amr_teleop/share/colcon-core/packages/amr_teleop)
[0.350s] Level 1:colcon.colcon_core.environment:create_environment_scripts_only(amr_nav2)
[0.350s] Level 1:colcon.colcon_core.environment:checking '/home/cayo-sousa/ws_ld90_sim/install/amr_nav2' for CMake module files
[0.351s] DEBUG:colcon.colcon_core.event_handler.log_command:Invoked command in '/home/cayo-sousa/ws_ld90_sim/build/amr_nav2' returned '0': DEBUGINFOD_URLS=https://debuginfod.ubuntu.com /usr/bin/cmake --install /home/cayo-sousa/ws_ld90_sim/build/amr_nav2
[0.352s] Level 1:colcon.colcon_core.environment:checking '/home/cayo-sousa/ws_ld90_sim/install/amr_nav2' for CMake config files
[0.353s] Level 1:colcon.colcon_core.shell:create_environment_hook('amr_nav2', 'cmake_prefix_path')
[0.353s] INFO:colcon.colcon_core.shell:Creating environment hook '/home/cayo-sousa/ws_ld90_sim/install/amr_nav2/share/amr_nav2/hook/cmake_prefix_path.ps1'
[0.354s] INFO:colcon.colcon_core.shell:Creating environment descriptor '/home/cayo-sousa/ws_ld90_sim/install/amr_nav2/share/amr_nav2/hook/cmake_prefix_path.dsv'
[0.355s] INFO:colcon.colcon_core.shell:Creating environment hook '/home/cayo-sousa/ws_ld90_sim/install/amr_nav2/share/amr_nav2/hook/cmake_prefix_path.sh'
[0.356s] Level 1:colcon.colcon_core.environment:checking '/home/cayo-sousa/ws_ld90_sim/install/amr_nav2/bin'
[0.356s] Level 1:colcon.colcon_core.environment:checking '/home/cayo-sousa/ws_ld90_sim/install/amr_nav2/lib/pkgconfig/amr_nav2.pc'
[0.356s] Level 1:colcon.colcon_core.environment:checking '/home/cayo-sousa/ws_ld90_sim/install/amr_nav2/lib/python3.12/site-packages'
[0.357s] Level 1:colcon.colcon_core.environment:checking '/home/cayo-sousa/ws_ld90_sim/install/amr_nav2/bin'
[0.357s] INFO:colcon.colcon_core.shell:Creating package script '/home/cayo-sousa/ws_ld90_sim/install/amr_nav2/share/amr_nav2/package.ps1'
[0.358s] INFO:colcon.colcon_core.shell:Creating package descriptor '/home/cayo-sousa/ws_ld90_sim/install/amr_nav2/share/amr_nav2/package.dsv'
[0.359s] INFO:colcon.colcon_core.shell:Creating package script '/home/cayo-sousa/ws_ld90_sim/install/amr_nav2/share/amr_nav2/package.sh'
[0.359s] INFO:colcon.colcon_core.shell:Creating package script '/home/cayo-sousa/ws_ld90_sim/install/amr_nav2/share/amr_nav2/package.bash'
[0.360s] INFO:colcon.colcon_core.shell:Creating package script '/home/cayo-sousa/ws_ld90_sim/install/amr_nav2/share/amr_nav2/package.zsh'
[0.360s] Level 1:colcon.colcon_core.environment:create_file_with_runtime_dependencies(/home/cayo-sousa/ws_ld90_sim/install/amr_nav2/share/colcon-core/packages/amr_nav2)
[0.361s] Level 1:colcon.colcon_core.environment:create_environment_scripts_only(amr_nav2)
[0.361s] Level 1:colcon.colcon_core.environment:checking '/home/cayo-sousa/ws_ld90_sim/install/amr_nav2' for CMake module files
[0.362s] Level 1:colcon.colcon_core.environment:checking '/home/cayo-sousa/ws_ld90_sim/install/amr_nav2' for CMake config files
[0.363s] Level 1:colcon.colcon_core.shell:create_environment_hook('amr_nav2', 'cmake_prefix_path')
[0.363s] INFO:colcon.colcon_core.shell:Creating environment hook '/home/cayo-sousa/ws_ld90_sim/install/amr_nav2/share/amr_nav2/hook/cmake_prefix_path.ps1'
[0.364s] INFO:colcon.colcon_core.shell:Creating environment descriptor '/home/cayo-sousa/ws_ld90_sim/install/amr_nav2/share/amr_nav2/hook/cmake_prefix_path.dsv'
[0.364s] INFO:colcon.colcon_core.shell:Creating environment hook '/home/cayo-sousa/ws_ld90_sim/install/amr_nav2/share/amr_nav2/hook/cmake_prefix_path.sh'
[0.365s] Level 1:colcon.colcon_core.environment:checking '/home/cayo-sousa/ws_ld90_sim/install/amr_nav2/bin'
[0.365s] Level 1:colcon.colcon_core.environment:checking '/home/cayo-sousa/ws_ld90_sim/install/amr_nav2/lib/pkgconfig/amr_nav2.pc'
[0.365s] Level 1:colcon.colcon_core.environment:checking '/home/cayo-sousa/ws_ld90_sim/install/amr_nav2/lib/python3.12/site-packages'
[0.366s] Level 1:colcon.colcon_core.environment:checking '/home/cayo-sousa/ws_ld90_sim/install/amr_nav2/bin'
[0.367s] INFO:colcon.colcon_core.shell:Creating package script '/home/cayo-sousa/ws_ld90_sim/install/amr_nav2/share/amr_nav2/package.ps1'
[0.368s] INFO:colcon.colcon_core.shell:Creating package descriptor '/home/cayo-sousa/ws_ld90_sim/install/amr_nav2/share/amr_nav2/package.dsv'
[0.369s] INFO:colcon.colcon_core.shell:Creating package script '/home/cayo-sousa/ws_ld90_sim/install/amr_nav2/share/amr_nav2/package.sh'
[0.369s] INFO:colcon.colcon_core.shell:Creating package script '/home/cayo-sousa/ws_ld90_sim/install/amr_nav2/share/amr_nav2/package.bash'
[0.370s] INFO:colcon.colcon_core.shell:Creating package script '/home/cayo-sousa/ws_ld90_sim/install/amr_nav2/share/amr_nav2/package.zsh'
[0.371s] Level 1:colcon.colcon_core.environment:create_file_with_runtime_dependencies(/home/cayo-sousa/ws_ld90_sim/install/amr_nav2/share/colcon-core/packages/amr_nav2)
[0.537s] DEBUG:colcon.colcon_core.event_handler.log_command:Invoked command in '/home/cayo-sousa/ws_ld90_sim/build/libaria' returned '0': DEBUGINFOD_URLS=https://debuginfod.ubuntu.com /usr/bin/cmake --build /home/cayo-sousa/ws_ld90_sim/build/libaria -- -j12 -l12
[0.538s] DEBUG:colcon.colcon_core.event_handler.log_command:Invoking command in '/home/cayo-sousa/ws_ld90_sim/build/libaria': DEBUGINFOD_URLS=https://debuginfod.ubuntu.com /usr/bin/cmake --install /home/cayo-sousa/ws_ld90_sim/build/libaria
[0.565s] DEBUG:colcon.colcon_core.event_handler.log_command:Invoked command in '/home/cayo-sousa/ws_ld90_sim/build/libaria' returned '0': DEBUGINFOD_URLS=https://debuginfod.ubuntu.com /usr/bin/cmake --install /home/cayo-sousa/ws_ld90_sim/build/libaria
[0.565s] Level 1:colcon.colcon_core.shell:create_environment_hook('libaria', 'pkg_config_path')
[0.565s] INFO:colcon.colcon_core.shell:Creating environment hook '/home/cayo-sousa/ws_ld90_sim/install/libaria/share/libaria/hook/pkg_config_path.ps1'
[0.566s] INFO:colcon.colcon_core.shell:Creating environment descriptor '/home/cayo-sousa/ws_ld90_sim/install/libaria/share/libaria/hook/pkg_config_path.dsv'
[0.567s] INFO:colcon.colcon_core.shell:Creating environment hook '/home/cayo-sousa/ws_ld90_sim/install/libaria/share/libaria/hook/pkg_config_path.sh'
[0.569s] Level 1:colcon.colcon_core.shell:create_environment_hook('libaria', 'pkg_config_path_multiarch')
[0.569s] INFO:colcon.colcon_core.shell:Creating environment hook '/home/cayo-sousa/ws_ld90_sim/install/libaria/share/libaria/hook/pkg_config_path_multiarch.ps1'
[0.570s] INFO:colcon.colcon_core.shell:Creating environment descriptor '/home/cayo-sousa/ws_ld90_sim/install/libaria/share/libaria/hook/pkg_config_path_multiarch.dsv'
[0.571s] INFO:colcon.colcon_core.shell:Creating environment hook '/home/cayo-sousa/ws_ld90_sim/install/libaria/share/libaria/hook/pkg_config_path_multiarch.sh'
[0.571s] Level 1:colcon.colcon_core.environment:create_environment_scripts_only(libaria)
[0.572s] Level 1:colcon.colcon_core.environment:checking '/home/cayo-sousa/ws_ld90_sim/install/libaria' for CMake module files
[0.572s] Level 1:colcon.colcon_core.environment:checking '/home/cayo-sousa/ws_ld90_sim/install/libaria' for CMake config files
[0.573s] Level 1:colcon.colcon_core.shell:create_environment_hook('libaria', 'cmake_prefix_path')
[0.573s] INFO:colcon.colcon_core.shell:Creating environment hook '/home/cayo-sousa/ws_ld90_sim/install/libaria/share/libaria/hook/cmake_prefix_path.ps1'
[0.574s] INFO:colcon.colcon_core.shell:Creating environment descriptor '/home/cayo-sousa/ws_ld90_sim/install/libaria/share/libaria/hook/cmake_prefix_path.dsv'
[0.574s] INFO:colcon.colcon_core.shell:Creating environment hook '/home/cayo-sousa/ws_ld90_sim/install/libaria/share/libaria/hook/cmake_prefix_path.sh'
[0.575s] Level 1:colcon.colcon_core.environment:checking '/home/cayo-sousa/ws_ld90_sim/install/libaria/lib'
[0.575s] Level 1:colcon.colcon_core.shell:create_environment_hook('libaria', 'ld_library_path_lib')
[0.575s] INFO:colcon.colcon_core.shell:Creating environment hook '/home/cayo-sousa/ws_ld90_sim/install/libaria/share/libaria/hook/ld_library_path_lib.ps1'
[0.576s] INFO:colcon.colcon_core.shell:Creating environment descriptor '/home/cayo-sousa/ws_ld90_sim/install/libaria/share/libaria/hook/ld_library_path_lib.dsv'
[0.576s] INFO:colcon.colcon_core.shell:Creating environment hook '/home/cayo-sousa/ws_ld90_sim/install/libaria/share/libaria/hook/ld_library_path_lib.sh'
[0.577s] Level 1:colcon.colcon_core.environment:checking '/home/cayo-sousa/ws_ld90_sim/install/libaria/bin'
[0.577s] Level 1:colcon.colcon_core.shell:create_environment_hook('libaria', 'path')
[0.577s] INFO:colcon.colcon_core.shell:Creating environment hook '/home/cayo-sousa/ws_ld90_sim/install/libaria/share/libaria/hook/path.ps1'
[0.578s] INFO:colcon.colcon_core.shell:Creating environment descriptor '/home/cayo-sousa/ws_ld90_sim/install/libaria/share/libaria/hook/path.dsv'
[0.578s] INFO:colcon.colcon_core.shell:Creating environment hook '/home/cayo-sousa/ws_ld90_sim/install/libaria/share/libaria/hook/path.sh'
[0.579s] Level 1:colcon.colcon_core.environment:checking '/home/cayo-sousa/ws_ld90_sim/install/libaria/lib/pkgconfig/libaria.pc'
[0.579s] Level 1:colcon.colcon_core.environment:checking '/home/cayo-sousa/ws_ld90_sim/install/libaria/lib/python3.12/site-packages'
[0.580s] Level 1:colcon.colcon_core.environment:checking '/home/cayo-sousa/ws_ld90_sim/install/libaria/bin'
[0.580s] Level 1:colcon.colcon_core.shell:create_environment_hook('libaria', 'pythonscriptspath')
[0.580s] INFO:colcon.colcon_core.shell:Creating environment hook '/home/cayo-sousa/ws_ld90_sim/install/libaria/share/libaria/hook/pythonscriptspath.ps1'
[0.580s] INFO:colcon.colcon_core.shell:Creating environment descriptor '/home/cayo-sousa/ws_ld90_sim/install/libaria/share/libaria/hook/pythonscriptspath.dsv'
[0.581s] INFO:colcon.colcon_core.shell:Creating environment hook '/home/cayo-sousa/ws_ld90_sim/install/libaria/share/libaria/hook/pythonscriptspath.sh'
[0.581s] INFO:colcon.colcon_core.shell:Creating package script '/home/cayo-sousa/ws_ld90_sim/install/libaria/share/libaria/package.ps1'
[0.582s] INFO:colcon.colcon_core.shell:Creating package descriptor '/home/cayo-sousa/ws_ld90_sim/install/libaria/share/libaria/package.dsv'
[0.583s] INFO:colcon.colcon_core.shell:Creating package script '/home/cayo-sousa/ws_ld90_sim/install/libaria/share/libaria/package.sh'
[0.583s] INFO:colcon.colcon_core.shell:Creating package script '/home/cayo-sousa/ws_ld90_sim/install/libaria/share/libaria/package.bash'
[0.583s] INFO:colcon.colcon_core.shell:Creating package script '/home/cayo-sousa/ws_ld90_sim/install/libaria/share/libaria/package.zsh'
[0.583s] Level 1:colcon.colcon_core.environment:create_file_with_runtime_dependencies(/home/cayo-sousa/ws_ld90_sim/install/libaria/share/colcon-core/packages/libaria)
[0.670s] DEBUG:colcon.colcon_core.event_handler.log_command:Invoked command in '/home/cayo-sousa/ws_ld90_sim/build/amr_msgs' returned '0': DEBUGINFOD_URLS=https://debuginfod.ubuntu.com /usr/bin/cmake --build /home/cayo-sousa/ws_ld90_sim/build/amr_msgs -- -j12 -l12
[0.672s] DEBUG:colcon.colcon_core.event_handler.log_command:Invoking command in '/home/cayo-sousa/ws_ld90_sim/build/amr_msgs': DEBUGINFOD_URLS=https://debuginfod.ubuntu.com /usr/bin/cmake --install /home/cayo-sousa/ws_ld90_sim/build/amr_msgs
[0.751s] Level 1:colcon.colcon_core.environment:create_environment_scripts_only(amr_msgs)
[0.751s] Level 1:colcon.colcon_core.environment:checking '/home/cayo-sousa/ws_ld90_sim/install/amr_msgs' for CMake module files
[0.751s] DEBUG:colcon.colcon_core.event_handler.log_command:Invoked command in '/home/cayo-sousa/ws_ld90_sim/build/amr_msgs' returned '0': DEBUGINFOD_URLS=https://debuginfod.ubuntu.com /usr/bin/cmake --install /home/cayo-sousa/ws_ld90_sim/build/amr_msgs
[0.754s] Level 1:colcon.colcon_core.environment:checking '/home/cayo-sousa/ws_ld90_sim/install/amr_msgs' for CMake config files
[0.754s] Level 1:colcon.colcon_core.shell:create_environment_hook('amr_msgs', 'cmake_prefix_path')
[0.754s] INFO:colcon.colcon_core.shell:Creating environment hook '/home/cayo-sousa/ws_ld90_sim/install/amr_msgs/share/amr_msgs/hook/cmake_prefix_path.ps1'
[0.755s] INFO:colcon.colcon_core.shell:Creating environment descriptor '/home/cayo-sousa/ws_ld90_sim/install/amr_msgs/share/amr_msgs/hook/cmake_prefix_path.dsv'
[0.755s] INFO:colcon.colcon_core.shell:Creating environment hook '/home/cayo-sousa/ws_ld90_sim/install/amr_msgs/share/amr_msgs/hook/cmake_prefix_path.sh'
[0.756s] Level 1:colcon.colcon_core.environment:checking '/home/cayo-sousa/ws_ld90_sim/install/amr_msgs/lib'
[0.756s] Level 1:colcon.colcon_core.shell:create_environment_hook('amr_msgs', 'ld_library_path_lib')
[0.757s] INFO:colcon.colcon_core.shell:Creating environment hook '/home/cayo-sousa/ws_ld90_sim/install/amr_msgs/share/amr_msgs/hook/ld_library_path_lib.ps1'
[0.757s] INFO:colcon.colcon_core.shell:Creating environment descriptor '/home/cayo-sousa/ws_ld90_sim/install/amr_msgs/share/amr_msgs/hook/ld_library_path_lib.dsv'
[0.758s] INFO:colcon.colcon_core.shell:Creating environment hook '/home/cayo-sousa/ws_ld90_sim/install/amr_msgs/share/amr_msgs/hook/ld_library_path_lib.sh'
[0.758s] Level 1:colcon.colcon_core.environment:checking '/home/cayo-sousa/ws_ld90_sim/install/amr_msgs/bin'
[0.758s] Level 1:colcon.colcon_core.environment:checking '/home/cayo-sousa/ws_ld90_sim/install/amr_msgs/lib/pkgconfig/amr_msgs.pc'
[0.758s] Level 1:colcon.colcon_core.environment:checking '/home/cayo-sousa/ws_ld90_sim/install/amr_msgs/lib/python3.12/site-packages'
[0.759s] Level 1:colcon.colcon_core.shell:create_environment_hook('amr_msgs', 'pythonpath')
[0.759s] INFO:colcon.colcon_core.shell:Creating environment hook '/home/cayo-sousa/ws_ld90_sim/install/amr_msgs/share/amr_msgs/hook/pythonpath.ps1'
[0.759s] INFO:colcon.colcon_core.shell:Creating environment descriptor '/home/cayo-sousa/ws_ld90_sim/install/amr_msgs/share/amr_msgs/hook/pythonpath.dsv'
[0.760s] INFO:colcon.colcon_core.shell:Creating environment hook '/home/cayo-sousa/ws_ld90_sim/install/amr_msgs/share/amr_msgs/hook/pythonpath.sh'
[0.761s] Level 1:colcon.colcon_core.environment:checking '/home/cayo-sousa/ws_ld90_sim/install/amr_msgs/bin'
[0.761s] INFO:colcon.colcon_core.shell:Creating package script '/home/cayo-sousa/ws_ld90_sim/install/amr_msgs/share/amr_msgs/package.ps1'
[0.762s] INFO:colcon.colcon_core.shell:Creating package descriptor '/home/cayo-sousa/ws_ld90_sim/install/amr_msgs/share/amr_msgs/package.dsv'
[0.763s] INFO:colcon.colcon_core.shell:Creating package script '/home/cayo-sousa/ws_ld90_sim/install/amr_msgs/share/amr_msgs/package.sh'
[0.763s] INFO:colcon.colcon_core.shell:Creating package script '/home/cayo-sousa/ws_ld90_sim/install/amr_msgs/share/amr_msgs/package.bash'
[0.763s] INFO:colcon.colcon_core.shell:Creating package script '/home/cayo-sousa/ws_ld90_sim/install/amr_msgs/share/amr_msgs/package.zsh'
[0.763s] Level 1:colcon.colcon_core.environment:create_file_with_runtime_dependencies(/home/cayo-sousa/ws_ld90_sim/install/amr_msgs/share/colcon-core/packages/amr_msgs)
[0.764s] Level 1:colcon.colcon_core.environment:create_environment_scripts_only(amr_msgs)
[0.764s] Level 1:colcon.colcon_core.environment:checking '/home/cayo-sousa/ws_ld90_sim/install/amr_msgs' for CMake module files
[0.765s] Level 1:colcon.colcon_core.environment:checking '/home/cayo-sousa/ws_ld90_sim/install/amr_msgs' for CMake config files
[0.765s] Level 1:colcon.colcon_core.shell:create_environment_hook('amr_msgs', 'cmake_prefix_path')
[0.765s] INFO:colcon.colcon_core.shell:Creating environment hook '/home/cayo-sousa/ws_ld90_sim/install/amr_msgs/share/amr_msgs/hook/cmake_prefix_path.ps1'
[0.765s] INFO:colcon.colcon_core.shell:Creating environment descriptor '/home/cayo-sousa/ws_ld90_sim/install/amr_msgs/share/amr_msgs/hook/cmake_prefix_path.dsv'
[0.766s] INFO:colcon.colcon_core.shell:Creating environment hook '/home/cayo-sousa/ws_ld90_sim/install/amr_msgs/share/amr_msgs/hook/cmake_prefix_path.sh'
[0.766s] Level 1:colcon.colcon_core.environment:checking '/home/cayo-sousa/ws_ld90_sim/install/amr_msgs/lib'
[0.766s] Level 1:colcon.colcon_core.shell:create_environment_hook('amr_msgs', 'ld_library_path_lib')
[0.766s] INFO:colcon.colcon_core.shell:Creating environment hook '/home/cayo-sousa/ws_ld90_sim/install/amr_msgs/share/amr_msgs/hook/ld_library_path_lib.ps1'
[0.767s] INFO:colcon.colcon_core.shell:Creating environment descriptor '/home/cayo-sousa/ws_ld90_sim/install/amr_msgs/share/amr_msgs/hook/ld_library_path_lib.dsv'
[0.767s] INFO:colcon.colcon_core.shell:Creating environment hook '/home/cayo-sousa/ws_ld90_sim/install/amr_msgs/share/amr_msgs/hook/ld_library_path_lib.sh'
[0.767s] Level 1:colcon.colcon_core.environment:checking '/home/cayo-sousa/ws_ld90_sim/install/amr_msgs/bin'
[0.767s] Level 1:colcon.colcon_core.environment:checking '/home/cayo-sousa/ws_ld90_sim/install/amr_msgs/lib/pkgconfig/amr_msgs.pc'
[0.768s] Level 1:colcon.colcon_core.environment:checking '/home/cayo-sousa/ws_ld90_sim/install/amr_msgs/lib/python3.12/site-packages'
[0.768s] Level 1:colcon.colcon_core.shell:create_environment_hook('amr_msgs', 'pythonpath')
[0.768s] INFO:colcon.colcon_core.shell:Creating environment hook '/home/cayo-sousa/ws_ld90_sim/install/amr_msgs/share/amr_msgs/hook/pythonpath.ps1'
[0.768s] INFO:colcon.colcon_core.shell:Creating environment descriptor '/home/cayo-sousa/ws_ld90_sim/install/amr_msgs/share/amr_msgs/hook/pythonpath.dsv'
[0.768s] INFO:colcon.colcon_core.shell:Creating environment hook '/home/cayo-sousa/ws_ld90_sim/install/amr_msgs/share/amr_msgs/hook/pythonpath.sh'
[0.769s] Level 1:colcon.colcon_core.environment:checking '/home/cayo-sousa/ws_ld90_sim/install/amr_msgs/bin'
[0.769s] INFO:colcon.colcon_core.shell:Creating package script '/home/cayo-sousa/ws_ld90_sim/install/amr_msgs/share/amr_msgs/package.ps1'
[0.770s] INFO:colcon.colcon_core.shell:Creating package descriptor '/home/cayo-sousa/ws_ld90_sim/install/amr_msgs/share/amr_msgs/package.dsv'
[0.770s] INFO:colcon.colcon_core.shell:Creating package script '/home/cayo-sousa/ws_ld90_sim/install/amr_msgs/share/amr_msgs/package.sh'
[0.771s] INFO:colcon.colcon_core.shell:Creating package script '/home/cayo-sousa/ws_ld90_sim/install/amr_msgs/share/amr_msgs/package.bash'
[0.771s] INFO:colcon.colcon_core.shell:Creating package script '/home/cayo-sousa/ws_ld90_sim/install/amr_msgs/share/amr_msgs/package.zsh'
[0.771s] Level 1:colcon.colcon_core.environment:create_file_with_runtime_dependencies(/home/cayo-sousa/ws_ld90_sim/install/amr_msgs/share/colcon-core/packages/amr_msgs)
[0.771s] INFO:colcon.colcon_ros.task.ament_cmake.build:Building ROS package in '/home/cayo-sousa/ws_ld90_sim/src/omron_amr/amr_description' with build type 'ament_cmake'
[0.772s] INFO:colcon.colcon_cmake.task.cmake.build:Building CMake package in '/home/cayo-sousa/ws_ld90_sim/src/omron_amr/amr_description'
[0.772s] INFO:colcon.colcon_core.shell:Skip shell extension 'powershell' for command environment: Not usable outside of PowerShell
[0.772s] DEBUG:colcon.colcon_core.shell:Skip shell extension 'dsv' for command environment
[0.773s] INFO:colcon.colcon_ros.task.ament_cmake.build:Building ROS package in '/home/cayo-sousa/ws_ld90_sim/src/omron_amr/amr_core' with build type 'ament_cmake'
[0.773s] INFO:colcon.colcon_cmake.task.cmake.build:Building CMake package in '/home/cayo-sousa/ws_ld90_sim/src/omron_amr/amr_core'
[0.773s] INFO:colcon.colcon_core.shell:Skip shell extension 'powershell' for command environment: Not usable outside of PowerShell
[0.773s] DEBUG:colcon.colcon_core.shell:Skip shell extension 'dsv' for command environment
[0.780s] DEBUG:colcon.colcon_core.event_handler.log_command:Invoking command in '/home/cayo-sousa/ws_ld90_sim/build/amr_description': AMENT_PREFIX_PATH=/home/cayo-sousa/ws_ld90_sim/install/amr_msgs CMAKE_PREFIX_PATH=/home/cayo-sousa/ws_ld90_sim/install/amr_msgs DEBUGINFOD_URLS=https://debuginfod.ubuntu.com LD_LIBRARY_PATH=/home/cayo-sousa/ws_ld90_sim/install/amr_msgs/lib PYTHONPATH=/home/cayo-sousa/ws_ld90_sim/install/amr_msgs/lib/python3.12/site-packages /usr/bin/cmake --build /home/cayo-sousa/ws_ld90_sim/build/amr_description -- -j12 -l12
[0.785s] DEBUG:colcon.colcon_core.event_handler.log_command:Invoking command in '/home/cayo-sousa/ws_ld90_sim/build/amr_core': AMENT_PREFIX_PATH=/home/cayo-sousa/ws_ld90_sim/install/amr_msgs CMAKE_PREFIX_PATH=/home/cayo-sousa/ws_ld90_sim/install/libaria:/home/cayo-sousa/ws_ld90_sim/install/amr_msgs DEBUGINFOD_URLS=https://debuginfod.ubuntu.com LD_LIBRARY_PATH=/home/cayo-sousa/ws_ld90_sim/install/libaria/lib:/home/cayo-sousa/ws_ld90_sim/install/amr_msgs/lib PATH=/home/cayo-sousa/ws_ld90_sim/install/libaria/bin:${PATH} PKG_CONFIG_PATH=/home/cayo-sousa/ws_ld90_sim/install/libaria/lib/x86_64-linux-gnu/pkgconfig:/home/cayo-sousa/ws_ld90_sim/install/libaria/lib/pkgconfig PYTHONPATH=/home/cayo-sousa/ws_ld90_sim/install/amr_msgs/lib/python3.12/site-packages /usr/bin/cmake --build /home/cayo-sousa/ws_ld90_sim/build/amr_core -- -j12 -l12
[0.828s] DEBUG:colcon.colcon_core.event_handler.log_command:Invoked command in '/home/cayo-sousa/ws_ld90_sim/build/amr_description' returned '0': AMENT_PREFIX_PATH=/home/cayo-sousa/ws_ld90_sim/install/amr_msgs CMAKE_PREFIX_PATH=/home/cayo-sousa/ws_ld90_sim/install/amr_msgs DEBUGINFOD_URLS=https://debuginfod.ubuntu.com LD_LIBRARY_PATH=/home/cayo-sousa/ws_ld90_sim/install/amr_msgs/lib PYTHONPATH=/home/cayo-sousa/ws_ld90_sim/install/amr_msgs/lib/python3.12/site-packages /usr/bin/cmake --build /home/cayo-sousa/ws_ld90_sim/build/amr_description -- -j12 -l12
[0.829s] DEBUG:colcon.colcon_core.event_handler.log_command:Invoking command in '/home/cayo-sousa/ws_ld90_sim/build/amr_description': AMENT_PREFIX_PATH=/home/cayo-sousa/ws_ld90_sim/install/amr_msgs CMAKE_PREFIX_PATH=/home/cayo-sousa/ws_ld90_sim/install/amr_msgs DEBUGINFOD_URLS=https://debuginfod.ubuntu.com LD_LIBRARY_PATH=/home/cayo-sousa/ws_ld90_sim/install/amr_msgs/lib PYTHONPATH=/home/cayo-sousa/ws_ld90_sim/install/amr_msgs/lib/python3.12/site-packages /usr/bin/cmake --install /home/cayo-sousa/ws_ld90_sim/build/amr_description
[0.852s] Level 1:colcon.colcon_core.environment:create_environment_scripts_only(amr_description)
[0.853s] Level 1:colcon.colcon_core.environment:checking '/home/cayo-sousa/ws_ld90_sim/install/amr_description' for CMake module files
[0.853s] DEBUG:colcon.colcon_core.event_handler.log_command:Invoked command in '/home/cayo-sousa/ws_ld90_sim/build/amr_description' returned '0': AMENT_PREFIX_PATH=/home/cayo-sousa/ws_ld90_sim/install/amr_msgs CMAKE_PREFIX_PATH=/home/cayo-sousa/ws_ld90_sim/install/amr_msgs DEBUGINFOD_URLS=https://debuginfod.ubuntu.com LD_LIBRARY_PATH=/home/cayo-sousa/ws_ld90_sim/install/amr_msgs/lib PYTHONPATH=/home/cayo-sousa/ws_ld90_sim/install/amr_msgs/lib/python3.12/site-packages /usr/bin/cmake --install /home/cayo-sousa/ws_ld90_sim/build/amr_description
[0.854s] Level 1:colcon.colcon_core.environment:checking '/home/cayo-sousa/ws_ld90_sim/install/amr_description' for CMake config files
[0.854s] Level 1:colcon.colcon_core.shell:create_environment_hook('amr_description', 'cmake_prefix_path')
[0.855s] INFO:colcon.colcon_core.shell:Creating environment hook '/home/cayo-sousa/ws_ld90_sim/install/amr_description/share/amr_description/hook/cmake_prefix_path.ps1'
[0.855s] INFO:colcon.colcon_core.shell:Creating environment descriptor '/home/cayo-sousa/ws_ld90_sim/install/amr_description/share/amr_description/hook/cmake_prefix_path.dsv'
[0.856s] INFO:colcon.colcon_core.shell:Creating environment hook '/home/cayo-sousa/ws_ld90_sim/install/amr_description/share/amr_description/hook/cmake_prefix_path.sh'
[0.857s] Level 1:colcon.colcon_core.environment:checking '/home/cayo-sousa/ws_ld90_sim/install/amr_description/bin'
[0.857s] Level 1:colcon.colcon_core.environment:checking '/home/cayo-sousa/ws_ld90_sim/install/amr_description/lib/pkgconfig/amr_description.pc'
[0.857s] Level 1:colcon.colcon_core.environment:checking '/home/cayo-sousa/ws_ld90_sim/install/amr_description/lib/python3.12/site-packages'
[0.858s] Level 1:colcon.colcon_core.environment:checking '/home/cayo-sousa/ws_ld90_sim/install/amr_description/bin'
[0.858s] INFO:colcon.colcon_core.shell:Creating package script '/home/cayo-sousa/ws_ld90_sim/install/amr_description/share/amr_description/package.ps1'
[0.859s] INFO:colcon.colcon_core.shell:Creating package descriptor '/home/cayo-sousa/ws_ld90_sim/install/amr_description/share/amr_description/package.dsv'
[0.859s] INFO:colcon.colcon_core.shell:Creating package script '/home/cayo-sousa/ws_ld90_sim/install/amr_description/share/amr_description/package.sh'
[0.860s] INFO:colcon.colcon_core.shell:Creating package script '/home/cayo-sousa/ws_ld90_sim/install/amr_description/share/amr_description/package.bash'
[0.860s] INFO:colcon.colcon_core.shell:Creating package script '/home/cayo-sousa/ws_ld90_sim/install/amr_description/share/amr_description/package.zsh'
[0.861s] Level 1:colcon.colcon_core.environment:create_file_with_runtime_dependencies(/home/cayo-sousa/ws_ld90_sim/install/amr_description/share/colcon-core/packages/amr_description)
[0.862s] Level 1:colcon.colcon_core.environment:create_environment_scripts_only(amr_description)
[0.862s] Level 1:colcon.colcon_core.environment:checking '/home/cayo-sousa/ws_ld90_sim/install/amr_description' for CMake module files
[0.863s] Level 1:colcon.colcon_core.environment:checking '/home/cayo-sousa/ws_ld90_sim/install/amr_description' for CMake config files
[0.863s] Level 1:colcon.colcon_core.shell:create_environment_hook('amr_description', 'cmake_prefix_path')
[0.863s] INFO:colcon.colcon_core.shell:Creating environment hook '/home/cayo-sousa/ws_ld90_sim/install/amr_description/share/amr_description/hook/cmake_prefix_path.ps1'
[0.864s] INFO:colcon.colcon_core.shell:Creating environment descriptor '/home/cayo-sousa/ws_ld90_sim/install/amr_description/share/amr_description/hook/cmake_prefix_path.dsv'
[0.864s] INFO:colcon.colcon_core.shell:Creating environment hook '/home/cayo-sousa/ws_ld90_sim/install/amr_description/share/amr_description/hook/cmake_prefix_path.sh'
[0.865s] Level 1:colcon.colcon_core.environment:checking '/home/cayo-sousa/ws_ld90_sim/install/amr_description/bin'
[0.865s] Level 1:colcon.colcon_core.environment:checking '/home/cayo-sousa/ws_ld90_sim/install/amr_description/lib/pkgconfig/amr_description.pc'
[0.866s] Level 1:colcon.colcon_core.environment:checking '/home/cayo-sousa/ws_ld90_sim/install/amr_description/lib/python3.12/site-packages'
[0.866s] Level 1:colcon.colcon_core.environment:checking '/home/cayo-sousa/ws_ld90_sim/install/amr_description/bin'
[0.867s] INFO:colcon.colcon_core.shell:Creating package script '/home/cayo-sousa/ws_ld90_sim/install/amr_description/share/amr_description/package.ps1'
[0.868s] INFO:colcon.colcon_core.shell:Creating package descriptor '/home/cayo-sousa/ws_ld90_sim/install/amr_description/share/amr_description/package.dsv'
[0.869s] INFO:colcon.colcon_core.shell:Creating package script '/home/cayo-sousa/ws_ld90_sim/install/amr_description/share/amr_description/package.sh'
[0.870s] INFO:colcon.colcon_core.shell:Creating package script '/home/cayo-sousa/ws_ld90_sim/install/amr_description/share/amr_description/package.bash'
[0.870s] INFO:colcon.colcon_core.shell:Creating package script '/home/cayo-sousa/ws_ld90_sim/install/amr_description/share/amr_description/package.zsh'
[0.871s] Level 1:colcon.colcon_core.environment:create_file_with_runtime_dependencies(/home/cayo-sousa/ws_ld90_sim/install/amr_description/share/colcon-core/packages/amr_description)
[0.871s] INFO:colcon.colcon_ros.task.ament_python.build:Building ROS package in '/home/cayo-sousa/ws_ld90_sim/src/ld90_gz' with build type 'ament_python'
[0.872s] Level 1:colcon.colcon_core.shell:create_environment_hook('ld90_gz', 'ament_prefix_path')
[0.872s] INFO:colcon.colcon_core.shell:Creating environment hook '/home/cayo-sousa/ws_ld90_sim/install/ld90_gz/share/ld90_gz/hook/ament_prefix_path.ps1'
[0.873s] INFO:colcon.colcon_core.shell:Creating environment descriptor '/home/cayo-sousa/ws_ld90_sim/install/ld90_gz/share/ld90_gz/hook/ament_prefix_path.dsv'
[0.873s] INFO:colcon.colcon_core.shell:Creating environment hook '/home/cayo-sousa/ws_ld90_sim/install/ld90_gz/share/ld90_gz/hook/ament_prefix_path.sh'
[0.874s] INFO:colcon.colcon_core.shell:Skip shell extension 'powershell' for command environment: Not usable outside of PowerShell
[0.874s] DEBUG:colcon.colcon_core.shell:Skip shell extension 'dsv' for command environment
[0.878s] DEBUG:colcon.colcon_core.event_handler.log_command:Invoked command in '/home/cayo-sousa/ws_ld90_sim/build/amr_core' returned '0': AMENT_PREFIX_PATH=/home/cayo-sousa/ws_ld90_sim/install/amr_msgs CMAKE_PREFIX_PATH=/home/cayo-sousa/ws_ld90_sim/install/libaria:/home/cayo-sousa/ws_ld90_sim/install/amr_msgs DEBUGINFOD_URLS=https://debuginfod.ubuntu.com LD_LIBRARY_PATH=/home/cayo-sousa/ws_ld90_sim/install/libaria/lib:/home/cayo-sousa/ws_ld90_sim/install/amr_msgs/lib PATH=/home/cayo-sousa/ws_ld90_sim/install/libaria/bin:${PATH} PKG_CONFIG_PATH=/home/cayo-sousa/ws_ld90_sim/install/libaria/lib/x86_64-linux-gnu/pkgconfig:/home/cayo-sousa/ws_ld90_sim/install/libaria/lib/pkgconfig PYTHONPATH=/home/cayo-sousa/ws_ld90_sim/install/amr_msgs/lib/python3.12/site-packages /usr/bin/cmake --build /home/cayo-sousa/ws_ld90_sim/build/amr_core -- -j12 -l12
[0.880s] DEBUG:colcon.colcon_core.event_handler.log_command:Invoking command in '/home/cayo-sousa/ws_ld90_sim/build/amr_core': AMENT_PREFIX_PATH=/home/cayo-sousa/ws_ld90_sim/install/amr_msgs CMAKE_PREFIX_PATH=/home/cayo-sousa/ws_ld90_sim/install/libaria:/home/cayo-sousa/ws_ld90_sim/install/amr_msgs DEBUGINFOD_URLS=https://debuginfod.ubuntu.com LD_LIBRARY_PATH=/home/cayo-sousa/ws_ld90_sim/install/libaria/lib:/home/cayo-sousa/ws_ld90_sim/install/amr_msgs/lib PATH=/home/cayo-sousa/ws_ld90_sim/install/libaria/bin:${PATH} PKG_CONFIG_PATH=/home/cayo-sousa/ws_ld90_sim/install/libaria/lib/x86_64-linux-gnu/pkgconfig:/home/cayo-sousa/ws_ld90_sim/install/libaria/lib/pkgconfig PYTHONPATH=/home/cayo-sousa/ws_ld90_sim/install/amr_msgs/lib/python3.12/site-packages /usr/bin/cmake --install /home/cayo-sousa/ws_ld90_sim/build/amr_core
[1.053s] INFO:colcon.colcon_core.task.python.build:Building Python package in '/home/cayo-sousa/ws_ld90_sim/src/ld90_gz'
[1.053s] INFO:colcon.colcon_core.shell:Skip shell extension 'powershell' for command environment: Not usable outside of PowerShell
[1.053s] DEBUG:colcon.colcon_core.shell:Skip shell extension 'dsv' for command environment
[1.055s] Level 1:colcon.colcon_core.environment:create_environment_scripts_only(amr_core)
[1.055s] Level 1:colcon.colcon_core.environment:checking '/home/cayo-sousa/ws_ld90_sim/install/amr_core' for CMake module files
[1.056s] DEBUG:colcon.colcon_core.event_handler.log_command:Invoked command in '/home/cayo-sousa/ws_ld90_sim/build/amr_core' returned '0': AMENT_PREFIX_PATH=/home/cayo-sousa/ws_ld90_sim/install/amr_msgs CMAKE_PREFIX_PATH=/home/cayo-sousa/ws_ld90_sim/install/libaria:/home/cayo-sousa/ws_ld90_sim/install/amr_msgs DEBUGINFOD_URLS=https://debuginfod.ubuntu.com LD_LIBRARY_PATH=/home/cayo-sousa/ws_ld90_sim/install/libaria/lib:/home/cayo-sousa/ws_ld90_sim/install/amr_msgs/lib PATH=/home/cayo-sousa/ws_ld90_sim/install/libaria/bin:${PATH} PKG_CONFIG_PATH=/home/cayo-sousa/ws_ld90_sim/install/libaria/lib/x86_64-linux-gnu/pkgconfig:/home/cayo-sousa/ws_ld90_sim/install/libaria/lib/pkgconfig PYTHONPATH=/home/cayo-sousa/ws_ld90_sim/install/amr_msgs/lib/python3.12/site-packages /usr/bin/cmake --install /home/cayo-sousa/ws_ld90_sim/build/amr_core
[1.056s] Level 1:colcon.colcon_core.environment:checking '/home/cayo-sousa/ws_ld90_sim/install/amr_core' for CMake config files
[1.056s] Level 1:colcon.colcon_core.shell:create_environment_hook('amr_core', 'cmake_prefix_path')
[1.056s] INFO:colcon.colcon_core.shell:Creating environment hook '/home/cayo-sousa/ws_ld90_sim/install/amr_core/share/amr_core/hook/cmake_prefix_path.ps1'
[1.057s] INFO:colcon.colcon_core.shell:Creating environment descriptor '/home/cayo-sousa/ws_ld90_sim/install/amr_core/share/amr_core/hook/cmake_prefix_path.dsv'
[1.057s] INFO:colcon.colcon_core.shell:Creating environment hook '/home/cayo-sousa/ws_ld90_sim/install/amr_core/share/amr_core/hook/cmake_prefix_path.sh'
[1.057s] Level 1:colcon.colcon_core.environment:checking '/home/cayo-sousa/ws_ld90_sim/install/amr_core/lib'
[1.058s] Level 1:colcon.colcon_core.environment:checking '/home/cayo-sousa/ws_ld90_sim/install/amr_core/bin'
[1.058s] Level 1:colcon.colcon_core.environment:checking '/home/cayo-sousa/ws_ld90_sim/install/amr_core/lib/pkgconfig/amr_core.pc'
[1.058s] Level 1:colcon.colcon_core.environment:checking '/home/cayo-sousa/ws_ld90_sim/install/amr_core/lib/python3.12/site-packages'
[1.058s] Level 1:colcon.colcon_core.environment:checking '/home/cayo-sousa/ws_ld90_sim/install/amr_core/bin'
[1.058s] INFO:colcon.colcon_core.shell:Creating package script '/home/cayo-sousa/ws_ld90_sim/install/amr_core/share/amr_core/package.ps1'
[1.059s] INFO:colcon.colcon_core.shell:Creating package descriptor '/home/cayo-sousa/ws_ld90_sim/install/amr_core/share/amr_core/package.dsv'
[1.059s] INFO:colcon.colcon_core.shell:Creating package script '/home/cayo-sousa/ws_ld90_sim/install/amr_core/share/amr_core/package.sh'
[1.059s] INFO:colcon.colcon_core.shell:Creating package script '/home/cayo-sousa/ws_ld90_sim/install/amr_core/share/amr_core/package.bash'
[1.060s] INFO:colcon.colcon_core.shell:Creating package script '/home/cayo-sousa/ws_ld90_sim/install/amr_core/share/amr_core/package.zsh'
[1.060s] Level 1:colcon.colcon_core.environment:create_file_with_runtime_dependencies(/home/cayo-sousa/ws_ld90_sim/install/amr_core/share/colcon-core/packages/amr_core)
[1.060s] Level 1:colcon.colcon_core.environment:create_environment_scripts_only(amr_core)
[1.060s] Level 1:colcon.colcon_core.environment:checking '/home/cayo-sousa/ws_ld90_sim/install/amr_core' for CMake module files
[1.061s] Level 1:colcon.colcon_core.environment:checking '/home/cayo-sousa/ws_ld90_sim/install/amr_core' for CMake config files
[1.061s] Level 1:colcon.colcon_core.shell:create_environment_hook('amr_core', 'cmake_prefix_path')
[1.061s] INFO:colcon.colcon_core.shell:Creating environment hook '/home/cayo-sousa/ws_ld90_sim/install/amr_core/share/amr_core/hook/cmake_prefix_path.ps1'
[1.061s] INFO:colcon.colcon_core.shell:Creating environment descriptor '/home/cayo-sousa/ws_ld90_sim/install/amr_core/share/amr_core/hook/cmake_prefix_path.dsv'
[1.061s] INFO:colcon.colcon_core.shell:Creating environment hook '/home/cayo-sousa/ws_ld90_sim/install/amr_core/share/amr_core/hook/cmake_prefix_path.sh'
[1.062s] Level 1:colcon.colcon_core.environment:checking '/home/cayo-sousa/ws_ld90_sim/install/amr_core/lib'
[1.062s] Level 1:colcon.colcon_core.environment:checking '/home/cayo-sousa/ws_ld90_sim/install/amr_core/bin'
[1.062s] Level 1:colcon.colcon_core.environment:checking '/home/cayo-sousa/ws_ld90_sim/install/amr_core/lib/pkgconfig/amr_core.pc'
[1.062s] Level 1:colcon.colcon_core.environment:checking '/home/cayo-sousa/ws_ld90_sim/install/amr_core/lib/python3.12/site-packages'
[1.063s] Level 1:colcon.colcon_core.environment:checking '/home/cayo-sousa/ws_ld90_sim/install/amr_core/bin'
[1.063s] INFO:colcon.colcon_core.shell:Creating package script '/home/cayo-sousa/ws_ld90_sim/install/amr_core/share/amr_core/package.ps1'
[1.064s] INFO:colcon.colcon_core.shell:Creating package descriptor '/home/cayo-sousa/ws_ld90_sim/install/amr_core/share/amr_core/package.dsv'
[1.064s] INFO:colcon.colcon_core.shell:Creating package script '/home/cayo-sousa/ws_ld90_sim/install/amr_core/share/amr_core/package.sh'
[1.064s] INFO:colcon.colcon_core.shell:Creating package script '/home/cayo-sousa/ws_ld90_sim/install/amr_core/share/amr_core/package.bash'
[1.065s] INFO:colcon.colcon_core.shell:Creating package script '/home/cayo-sousa/ws_ld90_sim/install/amr_core/share/amr_core/package.zsh'
[1.065s] Level 1:colcon.colcon_core.environment:create_file_with_runtime_dependencies(/home/cayo-sousa/ws_ld90_sim/install/amr_core/share/colcon-core/packages/amr_core)
[1.066s] INFO:colcon.colcon_ros.task.ament_cmake.build:Building ROS package in '/home/cayo-sousa/ws_ld90_sim/src/omron_amr/amr_ros' with build type 'ament_cmake'
[1.066s] INFO:colcon.colcon_cmake.task.cmake.build:Building CMake package in '/home/cayo-sousa/ws_ld90_sim/src/omron_amr/amr_ros'
[1.066s] INFO:colcon.colcon_core.shell:Skip shell extension 'powershell' for command environment: Not usable outside of PowerShell
[1.066s] DEBUG:colcon.colcon_core.shell:Skip shell extension 'dsv' for command environment
[1.078s] DEBUG:colcon.colcon_core.event_handler.log_command:Invoking command in '/home/cayo-sousa/ws_ld90_sim/build/amr_ros': AMENT_PREFIX_PATH=/home/cayo-sousa/ws_ld90_sim/install/amr_description:/home/cayo-sousa/ws_ld90_sim/install/amr_core:/home/cayo-sousa/ws_ld90_sim/install/amr_nav2:/home/cayo-sousa/ws_ld90_sim/install/amr_msgs CMAKE_PREFIX_PATH=/home/cayo-sousa/ws_ld90_sim/install/amr_description:/home/cayo-sousa/ws_ld90_sim/install/amr_core:/home/cayo-sousa/ws_ld90_sim/install/libaria:/home/cayo-sousa/ws_ld90_sim/install/amr_nav2:/home/cayo-sousa/ws_ld90_sim/install/amr_msgs DEBUGINFOD_URLS=https://debuginfod.ubuntu.com LD_LIBRARY_PATH=/home/cayo-sousa/ws_ld90_sim/install/libaria/lib:/home/cayo-sousa/ws_ld90_sim/install/amr_msgs/lib PATH=/home/cayo-sousa/ws_ld90_sim/install/libaria/bin:${PATH} PKG_CONFIG_PATH=/home/cayo-sousa/ws_ld90_sim/install/libaria/lib/x86_64-linux-gnu/pkgconfig:/home/cayo-sousa/ws_ld90_sim/install/libaria/lib/pkgconfig PYTHONPATH=/home/cayo-sousa/ws_ld90_sim/install/amr_msgs/lib/python3.12/site-packages /usr/bin/cmake --build /home/cayo-sousa/ws_ld90_sim/build/amr_ros -- -j12 -l12
[1.119s] DEBUG:colcon.colcon_core.event_handler.log_command:Invoked command in '/home/cayo-sousa/ws_ld90_sim/build/amr_ros' returned '0': AMENT_PREFIX_PATH=/home/cayo-sousa/ws_ld90_sim/install/amr_description:/home/cayo-sousa/ws_ld90_sim/install/amr_core:/home/cayo-sousa/ws_ld90_sim/install/amr_nav2:/home/cayo-sousa/ws_ld90_sim/install/amr_msgs CMAKE_PREFIX_PATH=/home/cayo-sousa/ws_ld90_sim/install/amr_description:/home/cayo-sousa/ws_ld90_sim/install/amr_core:/home/cayo-sousa/ws_ld90_sim/install/libaria:/home/cayo-sousa/ws_ld90_sim/install/amr_nav2:/home/cayo-sousa/ws_ld90_sim/install/amr_msgs DEBUGINFOD_URLS=https://debuginfod.ubuntu.com LD_LIBRARY_PATH=/home/cayo-sousa/ws_ld90_sim/install/libaria/lib:/home/cayo-sousa/ws_ld90_sim/install/amr_msgs/lib PATH=/home/cayo-sousa/ws_ld90_sim/install/libaria/bin:${PATH} PKG_CONFIG_PATH=/home/cayo-sousa/ws_ld90_sim/install/libaria/lib/x86_64-linux-gnu/pkgconfig:/home/cayo-sousa/ws_ld90_sim/install/libaria/lib/pkgconfig PYTHONPATH=/home/cayo-sousa/ws_ld90_sim/install/amr_msgs/lib/python3.12/site-packages /usr/bin/cmake --build /home/cayo-sousa/ws_ld90_sim/build/amr_ros -- -j12 -l12
[1.120s] DEBUG:colcon.colcon_core.event_handler.log_command:Invoking command in '/home/cayo-sousa/ws_ld90_sim/build/amr_ros': AMENT_PREFIX_PATH=/home/cayo-sousa/ws_ld90_sim/install/amr_description:/home/cayo-sousa/ws_ld90_sim/install/amr_core:/home/cayo-sousa/ws_ld90_sim/install/amr_nav2:/home/cayo-sousa/ws_ld90_sim/install/amr_msgs CMAKE_PREFIX_PATH=/home/cayo-sousa/ws_ld90_sim/install/amr_description:/home/cayo-sousa/ws_ld90_sim/install/amr_core:/home/cayo-sousa/ws_ld90_sim/install/libaria:/home/cayo-sousa/ws_ld90_sim/install/amr_nav2:/home/cayo-sousa/ws_ld90_sim/install/amr_msgs DEBUGINFOD_URLS=https://debuginfod.ubuntu.com LD_LIBRARY_PATH=/home/cayo-sousa/ws_ld90_sim/install/libaria/lib:/home/cayo-sousa/ws_ld90_sim/install/amr_msgs/lib PATH=/home/cayo-sousa/ws_ld90_sim/install/libaria/bin:${PATH} PKG_CONFIG_PATH=/home/cayo-sousa/ws_ld90_sim/install/libaria/lib/x86_64-linux-gnu/pkgconfig:/home/cayo-sousa/ws_ld90_sim/install/libaria/lib/pkgconfig PYTHONPATH=/home/cayo-sousa/ws_ld90_sim/install/amr_msgs/lib/python3.12/site-packages /usr/bin/cmake --install /home/cayo-sousa/ws_ld90_sim/build/amr_ros
[1.150s] Level 1:colcon.colcon_core.environment:create_environment_scripts_only(amr_ros)
[1.150s] Level 1:colcon.colcon_core.environment:checking '/home/cayo-sousa/ws_ld90_sim/install/amr_ros' for CMake module files
[1.151s] DEBUG:colcon.colcon_core.event_handler.log_command:Invoked command in '/home/cayo-sousa/ws_ld90_sim/build/amr_ros' returned '0': AMENT_PREFIX_PATH=/home/cayo-sousa/ws_ld90_sim/install/amr_description:/home/cayo-sousa/ws_ld90_sim/install/amr_core:/home/cayo-sousa/ws_ld90_sim/install/amr_nav2:/home/cayo-sousa/ws_ld90_sim/install/amr_msgs CMAKE_PREFIX_PATH=/home/cayo-sousa/ws_ld90_sim/install/amr_description:/home/cayo-sousa/ws_ld90_sim/install/amr_core:/home/cayo-sousa/ws_ld90_sim/install/libaria:/home/cayo-sousa/ws_ld90_sim/install/amr_nav2:/home/cayo-sousa/ws_ld90_sim/install/amr_msgs DEBUGINFOD_URLS=https://debuginfod.ubuntu.com LD_LIBRARY_PATH=/home/cayo-sousa/ws_ld90_sim/install/libaria/lib:/home/cayo-sousa/ws_ld90_sim/install/amr_msgs/lib PATH=/home/cayo-sousa/ws_ld90_sim/install/libaria/bin:${PATH} PKG_CONFIG_PATH=/home/cayo-sousa/ws_ld90_sim/install/libaria/lib/x86_64-linux-gnu/pkgconfig:/home/cayo-sousa/ws_ld90_sim/install/libaria/lib/pkgconfig PYTHONPATH=/home/cayo-sousa/ws_ld90_sim/install/amr_msgs/lib/python3.12/site-packages /usr/bin/cmake --install /home/cayo-sousa/ws_ld90_sim/build/amr_ros
[1.152s] Level 1:colcon.colcon_core.environment:checking '/home/cayo-sousa/ws_ld90_sim/install/amr_ros' for CMake config files
[1.152s] Level 1:colcon.colcon_core.shell:create_environment_hook('amr_ros', 'cmake_prefix_path')
[1.153s] INFO:colcon.colcon_core.shell:Creating environment hook '/home/cayo-sousa/ws_ld90_sim/install/amr_ros/share/amr_ros/hook/cmake_prefix_path.ps1'
[1.153s] INFO:colcon.colcon_core.shell:Creating environment descriptor '/home/cayo-sousa/ws_ld90_sim/install/amr_ros/share/amr_ros/hook/cmake_prefix_path.dsv'
[1.154s] INFO:colcon.colcon_core.shell:Creating environment hook '/home/cayo-sousa/ws_ld90_sim/install/amr_ros/share/amr_ros/hook/cmake_prefix_path.sh'
[1.154s] Level 1:colcon.colcon_core.environment:checking '/home/cayo-sousa/ws_ld90_sim/install/amr_ros/bin'
[1.154s] Level 1:colcon.colcon_core.environment:checking '/home/cayo-sousa/ws_ld90_sim/install/amr_ros/lib/pkgconfig/amr_ros.pc'
[1.154s] Level 1:colcon.colcon_core.environment:checking '/home/cayo-sousa/ws_ld90_sim/install/amr_ros/lib/python3.12/site-packages'
[1.155s] Level 1:colcon.colcon_core.environment:checking '/home/cayo-sousa/ws_ld90_sim/install/amr_ros/bin'
[1.155s] INFO:colcon.colcon_core.shell:Creating package script '/home/cayo-sousa/ws_ld90_sim/install/amr_ros/share/amr_ros/package.ps1'
[1.155s] INFO:colcon.colcon_core.shell:Creating package descriptor '/home/cayo-sousa/ws_ld90_sim/install/amr_ros/share/amr_ros/package.dsv'
[1.156s] INFO:colcon.colcon_core.shell:Creating package script '/home/cayo-sousa/ws_ld90_sim/install/amr_ros/share/amr_ros/package.sh'
[1.156s] INFO:colcon.colcon_core.shell:Creating package script '/home/cayo-sousa/ws_ld90_sim/install/amr_ros/share/amr_ros/package.bash'
[1.156s] INFO:colcon.colcon_core.shell:Creating package script '/home/cayo-sousa/ws_ld90_sim/install/amr_ros/share/amr_ros/package.zsh'
[1.156s] Level 1:colcon.colcon_core.environment:create_file_with_runtime_dependencies(/home/cayo-sousa/ws_ld90_sim/install/amr_ros/share/colcon-core/packages/amr_ros)
[1.157s] Level 1:colcon.colcon_core.environment:create_environment_scripts_only(amr_ros)
[1.157s] Level 1:colcon.colcon_core.environment:checking '/home/cayo-sousa/ws_ld90_sim/install/amr_ros' for CMake module files
[1.157s] Level 1:colcon.colcon_core.environment:checking '/home/cayo-sousa/ws_ld90_sim/install/amr_ros' for CMake config files
[1.158s] Level 1:colcon.colcon_core.shell:create_environment_hook('amr_ros', 'cmake_prefix_path')
[1.158s] INFO:colcon.colcon_core.shell:Creating environment hook '/home/cayo-sousa/ws_ld90_sim/install/amr_ros/share/amr_ros/hook/cmake_prefix_path.ps1'
[1.158s] INFO:colcon.colcon_core.shell:Creating environment descriptor '/home/cayo-sousa/ws_ld90_sim/install/amr_ros/share/amr_ros/hook/cmake_prefix_path.dsv'
[1.158s] INFO:colcon.colcon_core.shell:Creating environment hook '/home/cayo-sousa/ws_ld90_sim/install/amr_ros/share/amr_ros/hook/cmake_prefix_path.sh'
[1.159s] Level 1:colcon.colcon_core.environment:checking '/home/cayo-sousa/ws_ld90_sim/install/amr_ros/bin'
[1.159s] Level 1:colcon.colcon_core.environment:checking '/home/cayo-sousa/ws_ld90_sim/install/amr_ros/lib/pkgconfig/amr_ros.pc'
[1.159s] Level 1:colcon.colcon_core.environment:checking '/home/cayo-sousa/ws_ld90_sim/install/amr_ros/lib/python3.12/site-packages'
[1.159s] Level 1:colcon.colcon_core.environment:checking '/home/cayo-sousa/ws_ld90_sim/install/amr_ros/bin'
[1.159s] INFO:colcon.colcon_core.shell:Creating package script '/home/cayo-sousa/ws_ld90_sim/install/amr_ros/share/amr_ros/package.ps1'
[1.160s] INFO:colcon.colcon_core.shell:Creating package descriptor '/home/cayo-sousa/ws_ld90_sim/install/amr_ros/share/amr_ros/package.dsv'
[1.160s] INFO:colcon.colcon_core.shell:Creating package script '/home/cayo-sousa/ws_ld90_sim/install/amr_ros/share/amr_ros/package.sh'
[1.161s] INFO:colcon.colcon_core.shell:Creating package script '/home/cayo-sousa/ws_ld90_sim/install/amr_ros/share/amr_ros/package.bash'
[1.161s] INFO:colcon.colcon_core.shell:Creating package script '/home/cayo-sousa/ws_ld90_sim/install/amr_ros/share/amr_ros/package.zsh'
[1.161s] Level 1:colcon.colcon_core.environment:create_file_with_runtime_dependencies(/home/cayo-sousa/ws_ld90_sim/install/amr_ros/share/colcon-core/packages/amr_ros)
[1.556s] DEBUG:colcon.colcon_core.event_handler.log_command:Invoking command in '/home/cayo-sousa/ws_ld90_sim/build/ld90_gz': AMENT_PREFIX_PATH=/home/cayo-sousa/ws_ld90_sim/install/amr_description:/home/cayo-sousa/ws_ld90_sim/install/amr_msgs CMAKE_PREFIX_PATH=/home/cayo-sousa/ws_ld90_sim/install/amr_description:/home/cayo-sousa/ws_ld90_sim/install/amr_msgs DEBUGINFOD_URLS=https://debuginfod.ubuntu.com LD_LIBRARY_PATH=/home/cayo-sousa/ws_ld90_sim/install/amr_msgs/lib PYTHONPATH=/home/cayo-sousa/ws_ld90_sim/build/ld90_gz/prefix_override:/usr/lib/python3/dist-packages/colcon_core/task/python/colcon_distutils_commands:/home/cayo-sousa/ws_ld90_sim/install/ld90_gz/lib/python3.12/site-packages:/home/cayo-sousa/ws_ld90_sim/install/amr_msgs/lib/python3.12/site-packages /usr/bin/python3 -W ignore:setup.py install is deprecated -W ignore:easy_install command is deprecated setup.py develop --editable --build-directory /home/cayo-sousa/ws_ld90_sim/build/ld90_gz/build --no-deps symlink_data
[1.954s] Level 1:colcon.colcon_core.shell:create_environment_hook('ld90_gz', 'pythonpath_develop')
[1.955s] INFO:colcon.colcon_core.shell:Creating environment hook '/home/cayo-sousa/ws_ld90_sim/build/ld90_gz/share/ld90_gz/hook/pythonpath_develop.ps1'
[1.955s] DEBUG:colcon.colcon_core.event_handler.log_command:Invoked command in '/home/cayo-sousa/ws_ld90_sim/build/ld90_gz' returned '0': AMENT_PREFIX_PATH=/home/cayo-sousa/ws_ld90_sim/install/amr_description:/home/cayo-sousa/ws_ld90_sim/install/amr_msgs CMAKE_PREFIX_PATH=/home/cayo-sousa/ws_ld90_sim/install/amr_description:/home/cayo-sousa/ws_ld90_sim/install/amr_msgs DEBUGINFOD_URLS=https://debuginfod.ubuntu.com LD_LIBRARY_PATH=/home/cayo-sousa/ws_ld90_sim/install/amr_msgs/lib PYTHONPATH=/home/cayo-sousa/ws_ld90_sim/build/ld90_gz/prefix_override:/usr/lib/python3/dist-packages/colcon_core/task/python/colcon_distutils_commands:/home/cayo-sousa/ws_ld90_sim/install/ld90_gz/lib/python3.12/site-packages:/home/cayo-sousa/ws_ld90_sim/install/amr_msgs/lib/python3.12/site-packages /usr/bin/python3 -W ignore:setup.py install is deprecated -W ignore:easy_install command is deprecated setup.py develop --editable --build-directory /home/cayo-sousa/ws_ld90_sim/build/ld90_gz/build --no-deps symlink_data
[1.956s] INFO:colcon.colcon_core.shell:Creating environment descriptor '/home/cayo-sousa/ws_ld90_sim/build/ld90_gz/share/ld90_gz/hook/pythonpath_develop.dsv'
[1.956s] INFO:colcon.colcon_core.shell:Creating environment hook '/home/cayo-sousa/ws_ld90_sim/build/ld90_gz/share/ld90_gz/hook/pythonpath_develop.sh'
[1.957s] Level 1:colcon.colcon_core.environment:checking '/home/cayo-sousa/ws_ld90_sim/install/ld90_gz' for CMake module files
[1.957s] Level 1:colcon.colcon_core.environment:checking '/home/cayo-sousa/ws_ld90_sim/install/ld90_gz' for CMake config files
[1.958s] Level 1:colcon.colcon_core.environment:checking '/home/cayo-sousa/ws_ld90_sim/install/ld90_gz/lib'
[1.958s] Level 1:colcon.colcon_core.environment:checking '/home/cayo-sousa/ws_ld90_sim/install/ld90_gz/bin'
[1.958s] Level 1:colcon.colcon_core.environment:checking '/home/cayo-sousa/ws_ld90_sim/install/ld90_gz/lib/pkgconfig/ld90_gz.pc'
[1.958s] Level 1:colcon.colcon_core.environment:checking '/home/cayo-sousa/ws_ld90_sim/install/ld90_gz/lib/python3.12/site-packages'
[1.959s] Level 1:colcon.colcon_core.shell:create_environment_hook('ld90_gz', 'pythonpath')
[1.959s] INFO:colcon.colcon_core.shell:Creating environment hook '/home/cayo-sousa/ws_ld90_sim/install/ld90_gz/share/ld90_gz/hook/pythonpath.ps1'
[1.959s] INFO:colcon.colcon_core.shell:Creating environment descriptor '/home/cayo-sousa/ws_ld90_sim/install/ld90_gz/share/ld90_gz/hook/pythonpath.dsv'
[1.960s] INFO:colcon.colcon_core.shell:Creating environment hook '/home/cayo-sousa/ws_ld90_sim/install/ld90_gz/share/ld90_gz/hook/pythonpath.sh'
[1.960s] Level 1:colcon.colcon_core.environment:checking '/home/cayo-sousa/ws_ld90_sim/install/ld90_gz/bin'
[1.960s] Level 1:colcon.colcon_core.environment:create_environment_scripts_only(ld90_gz)
[1.961s] INFO:colcon.colcon_core.shell:Creating package script '/home/cayo-sousa/ws_ld90_sim/install/ld90_gz/share/ld90_gz/package.ps1'
[1.961s] INFO:colcon.colcon_core.shell:Creating package descriptor '/home/cayo-sousa/ws_ld90_sim/install/ld90_gz/share/ld90_gz/package.dsv'
[1.962s] INFO:colcon.colcon_core.shell:Creating package script '/home/cayo-sousa/ws_ld90_sim/install/ld90_gz/share/ld90_gz/package.sh'
[1.962s] INFO:colcon.colcon_core.shell:Creating package script '/home/cayo-sousa/ws_ld90_sim/install/ld90_gz/share/ld90_gz/package.bash'
[1.963s] INFO:colcon.colcon_core.shell:Creating package script '/home/cayo-sousa/ws_ld90_sim/install/ld90_gz/share/ld90_gz/package.zsh'
[1.963s] Level 1:colcon.colcon_core.environment:create_file_with_runtime_dependencies(/home/cayo-sousa/ws_ld90_sim/install/ld90_gz/share/colcon-core/packages/ld90_gz)
[1.963s] DEBUG:colcon.colcon_parallel_executor.executor.parallel:closing loop
[1.963s] DEBUG:colcon.colcon_parallel_executor.executor.parallel:loop closed
[1.964s] DEBUG:colcon.colcon_parallel_executor.executor.parallel:run_until_complete finished with '0'
[1.964s] DEBUG:colcon.colcon_core.event_reactor:joining thread
[1.969s] INFO:colcon.colcon_core.plugin_system:Skipping extension 'colcon_notification.desktop_notification.terminal_notifier': Not used on non-Darwin systems
[1.970s] INFO:colcon.colcon_core.plugin_system:Skipping extension 'colcon_notification.desktop_notification.win32': Not used on non-Windows systems
[1.970s] INFO:colcon.colcon_notification.desktop_notification:Sending desktop notification using 'notify2'
[1.980s] DEBUG:colcon.colcon_core.event_reactor:joined thread
[1.980s] INFO:colcon.colcon_core.shell:Creating prefix script '/home/cayo-sousa/ws_ld90_sim/install/local_setup.ps1'
[1.981s] INFO:colcon.colcon_core.shell:Creating prefix util module '/home/cayo-sousa/ws_ld90_sim/install/_local_setup_util_ps1.py'
[1.983s] INFO:colcon.colcon_core.shell:Creating prefix chain script '/home/cayo-sousa/ws_ld90_sim/install/setup.ps1'
[1.984s] INFO:colcon.colcon_core.shell:Creating prefix script '/home/cayo-sousa/ws_ld90_sim/install/local_setup.sh'
[1.984s] INFO:colcon.colcon_core.shell:Creating prefix util module '/home/cayo-sousa/ws_ld90_sim/install/_local_setup_util_sh.py'
[1.985s] INFO:colcon.colcon_core.shell:Creating prefix chain script '/home/cayo-sousa/ws_ld90_sim/install/setup.sh'
[1.986s] INFO:colcon.colcon_core.shell:Creating prefix script '/home/cayo-sousa/ws_ld90_sim/install/local_setup.bash'
[1.986s] INFO:colcon.colcon_core.shell:Creating prefix chain script '/home/cayo-sousa/ws_ld90_sim/install/setup.bash'
[1.987s] INFO:colcon.colcon_core.shell:Creating prefix script '/home/cayo-sousa/ws_ld90_sim/install/local_setup.zsh'
[1.988s] INFO:colcon.colcon_core.shell:Creating prefix chain script '/home/cayo-sousa/ws_ld90_sim/install/setup.zsh'
