[0.009s] Invoking command in '/home/cayo-sousa/ws_ld90_sim/build/amr_core': AMENT_PREFIX_PATH=/home/cayo-sousa/ws_ld90_sim/install/amr_msgs:${AMENT_PREFIX_PATH} CMAKE_PREFIX_PATH=/home/cayo-sousa/ws_ld90_sim/install/libaria:/home/cayo-sousa/ws_ld90_sim/install/amr_msgs:/opt/ros/jazzy/opt/gz_sim_vendor:/opt/ros/jazzy/opt/gz_sensors_vendor:/opt/ros/jazzy/opt/gz_physics_vendor:/opt/ros/jazzy/opt/sdformat_vendor:/opt/ros/jazzy/opt/gz_gui_vendor:/opt/ros/jazzy/opt/gz_transport_vendor:/opt/ros/jazzy/opt/gz_rendering_vendor:/opt/ros/jazzy/opt/gz_plugin_vendor:/opt/ros/jazzy/opt/gz_fuel_tools_vendor:/opt/ros/jazzy/opt/gz_msgs_vendor:/opt/ros/jazzy/opt/gz_common_vendor:/opt/ros/jazzy/opt/gz_math_vendor:/opt/ros/jazzy/opt/gz_utils_vendor:/opt/ros/jazzy/opt/gz_tools_vendor:/opt/ros/jazzy/opt/gz_ogre_next_vendor:/opt/ros/jazzy/opt/gz_dartsim_vendor:/opt/ros/jazzy/opt/gz_cmake_vendor:/opt/ros/jazzy DEBUGINFOD_URLS=https://debuginfod.ubuntu.com LD_LIBRARY_PATH=/home/cayo-sousa/ws_ld90_sim/install/libaria/lib:/home/cayo-sousa/ws_ld90_sim/install/amr_msgs/lib:${LD_LIBRARY_PATH} PATH=/home/cayo-sousa/ws_ld90_sim/install/libaria/bin:${PATH} PKG_CONFIG_PATH=/home/cayo-sousa/ws_ld90_sim/install/libaria/lib/x86_64-linux-gnu/pkgconfig:/home/cayo-sousa/ws_ld90_sim/install/libaria/lib/pkgconfig PYTHONPATH=/home/cayo-sousa/ws_ld90_sim/install/amr_msgs/lib/python3.12/site-packages:${PYTHONPATH} /usr/bin/cmake /home/cayo-sousa/ws_ld90_sim/src/omron_amr/amr_core -DAMENT_CMAKE_SYMLINK_INSTALL=1 -DCMAKE_INSTALL_PREFIX=/home/cayo-sousa/ws_ld90_sim/install/amr_core
[0.050s] -- The C compiler identification is GNU 13.3.0
[0.087s] -- The CXX compiler identification is GNU 13.3.0
[0.099s] -- Detecting C compiler ABI info
[0.158s] -- Detecting C compiler ABI info - done
[0.164s] -- Check for working C compiler: /usr/bin/cc - skipped
[0.164s] -- Detecting C compile features
[0.164s] -- Detecting C compile features - done
[0.172s] -- Detecting CXX compiler ABI info
[0.237s] -- Detecting CXX compiler ABI info - done
[0.243s] -- Check for working CXX compiler: /usr/bin/c++ - skipped
[0.243s] -- Detecting CXX compile features
[0.243s] -- Detecting CXX compile features - done
[0.246s] -- Found ament_cmake: 2.5.5 (/opt/ros/jazzy/share/ament_cmake/cmake)
[0.355s] -- Found Python3: /usr/bin/python3 (found version "3.12.3") found components: Interpreter 
[0.407s] -- Override CMake install command with custom implementation using symlinks instead of copying resources
[0.445s] -- Found rclcpp: 28.1.16 (/opt/ros/jazzy/share/rclcpp/cmake)
[0.483s] -- Found rosidl_generator_c: 4.6.7 (/opt/ros/jazzy/share/rosidl_generator_c/cmake)
[0.497s] -- Found rosidl_generator_cpp: 4.6.7 (/opt/ros/jazzy/share/rosidl_generator_cpp/cmake)
[0.511s] -- Using all available rosidl_typesupport_c: rosidl_typesupport_fastrtps_c;rosidl_typesupport_introspection_c
[0.527s] -- Using all available rosidl_typesupport_cpp: rosidl_typesupport_fastrtps_cpp;rosidl_typesupport_introspection_cpp
[0.599s] -- Found rmw_implementation_cmake: 7.3.3 (/opt/ros/jazzy/share/rmw_implementation_cmake/cmake)
[0.603s] -- Found rmw_fastrtps_cpp: 8.4.3 (/opt/ros/jazzy/share/rmw_fastrtps_cpp/cmake)
[0.685s] -- Found OpenSSL: /usr/lib/x86_64-linux-gnu/libcrypto.so (found version "3.0.13")  
[0.702s] -- Found FastRTPS: /opt/ros/jazzy/include (Required is at least version "2.13") 
[0.718s] -- Using RMW implementation 'rmw_fastrtps_cpp' as default
[0.788s] -- Found rclcpp_action: 28.1.16 (/opt/ros/jazzy/share/rclcpp_action/cmake)
[0.826s] -- Found amr_msgs: 0.0.0 (/home/cayo-sousa/ws_ld90_sim/install/amr_msgs/share/amr_msgs/cmake)
[0.835s] -- Found std_msgs: 5.3.6 (/opt/ros/jazzy/share/std_msgs/cmake)
[0.848s] -- Found geometry_msgs: 5.3.6 (/opt/ros/jazzy/share/geometry_msgs/cmake)
[0.863s] -- Found sensor_msgs: 5.3.6 (/opt/ros/jazzy/share/sensor_msgs/cmake)
[0.884s] -- Found nav_msgs: 5.3.6 (/opt/ros/jazzy/share/nav_msgs/cmake)
[0.908s] -- Found control_msgs: 5.7.0 (/opt/ros/jazzy/share/control_msgs/cmake)
[0.961s] -- Found visualization_msgs: 5.3.6 (/opt/ros/jazzy/share/visualization_msgs/cmake)
[0.987s] -- Found tf2_ros: 0.36.19 (/opt/ros/jazzy/share/tf2_ros/cmake)
[1.137s] -- Configuring done (1.1s)
[1.147s] -- Generating done (0.0s)
[1.150s] -- Build files have been written to: /home/cayo-sousa/ws_ld90_sim/build/amr_core
[1.158s] Invoked command in '/home/cayo-sousa/ws_ld90_sim/build/amr_core' returned '0': AMENT_PREFIX_PATH=/home/cayo-sousa/ws_ld90_sim/install/amr_msgs:${AMENT_PREFIX_PATH} CMAKE_PREFIX_PATH=/home/cayo-sousa/ws_ld90_sim/install/libaria:/home/cayo-sousa/ws_ld90_sim/install/amr_msgs:/opt/ros/jazzy/opt/gz_sim_vendor:/opt/ros/jazzy/opt/gz_sensors_vendor:/opt/ros/jazzy/opt/gz_physics_vendor:/opt/ros/jazzy/opt/sdformat_vendor:/opt/ros/jazzy/opt/gz_gui_vendor:/opt/ros/jazzy/opt/gz_transport_vendor:/opt/ros/jazzy/opt/gz_rendering_vendor:/opt/ros/jazzy/opt/gz_plugin_vendor:/opt/ros/jazzy/opt/gz_fuel_tools_vendor:/opt/ros/jazzy/opt/gz_msgs_vendor:/opt/ros/jazzy/opt/gz_common_vendor:/opt/ros/jazzy/opt/gz_math_vendor:/opt/ros/jazzy/opt/gz_utils_vendor:/opt/ros/jazzy/opt/gz_tools_vendor:/opt/ros/jazzy/opt/gz_ogre_next_vendor:/opt/ros/jazzy/opt/gz_dartsim_vendor:/opt/ros/jazzy/opt/gz_cmake_vendor:/opt/ros/jazzy DEBUGINFOD_URLS=https://debuginfod.ubuntu.com LD_LIBRARY_PATH=/home/cayo-sousa/ws_ld90_sim/install/libaria/lib:/home/cayo-sousa/ws_ld90_sim/install/amr_msgs/lib:${LD_LIBRARY_PATH} PATH=/home/cayo-sousa/ws_ld90_sim/install/libaria/bin:${PATH} PKG_CONFIG_PATH=/home/cayo-sousa/ws_ld90_sim/install/libaria/lib/x86_64-linux-gnu/pkgconfig:/home/cayo-sousa/ws_ld90_sim/install/libaria/lib/pkgconfig PYTHONPATH=/home/cayo-sousa/ws_ld90_sim/install/amr_msgs/lib/python3.12/site-packages:${PYTHONPATH} /usr/bin/cmake /home/cayo-sousa/ws_ld90_sim/src/omron_amr/amr_core -DAMENT_CMAKE_SYMLINK_INSTALL=1 -DCMAKE_INSTALL_PREFIX=/home/cayo-sousa/ws_ld90_sim/install/amr_core
[1.158s] Invoking command in '/home/cayo-sousa/ws_ld90_sim/build/amr_core': AMENT_PREFIX_PATH=/home/cayo-sousa/ws_ld90_sim/install/amr_msgs:${AMENT_PREFIX_PATH} CMAKE_PREFIX_PATH=/home/cayo-sousa/ws_ld90_sim/install/libaria:/home/cayo-sousa/ws_ld90_sim/install/amr_msgs:/opt/ros/jazzy/opt/gz_sim_vendor:/opt/ros/jazzy/opt/gz_sensors_vendor:/opt/ros/jazzy/opt/gz_physics_vendor:/opt/ros/jazzy/opt/sdformat_vendor:/opt/ros/jazzy/opt/gz_gui_vendor:/opt/ros/jazzy/opt/gz_transport_vendor:/opt/ros/jazzy/opt/gz_rendering_vendor:/opt/ros/jazzy/opt/gz_plugin_vendor:/opt/ros/jazzy/opt/gz_fuel_tools_vendor:/opt/ros/jazzy/opt/gz_msgs_vendor:/opt/ros/jazzy/opt/gz_common_vendor:/opt/ros/jazzy/opt/gz_math_vendor:/opt/ros/jazzy/opt/gz_utils_vendor:/opt/ros/jazzy/opt/gz_tools_vendor:/opt/ros/jazzy/opt/gz_ogre_next_vendor:/opt/ros/jazzy/opt/gz_dartsim_vendor:/opt/ros/jazzy/opt/gz_cmake_vendor:/opt/ros/jazzy DEBUGINFOD_URLS=https://debuginfod.ubuntu.com LD_LIBRARY_PATH=/home/cayo-sousa/ws_ld90_sim/install/libaria/lib:/home/cayo-sousa/ws_ld90_sim/install/amr_msgs/lib:${LD_LIBRARY_PATH} PATH=/home/cayo-sousa/ws_ld90_sim/install/libaria/bin:${PATH} PKG_CONFIG_PATH=/home/cayo-sousa/ws_ld90_sim/install/libaria/lib/x86_64-linux-gnu/pkgconfig:/home/cayo-sousa/ws_ld90_sim/install/libaria/lib/pkgconfig PYTHONPATH=/home/cayo-sousa/ws_ld90_sim/install/amr_msgs/lib/python3.12/site-packages:${PYTHONPATH} /usr/bin/cmake --build /home/cayo-sousa/ws_ld90_sim/build/amr_core -- -j12 -l12
[1.200s] [ 50%] [32mBuilding CXX object CMakeFiles/amr_core.dir/src/core_node.cpp.o[0m
[12.701s] [100%] [32m[1mLinking CXX executable amr_core[0m
[13.322s] [100%] Built target amr_core
[13.330s] Invoked command in '/home/cayo-sousa/ws_ld90_sim/build/amr_core' returned '0': AMENT_PREFIX_PATH=/home/cayo-sousa/ws_ld90_sim/install/amr_msgs:${AMENT_PREFIX_PATH} CMAKE_PREFIX_PATH=/home/cayo-sousa/ws_ld90_sim/install/libaria:/home/cayo-sousa/ws_ld90_sim/install/amr_msgs:/opt/ros/jazzy/opt/gz_sim_vendor:/opt/ros/jazzy/opt/gz_sensors_vendor:/opt/ros/jazzy/opt/gz_physics_vendor:/opt/ros/jazzy/opt/sdformat_vendor:/opt/ros/jazzy/opt/gz_gui_vendor:/opt/ros/jazzy/opt/gz_transport_vendor:/opt/ros/jazzy/opt/gz_rendering_vendor:/opt/ros/jazzy/opt/gz_plugin_vendor:/opt/ros/jazzy/opt/gz_fuel_tools_vendor:/opt/ros/jazzy/opt/gz_msgs_vendor:/opt/ros/jazzy/opt/gz_common_vendor:/opt/ros/jazzy/opt/gz_math_vendor:/opt/ros/jazzy/opt/gz_utils_vendor:/opt/ros/jazzy/opt/gz_tools_vendor:/opt/ros/jazzy/opt/gz_ogre_next_vendor:/opt/ros/jazzy/opt/gz_dartsim_vendor:/opt/ros/jazzy/opt/gz_cmake_vendor:/opt/ros/jazzy DEBUGINFOD_URLS=https://debuginfod.ubuntu.com LD_LIBRARY_PATH=/home/cayo-sousa/ws_ld90_sim/install/libaria/lib:/home/cayo-sousa/ws_ld90_sim/install/amr_msgs/lib:${LD_LIBRARY_PATH} PATH=/home/cayo-sousa/ws_ld90_sim/install/libaria/bin:${PATH} PKG_CONFIG_PATH=/home/cayo-sousa/ws_ld90_sim/install/libaria/lib/x86_64-linux-gnu/pkgconfig:/home/cayo-sousa/ws_ld90_sim/install/libaria/lib/pkgconfig PYTHONPATH=/home/cayo-sousa/ws_ld90_sim/install/amr_msgs/lib/python3.12/site-packages:${PYTHONPATH} /usr/bin/cmake --build /home/cayo-sousa/ws_ld90_sim/build/amr_core -- -j12 -l12
[13.331s] Invoking command in '/home/cayo-sousa/ws_ld90_sim/build/amr_core': AMENT_PREFIX_PATH=/home/cayo-sousa/ws_ld90_sim/install/amr_msgs:${AMENT_PREFIX_PATH} CMAKE_PREFIX_PATH=/home/cayo-sousa/ws_ld90_sim/install/libaria:/home/cayo-sousa/ws_ld90_sim/install/amr_msgs:/opt/ros/jazzy/opt/gz_sim_vendor:/opt/ros/jazzy/opt/gz_sensors_vendor:/opt/ros/jazzy/opt/gz_physics_vendor:/opt/ros/jazzy/opt/sdformat_vendor:/opt/ros/jazzy/opt/gz_gui_vendor:/opt/ros/jazzy/opt/gz_transport_vendor:/opt/ros/jazzy/opt/gz_rendering_vendor:/opt/ros/jazzy/opt/gz_plugin_vendor:/opt/ros/jazzy/opt/gz_fuel_tools_vendor:/opt/ros/jazzy/opt/gz_msgs_vendor:/opt/ros/jazzy/opt/gz_common_vendor:/opt/ros/jazzy/opt/gz_math_vendor:/opt/ros/jazzy/opt/gz_utils_vendor:/opt/ros/jazzy/opt/gz_tools_vendor:/opt/ros/jazzy/opt/gz_ogre_next_vendor:/opt/ros/jazzy/opt/gz_dartsim_vendor:/opt/ros/jazzy/opt/gz_cmake_vendor:/opt/ros/jazzy DEBUGINFOD_URLS=https://debuginfod.ubuntu.com LD_LIBRARY_PATH=/home/cayo-sousa/ws_ld90_sim/install/libaria/lib:/home/cayo-sousa/ws_ld90_sim/install/amr_msgs/lib:${LD_LIBRARY_PATH} PATH=/home/cayo-sousa/ws_ld90_sim/install/libaria/bin:${PATH} PKG_CONFIG_PATH=/home/cayo-sousa/ws_ld90_sim/install/libaria/lib/x86_64-linux-gnu/pkgconfig:/home/cayo-sousa/ws_ld90_sim/install/libaria/lib/pkgconfig PYTHONPATH=/home/cayo-sousa/ws_ld90_sim/install/amr_msgs/lib/python3.12/site-packages:${PYTHONPATH} /usr/bin/cmake --install /home/cayo-sousa/ws_ld90_sim/build/amr_core
[13.338s] -- Install configuration: ""
[13.338s] -- Execute custom install script
[13.338s] -- Symlinking: /home/cayo-sousa/ws_ld90_sim/install/amr_core/lib/amr_core/amr_core
[13.346s] -- Symlinking: /home/cayo-sousa/ws_ld90_sim/install/amr_core/share/ament_index/resource_index/package_run_dependencies/amr_core
[13.353s] -- Symlinking: /home/cayo-sousa/ws_ld90_sim/install/amr_core/share/ament_index/resource_index/parent_prefix_path/amr_core
[13.359s] -- Symlinking: /home/cayo-sousa/ws_ld90_sim/install/amr_core/share/amr_core/environment/ament_prefix_path.sh
[13.365s] -- Symlinking: /home/cayo-sousa/ws_ld90_sim/install/amr_core/share/amr_core/environment/ament_prefix_path.dsv
[13.371s] -- Symlinking: /home/cayo-sousa/ws_ld90_sim/install/amr_core/share/amr_core/environment/path.sh
[13.377s] -- Symlinking: /home/cayo-sousa/ws_ld90_sim/install/amr_core/share/amr_core/environment/path.dsv
[13.383s] -- Symlinking: /home/cayo-sousa/ws_ld90_sim/install/amr_core/share/amr_core/local_setup.bash
[13.389s] -- Symlinking: /home/cayo-sousa/ws_ld90_sim/install/amr_core/share/amr_core/local_setup.sh
[13.394s] -- Symlinking: /home/cayo-sousa/ws_ld90_sim/install/amr_core/share/amr_core/local_setup.zsh
[13.400s] -- Symlinking: /home/cayo-sousa/ws_ld90_sim/install/amr_core/share/amr_core/local_setup.dsv
[13.407s] -- Symlinking: /home/cayo-sousa/ws_ld90_sim/install/amr_core/share/amr_core/package.dsv
[13.414s] -- Symlinking: /home/cayo-sousa/ws_ld90_sim/install/amr_core/share/ament_index/resource_index/packages/amr_core
[13.421s] -- Symlinking: /home/cayo-sousa/ws_ld90_sim/install/amr_core/share/amr_core/cmake/amr_coreConfig.cmake
[13.427s] -- Symlinking: /home/cayo-sousa/ws_ld90_sim/install/amr_core/share/amr_core/cmake/amr_coreConfig-version.cmake
[13.433s] -- Symlinking: /home/cayo-sousa/ws_ld90_sim/install/amr_core/share/amr_core/package.xml
[13.443s] Invoked command in '/home/cayo-sousa/ws_ld90_sim/build/amr_core' returned '0': AMENT_PREFIX_PATH=/home/cayo-sousa/ws_ld90_sim/install/amr_msgs:${AMENT_PREFIX_PATH} CMAKE_PREFIX_PATH=/home/cayo-sousa/ws_ld90_sim/install/libaria:/home/cayo-sousa/ws_ld90_sim/install/amr_msgs:/opt/ros/jazzy/opt/gz_sim_vendor:/opt/ros/jazzy/opt/gz_sensors_vendor:/opt/ros/jazzy/opt/gz_physics_vendor:/opt/ros/jazzy/opt/sdformat_vendor:/opt/ros/jazzy/opt/gz_gui_vendor:/opt/ros/jazzy/opt/gz_transport_vendor:/opt/ros/jazzy/opt/gz_rendering_vendor:/opt/ros/jazzy/opt/gz_plugin_vendor:/opt/ros/jazzy/opt/gz_fuel_tools_vendor:/opt/ros/jazzy/opt/gz_msgs_vendor:/opt/ros/jazzy/opt/gz_common_vendor:/opt/ros/jazzy/opt/gz_math_vendor:/opt/ros/jazzy/opt/gz_utils_vendor:/opt/ros/jazzy/opt/gz_tools_vendor:/opt/ros/jazzy/opt/gz_ogre_next_vendor:/opt/ros/jazzy/opt/gz_dartsim_vendor:/opt/ros/jazzy/opt/gz_cmake_vendor:/opt/ros/jazzy DEBUGINFOD_URLS=https://debuginfod.ubuntu.com LD_LIBRARY_PATH=/home/cayo-sousa/ws_ld90_sim/install/libaria/lib:/home/cayo-sousa/ws_ld90_sim/install/amr_msgs/lib:${LD_LIBRARY_PATH} PATH=/home/cayo-sousa/ws_ld90_sim/install/libaria/bin:${PATH} PKG_CONFIG_PATH=/home/cayo-sousa/ws_ld90_sim/install/libaria/lib/x86_64-linux-gnu/pkgconfig:/home/cayo-sousa/ws_ld90_sim/install/libaria/lib/pkgconfig PYTHONPATH=/home/cayo-sousa/ws_ld90_sim/install/amr_msgs/lib/python3.12/site-packages:${PYTHONPATH} /usr/bin/cmake --install /home/cayo-sousa/ws_ld90_sim/build/amr_core
