[0.057s] DEBUG:colcon:Command line arguments: ['/usr/bin/colcon', 'build', '--symlink-install']
[0.057s] DEBUG:colcon:Parsed command line arguments: Namespace(log_base=None, log_level=None, verb_name='build', build_base='build', install_base='install', merge_install=False, symlink_install=True, test_result_base=None, continue_on_error=False, executor='parallel', parallel_workers=12, event_handlers=None, ignore_user_meta=False, metas=['./colcon.meta'], base_paths=['.'], packages_ignore=None, packages_ignore_regex=None, paths=None, packages_up_to=None, packages_up_to_regex=None, packages_above=None, packages_above_and_dependencies=None, packages_above_depth=None, packages_select_by_dep=None, packages_skip_by_dep=None, packages_skip_up_to=None, packages_select_build_failed=False, packages_skip_build_finished=False, packages_select_test_failures=False, packages_skip_test_passed=False, packages_select=None, packages_skip=None, packages_select_regex=None, packages_skip_regex=None, packages_start=None, packages_end=None, allow_overriding=[], cmake_args=None, cmake_target=None, cmake_target_skip_unavailable=False, cmake_clean_cache=False, cmake_clean_first=False, cmake_force_configure=False, ament_cmake_args=None, catkin_cmake_args=None, catkin_skip_building_tests=False, mixin_files=None, mixin=None, verb_parser=<colcon_mixin.mixin.mixin_argument.MixinArgumentDecorator object at 0x7921ecadb7d0>, verb_extension=<colcon_core.verb.build.BuildVerb object at 0x7921ed707260>, main=<bound method BuildVerb.main of <colcon_core.verb.build.BuildVerb object at 0x7921ed707260>>, mixin_verb=('build',))
[0.079s] Level 1:colcon.colcon_core.package_discovery:discover_packages(colcon_meta) check parameters
[0.079s] Level 1:colcon.colcon_core.package_discovery:discover_packages(recursive) check parameters
[0.079s] Level 1:colcon.colcon_core.package_discovery:discover_packages(ignore) check parameters
[0.079s] Level 1:colcon.colcon_core.package_discovery:discover_packages(path) check parameters
[0.079s] Level 1:colcon.colcon_core.package_discovery:discover_packages(colcon_meta) discover
[0.079s] Level 1:colcon.colcon_core.package_discovery:discover_packages(recursive) discover
[0.079s] INFO:colcon.colcon_core.package_discovery:Crawling recursively for packages in '/home/cayo-sousa/ws_ld90_sim'
[0.079s] Level 1:colcon.colcon_core.package_identification:_identify(.) by extensions ['ignore', 'ignore_ament_install']
[0.079s] Level 1:colcon.colcon_core.package_identification:_identify(.) by extension 'ignore'
[0.079s] Level 1:colcon.colcon_core.package_identification:_identify(.) by extension 'ignore_ament_install'
[0.079s] Level 1:colcon.colcon_core.package_identification:_identify(.) by extensions ['colcon_pkg']
[0.079s] Level 1:colcon.colcon_core.package_identification:_identify(.) by extension 'colcon_pkg'
[0.079s] Level 1:colcon.colcon_core.package_identification:_identify(.) by extensions ['colcon_meta']
[0.079s] Level 1:colcon.colcon_core.package_identification:_identify(.) by extension 'colcon_meta'
[0.079s] Level 1:colcon.colcon_core.package_identification:_identify(.) by extensions ['ros']
[0.079s] Level 1:colcon.colcon_core.package_identification:_identify(.) by extension 'ros'
[0.094s] Level 1:colcon.colcon_core.package_identification:_identify(.) by extensions ['cmake', 'python']
[0.094s] Level 1:colcon.colcon_core.package_identification:_identify(.) by extension 'cmake'
[0.094s] Level 1:colcon.colcon_core.package_identification:_identify(.) by extension 'python'
[0.094s] Level 1:colcon.colcon_core.package_identification:_identify(.) by extensions ['python_setup_py']
[0.094s] Level 1:colcon.colcon_core.package_identification:_identify(.) by extension 'python_setup_py'
[0.094s] Level 1:colcon.colcon_core.package_identification:_identify(build) by extensions ['ignore', 'ignore_ament_install']
[0.094s] Level 1:colcon.colcon_core.package_identification:_identify(build) by extension 'ignore'
[0.094s] Level 1:colcon.colcon_core.package_identification:_identify(build) ignored
[0.094s] Level 1:colcon.colcon_core.package_identification:_identify(install) by extensions ['ignore', 'ignore_ament_install']
[0.094s] Level 1:colcon.colcon_core.package_identification:_identify(install) by extension 'ignore'
[0.094s] Level 1:colcon.colcon_core.package_identification:_identify(install) ignored
[0.095s] Level 1:colcon.colcon_core.package_identification:_identify(log) by extensions ['ignore', 'ignore_ament_install']
[0.095s] Level 1:colcon.colcon_core.package_identification:_identify(log) by extension 'ignore'
[0.095s] Level 1:colcon.colcon_core.package_identification:_identify(log) ignored
[0.095s] Level 1:colcon.colcon_core.package_identification:_identify(src) by extensions ['ignore', 'ignore_ament_install']
[0.095s] Level 1:colcon.colcon_core.package_identification:_identify(src) by extension 'ignore'
[0.095s] Level 1:colcon.colcon_core.package_identification:_identify(src) by extension 'ignore_ament_install'
[0.095s] Level 1:colcon.colcon_core.package_identification:_identify(src) by extensions ['colcon_pkg']
[0.095s] Level 1:colcon.colcon_core.package_identification:_identify(src) by extension 'colcon_pkg'
[0.095s] Level 1:colcon.colcon_core.package_identification:_identify(src) by extensions ['colcon_meta']
[0.095s] Level 1:colcon.colcon_core.package_identification:_identify(src) by extension 'colcon_meta'
[0.095s] Level 1:colcon.colcon_core.package_identification:_identify(src) by extensions ['ros']
[0.095s] Level 1:colcon.colcon_core.package_identification:_identify(src) by extension 'ros'
[0.095s] Level 1:colcon.colcon_core.package_identification:_identify(src) by extensions ['cmake', 'python']
[0.095s] Level 1:colcon.colcon_core.package_identification:_identify(src) by extension 'cmake'
[0.095s] Level 1:colcon.colcon_core.package_identification:_identify(src) by extension 'python'
[0.095s] Level 1:colcon.colcon_core.package_identification:_identify(src) by extensions ['python_setup_py']
[0.095s] Level 1:colcon.colcon_core.package_identification:_identify(src) by extension 'python_setup_py'
[0.095s] Level 1:colcon.colcon_core.package_identification:_identify(src/ld90_gz) by extensions ['ignore', 'ignore_ament_install']
[0.095s] Level 1:colcon.colcon_core.package_identification:_identify(src/ld90_gz) by extension 'ignore'
[0.095s] Level 1:colcon.colcon_core.package_identification:_identify(src/ld90_gz) by extension 'ignore_ament_install'
[0.095s] Level 1:colcon.colcon_core.package_identification:_identify(src/ld90_gz) by extensions ['colcon_pkg']
[0.095s] Level 1:colcon.colcon_core.package_identification:_identify(src/ld90_gz) by extension 'colcon_pkg'
[0.095s] Level 1:colcon.colcon_core.package_identification:_identify(src/ld90_gz) by extensions ['colcon_meta']
[0.095s] Level 1:colcon.colcon_core.package_identification:_identify(src/ld90_gz) by extension 'colcon_meta'
[0.095s] Level 1:colcon.colcon_core.package_identification:_identify(src/ld90_gz) by extensions ['ros']
[0.095s] Level 1:colcon.colcon_core.package_identification:_identify(src/ld90_gz) by extension 'ros'
[0.097s] DEBUG:colcon.colcon_core.package_identification:Package 'src/ld90_gz' with type 'ros.ament_python' and name 'ld90_gz'
[0.097s] Level 1:colcon.colcon_core.package_identification:_identify(src/omron_amr) by extensions ['ignore', 'ignore_ament_install']
[0.097s] Level 1:colcon.colcon_core.package_identification:_identify(src/omron_amr) by extension 'ignore'
[0.097s] Level 1:colcon.colcon_core.package_identification:_identify(src/omron_amr) by extension 'ignore_ament_install'
[0.097s] Level 1:colcon.colcon_core.package_identification:_identify(src/omron_amr) by extensions ['colcon_pkg']
[0.097s] Level 1:colcon.colcon_core.package_identification:_identify(src/omron_amr) by extension 'colcon_pkg'
[0.097s] Level 1:colcon.colcon_core.package_identification:_identify(src/omron_amr) by extensions ['colcon_meta']
[0.097s] Level 1:colcon.colcon_core.package_identification:_identify(src/omron_amr) by extension 'colcon_meta'
[0.097s] Level 1:colcon.colcon_core.package_identification:_identify(src/omron_amr) by extensions ['ros']
[0.097s] Level 1:colcon.colcon_core.package_identification:_identify(src/omron_amr) by extension 'ros'
[0.097s] Level 1:colcon.colcon_core.package_identification:_identify(src/omron_amr) by extensions ['cmake', 'python']
[0.097s] Level 1:colcon.colcon_core.package_identification:_identify(src/omron_amr) by extension 'cmake'
[0.097s] Level 1:colcon.colcon_core.package_identification:_identify(src/omron_amr) by extension 'python'
[0.097s] Level 1:colcon.colcon_core.package_identification:_identify(src/omron_amr) by extensions ['python_setup_py']
[0.097s] Level 1:colcon.colcon_core.package_identification:_identify(src/omron_amr) by extension 'python_setup_py'
[0.097s] Level 1:colcon.colcon_core.package_identification:_identify(src/omron_amr/amr_core) by extensions ['ignore', 'ignore_ament_install']
[0.098s] Level 1:colcon.colcon_core.package_identification:_identify(src/omron_amr/amr_core) by extension 'ignore'
[0.098s] Level 1:colcon.colcon_core.package_identification:_identify(src/omron_amr/amr_core) by extension 'ignore_ament_install'
[0.098s] Level 1:colcon.colcon_core.package_identification:_identify(src/omron_amr/amr_core) by extensions ['colcon_pkg']
[0.098s] Level 1:colcon.colcon_core.package_identification:_identify(src/omron_amr/amr_core) by extension 'colcon_pkg'
[0.098s] Level 1:colcon.colcon_core.package_identification:_identify(src/omron_amr/amr_core) by extensions ['colcon_meta']
[0.098s] Level 1:colcon.colcon_core.package_identification:_identify(src/omron_amr/amr_core) by extension 'colcon_meta'
[0.098s] Level 1:colcon.colcon_core.package_identification:_identify(src/omron_amr/amr_core) by extensions ['ros']
[0.098s] Level 1:colcon.colcon_core.package_identification:_identify(src/omron_amr/amr_core) by extension 'ros'
[0.098s] DEBUG:colcon.colcon_core.package_identification:Package 'src/omron_amr/amr_core' with type 'ros.ament_cmake' and name 'amr_core'
[0.098s] Level 1:colcon.colcon_core.package_identification:_identify(src/omron_amr/amr_description) by extensions ['ignore', 'ignore_ament_install']
[0.098s] Level 1:colcon.colcon_core.package_identification:_identify(src/omron_amr/amr_description) by extension 'ignore'
[0.098s] Level 1:colcon.colcon_core.package_identification:_identify(src/omron_amr/amr_description) by extension 'ignore_ament_install'
[0.098s] Level 1:colcon.colcon_core.package_identification:_identify(src/omron_amr/amr_description) by extensions ['colcon_pkg']
[0.098s] Level 1:colcon.colcon_core.package_identification:_identify(src/omron_amr/amr_description) by extension 'colcon_pkg'
[0.098s] Level 1:colcon.colcon_core.package_identification:_identify(src/omron_amr/amr_description) by extensions ['colcon_meta']
[0.098s] Level 1:colcon.colcon_core.package_identification:_identify(src/omron_amr/amr_description) by extension 'colcon_meta'
[0.098s] Level 1:colcon.colcon_core.package_identification:_identify(src/omron_amr/amr_description) by extensions ['ros']
[0.098s] Level 1:colcon.colcon_core.package_identification:_identify(src/omron_amr/amr_description) by extension 'ros'
[0.099s] DEBUG:colcon.colcon_core.package_identification:Package 'src/omron_amr/amr_description' with type 'ros.ament_cmake' and name 'amr_description'
[0.099s] Level 1:colcon.colcon_core.package_identification:_identify(src/omron_amr/amr_msgs) by extensions ['ignore', 'ignore_ament_install']
[0.099s] Level 1:colcon.colcon_core.package_identification:_identify(src/omron_amr/amr_msgs) by extension 'ignore'
[0.099s] Level 1:colcon.colcon_core.package_identification:_identify(src/omron_amr/amr_msgs) by extension 'ignore_ament_install'
[0.099s] Level 1:colcon.colcon_core.package_identification:_identify(src/omron_amr/amr_msgs) by extensions ['colcon_pkg']
[0.099s] Level 1:colcon.colcon_core.package_identification:_identify(src/omron_amr/amr_msgs) by extension 'colcon_pkg'
[0.099s] Level 1:colcon.colcon_core.package_identification:_identify(src/omron_amr/amr_msgs) by extensions ['colcon_meta']
[0.099s] Level 1:colcon.colcon_core.package_identification:_identify(src/omron_amr/amr_msgs) by extension 'colcon_meta'
[0.099s] Level 1:colcon.colcon_core.package_identification:_identify(src/omron_amr/amr_msgs) by extensions ['ros']
[0.099s] Level 1:colcon.colcon_core.package_identification:_identify(src/omron_amr/amr_msgs) by extension 'ros'
[0.099s] DEBUG:colcon.colcon_core.package_identification:Package 'src/omron_amr/amr_msgs' with type 'ros.ament_cmake' and name 'amr_msgs'
[0.099s] Level 1:colcon.colcon_core.package_identification:_identify(src/omron_amr/amr_nav2) by extensions ['ignore', 'ignore_ament_install']
[0.099s] Level 1:colcon.colcon_core.package_identification:_identify(src/omron_amr/amr_nav2) by extension 'ignore'
[0.100s] Level 1:colcon.colcon_core.package_identification:_identify(src/omron_amr/amr_nav2) by extension 'ignore_ament_install'
[0.100s] Level 1:colcon.colcon_core.package_identification:_identify(src/omron_amr/amr_nav2) by extensions ['colcon_pkg']
[0.100s] Level 1:colcon.colcon_core.package_identification:_identify(src/omron_amr/amr_nav2) by extension 'colcon_pkg'
[0.100s] Level 1:colcon.colcon_core.package_identification:_identify(src/omron_amr/amr_nav2) by extensions ['colcon_meta']
[0.100s] Level 1:colcon.colcon_core.package_identification:_identify(src/omron_amr/amr_nav2) by extension 'colcon_meta'
[0.100s] Level 1:colcon.colcon_core.package_identification:_identify(src/omron_amr/amr_nav2) by extensions ['ros']
[0.100s] Level 1:colcon.colcon_core.package_identification:_identify(src/omron_amr/amr_nav2) by extension 'ros'
[0.100s] DEBUG:colcon.colcon_core.package_identification:Package 'src/omron_amr/amr_nav2' with type 'ros.ament_cmake' and name 'amr_nav2'
[0.100s] Level 1:colcon.colcon_core.package_identification:_identify(src/omron_amr/amr_ros) by extensions ['ignore', 'ignore_ament_install']
[0.100s] Level 1:colcon.colcon_core.package_identification:_identify(src/omron_amr/amr_ros) by extension 'ignore'
[0.100s] Level 1:colcon.colcon_core.package_identification:_identify(src/omron_amr/amr_ros) by extension 'ignore_ament_install'
[0.100s] Level 1:colcon.colcon_core.package_identification:_identify(src/omron_amr/amr_ros) by extensions ['colcon_pkg']
[0.100s] Level 1:colcon.colcon_core.package_identification:_identify(src/omron_amr/amr_ros) by extension 'colcon_pkg'
[0.100s] Level 1:colcon.colcon_core.package_identification:_identify(src/omron_amr/amr_ros) by extensions ['colcon_meta']
[0.100s] Level 1:colcon.colcon_core.package_identification:_identify(src/omron_amr/amr_ros) by extension 'colcon_meta'
[0.100s] Level 1:colcon.colcon_core.package_identification:_identify(src/omron_amr/amr_ros) by extensions ['ros']
[0.100s] Level 1:colcon.colcon_core.package_identification:_identify(src/omron_amr/amr_ros) by extension 'ros'
[0.100s] DEBUG:colcon.colcon_core.package_identification:Package 'src/omron_amr/amr_ros' with type 'ros.ament_cmake' and name 'amr_ros'
[0.100s] Level 1:colcon.colcon_core.package_identification:_identify(src/omron_amr/amr_teleop) by extensions ['ignore', 'ignore_ament_install']
[0.100s] Level 1:colcon.colcon_core.package_identification:_identify(src/omron_amr/amr_teleop) by extension 'ignore'
[0.100s] Level 1:colcon.colcon_core.package_identification:_identify(src/omron_amr/amr_teleop) by extension 'ignore_ament_install'
[0.101s] Level 1:colcon.colcon_core.package_identification:_identify(src/omron_amr/amr_teleop) by extensions ['colcon_pkg']
[0.101s] Level 1:colcon.colcon_core.package_identification:_identify(src/omron_amr/amr_teleop) by extension 'colcon_pkg'
[0.101s] Level 1:colcon.colcon_core.package_identification:_identify(src/omron_amr/amr_teleop) by extensions ['colcon_meta']
[0.101s] Level 1:colcon.colcon_core.package_identification:_identify(src/omron_amr/amr_teleop) by extension 'colcon_meta'
[0.101s] Level 1:colcon.colcon_core.package_identification:_identify(src/omron_amr/amr_teleop) by extensions ['ros']
[0.101s] Level 1:colcon.colcon_core.package_identification:_identify(src/omron_amr/amr_teleop) by extension 'ros'
[0.101s] DEBUG:colcon.colcon_core.package_identification:Package 'src/omron_amr/amr_teleop' with type 'ros.ament_cmake' and name 'amr_teleop'
[0.101s] Level 1:colcon.colcon_core.package_identification:_identify(src/omron_amr/docs) by extensions ['ignore', 'ignore_ament_install']
[0.101s] Level 1:colcon.colcon_core.package_identification:_identify(src/omron_amr/docs) by extension 'ignore'
[0.101s] Level 1:colcon.colcon_core.package_identification:_identify(src/omron_amr/docs) by extension 'ignore_ament_install'
[0.101s] Level 1:colcon.colcon_core.package_identification:_identify(src/omron_amr/docs) by extensions ['colcon_pkg']
[0.101s] Level 1:colcon.colcon_core.package_identification:_identify(src/omron_amr/docs) by extension 'colcon_pkg'
[0.101s] Level 1:colcon.colcon_core.package_identification:_identify(src/omron_amr/docs) by extensions ['colcon_meta']
[0.101s] Level 1:colcon.colcon_core.package_identification:_identify(src/omron_amr/docs) by extension 'colcon_meta'
[0.101s] Level 1:colcon.colcon_core.package_identification:_identify(src/omron_amr/docs) by extensions ['ros']
[0.101s] Level 1:colcon.colcon_core.package_identification:_identify(src/omron_amr/docs) by extension 'ros'
[0.101s] Level 1:colcon.colcon_core.package_identification:_identify(src/omron_amr/docs) by extensions ['cmake', 'python']
[0.101s] Level 1:colcon.colcon_core.package_identification:_identify(src/omron_amr/docs) by extension 'cmake'
[0.101s] Level 1:colcon.colcon_core.package_identification:_identify(src/omron_amr/docs) by extension 'python'
[0.101s] Level 1:colcon.colcon_core.package_identification:_identify(src/omron_amr/docs) by extensions ['python_setup_py']
[0.101s] Level 1:colcon.colcon_core.package_identification:_identify(src/omron_amr/docs) by extension 'python_setup_py'
[0.101s] Level 1:colcon.colcon_core.package_identification:_identify(src/omron_amr/docs/old_docs) by extensions ['ignore', 'ignore_ament_install']
[0.101s] Level 1:colcon.colcon_core.package_identification:_identify(src/omron_amr/docs/old_docs) by extension 'ignore'
[0.101s] Level 1:colcon.colcon_core.package_identification:_identify(src/omron_amr/docs/old_docs) by extension 'ignore_ament_install'
[0.101s] Level 1:colcon.colcon_core.package_identification:_identify(src/omron_amr/docs/old_docs) by extensions ['colcon_pkg']
[0.101s] Level 1:colcon.colcon_core.package_identification:_identify(src/omron_amr/docs/old_docs) by extension 'colcon_pkg'
[0.101s] Level 1:colcon.colcon_core.package_identification:_identify(src/omron_amr/docs/old_docs) by extensions ['colcon_meta']
[0.101s] Level 1:colcon.colcon_core.package_identification:_identify(src/omron_amr/docs/old_docs) by extension 'colcon_meta'
[0.101s] Level 1:colcon.colcon_core.package_identification:_identify(src/omron_amr/docs/old_docs) by extensions ['ros']
[0.101s] Level 1:colcon.colcon_core.package_identification:_identify(src/omron_amr/docs/old_docs) by extension 'ros'
[0.101s] Level 1:colcon.colcon_core.package_identification:_identify(src/omron_amr/docs/old_docs) by extensions ['cmake', 'python']
[0.101s] Level 1:colcon.colcon_core.package_identification:_identify(src/omron_amr/docs/old_docs) by extension 'cmake'
[0.101s] Level 1:colcon.colcon_core.package_identification:_identify(src/omron_amr/docs/old_docs) by extension 'python'
[0.101s] Level 1:colcon.colcon_core.package_identification:_identify(src/omron_amr/docs/old_docs) by extensions ['python_setup_py']
[0.101s] Level 1:colcon.colcon_core.package_identification:_identify(src/omron_amr/docs/old_docs) by extension 'python_setup_py'
[0.102s] Level 1:colcon.colcon_core.package_identification:_identify(src/omron_amr/docs/old_docs/dg-images) by extensions ['ignore', 'ignore_ament_install']
[0.102s] Level 1:colcon.colcon_core.package_identification:_identify(src/omron_amr/docs/old_docs/dg-images) by extension 'ignore'
[0.102s] Level 1:colcon.colcon_core.package_identification:_identify(src/omron_amr/docs/old_docs/dg-images) by extension 'ignore_ament_install'
[0.102s] Level 1:colcon.colcon_core.package_identification:_identify(src/omron_amr/docs/old_docs/dg-images) by extensions ['colcon_pkg']
[0.102s] Level 1:colcon.colcon_core.package_identification:_identify(src/omron_amr/docs/old_docs/dg-images) by extension 'colcon_pkg'
[0.102s] Level 1:colcon.colcon_core.package_identification:_identify(src/omron_amr/docs/old_docs/dg-images) by extensions ['colcon_meta']
[0.102s] Level 1:colcon.colcon_core.package_identification:_identify(src/omron_amr/docs/old_docs/dg-images) by extension 'colcon_meta'
[0.102s] Level 1:colcon.colcon_core.package_identification:_identify(src/omron_amr/docs/old_docs/dg-images) by extensions ['ros']
[0.102s] Level 1:colcon.colcon_core.package_identification:_identify(src/omron_amr/docs/old_docs/dg-images) by extension 'ros'
[0.102s] Level 1:colcon.colcon_core.package_identification:_identify(src/omron_amr/docs/old_docs/dg-images) by extensions ['cmake', 'python']
[0.102s] Level 1:colcon.colcon_core.package_identification:_identify(src/omron_amr/docs/old_docs/dg-images) by extension 'cmake'
[0.102s] Level 1:colcon.colcon_core.package_identification:_identify(src/omron_amr/docs/old_docs/dg-images) by extension 'python'
[0.102s] Level 1:colcon.colcon_core.package_identification:_identify(src/omron_amr/docs/old_docs/dg-images) by extensions ['python_setup_py']
[0.102s] Level 1:colcon.colcon_core.package_identification:_identify(src/omron_amr/docs/old_docs/dg-images) by extension 'python_setup_py'
[0.102s] Level 1:colcon.colcon_core.package_identification:_identify(src/omron_amr/libaria) by extensions ['ignore', 'ignore_ament_install']
[0.102s] Level 1:colcon.colcon_core.package_identification:_identify(src/omron_amr/libaria) by extension 'ignore'
[0.102s] Level 1:colcon.colcon_core.package_identification:_identify(src/omron_amr/libaria) by extension 'ignore_ament_install'
[0.102s] Level 1:colcon.colcon_core.package_identification:_identify(src/omron_amr/libaria) by extensions ['colcon_pkg']
[0.102s] Level 1:colcon.colcon_core.package_identification:_identify(src/omron_amr/libaria) by extension 'colcon_pkg'
[0.102s] Level 1:colcon.colcon_core.package_identification:_identify(src/omron_amr/libaria) by extensions ['colcon_meta']
[0.102s] Level 1:colcon.colcon_core.package_identification:_identify(src/omron_amr/libaria) by extension 'colcon_meta'
[0.102s] Level 1:colcon.colcon_core.package_identification:_identify(src/omron_amr/libaria) by extensions ['ros']
[0.102s] Level 1:colcon.colcon_core.package_identification:_identify(src/omron_amr/libaria) by extension 'ros'
[0.102s] DEBUG:colcon.colcon_core.package_identification:Package 'src/omron_amr/libaria' with type 'ros.cmake' and name 'libaria'
[0.102s] Level 1:colcon.colcon_core.package_discovery:discover_packages(recursive) using defaults
[0.102s] Level 1:colcon.colcon_core.package_discovery:discover_packages(ignore) discover
[0.102s] Level 1:colcon.colcon_core.package_discovery:discover_packages(ignore) using defaults
[0.103s] Level 1:colcon.colcon_core.package_discovery:discover_packages(path) discover
[0.103s] Level 1:colcon.colcon_core.package_discovery:discover_packages(path) using defaults
[0.114s] Level 1:colcon.colcon_core.package_discovery:discover_packages(prefix_path) check parameters
[0.114s] Level 1:colcon.colcon_core.package_discovery:discover_packages(prefix_path) discover
[0.114s] Level 1:colcon.colcon_core.package_discovery:discover_packages(prefix_path) using defaults
[0.115s] Level 5:colcon.colcon_core.verb:set package 'amr_msgs' build argument 'cmake_args' from command line to 'None'
[0.115s] Level 5:colcon.colcon_core.verb:set package 'amr_msgs' build argument 'cmake_target' from command line to 'None'
[0.115s] Level 5:colcon.colcon_core.verb:set package 'amr_msgs' build argument 'cmake_target_skip_unavailable' from command line to 'False'
[0.115s] Level 5:colcon.colcon_core.verb:set package 'amr_msgs' build argument 'cmake_clean_cache' from command line to 'False'
[0.115s] Level 5:colcon.colcon_core.verb:set package 'amr_msgs' build argument 'cmake_clean_first' from command line to 'False'
[0.115s] Level 5:colcon.colcon_core.verb:set package 'amr_msgs' build argument 'cmake_force_configure' from command line to 'False'
[0.115s] Level 5:colcon.colcon_core.verb:set package 'amr_msgs' build argument 'ament_cmake_args' from command line to 'None'
[0.115s] Level 5:colcon.colcon_core.verb:set package 'amr_msgs' build argument 'catkin_cmake_args' from command line to 'None'
[0.115s] Level 5:colcon.colcon_core.verb:set package 'amr_msgs' build argument 'catkin_skip_building_tests' from command line to 'False'
[0.115s] DEBUG:colcon.colcon_core.verb:Building package 'amr_msgs' with the following arguments: {'ament_cmake_args': None, 'build_base': '/home/cayo-sousa/ws_ld90_sim/build/amr_msgs', 'catkin_cmake_args': None, 'catkin_skip_building_tests': False, 'cmake_args': None, 'cmake_clean_cache': False, 'cmake_clean_first': False, 'cmake_force_configure': False, 'cmake_target': None, 'cmake_target_skip_unavailable': False, 'install_base': '/home/cayo-sousa/ws_ld90_sim/install/amr_msgs', 'merge_install': False, 'path': '/home/cayo-sousa/ws_ld90_sim/src/omron_amr/amr_msgs', 'symlink_install': True, 'test_result_base': None}
[0.115s] Level 5:colcon.colcon_core.verb:set package 'amr_nav2' build argument 'cmake_args' from command line to 'None'
[0.115s] Level 5:colcon.colcon_core.verb:set package 'amr_nav2' build argument 'cmake_target' from command line to 'None'
[0.115s] Level 5:colcon.colcon_core.verb:set package 'amr_nav2' build argument 'cmake_target_skip_unavailable' from command line to 'False'
[0.115s] Level 5:colcon.colcon_core.verb:set package 'amr_nav2' build argument 'cmake_clean_cache' from command line to 'False'
[0.115s] Level 5:colcon.colcon_core.verb:set package 'amr_nav2' build argument 'cmake_clean_first' from command line to 'False'
[0.115s] Level 5:colcon.colcon_core.verb:set package 'amr_nav2' build argument 'cmake_force_configure' from command line to 'False'
[0.115s] Level 5:colcon.colcon_core.verb:set package 'amr_nav2' build argument 'ament_cmake_args' from command line to 'None'
[0.115s] Level 5:colcon.colcon_core.verb:set package 'amr_nav2' build argument 'catkin_cmake_args' from command line to 'None'
[0.115s] Level 5:colcon.colcon_core.verb:set package 'amr_nav2' build argument 'catkin_skip_building_tests' from command line to 'False'
[0.115s] DEBUG:colcon.colcon_core.verb:Building package 'amr_nav2' with the following arguments: {'ament_cmake_args': None, 'build_base': '/home/cayo-sousa/ws_ld90_sim/build/amr_nav2', 'catkin_cmake_args': None, 'catkin_skip_building_tests': False, 'cmake_args': None, 'cmake_clean_cache': False, 'cmake_clean_first': False, 'cmake_force_configure': False, 'cmake_target': None, 'cmake_target_skip_unavailable': False, 'install_base': '/home/cayo-sousa/ws_ld90_sim/install/amr_nav2', 'merge_install': False, 'path': '/home/cayo-sousa/ws_ld90_sim/src/omron_amr/amr_nav2', 'symlink_install': True, 'test_result_base': None}
[0.115s] Level 5:colcon.colcon_core.verb:set package 'amr_teleop' build argument 'cmake_args' from command line to 'None'
[0.115s] Level 5:colcon.colcon_core.verb:set package 'amr_teleop' build argument 'cmake_target' from command line to 'None'
[0.115s] Level 5:colcon.colcon_core.verb:set package 'amr_teleop' build argument 'cmake_target_skip_unavailable' from command line to 'False'
[0.115s] Level 5:colcon.colcon_core.verb:set package 'amr_teleop' build argument 'cmake_clean_cache' from command line to 'False'
[0.115s] Level 5:colcon.colcon_core.verb:set package 'amr_teleop' build argument 'cmake_clean_first' from command line to 'False'
[0.115s] Level 5:colcon.colcon_core.verb:set package 'amr_teleop' build argument 'cmake_force_configure' from command line to 'False'
[0.115s] Level 5:colcon.colcon_core.verb:set package 'amr_teleop' build argument 'ament_cmake_args' from command line to 'None'
[0.115s] Level 5:colcon.colcon_core.verb:set package 'amr_teleop' build argument 'catkin_cmake_args' from command line to 'None'
[0.115s] Level 5:colcon.colcon_core.verb:set package 'amr_teleop' build argument 'catkin_skip_building_tests' from command line to 'False'
[0.115s] DEBUG:colcon.colcon_core.verb:Building package 'amr_teleop' with the following arguments: {'ament_cmake_args': None, 'build_base': '/home/cayo-sousa/ws_ld90_sim/build/amr_teleop', 'catkin_cmake_args': None, 'catkin_skip_building_tests': False, 'cmake_args': None, 'cmake_clean_cache': False, 'cmake_clean_first': False, 'cmake_force_configure': False, 'cmake_target': None, 'cmake_target_skip_unavailable': False, 'install_base': '/home/cayo-sousa/ws_ld90_sim/install/amr_teleop', 'merge_install': False, 'path': '/home/cayo-sousa/ws_ld90_sim/src/omron_amr/amr_teleop', 'symlink_install': True, 'test_result_base': None}
[0.116s] Level 5:colcon.colcon_core.verb:set package 'libaria' build argument 'cmake_args' from command line to 'None'
[0.116s] Level 5:colcon.colcon_core.verb:set package 'libaria' build argument 'cmake_target' from command line to 'None'
[0.116s] Level 5:colcon.colcon_core.verb:set package 'libaria' build argument 'cmake_target_skip_unavailable' from command line to 'False'
[0.116s] Level 5:colcon.colcon_core.verb:set package 'libaria' build argument 'cmake_clean_cache' from command line to 'False'
[0.116s] Level 5:colcon.colcon_core.verb:set package 'libaria' build argument 'cmake_clean_first' from command line to 'False'
[0.116s] Level 5:colcon.colcon_core.verb:set package 'libaria' build argument 'cmake_force_configure' from command line to 'False'
[0.116s] Level 5:colcon.colcon_core.verb:set package 'libaria' build argument 'ament_cmake_args' from command line to 'None'
[0.116s] Level 5:colcon.colcon_core.verb:set package 'libaria' build argument 'catkin_cmake_args' from command line to 'None'
[0.116s] Level 5:colcon.colcon_core.verb:set package 'libaria' build argument 'catkin_skip_building_tests' from command line to 'False'
[0.116s] DEBUG:colcon.colcon_core.verb:Building package 'libaria' with the following arguments: {'ament_cmake_args': None, 'build_base': '/home/cayo-sousa/ws_ld90_sim/build/libaria', 'catkin_cmake_args': None, 'catkin_skip_building_tests': False, 'cmake_args': None, 'cmake_clean_cache': False, 'cmake_clean_first': False, 'cmake_force_configure': False, 'cmake_target': None, 'cmake_target_skip_unavailable': False, 'install_base': '/home/cayo-sousa/ws_ld90_sim/install/libaria', 'merge_install': False, 'path': '/home/cayo-sousa/ws_ld90_sim/src/omron_amr/libaria', 'symlink_install': True, 'test_result_base': None}
[0.116s] Level 5:colcon.colcon_core.verb:set package 'amr_core' build argument 'cmake_args' from command line to 'None'
[0.116s] Level 5:colcon.colcon_core.verb:set package 'amr_core' build argument 'cmake_target' from command line to 'None'
[0.116s] Level 5:colcon.colcon_core.verb:set package 'amr_core' build argument 'cmake_target_skip_unavailable' from command line to 'False'
[0.116s] Level 5:colcon.colcon_core.verb:set package 'amr_core' build argument 'cmake_clean_cache' from command line to 'False'
[0.116s] Level 5:colcon.colcon_core.verb:set package 'amr_core' build argument 'cmake_clean_first' from command line to 'False'
[0.116s] Level 5:colcon.colcon_core.verb:set package 'amr_core' build argument 'cmake_force_configure' from command line to 'False'
[0.116s] Level 5:colcon.colcon_core.verb:set package 'amr_core' build argument 'ament_cmake_args' from command line to 'None'
[0.116s] Level 5:colcon.colcon_core.verb:set package 'amr_core' build argument 'catkin_cmake_args' from command line to 'None'
[0.116s] Level 5:colcon.colcon_core.verb:set package 'amr_core' build argument 'catkin_skip_building_tests' from command line to 'False'
[0.116s] DEBUG:colcon.colcon_core.verb:Building package 'amr_core' with the following arguments: {'ament_cmake_args': None, 'build_base': '/home/cayo-sousa/ws_ld90_sim/build/amr_core', 'catkin_cmake_args': None, 'catkin_skip_building_tests': False, 'cmake_args': None, 'cmake_clean_cache': False, 'cmake_clean_first': False, 'cmake_force_configure': False, 'cmake_target': None, 'cmake_target_skip_unavailable': False, 'install_base': '/home/cayo-sousa/ws_ld90_sim/install/amr_core', 'merge_install': False, 'path': '/home/cayo-sousa/ws_ld90_sim/src/omron_amr/amr_core', 'symlink_install': True, 'test_result_base': None}
[0.116s] Level 5:colcon.colcon_core.verb:set package 'amr_description' build argument 'cmake_args' from command line to 'None'
[0.116s] Level 5:colcon.colcon_core.verb:set package 'amr_description' build argument 'cmake_target' from command line to 'None'
[0.116s] Level 5:colcon.colcon_core.verb:set package 'amr_description' build argument 'cmake_target_skip_unavailable' from command line to 'False'
[0.116s] Level 5:colcon.colcon_core.verb:set package 'amr_description' build argument 'cmake_clean_cache' from command line to 'False'
[0.116s] Level 5:colcon.colcon_core.verb:set package 'amr_description' build argument 'cmake_clean_first' from command line to 'False'
[0.116s] Level 5:colcon.colcon_core.verb:set package 'amr_description' build argument 'cmake_force_configure' from command line to 'False'
[0.116s] Level 5:colcon.colcon_core.verb:set package 'amr_description' build argument 'ament_cmake_args' from command line to 'None'
[0.116s] Level 5:colcon.colcon_core.verb:set package 'amr_description' build argument 'catkin_cmake_args' from command line to 'None'
[0.116s] Level 5:colcon.colcon_core.verb:set package 'amr_description' build argument 'catkin_skip_building_tests' from command line to 'False'
[0.116s] DEBUG:colcon.colcon_core.verb:Building package 'amr_description' with the following arguments: {'ament_cmake_args': None, 'build_base': '/home/cayo-sousa/ws_ld90_sim/build/amr_description', 'catkin_cmake_args': None, 'catkin_skip_building_tests': False, 'cmake_args': None, 'cmake_clean_cache': False, 'cmake_clean_first': False, 'cmake_force_configure': False, 'cmake_target': None, 'cmake_target_skip_unavailable': False, 'install_base': '/home/cayo-sousa/ws_ld90_sim/install/amr_description', 'merge_install': False, 'path': '/home/cayo-sousa/ws_ld90_sim/src/omron_amr/amr_description', 'symlink_install': True, 'test_result_base': None}
[0.116s] Level 5:colcon.colcon_core.verb:set package 'amr_ros' build argument 'cmake_args' from command line to 'None'
[0.116s] Level 5:colcon.colcon_core.verb:set package 'amr_ros' build argument 'cmake_target' from command line to 'None'
[0.116s] Level 5:colcon.colcon_core.verb:set package 'amr_ros' build argument 'cmake_target_skip_unavailable' from command line to 'False'
[0.116s] Level 5:colcon.colcon_core.verb:set package 'amr_ros' build argument 'cmake_clean_cache' from command line to 'False'
[0.116s] Level 5:colcon.colcon_core.verb:set package 'amr_ros' build argument 'cmake_clean_first' from command line to 'False'
[0.116s] Level 5:colcon.colcon_core.verb:set package 'amr_ros' build argument 'cmake_force_configure' from command line to 'False'
[0.116s] Level 5:colcon.colcon_core.verb:set package 'amr_ros' build argument 'ament_cmake_args' from command line to 'None'
[0.116s] Level 5:colcon.colcon_core.verb:set package 'amr_ros' build argument 'catkin_cmake_args' from command line to 'None'
[0.116s] Level 5:colcon.colcon_core.verb:set package 'amr_ros' build argument 'catkin_skip_building_tests' from command line to 'False'
[0.116s] DEBUG:colcon.colcon_core.verb:Building package 'amr_ros' with the following arguments: {'ament_cmake_args': None, 'build_base': '/home/cayo-sousa/ws_ld90_sim/build/amr_ros', 'catkin_cmake_args': None, 'catkin_skip_building_tests': False, 'cmake_args': None, 'cmake_clean_cache': False, 'cmake_clean_first': False, 'cmake_force_configure': False, 'cmake_target': None, 'cmake_target_skip_unavailable': False, 'install_base': '/home/cayo-sousa/ws_ld90_sim/install/amr_ros', 'merge_install': False, 'path': '/home/cayo-sousa/ws_ld90_sim/src/omron_amr/amr_ros', 'symlink_install': True, 'test_result_base': None}
[0.116s] Level 5:colcon.colcon_core.verb:set package 'ld90_gz' build argument 'cmake_args' from command line to 'None'
[0.116s] Level 5:colcon.colcon_core.verb:set package 'ld90_gz' build argument 'cmake_target' from command line to 'None'
[0.116s] Level 5:colcon.colcon_core.verb:set package 'ld90_gz' build argument 'cmake_target_skip_unavailable' from command line to 'False'
[0.116s] Level 5:colcon.colcon_core.verb:set package 'ld90_gz' build argument 'cmake_clean_cache' from command line to 'False'
[0.116s] Level 5:colcon.colcon_core.verb:set package 'ld90_gz' build argument 'cmake_clean_first' from command line to 'False'
[0.116s] Level 5:colcon.colcon_core.verb:set package 'ld90_gz' build argument 'cmake_force_configure' from command line to 'False'
[0.116s] Level 5:colcon.colcon_core.verb:set package 'ld90_gz' build argument 'ament_cmake_args' from command line to 'None'
[0.116s] Level 5:colcon.colcon_core.verb:set package 'ld90_gz' build argument 'catkin_cmake_args' from command line to 'None'
[0.116s] Level 5:colcon.colcon_core.verb:set package 'ld90_gz' build argument 'catkin_skip_building_tests' from command line to 'False'
[0.116s] DEBUG:colcon.colcon_core.verb:Building package 'ld90_gz' with the following arguments: {'ament_cmake_args': None, 'build_base': '/home/cayo-sousa/ws_ld90_sim/build/ld90_gz', 'catkin_cmake_args': None, 'catkin_skip_building_tests': False, 'cmake_args': None, 'cmake_clean_cache': False, 'cmake_clean_first': False, 'cmake_force_configure': False, 'cmake_target': None, 'cmake_target_skip_unavailable': False, 'install_base': '/home/cayo-sousa/ws_ld90_sim/install/ld90_gz', 'merge_install': False, 'path': '/home/cayo-sousa/ws_ld90_sim/src/ld90_gz', 'symlink_install': True, 'test_result_base': None}
[0.116s] INFO:colcon.colcon_core.executor:Executing jobs using 'parallel' executor
[0.117s] DEBUG:colcon.colcon_parallel_executor.executor.parallel:run_until_complete
[0.118s] INFO:colcon.colcon_ros.task.ament_cmake.build:Building ROS package in '/home/cayo-sousa/ws_ld90_sim/src/omron_amr/amr_msgs' with build type 'ament_cmake'
[0.118s] INFO:colcon.colcon_cmake.task.cmake.build:Building CMake package in '/home/cayo-sousa/ws_ld90_sim/src/omron_amr/amr_msgs'
[0.119s] INFO:colcon.colcon_core.plugin_system:Skipping extension 'colcon_core.shell.bat': Not used on non-Windows systems
[0.119s] INFO:colcon.colcon_core.shell:Skip shell extension 'powershell' for command environment: Not usable outside of PowerShell
[0.119s] DEBUG:colcon.colcon_core.shell:Skip shell extension 'dsv' for command environment
[0.120s] INFO:colcon.colcon_ros.task.cmake.build:Building ROS package in '/home/cayo-sousa/ws_ld90_sim/src/omron_amr/libaria' with build type 'cmake'
[0.120s] INFO:colcon.colcon_cmake.task.cmake.build:Building CMake package in '/home/cayo-sousa/ws_ld90_sim/src/omron_amr/libaria'
[0.120s] INFO:colcon.colcon_core.shell:Skip shell extension 'powershell' for command environment: Not usable outside of PowerShell
[0.120s] DEBUG:colcon.colcon_core.shell:Skip shell extension 'dsv' for command environment
[0.121s] INFO:colcon.colcon_ros.task.ament_cmake.build:Building ROS package in '/home/cayo-sousa/ws_ld90_sim/src/omron_amr/amr_nav2' with build type 'ament_cmake'
[0.121s] INFO:colcon.colcon_cmake.task.cmake.build:Building CMake package in '/home/cayo-sousa/ws_ld90_sim/src/omron_amr/amr_nav2'
[0.121s] INFO:colcon.colcon_core.shell:Skip shell extension 'powershell' for command environment: Not usable outside of PowerShell
[0.121s] DEBUG:colcon.colcon_core.shell:Skip shell extension 'dsv' for command environment
[0.122s] INFO:colcon.colcon_ros.task.ament_cmake.build:Building ROS package in '/home/cayo-sousa/ws_ld90_sim/src/omron_amr/amr_teleop' with build type 'ament_cmake'
[0.122s] INFO:colcon.colcon_cmake.task.cmake.build:Building CMake package in '/home/cayo-sousa/ws_ld90_sim/src/omron_amr/amr_teleop'
[0.122s] INFO:colcon.colcon_core.shell:Skip shell extension 'powershell' for command environment: Not usable outside of PowerShell
[0.122s] DEBUG:colcon.colcon_core.shell:Skip shell extension 'dsv' for command environment
[0.124s] DEBUG:colcon.colcon_core.event_handler.log_command:Invoking command in '/home/cayo-sousa/ws_ld90_sim/build/amr_msgs': DEBUGINFOD_URLS=https://debuginfod.ubuntu.com /usr/bin/cmake --build /home/cayo-sousa/ws_ld90_sim/build/amr_msgs -- -j12 -l12
[0.125s] DEBUG:colcon.colcon_core.event_handler.log_command:Invoking command in '/home/cayo-sousa/ws_ld90_sim/build/libaria': DEBUGINFOD_URLS=https://debuginfod.ubuntu.com /usr/bin/cmake --build /home/cayo-sousa/ws_ld90_sim/build/libaria -- -j12 -l12
[0.126s] DEBUG:colcon.colcon_core.event_handler.log_command:Invoking command in '/home/cayo-sousa/ws_ld90_sim/build/amr_nav2': DEBUGINFOD_URLS=https://debuginfod.ubuntu.com /usr/bin/cmake --build /home/cayo-sousa/ws_ld90_sim/build/amr_nav2 -- -j12 -l12
[0.129s] DEBUG:colcon.colcon_core.event_handler.log_command:Invoking command in '/home/cayo-sousa/ws_ld90_sim/build/amr_teleop': DEBUGINFOD_URLS=https://debuginfod.ubuntu.com /usr/bin/cmake --build /home/cayo-sousa/ws_ld90_sim/build/amr_teleop -- -j12 -l12
[0.154s] DEBUG:colcon.colcon_core.event_handler.log_command:Invoked command in '/home/cayo-sousa/ws_ld90_sim/build/amr_nav2' returned '0': DEBUGINFOD_URLS=https://debuginfod.ubuntu.com /usr/bin/cmake --build /home/cayo-sousa/ws_ld90_sim/build/amr_nav2 -- -j12 -l12
[0.162s] DEBUG:colcon.colcon_core.event_handler.log_command:Invoking command in '/home/cayo-sousa/ws_ld90_sim/build/amr_nav2': DEBUGINFOD_URLS=https://debuginfod.ubuntu.com /usr/bin/cmake --install /home/cayo-sousa/ws_ld90_sim/build/amr_nav2
[0.163s] DEBUG:colcon.colcon_core.event_handler.log_command:Invoked command in '/home/cayo-sousa/ws_ld90_sim/build/amr_teleop' returned '0': DEBUGINFOD_URLS=https://debuginfod.ubuntu.com /usr/bin/cmake --build /home/cayo-sousa/ws_ld90_sim/build/amr_teleop -- -j12 -l12
[0.163s] DEBUG:colcon.colcon_core.event_handler.log_command:Invoking command in '/home/cayo-sousa/ws_ld90_sim/build/amr_teleop': DEBUGINFOD_URLS=https://debuginfod.ubuntu.com /usr/bin/cmake --install /home/cayo-sousa/ws_ld90_sim/build/amr_teleop
[0.174s] Level 1:colcon.colcon_core.environment:create_environment_scripts_only(amr_nav2)
[0.174s] DEBUG:colcon.colcon_core.event_handler.log_command:Invoked command in '/home/cayo-sousa/ws_ld90_sim/build/amr_nav2' returned '0': DEBUGINFOD_URLS=https://debuginfod.ubuntu.com /usr/bin/cmake --install /home/cayo-sousa/ws_ld90_sim/build/amr_nav2
[0.177s] Level 1:colcon.colcon_core.environment:checking '/home/cayo-sousa/ws_ld90_sim/install/amr_nav2' for CMake module files
[0.178s] Level 1:colcon.colcon_core.environment:checking '/home/cayo-sousa/ws_ld90_sim/install/amr_nav2' for CMake config files
[0.178s] Level 1:colcon.colcon_core.shell:create_environment_hook('amr_nav2', 'cmake_prefix_path')
[0.178s] INFO:colcon.colcon_core.shell:Creating environment hook '/home/cayo-sousa/ws_ld90_sim/install/amr_nav2/share/amr_nav2/hook/cmake_prefix_path.ps1'
[0.179s] INFO:colcon.colcon_core.shell:Creating environment descriptor '/home/cayo-sousa/ws_ld90_sim/install/amr_nav2/share/amr_nav2/hook/cmake_prefix_path.dsv'
[0.179s] INFO:colcon.colcon_core.shell:Creating environment hook '/home/cayo-sousa/ws_ld90_sim/install/amr_nav2/share/amr_nav2/hook/cmake_prefix_path.sh'
[0.180s] Level 1:colcon.colcon_core.environment:checking '/home/cayo-sousa/ws_ld90_sim/install/amr_nav2/bin'
[0.180s] Level 1:colcon.colcon_core.environment:checking '/home/cayo-sousa/ws_ld90_sim/install/amr_nav2/lib/pkgconfig/amr_nav2.pc'
[0.182s] Level 1:colcon.colcon_core.environment:checking '/home/cayo-sousa/ws_ld90_sim/install/amr_nav2/lib/python3.12/site-packages'
[0.182s] Level 1:colcon.colcon_core.environment:checking '/home/cayo-sousa/ws_ld90_sim/install/amr_nav2/bin'
[0.183s] INFO:colcon.colcon_core.shell:Creating package script '/home/cayo-sousa/ws_ld90_sim/install/amr_nav2/share/amr_nav2/package.ps1'
[0.184s] INFO:colcon.colcon_core.shell:Creating package descriptor '/home/cayo-sousa/ws_ld90_sim/install/amr_nav2/share/amr_nav2/package.dsv'
[0.184s] INFO:colcon.colcon_core.shell:Creating package script '/home/cayo-sousa/ws_ld90_sim/install/amr_nav2/share/amr_nav2/package.sh'
[0.185s] INFO:colcon.colcon_core.shell:Creating package script '/home/cayo-sousa/ws_ld90_sim/install/amr_nav2/share/amr_nav2/package.bash'
[0.186s] INFO:colcon.colcon_core.shell:Creating package script '/home/cayo-sousa/ws_ld90_sim/install/amr_nav2/share/amr_nav2/package.zsh'
[0.186s] Level 1:colcon.colcon_core.environment:create_file_with_runtime_dependencies(/home/cayo-sousa/ws_ld90_sim/install/amr_nav2/share/colcon-core/packages/amr_nav2)
[0.187s] Level 1:colcon.colcon_core.environment:create_environment_scripts_only(amr_nav2)
[0.187s] Level 1:colcon.colcon_core.environment:checking '/home/cayo-sousa/ws_ld90_sim/install/amr_nav2' for CMake module files
[0.187s] Level 1:colcon.colcon_core.environment:checking '/home/cayo-sousa/ws_ld90_sim/install/amr_nav2' for CMake config files
[0.188s] Level 1:colcon.colcon_core.shell:create_environment_hook('amr_nav2', 'cmake_prefix_path')
[0.188s] INFO:colcon.colcon_core.shell:Creating environment hook '/home/cayo-sousa/ws_ld90_sim/install/amr_nav2/share/amr_nav2/hook/cmake_prefix_path.ps1'
[0.189s] INFO:colcon.colcon_core.shell:Creating environment descriptor '/home/cayo-sousa/ws_ld90_sim/install/amr_nav2/share/amr_nav2/hook/cmake_prefix_path.dsv'
[0.189s] INFO:colcon.colcon_core.shell:Creating environment hook '/home/cayo-sousa/ws_ld90_sim/install/amr_nav2/share/amr_nav2/hook/cmake_prefix_path.sh'
[0.190s] Level 1:colcon.colcon_core.environment:checking '/home/cayo-sousa/ws_ld90_sim/install/amr_nav2/bin'
[0.190s] Level 1:colcon.colcon_core.environment:checking '/home/cayo-sousa/ws_ld90_sim/install/amr_nav2/lib/pkgconfig/amr_nav2.pc'
[0.190s] Level 1:colcon.colcon_core.environment:checking '/home/cayo-sousa/ws_ld90_sim/install/amr_nav2/lib/python3.12/site-packages'
[0.190s] Level 1:colcon.colcon_core.environment:checking '/home/cayo-sousa/ws_ld90_sim/install/amr_nav2/bin'
[0.191s] INFO:colcon.colcon_core.shell:Creating package script '/home/cayo-sousa/ws_ld90_sim/install/amr_nav2/share/amr_nav2/package.ps1'
[0.191s] INFO:colcon.colcon_core.shell:Creating package descriptor '/home/cayo-sousa/ws_ld90_sim/install/amr_nav2/share/amr_nav2/package.dsv'
[0.192s] INFO:colcon.colcon_core.shell:Creating package script '/home/cayo-sousa/ws_ld90_sim/install/amr_nav2/share/amr_nav2/package.sh'
[0.192s] INFO:colcon.colcon_core.shell:Creating package script '/home/cayo-sousa/ws_ld90_sim/install/amr_nav2/share/amr_nav2/package.bash'
[0.193s] INFO:colcon.colcon_core.shell:Creating package script '/home/cayo-sousa/ws_ld90_sim/install/amr_nav2/share/amr_nav2/package.zsh'
[0.193s] Level 1:colcon.colcon_core.environment:create_file_with_runtime_dependencies(/home/cayo-sousa/ws_ld90_sim/install/amr_nav2/share/colcon-core/packages/amr_nav2)
[0.195s] Level 1:colcon.colcon_core.environment:create_environment_scripts_only(amr_teleop)
[0.195s] Level 1:colcon.colcon_core.environment:checking '/home/cayo-sousa/ws_ld90_sim/install/amr_teleop' for CMake module files
[0.195s] DEBUG:colcon.colcon_core.event_handler.log_command:Invoked command in '/home/cayo-sousa/ws_ld90_sim/build/amr_teleop' returned '0': DEBUGINFOD_URLS=https://debuginfod.ubuntu.com /usr/bin/cmake --install /home/cayo-sousa/ws_ld90_sim/build/amr_teleop
[0.196s] Level 1:colcon.colcon_core.environment:checking '/home/cayo-sousa/ws_ld90_sim/install/amr_teleop' for CMake config files
[0.196s] Level 1:colcon.colcon_core.shell:create_environment_hook('amr_teleop', 'cmake_prefix_path')
[0.196s] INFO:colcon.colcon_core.shell:Creating environment hook '/home/cayo-sousa/ws_ld90_sim/install/amr_teleop/share/amr_teleop/hook/cmake_prefix_path.ps1'
[0.197s] INFO:colcon.colcon_core.shell:Creating environment descriptor '/home/cayo-sousa/ws_ld90_sim/install/amr_teleop/share/amr_teleop/hook/cmake_prefix_path.dsv'
[0.197s] INFO:colcon.colcon_core.shell:Creating environment hook '/home/cayo-sousa/ws_ld90_sim/install/amr_teleop/share/amr_teleop/hook/cmake_prefix_path.sh'
[0.198s] Level 1:colcon.colcon_core.environment:checking '/home/cayo-sousa/ws_ld90_sim/install/amr_teleop/bin'
[0.198s] Level 1:colcon.colcon_core.environment:checking '/home/cayo-sousa/ws_ld90_sim/install/amr_teleop/lib/pkgconfig/amr_teleop.pc'
[0.198s] Level 1:colcon.colcon_core.environment:checking '/home/cayo-sousa/ws_ld90_sim/install/amr_teleop/lib/python3.12/site-packages'
[0.199s] Level 1:colcon.colcon_core.environment:checking '/home/cayo-sousa/ws_ld90_sim/install/amr_teleop/bin'
[0.199s] INFO:colcon.colcon_core.shell:Creating package script '/home/cayo-sousa/ws_ld90_sim/install/amr_teleop/share/amr_teleop/package.ps1'
[0.200s] INFO:colcon.colcon_core.shell:Creating package descriptor '/home/cayo-sousa/ws_ld90_sim/install/amr_teleop/share/amr_teleop/package.dsv'
[0.201s] INFO:colcon.colcon_core.shell:Creating package script '/home/cayo-sousa/ws_ld90_sim/install/amr_teleop/share/amr_teleop/package.sh'
[0.201s] INFO:colcon.colcon_core.shell:Creating package script '/home/cayo-sousa/ws_ld90_sim/install/amr_teleop/share/amr_teleop/package.bash'
[0.201s] INFO:colcon.colcon_core.shell:Creating package script '/home/cayo-sousa/ws_ld90_sim/install/amr_teleop/share/amr_teleop/package.zsh'
[0.202s] Level 1:colcon.colcon_core.environment:create_file_with_runtime_dependencies(/home/cayo-sousa/ws_ld90_sim/install/amr_teleop/share/colcon-core/packages/amr_teleop)
[0.202s] Level 1:colcon.colcon_core.environment:create_environment_scripts_only(amr_teleop)
[0.202s] Level 1:colcon.colcon_core.environment:checking '/home/cayo-sousa/ws_ld90_sim/install/amr_teleop' for CMake module files
[0.203s] Level 1:colcon.colcon_core.environment:checking '/home/cayo-sousa/ws_ld90_sim/install/amr_teleop' for CMake config files
[0.203s] Level 1:colcon.colcon_core.shell:create_environment_hook('amr_teleop', 'cmake_prefix_path')
[0.203s] INFO:colcon.colcon_core.shell:Creating environment hook '/home/cayo-sousa/ws_ld90_sim/install/amr_teleop/share/amr_teleop/hook/cmake_prefix_path.ps1'
[0.204s] INFO:colcon.colcon_core.shell:Creating environment descriptor '/home/cayo-sousa/ws_ld90_sim/install/amr_teleop/share/amr_teleop/hook/cmake_prefix_path.dsv'
[0.204s] INFO:colcon.colcon_core.shell:Creating environment hook '/home/cayo-sousa/ws_ld90_sim/install/amr_teleop/share/amr_teleop/hook/cmake_prefix_path.sh'
[0.204s] Level 1:colcon.colcon_core.environment:checking '/home/cayo-sousa/ws_ld90_sim/install/amr_teleop/bin'
[0.204s] Level 1:colcon.colcon_core.environment:checking '/home/cayo-sousa/ws_ld90_sim/install/amr_teleop/lib/pkgconfig/amr_teleop.pc'
[0.205s] Level 1:colcon.colcon_core.environment:checking '/home/cayo-sousa/ws_ld90_sim/install/amr_teleop/lib/python3.12/site-packages'
[0.205s] Level 1:colcon.colcon_core.environment:checking '/home/cayo-sousa/ws_ld90_sim/install/amr_teleop/bin'
[0.205s] INFO:colcon.colcon_core.shell:Creating package script '/home/cayo-sousa/ws_ld90_sim/install/amr_teleop/share/amr_teleop/package.ps1'
[0.206s] INFO:colcon.colcon_core.shell:Creating package descriptor '/home/cayo-sousa/ws_ld90_sim/install/amr_teleop/share/amr_teleop/package.dsv'
[0.206s] INFO:colcon.colcon_core.shell:Creating package script '/home/cayo-sousa/ws_ld90_sim/install/amr_teleop/share/amr_teleop/package.sh'
[0.207s] INFO:colcon.colcon_core.shell:Creating package script '/home/cayo-sousa/ws_ld90_sim/install/amr_teleop/share/amr_teleop/package.bash'
[0.207s] INFO:colcon.colcon_core.shell:Creating package script '/home/cayo-sousa/ws_ld90_sim/install/amr_teleop/share/amr_teleop/package.zsh'
[0.207s] Level 1:colcon.colcon_core.environment:create_file_with_runtime_dependencies(/home/cayo-sousa/ws_ld90_sim/install/amr_teleop/share/colcon-core/packages/amr_teleop)
[0.302s] DEBUG:colcon.colcon_core.event_handler.log_command:Invoked command in '/home/cayo-sousa/ws_ld90_sim/build/libaria' returned '0': DEBUGINFOD_URLS=https://debuginfod.ubuntu.com /usr/bin/cmake --build /home/cayo-sousa/ws_ld90_sim/build/libaria -- -j12 -l12
[0.303s] DEBUG:colcon.colcon_core.event_handler.log_command:Invoking command in '/home/cayo-sousa/ws_ld90_sim/build/libaria': DEBUGINFOD_URLS=https://debuginfod.ubuntu.com /usr/bin/cmake --install /home/cayo-sousa/ws_ld90_sim/build/libaria
[0.318s] Level 1:colcon.colcon_core.shell:create_environment_hook('libaria', 'pkg_config_path')
[0.318s] INFO:colcon.colcon_core.shell:Creating environment hook '/home/cayo-sousa/ws_ld90_sim/install/libaria/share/libaria/hook/pkg_config_path.ps1'
[0.318s] INFO:colcon.colcon_core.shell:Creating environment descriptor '/home/cayo-sousa/ws_ld90_sim/install/libaria/share/libaria/hook/pkg_config_path.dsv'
[0.319s] INFO:colcon.colcon_core.shell:Creating environment hook '/home/cayo-sousa/ws_ld90_sim/install/libaria/share/libaria/hook/pkg_config_path.sh'
[0.326s] Level 1:colcon.colcon_core.shell:create_environment_hook('libaria', 'pkg_config_path_multiarch')
[0.326s] INFO:colcon.colcon_core.shell:Creating environment hook '/home/cayo-sousa/ws_ld90_sim/install/libaria/share/libaria/hook/pkg_config_path_multiarch.ps1'
[0.331s] INFO:colcon.colcon_core.shell:Creating environment descriptor '/home/cayo-sousa/ws_ld90_sim/install/libaria/share/libaria/hook/pkg_config_path_multiarch.dsv'
[0.331s] DEBUG:colcon.colcon_core.event_handler.log_command:Invoked command in '/home/cayo-sousa/ws_ld90_sim/build/libaria' returned '0': DEBUGINFOD_URLS=https://debuginfod.ubuntu.com /usr/bin/cmake --install /home/cayo-sousa/ws_ld90_sim/build/libaria
[0.332s] INFO:colcon.colcon_core.shell:Creating environment hook '/home/cayo-sousa/ws_ld90_sim/install/libaria/share/libaria/hook/pkg_config_path_multiarch.sh'
[0.332s] Level 1:colcon.colcon_core.environment:create_environment_scripts_only(libaria)
[0.332s] Level 1:colcon.colcon_core.environment:checking '/home/cayo-sousa/ws_ld90_sim/install/libaria' for CMake module files
[0.332s] Level 1:colcon.colcon_core.environment:checking '/home/cayo-sousa/ws_ld90_sim/install/libaria' for CMake config files
[0.333s] Level 1:colcon.colcon_core.shell:create_environment_hook('libaria', 'cmake_prefix_path')
[0.333s] INFO:colcon.colcon_core.shell:Creating environment hook '/home/cayo-sousa/ws_ld90_sim/install/libaria/share/libaria/hook/cmake_prefix_path.ps1'
[0.333s] INFO:colcon.colcon_core.shell:Creating environment descriptor '/home/cayo-sousa/ws_ld90_sim/install/libaria/share/libaria/hook/cmake_prefix_path.dsv'
[0.333s] INFO:colcon.colcon_core.shell:Creating environment hook '/home/cayo-sousa/ws_ld90_sim/install/libaria/share/libaria/hook/cmake_prefix_path.sh'
[0.334s] Level 1:colcon.colcon_core.environment:checking '/home/cayo-sousa/ws_ld90_sim/install/libaria/lib'
[0.334s] Level 1:colcon.colcon_core.shell:create_environment_hook('libaria', 'ld_library_path_lib')
[0.334s] INFO:colcon.colcon_core.shell:Creating environment hook '/home/cayo-sousa/ws_ld90_sim/install/libaria/share/libaria/hook/ld_library_path_lib.ps1'
[0.335s] INFO:colcon.colcon_core.shell:Creating environment descriptor '/home/cayo-sousa/ws_ld90_sim/install/libaria/share/libaria/hook/ld_library_path_lib.dsv'
[0.335s] INFO:colcon.colcon_core.shell:Creating environment hook '/home/cayo-sousa/ws_ld90_sim/install/libaria/share/libaria/hook/ld_library_path_lib.sh'
[0.335s] Level 1:colcon.colcon_core.environment:checking '/home/cayo-sousa/ws_ld90_sim/install/libaria/bin'
[0.335s] Level 1:colcon.colcon_core.shell:create_environment_hook('libaria', 'path')
[0.336s] INFO:colcon.colcon_core.shell:Creating environment hook '/home/cayo-sousa/ws_ld90_sim/install/libaria/share/libaria/hook/path.ps1'
[0.336s] INFO:colcon.colcon_core.shell:Creating environment descriptor '/home/cayo-sousa/ws_ld90_sim/install/libaria/share/libaria/hook/path.dsv'
[0.336s] INFO:colcon.colcon_core.shell:Creating environment hook '/home/cayo-sousa/ws_ld90_sim/install/libaria/share/libaria/hook/path.sh'
[0.337s] Level 1:colcon.colcon_core.environment:checking '/home/cayo-sousa/ws_ld90_sim/install/libaria/lib/pkgconfig/libaria.pc'
[0.337s] Level 1:colcon.colcon_core.environment:checking '/home/cayo-sousa/ws_ld90_sim/install/libaria/lib/python3.12/site-packages'
[0.337s] Level 1:colcon.colcon_core.environment:checking '/home/cayo-sousa/ws_ld90_sim/install/libaria/bin'
[0.337s] Level 1:colcon.colcon_core.shell:create_environment_hook('libaria', 'pythonscriptspath')
[0.337s] INFO:colcon.colcon_core.shell:Creating environment hook '/home/cayo-sousa/ws_ld90_sim/install/libaria/share/libaria/hook/pythonscriptspath.ps1'
[0.338s] INFO:colcon.colcon_core.shell:Creating environment descriptor '/home/cayo-sousa/ws_ld90_sim/install/libaria/share/libaria/hook/pythonscriptspath.dsv'
[0.338s] INFO:colcon.colcon_core.shell:Creating environment hook '/home/cayo-sousa/ws_ld90_sim/install/libaria/share/libaria/hook/pythonscriptspath.sh'
[0.338s] INFO:colcon.colcon_core.shell:Creating package script '/home/cayo-sousa/ws_ld90_sim/install/libaria/share/libaria/package.ps1'
[0.339s] INFO:colcon.colcon_core.shell:Creating package descriptor '/home/cayo-sousa/ws_ld90_sim/install/libaria/share/libaria/package.dsv'
[0.339s] INFO:colcon.colcon_core.shell:Creating package script '/home/cayo-sousa/ws_ld90_sim/install/libaria/share/libaria/package.sh'
[0.339s] INFO:colcon.colcon_core.shell:Creating package script '/home/cayo-sousa/ws_ld90_sim/install/libaria/share/libaria/package.bash'
[0.339s] INFO:colcon.colcon_core.shell:Creating package script '/home/cayo-sousa/ws_ld90_sim/install/libaria/share/libaria/package.zsh'
[0.340s] Level 1:colcon.colcon_core.environment:create_file_with_runtime_dependencies(/home/cayo-sousa/ws_ld90_sim/install/libaria/share/colcon-core/packages/libaria)
[0.362s] DEBUG:colcon.colcon_core.event_handler.log_command:Invoked command in '/home/cayo-sousa/ws_ld90_sim/build/amr_msgs' returned '0': DEBUGINFOD_URLS=https://debuginfod.ubuntu.com /usr/bin/cmake --build /home/cayo-sousa/ws_ld90_sim/build/amr_msgs -- -j12 -l12
[0.363s] DEBUG:colcon.colcon_core.event_handler.log_command:Invoking command in '/home/cayo-sousa/ws_ld90_sim/build/amr_msgs': DEBUGINFOD_URLS=https://debuginfod.ubuntu.com /usr/bin/cmake --install /home/cayo-sousa/ws_ld90_sim/build/amr_msgs
[0.407s] Level 1:colcon.colcon_core.environment:create_environment_scripts_only(amr_msgs)
[0.407s] Level 1:colcon.colcon_core.environment:checking '/home/cayo-sousa/ws_ld90_sim/install/amr_msgs' for CMake module files
[0.407s] DEBUG:colcon.colcon_core.event_handler.log_command:Invoked command in '/home/cayo-sousa/ws_ld90_sim/build/amr_msgs' returned '0': DEBUGINFOD_URLS=https://debuginfod.ubuntu.com /usr/bin/cmake --install /home/cayo-sousa/ws_ld90_sim/build/amr_msgs
[0.408s] Level 1:colcon.colcon_core.environment:checking '/home/cayo-sousa/ws_ld90_sim/install/amr_msgs' for CMake config files
[0.408s] Level 1:colcon.colcon_core.shell:create_environment_hook('amr_msgs', 'cmake_prefix_path')
[0.408s] INFO:colcon.colcon_core.shell:Creating environment hook '/home/cayo-sousa/ws_ld90_sim/install/amr_msgs/share/amr_msgs/hook/cmake_prefix_path.ps1'
[0.409s] INFO:colcon.colcon_core.shell:Creating environment descriptor '/home/cayo-sousa/ws_ld90_sim/install/amr_msgs/share/amr_msgs/hook/cmake_prefix_path.dsv'
[0.409s] INFO:colcon.colcon_core.shell:Creating environment hook '/home/cayo-sousa/ws_ld90_sim/install/amr_msgs/share/amr_msgs/hook/cmake_prefix_path.sh'
[0.409s] Level 1:colcon.colcon_core.environment:checking '/home/cayo-sousa/ws_ld90_sim/install/amr_msgs/lib'
[0.410s] Level 1:colcon.colcon_core.shell:create_environment_hook('amr_msgs', 'ld_library_path_lib')
[0.410s] INFO:colcon.colcon_core.shell:Creating environment hook '/home/cayo-sousa/ws_ld90_sim/install/amr_msgs/share/amr_msgs/hook/ld_library_path_lib.ps1'
[0.410s] INFO:colcon.colcon_core.shell:Creating environment descriptor '/home/cayo-sousa/ws_ld90_sim/install/amr_msgs/share/amr_msgs/hook/ld_library_path_lib.dsv'
[0.410s] INFO:colcon.colcon_core.shell:Creating environment hook '/home/cayo-sousa/ws_ld90_sim/install/amr_msgs/share/amr_msgs/hook/ld_library_path_lib.sh'
[0.411s] Level 1:colcon.colcon_core.environment:checking '/home/cayo-sousa/ws_ld90_sim/install/amr_msgs/bin'
[0.411s] Level 1:colcon.colcon_core.environment:checking '/home/cayo-sousa/ws_ld90_sim/install/amr_msgs/lib/pkgconfig/amr_msgs.pc'
[0.411s] Level 1:colcon.colcon_core.environment:checking '/home/cayo-sousa/ws_ld90_sim/install/amr_msgs/lib/python3.12/site-packages'
[0.411s] Level 1:colcon.colcon_core.shell:create_environment_hook('amr_msgs', 'pythonpath')
[0.411s] INFO:colcon.colcon_core.shell:Creating environment hook '/home/cayo-sousa/ws_ld90_sim/install/amr_msgs/share/amr_msgs/hook/pythonpath.ps1'
[0.411s] INFO:colcon.colcon_core.shell:Creating environment descriptor '/home/cayo-sousa/ws_ld90_sim/install/amr_msgs/share/amr_msgs/hook/pythonpath.dsv'
[0.412s] INFO:colcon.colcon_core.shell:Creating environment hook '/home/cayo-sousa/ws_ld90_sim/install/amr_msgs/share/amr_msgs/hook/pythonpath.sh'
[0.412s] Level 1:colcon.colcon_core.environment:checking '/home/cayo-sousa/ws_ld90_sim/install/amr_msgs/bin'
[0.412s] INFO:colcon.colcon_core.shell:Creating package script '/home/cayo-sousa/ws_ld90_sim/install/amr_msgs/share/amr_msgs/package.ps1'
[0.413s] INFO:colcon.colcon_core.shell:Creating package descriptor '/home/cayo-sousa/ws_ld90_sim/install/amr_msgs/share/amr_msgs/package.dsv'
[0.413s] INFO:colcon.colcon_core.shell:Creating package script '/home/cayo-sousa/ws_ld90_sim/install/amr_msgs/share/amr_msgs/package.sh'
[0.414s] INFO:colcon.colcon_core.shell:Creating package script '/home/cayo-sousa/ws_ld90_sim/install/amr_msgs/share/amr_msgs/package.bash'
[0.414s] INFO:colcon.colcon_core.shell:Creating package script '/home/cayo-sousa/ws_ld90_sim/install/amr_msgs/share/amr_msgs/package.zsh'
[0.414s] Level 1:colcon.colcon_core.environment:create_file_with_runtime_dependencies(/home/cayo-sousa/ws_ld90_sim/install/amr_msgs/share/colcon-core/packages/amr_msgs)
[0.415s] Level 1:colcon.colcon_core.environment:create_environment_scripts_only(amr_msgs)
[0.415s] Level 1:colcon.colcon_core.environment:checking '/home/cayo-sousa/ws_ld90_sim/install/amr_msgs' for CMake module files
[0.415s] Level 1:colcon.colcon_core.environment:checking '/home/cayo-sousa/ws_ld90_sim/install/amr_msgs' for CMake config files
[0.416s] Level 1:colcon.colcon_core.shell:create_environment_hook('amr_msgs', 'cmake_prefix_path')
[0.416s] INFO:colcon.colcon_core.shell:Creating environment hook '/home/cayo-sousa/ws_ld90_sim/install/amr_msgs/share/amr_msgs/hook/cmake_prefix_path.ps1'
[0.416s] INFO:colcon.colcon_core.shell:Creating environment descriptor '/home/cayo-sousa/ws_ld90_sim/install/amr_msgs/share/amr_msgs/hook/cmake_prefix_path.dsv'
[0.416s] INFO:colcon.colcon_core.shell:Creating environment hook '/home/cayo-sousa/ws_ld90_sim/install/amr_msgs/share/amr_msgs/hook/cmake_prefix_path.sh'
[0.417s] Level 1:colcon.colcon_core.environment:checking '/home/cayo-sousa/ws_ld90_sim/install/amr_msgs/lib'
[0.417s] Level 1:colcon.colcon_core.shell:create_environment_hook('amr_msgs', 'ld_library_path_lib')
[0.417s] INFO:colcon.colcon_core.shell:Creating environment hook '/home/cayo-sousa/ws_ld90_sim/install/amr_msgs/share/amr_msgs/hook/ld_library_path_lib.ps1'
[0.417s] INFO:colcon.colcon_core.shell:Creating environment descriptor '/home/cayo-sousa/ws_ld90_sim/install/amr_msgs/share/amr_msgs/hook/ld_library_path_lib.dsv'
[0.417s] INFO:colcon.colcon_core.shell:Creating environment hook '/home/cayo-sousa/ws_ld90_sim/install/amr_msgs/share/amr_msgs/hook/ld_library_path_lib.sh'
[0.418s] Level 1:colcon.colcon_core.environment:checking '/home/cayo-sousa/ws_ld90_sim/install/amr_msgs/bin'
[0.418s] Level 1:colcon.colcon_core.environment:checking '/home/cayo-sousa/ws_ld90_sim/install/amr_msgs/lib/pkgconfig/amr_msgs.pc'
[0.418s] Level 1:colcon.colcon_core.environment:checking '/home/cayo-sousa/ws_ld90_sim/install/amr_msgs/lib/python3.12/site-packages'
[0.418s] Level 1:colcon.colcon_core.shell:create_environment_hook('amr_msgs', 'pythonpath')
[0.418s] INFO:colcon.colcon_core.shell:Creating environment hook '/home/cayo-sousa/ws_ld90_sim/install/amr_msgs/share/amr_msgs/hook/pythonpath.ps1'
[0.418s] INFO:colcon.colcon_core.shell:Creating environment descriptor '/home/cayo-sousa/ws_ld90_sim/install/amr_msgs/share/amr_msgs/hook/pythonpath.dsv'
[0.419s] INFO:colcon.colcon_core.shell:Creating environment hook '/home/cayo-sousa/ws_ld90_sim/install/amr_msgs/share/amr_msgs/hook/pythonpath.sh'
[0.420s] Level 1:colcon.colcon_core.environment:checking '/home/cayo-sousa/ws_ld90_sim/install/amr_msgs/bin'
[0.420s] INFO:colcon.colcon_core.shell:Creating package script '/home/cayo-sousa/ws_ld90_sim/install/amr_msgs/share/amr_msgs/package.ps1'
[0.421s] INFO:colcon.colcon_core.shell:Creating package descriptor '/home/cayo-sousa/ws_ld90_sim/install/amr_msgs/share/amr_msgs/package.dsv'
[0.421s] INFO:colcon.colcon_core.shell:Creating package script '/home/cayo-sousa/ws_ld90_sim/install/amr_msgs/share/amr_msgs/package.sh'
[0.421s] INFO:colcon.colcon_core.shell:Creating package script '/home/cayo-sousa/ws_ld90_sim/install/amr_msgs/share/amr_msgs/package.bash'
[0.422s] INFO:colcon.colcon_core.shell:Creating package script '/home/cayo-sousa/ws_ld90_sim/install/amr_msgs/share/amr_msgs/package.zsh'
[0.422s] Level 1:colcon.colcon_core.environment:create_file_with_runtime_dependencies(/home/cayo-sousa/ws_ld90_sim/install/amr_msgs/share/colcon-core/packages/amr_msgs)
[0.422s] INFO:colcon.colcon_ros.task.ament_cmake.build:Building ROS package in '/home/cayo-sousa/ws_ld90_sim/src/omron_amr/amr_description' with build type 'ament_cmake'
[0.422s] INFO:colcon.colcon_cmake.task.cmake.build:Building CMake package in '/home/cayo-sousa/ws_ld90_sim/src/omron_amr/amr_description'
[0.423s] INFO:colcon.colcon_core.shell:Skip shell extension 'powershell' for command environment: Not usable outside of PowerShell
[0.423s] DEBUG:colcon.colcon_core.shell:Skip shell extension 'dsv' for command environment
[0.424s] INFO:colcon.colcon_ros.task.ament_cmake.build:Building ROS package in '/home/cayo-sousa/ws_ld90_sim/src/omron_amr/amr_core' with build type 'ament_cmake'
[0.424s] INFO:colcon.colcon_cmake.task.cmake.build:Building CMake package in '/home/cayo-sousa/ws_ld90_sim/src/omron_amr/amr_core'
[0.424s] INFO:colcon.colcon_core.shell:Skip shell extension 'powershell' for command environment: Not usable outside of PowerShell
[0.424s] DEBUG:colcon.colcon_core.shell:Skip shell extension 'dsv' for command environment
[0.429s] DEBUG:colcon.colcon_core.event_handler.log_command:Invoking command in '/home/cayo-sousa/ws_ld90_sim/build/amr_description': AMENT_PREFIX_PATH=/home/cayo-sousa/ws_ld90_sim/install/amr_msgs CMAKE_PREFIX_PATH=/home/cayo-sousa/ws_ld90_sim/install/amr_msgs DEBUGINFOD_URLS=https://debuginfod.ubuntu.com LD_LIBRARY_PATH=/home/cayo-sousa/ws_ld90_sim/install/amr_msgs/lib PYTHONPATH=/home/cayo-sousa/ws_ld90_sim/install/amr_msgs/lib/python3.12/site-packages /usr/bin/cmake --build /home/cayo-sousa/ws_ld90_sim/build/amr_description -- -j12 -l12
[0.430s] DEBUG:colcon.colcon_core.event_handler.log_command:Invoking command in '/home/cayo-sousa/ws_ld90_sim/build/amr_core': AMENT_PREFIX_PATH=/home/cayo-sousa/ws_ld90_sim/install/amr_msgs CMAKE_PREFIX_PATH=/home/cayo-sousa/ws_ld90_sim/install/libaria:/home/cayo-sousa/ws_ld90_sim/install/amr_msgs DEBUGINFOD_URLS=https://debuginfod.ubuntu.com LD_LIBRARY_PATH=/home/cayo-sousa/ws_ld90_sim/install/libaria/lib:/home/cayo-sousa/ws_ld90_sim/install/amr_msgs/lib PATH=/home/cayo-sousa/ws_ld90_sim/install/libaria/bin:${PATH} PKG_CONFIG_PATH=/home/cayo-sousa/ws_ld90_sim/install/libaria/lib/x86_64-linux-gnu/pkgconfig:/home/cayo-sousa/ws_ld90_sim/install/libaria/lib/pkgconfig PYTHONPATH=/home/cayo-sousa/ws_ld90_sim/install/amr_msgs/lib/python3.12/site-packages /usr/bin/cmake --build /home/cayo-sousa/ws_ld90_sim/build/amr_core -- -j12 -l12
[0.456s] DEBUG:colcon.colcon_core.event_handler.log_command:Invoked command in '/home/cayo-sousa/ws_ld90_sim/build/amr_description' returned '0': AMENT_PREFIX_PATH=/home/cayo-sousa/ws_ld90_sim/install/amr_msgs CMAKE_PREFIX_PATH=/home/cayo-sousa/ws_ld90_sim/install/amr_msgs DEBUGINFOD_URLS=https://debuginfod.ubuntu.com LD_LIBRARY_PATH=/home/cayo-sousa/ws_ld90_sim/install/amr_msgs/lib PYTHONPATH=/home/cayo-sousa/ws_ld90_sim/install/amr_msgs/lib/python3.12/site-packages /usr/bin/cmake --build /home/cayo-sousa/ws_ld90_sim/build/amr_description -- -j12 -l12
[0.457s] DEBUG:colcon.colcon_core.event_handler.log_command:Invoking command in '/home/cayo-sousa/ws_ld90_sim/build/amr_description': AMENT_PREFIX_PATH=/home/cayo-sousa/ws_ld90_sim/install/amr_msgs CMAKE_PREFIX_PATH=/home/cayo-sousa/ws_ld90_sim/install/amr_msgs DEBUGINFOD_URLS=https://debuginfod.ubuntu.com LD_LIBRARY_PATH=/home/cayo-sousa/ws_ld90_sim/install/amr_msgs/lib PYTHONPATH=/home/cayo-sousa/ws_ld90_sim/install/amr_msgs/lib/python3.12/site-packages /usr/bin/cmake --install /home/cayo-sousa/ws_ld90_sim/build/amr_description
[0.475s] Level 1:colcon.colcon_core.environment:create_environment_scripts_only(amr_description)
[0.475s] Level 1:colcon.colcon_core.environment:checking '/home/cayo-sousa/ws_ld90_sim/install/amr_description' for CMake module files
[0.476s] DEBUG:colcon.colcon_core.event_handler.log_command:Invoked command in '/home/cayo-sousa/ws_ld90_sim/build/amr_description' returned '0': AMENT_PREFIX_PATH=/home/cayo-sousa/ws_ld90_sim/install/amr_msgs CMAKE_PREFIX_PATH=/home/cayo-sousa/ws_ld90_sim/install/amr_msgs DEBUGINFOD_URLS=https://debuginfod.ubuntu.com LD_LIBRARY_PATH=/home/cayo-sousa/ws_ld90_sim/install/amr_msgs/lib PYTHONPATH=/home/cayo-sousa/ws_ld90_sim/install/amr_msgs/lib/python3.12/site-packages /usr/bin/cmake --install /home/cayo-sousa/ws_ld90_sim/build/amr_description
[0.476s] Level 1:colcon.colcon_core.environment:checking '/home/cayo-sousa/ws_ld90_sim/install/amr_description' for CMake config files
[0.476s] Level 1:colcon.colcon_core.shell:create_environment_hook('amr_description', 'cmake_prefix_path')
[0.477s] INFO:colcon.colcon_core.shell:Creating environment hook '/home/cayo-sousa/ws_ld90_sim/install/amr_description/share/amr_description/hook/cmake_prefix_path.ps1'
[0.477s] INFO:colcon.colcon_core.shell:Creating environment descriptor '/home/cayo-sousa/ws_ld90_sim/install/amr_description/share/amr_description/hook/cmake_prefix_path.dsv'
[0.477s] INFO:colcon.colcon_core.shell:Creating environment hook '/home/cayo-sousa/ws_ld90_sim/install/amr_description/share/amr_description/hook/cmake_prefix_path.sh'
[0.478s] Level 1:colcon.colcon_core.environment:checking '/home/cayo-sousa/ws_ld90_sim/install/amr_description/bin'
[0.478s] Level 1:colcon.colcon_core.environment:checking '/home/cayo-sousa/ws_ld90_sim/install/amr_description/lib/pkgconfig/amr_description.pc'
[0.478s] Level 1:colcon.colcon_core.environment:checking '/home/cayo-sousa/ws_ld90_sim/install/amr_description/lib/python3.12/site-packages'
[0.478s] Level 1:colcon.colcon_core.environment:checking '/home/cayo-sousa/ws_ld90_sim/install/amr_description/bin'
[0.478s] INFO:colcon.colcon_core.shell:Creating package script '/home/cayo-sousa/ws_ld90_sim/install/amr_description/share/amr_description/package.ps1'
[0.479s] INFO:colcon.colcon_core.shell:Creating package descriptor '/home/cayo-sousa/ws_ld90_sim/install/amr_description/share/amr_description/package.dsv'
[0.479s] INFO:colcon.colcon_core.shell:Creating package script '/home/cayo-sousa/ws_ld90_sim/install/amr_description/share/amr_description/package.sh'
[0.480s] INFO:colcon.colcon_core.shell:Creating package script '/home/cayo-sousa/ws_ld90_sim/install/amr_description/share/amr_description/package.bash'
[0.480s] INFO:colcon.colcon_core.shell:Creating package script '/home/cayo-sousa/ws_ld90_sim/install/amr_description/share/amr_description/package.zsh'
[0.480s] Level 1:colcon.colcon_core.environment:create_file_with_runtime_dependencies(/home/cayo-sousa/ws_ld90_sim/install/amr_description/share/colcon-core/packages/amr_description)
[0.481s] Level 1:colcon.colcon_core.environment:create_environment_scripts_only(amr_description)
[0.481s] Level 1:colcon.colcon_core.environment:checking '/home/cayo-sousa/ws_ld90_sim/install/amr_description' for CMake module files
[0.481s] Level 1:colcon.colcon_core.environment:checking '/home/cayo-sousa/ws_ld90_sim/install/amr_description' for CMake config files
[0.481s] Level 1:colcon.colcon_core.shell:create_environment_hook('amr_description', 'cmake_prefix_path')
[0.481s] INFO:colcon.colcon_core.shell:Creating environment hook '/home/cayo-sousa/ws_ld90_sim/install/amr_description/share/amr_description/hook/cmake_prefix_path.ps1'
[0.481s] INFO:colcon.colcon_core.shell:Creating environment descriptor '/home/cayo-sousa/ws_ld90_sim/install/amr_description/share/amr_description/hook/cmake_prefix_path.dsv'
[0.481s] INFO:colcon.colcon_core.shell:Creating environment hook '/home/cayo-sousa/ws_ld90_sim/install/amr_description/share/amr_description/hook/cmake_prefix_path.sh'
[0.482s] Level 1:colcon.colcon_core.environment:checking '/home/cayo-sousa/ws_ld90_sim/install/amr_description/bin'
[0.482s] Level 1:colcon.colcon_core.environment:checking '/home/cayo-sousa/ws_ld90_sim/install/amr_description/lib/pkgconfig/amr_description.pc'
[0.482s] Level 1:colcon.colcon_core.environment:checking '/home/cayo-sousa/ws_ld90_sim/install/amr_description/lib/python3.12/site-packages'
[0.482s] Level 1:colcon.colcon_core.environment:checking '/home/cayo-sousa/ws_ld90_sim/install/amr_description/bin'
[0.482s] INFO:colcon.colcon_core.shell:Creating package script '/home/cayo-sousa/ws_ld90_sim/install/amr_description/share/amr_description/package.ps1'
[0.482s] INFO:colcon.colcon_core.shell:Creating package descriptor '/home/cayo-sousa/ws_ld90_sim/install/amr_description/share/amr_description/package.dsv'
[0.482s] INFO:colcon.colcon_core.shell:Creating package script '/home/cayo-sousa/ws_ld90_sim/install/amr_description/share/amr_description/package.sh'
[0.483s] INFO:colcon.colcon_core.shell:Creating package script '/home/cayo-sousa/ws_ld90_sim/install/amr_description/share/amr_description/package.bash'
[0.483s] INFO:colcon.colcon_core.shell:Creating package script '/home/cayo-sousa/ws_ld90_sim/install/amr_description/share/amr_description/package.zsh'
[0.483s] Level 1:colcon.colcon_core.environment:create_file_with_runtime_dependencies(/home/cayo-sousa/ws_ld90_sim/install/amr_description/share/colcon-core/packages/amr_description)
[0.483s] INFO:colcon.colcon_ros.task.ament_python.build:Building ROS package in '/home/cayo-sousa/ws_ld90_sim/src/ld90_gz' with build type 'ament_python'
[0.483s] Level 1:colcon.colcon_core.shell:create_environment_hook('ld90_gz', 'ament_prefix_path')
[0.483s] INFO:colcon.colcon_core.shell:Creating environment hook '/home/cayo-sousa/ws_ld90_sim/install/ld90_gz/share/ld90_gz/hook/ament_prefix_path.ps1'
[0.484s] INFO:colcon.colcon_core.shell:Creating environment descriptor '/home/cayo-sousa/ws_ld90_sim/install/ld90_gz/share/ld90_gz/hook/ament_prefix_path.dsv'
[0.484s] INFO:colcon.colcon_core.shell:Creating environment hook '/home/cayo-sousa/ws_ld90_sim/install/ld90_gz/share/ld90_gz/hook/ament_prefix_path.sh'
[0.484s] INFO:colcon.colcon_core.shell:Skip shell extension 'powershell' for command environment: Not usable outside of PowerShell
[0.484s] DEBUG:colcon.colcon_core.shell:Skip shell extension 'dsv' for command environment
[0.486s] DEBUG:colcon.colcon_core.event_handler.log_command:Invoked command in '/home/cayo-sousa/ws_ld90_sim/build/amr_core' returned '0': AMENT_PREFIX_PATH=/home/cayo-sousa/ws_ld90_sim/install/amr_msgs CMAKE_PREFIX_PATH=/home/cayo-sousa/ws_ld90_sim/install/libaria:/home/cayo-sousa/ws_ld90_sim/install/amr_msgs DEBUGINFOD_URLS=https://debuginfod.ubuntu.com LD_LIBRARY_PATH=/home/cayo-sousa/ws_ld90_sim/install/libaria/lib:/home/cayo-sousa/ws_ld90_sim/install/amr_msgs/lib PATH=/home/cayo-sousa/ws_ld90_sim/install/libaria/bin:${PATH} PKG_CONFIG_PATH=/home/cayo-sousa/ws_ld90_sim/install/libaria/lib/x86_64-linux-gnu/pkgconfig:/home/cayo-sousa/ws_ld90_sim/install/libaria/lib/pkgconfig PYTHONPATH=/home/cayo-sousa/ws_ld90_sim/install/amr_msgs/lib/python3.12/site-packages /usr/bin/cmake --build /home/cayo-sousa/ws_ld90_sim/build/amr_core -- -j12 -l12
[0.487s] DEBUG:colcon.colcon_core.event_handler.log_command:Invoking command in '/home/cayo-sousa/ws_ld90_sim/build/amr_core': AMENT_PREFIX_PATH=/home/cayo-sousa/ws_ld90_sim/install/amr_msgs CMAKE_PREFIX_PATH=/home/cayo-sousa/ws_ld90_sim/install/libaria:/home/cayo-sousa/ws_ld90_sim/install/amr_msgs DEBUGINFOD_URLS=https://debuginfod.ubuntu.com LD_LIBRARY_PATH=/home/cayo-sousa/ws_ld90_sim/install/libaria/lib:/home/cayo-sousa/ws_ld90_sim/install/amr_msgs/lib PATH=/home/cayo-sousa/ws_ld90_sim/install/libaria/bin:${PATH} PKG_CONFIG_PATH=/home/cayo-sousa/ws_ld90_sim/install/libaria/lib/x86_64-linux-gnu/pkgconfig:/home/cayo-sousa/ws_ld90_sim/install/libaria/lib/pkgconfig PYTHONPATH=/home/cayo-sousa/ws_ld90_sim/install/amr_msgs/lib/python3.12/site-packages /usr/bin/cmake --install /home/cayo-sousa/ws_ld90_sim/build/amr_core
[0.590s] INFO:colcon.colcon_core.task.python.build:Building Python package in '/home/cayo-sousa/ws_ld90_sim/src/ld90_gz'
[0.591s] INFO:colcon.colcon_core.shell:Skip shell extension 'powershell' for command environment: Not usable outside of PowerShell
[0.591s] DEBUG:colcon.colcon_core.shell:Skip shell extension 'dsv' for command environment
[0.592s] Level 1:colcon.colcon_core.environment:create_environment_scripts_only(amr_core)
[0.592s] Level 1:colcon.colcon_core.environment:checking '/home/cayo-sousa/ws_ld90_sim/install/amr_core' for CMake module files
[0.592s] DEBUG:colcon.colcon_core.event_handler.log_command:Invoked command in '/home/cayo-sousa/ws_ld90_sim/build/amr_core' returned '0': AMENT_PREFIX_PATH=/home/cayo-sousa/ws_ld90_sim/install/amr_msgs CMAKE_PREFIX_PATH=/home/cayo-sousa/ws_ld90_sim/install/libaria:/home/cayo-sousa/ws_ld90_sim/install/amr_msgs DEBUGINFOD_URLS=https://debuginfod.ubuntu.com LD_LIBRARY_PATH=/home/cayo-sousa/ws_ld90_sim/install/libaria/lib:/home/cayo-sousa/ws_ld90_sim/install/amr_msgs/lib PATH=/home/cayo-sousa/ws_ld90_sim/install/libaria/bin:${PATH} PKG_CONFIG_PATH=/home/cayo-sousa/ws_ld90_sim/install/libaria/lib/x86_64-linux-gnu/pkgconfig:/home/cayo-sousa/ws_ld90_sim/install/libaria/lib/pkgconfig PYTHONPATH=/home/cayo-sousa/ws_ld90_sim/install/amr_msgs/lib/python3.12/site-packages /usr/bin/cmake --install /home/cayo-sousa/ws_ld90_sim/build/amr_core
[0.593s] Level 1:colcon.colcon_core.environment:checking '/home/cayo-sousa/ws_ld90_sim/install/amr_core' for CMake config files
[0.593s] Level 1:colcon.colcon_core.shell:create_environment_hook('amr_core', 'cmake_prefix_path')
[0.593s] INFO:colcon.colcon_core.shell:Creating environment hook '/home/cayo-sousa/ws_ld90_sim/install/amr_core/share/amr_core/hook/cmake_prefix_path.ps1'
[0.593s] INFO:colcon.colcon_core.shell:Creating environment descriptor '/home/cayo-sousa/ws_ld90_sim/install/amr_core/share/amr_core/hook/cmake_prefix_path.dsv'
[0.594s] INFO:colcon.colcon_core.shell:Creating environment hook '/home/cayo-sousa/ws_ld90_sim/install/amr_core/share/amr_core/hook/cmake_prefix_path.sh'
[0.594s] Level 1:colcon.colcon_core.environment:checking '/home/cayo-sousa/ws_ld90_sim/install/amr_core/lib'
[0.594s] Level 1:colcon.colcon_core.environment:checking '/home/cayo-sousa/ws_ld90_sim/install/amr_core/bin'
[0.594s] Level 1:colcon.colcon_core.environment:checking '/home/cayo-sousa/ws_ld90_sim/install/amr_core/lib/pkgconfig/amr_core.pc'
[0.594s] Level 1:colcon.colcon_core.environment:checking '/home/cayo-sousa/ws_ld90_sim/install/amr_core/lib/python3.12/site-packages'
[0.594s] Level 1:colcon.colcon_core.environment:checking '/home/cayo-sousa/ws_ld90_sim/install/amr_core/bin'
[0.594s] INFO:colcon.colcon_core.shell:Creating package script '/home/cayo-sousa/ws_ld90_sim/install/amr_core/share/amr_core/package.ps1'
[0.594s] INFO:colcon.colcon_core.shell:Creating package descriptor '/home/cayo-sousa/ws_ld90_sim/install/amr_core/share/amr_core/package.dsv'
[0.595s] INFO:colcon.colcon_core.shell:Creating package script '/home/cayo-sousa/ws_ld90_sim/install/amr_core/share/amr_core/package.sh'
[0.595s] INFO:colcon.colcon_core.shell:Creating package script '/home/cayo-sousa/ws_ld90_sim/install/amr_core/share/amr_core/package.bash'
[0.595s] INFO:colcon.colcon_core.shell:Creating package script '/home/cayo-sousa/ws_ld90_sim/install/amr_core/share/amr_core/package.zsh'
[0.595s] Level 1:colcon.colcon_core.environment:create_file_with_runtime_dependencies(/home/cayo-sousa/ws_ld90_sim/install/amr_core/share/colcon-core/packages/amr_core)
[0.595s] Level 1:colcon.colcon_core.environment:create_environment_scripts_only(amr_core)
[0.595s] Level 1:colcon.colcon_core.environment:checking '/home/cayo-sousa/ws_ld90_sim/install/amr_core' for CMake module files
[0.596s] Level 1:colcon.colcon_core.environment:checking '/home/cayo-sousa/ws_ld90_sim/install/amr_core' for CMake config files
[0.596s] Level 1:colcon.colcon_core.shell:create_environment_hook('amr_core', 'cmake_prefix_path')
[0.596s] INFO:colcon.colcon_core.shell:Creating environment hook '/home/cayo-sousa/ws_ld90_sim/install/amr_core/share/amr_core/hook/cmake_prefix_path.ps1'
[0.596s] INFO:colcon.colcon_core.shell:Creating environment descriptor '/home/cayo-sousa/ws_ld90_sim/install/amr_core/share/amr_core/hook/cmake_prefix_path.dsv'
[0.596s] INFO:colcon.colcon_core.shell:Creating environment hook '/home/cayo-sousa/ws_ld90_sim/install/amr_core/share/amr_core/hook/cmake_prefix_path.sh'
[0.596s] Level 1:colcon.colcon_core.environment:checking '/home/cayo-sousa/ws_ld90_sim/install/amr_core/lib'
[0.596s] Level 1:colcon.colcon_core.environment:checking '/home/cayo-sousa/ws_ld90_sim/install/amr_core/bin'
[0.596s] Level 1:colcon.colcon_core.environment:checking '/home/cayo-sousa/ws_ld90_sim/install/amr_core/lib/pkgconfig/amr_core.pc'
[0.596s] Level 1:colcon.colcon_core.environment:checking '/home/cayo-sousa/ws_ld90_sim/install/amr_core/lib/python3.12/site-packages'
[0.597s] Level 1:colcon.colcon_core.environment:checking '/home/cayo-sousa/ws_ld90_sim/install/amr_core/bin'
[0.597s] INFO:colcon.colcon_core.shell:Creating package script '/home/cayo-sousa/ws_ld90_sim/install/amr_core/share/amr_core/package.ps1'
[0.597s] INFO:colcon.colcon_core.shell:Creating package descriptor '/home/cayo-sousa/ws_ld90_sim/install/amr_core/share/amr_core/package.dsv'
[0.597s] INFO:colcon.colcon_core.shell:Creating package script '/home/cayo-sousa/ws_ld90_sim/install/amr_core/share/amr_core/package.sh'
[0.597s] INFO:colcon.colcon_core.shell:Creating package script '/home/cayo-sousa/ws_ld90_sim/install/amr_core/share/amr_core/package.bash'
[0.598s] INFO:colcon.colcon_core.shell:Creating package script '/home/cayo-sousa/ws_ld90_sim/install/amr_core/share/amr_core/package.zsh'
[0.598s] Level 1:colcon.colcon_core.environment:create_file_with_runtime_dependencies(/home/cayo-sousa/ws_ld90_sim/install/amr_core/share/colcon-core/packages/amr_core)
[0.598s] INFO:colcon.colcon_ros.task.ament_cmake.build:Building ROS package in '/home/cayo-sousa/ws_ld90_sim/src/omron_amr/amr_ros' with build type 'ament_cmake'
[0.598s] INFO:colcon.colcon_cmake.task.cmake.build:Building CMake package in '/home/cayo-sousa/ws_ld90_sim/src/omron_amr/amr_ros'
[0.598s] INFO:colcon.colcon_core.shell:Skip shell extension 'powershell' for command environment: Not usable outside of PowerShell
[0.598s] DEBUG:colcon.colcon_core.shell:Skip shell extension 'dsv' for command environment
[0.607s] DEBUG:colcon.colcon_core.event_handler.log_command:Invoking command in '/home/cayo-sousa/ws_ld90_sim/build/amr_ros': AMENT_PREFIX_PATH=/home/cayo-sousa/ws_ld90_sim/install/amr_description:/home/cayo-sousa/ws_ld90_sim/install/amr_core:/home/cayo-sousa/ws_ld90_sim/install/amr_nav2:/home/cayo-sousa/ws_ld90_sim/install/amr_msgs CMAKE_PREFIX_PATH=/home/cayo-sousa/ws_ld90_sim/install/amr_description:/home/cayo-sousa/ws_ld90_sim/install/amr_core:/home/cayo-sousa/ws_ld90_sim/install/libaria:/home/cayo-sousa/ws_ld90_sim/install/amr_nav2:/home/cayo-sousa/ws_ld90_sim/install/amr_msgs DEBUGINFOD_URLS=https://debuginfod.ubuntu.com LD_LIBRARY_PATH=/home/cayo-sousa/ws_ld90_sim/install/libaria/lib:/home/cayo-sousa/ws_ld90_sim/install/amr_msgs/lib PATH=/home/cayo-sousa/ws_ld90_sim/install/libaria/bin:${PATH} PKG_CONFIG_PATH=/home/cayo-sousa/ws_ld90_sim/install/libaria/lib/x86_64-linux-gnu/pkgconfig:/home/cayo-sousa/ws_ld90_sim/install/libaria/lib/pkgconfig PYTHONPATH=/home/cayo-sousa/ws_ld90_sim/install/amr_msgs/lib/python3.12/site-packages /usr/bin/cmake --build /home/cayo-sousa/ws_ld90_sim/build/amr_ros -- -j12 -l12
[0.636s] DEBUG:colcon.colcon_core.event_handler.log_command:Invoked command in '/home/cayo-sousa/ws_ld90_sim/build/amr_ros' returned '0': AMENT_PREFIX_PATH=/home/cayo-sousa/ws_ld90_sim/install/amr_description:/home/cayo-sousa/ws_ld90_sim/install/amr_core:/home/cayo-sousa/ws_ld90_sim/install/amr_nav2:/home/cayo-sousa/ws_ld90_sim/install/amr_msgs CMAKE_PREFIX_PATH=/home/cayo-sousa/ws_ld90_sim/install/amr_description:/home/cayo-sousa/ws_ld90_sim/install/amr_core:/home/cayo-sousa/ws_ld90_sim/install/libaria:/home/cayo-sousa/ws_ld90_sim/install/amr_nav2:/home/cayo-sousa/ws_ld90_sim/install/amr_msgs DEBUGINFOD_URLS=https://debuginfod.ubuntu.com LD_LIBRARY_PATH=/home/cayo-sousa/ws_ld90_sim/install/libaria/lib:/home/cayo-sousa/ws_ld90_sim/install/amr_msgs/lib PATH=/home/cayo-sousa/ws_ld90_sim/install/libaria/bin:${PATH} PKG_CONFIG_PATH=/home/cayo-sousa/ws_ld90_sim/install/libaria/lib/x86_64-linux-gnu/pkgconfig:/home/cayo-sousa/ws_ld90_sim/install/libaria/lib/pkgconfig PYTHONPATH=/home/cayo-sousa/ws_ld90_sim/install/amr_msgs/lib/python3.12/site-packages /usr/bin/cmake --build /home/cayo-sousa/ws_ld90_sim/build/amr_ros -- -j12 -l12
[0.637s] DEBUG:colcon.colcon_core.event_handler.log_command:Invoking command in '/home/cayo-sousa/ws_ld90_sim/build/amr_ros': AMENT_PREFIX_PATH=/home/cayo-sousa/ws_ld90_sim/install/amr_description:/home/cayo-sousa/ws_ld90_sim/install/amr_core:/home/cayo-sousa/ws_ld90_sim/install/amr_nav2:/home/cayo-sousa/ws_ld90_sim/install/amr_msgs CMAKE_PREFIX_PATH=/home/cayo-sousa/ws_ld90_sim/install/amr_description:/home/cayo-sousa/ws_ld90_sim/install/amr_core:/home/cayo-sousa/ws_ld90_sim/install/libaria:/home/cayo-sousa/ws_ld90_sim/install/amr_nav2:/home/cayo-sousa/ws_ld90_sim/install/amr_msgs DEBUGINFOD_URLS=https://debuginfod.ubuntu.com LD_LIBRARY_PATH=/home/cayo-sousa/ws_ld90_sim/install/libaria/lib:/home/cayo-sousa/ws_ld90_sim/install/amr_msgs/lib PATH=/home/cayo-sousa/ws_ld90_sim/install/libaria/bin:${PATH} PKG_CONFIG_PATH=/home/cayo-sousa/ws_ld90_sim/install/libaria/lib/x86_64-linux-gnu/pkgconfig:/home/cayo-sousa/ws_ld90_sim/install/libaria/lib/pkgconfig PYTHONPATH=/home/cayo-sousa/ws_ld90_sim/install/amr_msgs/lib/python3.12/site-packages /usr/bin/cmake --install /home/cayo-sousa/ws_ld90_sim/build/amr_ros
[0.653s] Level 1:colcon.colcon_core.environment:create_environment_scripts_only(amr_ros)
[0.654s] Level 1:colcon.colcon_core.environment:checking '/home/cayo-sousa/ws_ld90_sim/install/amr_ros' for CMake module files
[0.654s] DEBUG:colcon.colcon_core.event_handler.log_command:Invoked command in '/home/cayo-sousa/ws_ld90_sim/build/amr_ros' returned '0': AMENT_PREFIX_PATH=/home/cayo-sousa/ws_ld90_sim/install/amr_description:/home/cayo-sousa/ws_ld90_sim/install/amr_core:/home/cayo-sousa/ws_ld90_sim/install/amr_nav2:/home/cayo-sousa/ws_ld90_sim/install/amr_msgs CMAKE_PREFIX_PATH=/home/cayo-sousa/ws_ld90_sim/install/amr_description:/home/cayo-sousa/ws_ld90_sim/install/amr_core:/home/cayo-sousa/ws_ld90_sim/install/libaria:/home/cayo-sousa/ws_ld90_sim/install/amr_nav2:/home/cayo-sousa/ws_ld90_sim/install/amr_msgs DEBUGINFOD_URLS=https://debuginfod.ubuntu.com LD_LIBRARY_PATH=/home/cayo-sousa/ws_ld90_sim/install/libaria/lib:/home/cayo-sousa/ws_ld90_sim/install/amr_msgs/lib PATH=/home/cayo-sousa/ws_ld90_sim/install/libaria/bin:${PATH} PKG_CONFIG_PATH=/home/cayo-sousa/ws_ld90_sim/install/libaria/lib/x86_64-linux-gnu/pkgconfig:/home/cayo-sousa/ws_ld90_sim/install/libaria/lib/pkgconfig PYTHONPATH=/home/cayo-sousa/ws_ld90_sim/install/amr_msgs/lib/python3.12/site-packages /usr/bin/cmake --install /home/cayo-sousa/ws_ld90_sim/build/amr_ros
[0.655s] Level 1:colcon.colcon_core.environment:checking '/home/cayo-sousa/ws_ld90_sim/install/amr_ros' for CMake config files
[0.655s] Level 1:colcon.colcon_core.shell:create_environment_hook('amr_ros', 'cmake_prefix_path')
[0.655s] INFO:colcon.colcon_core.shell:Creating environment hook '/home/cayo-sousa/ws_ld90_sim/install/amr_ros/share/amr_ros/hook/cmake_prefix_path.ps1'
[0.656s] INFO:colcon.colcon_core.shell:Creating environment descriptor '/home/cayo-sousa/ws_ld90_sim/install/amr_ros/share/amr_ros/hook/cmake_prefix_path.dsv'
[0.656s] INFO:colcon.colcon_core.shell:Creating environment hook '/home/cayo-sousa/ws_ld90_sim/install/amr_ros/share/amr_ros/hook/cmake_prefix_path.sh'
[0.656s] Level 1:colcon.colcon_core.environment:checking '/home/cayo-sousa/ws_ld90_sim/install/amr_ros/bin'
[0.657s] Level 1:colcon.colcon_core.environment:checking '/home/cayo-sousa/ws_ld90_sim/install/amr_ros/lib/pkgconfig/amr_ros.pc'
[0.657s] Level 1:colcon.colcon_core.environment:checking '/home/cayo-sousa/ws_ld90_sim/install/amr_ros/lib/python3.12/site-packages'
[0.657s] Level 1:colcon.colcon_core.environment:checking '/home/cayo-sousa/ws_ld90_sim/install/amr_ros/bin'
[0.657s] INFO:colcon.colcon_core.shell:Creating package script '/home/cayo-sousa/ws_ld90_sim/install/amr_ros/share/amr_ros/package.ps1'
[0.658s] INFO:colcon.colcon_core.shell:Creating package descriptor '/home/cayo-sousa/ws_ld90_sim/install/amr_ros/share/amr_ros/package.dsv'
[0.658s] INFO:colcon.colcon_core.shell:Creating package script '/home/cayo-sousa/ws_ld90_sim/install/amr_ros/share/amr_ros/package.sh'
[0.659s] INFO:colcon.colcon_core.shell:Creating package script '/home/cayo-sousa/ws_ld90_sim/install/amr_ros/share/amr_ros/package.bash'
[0.659s] INFO:colcon.colcon_core.shell:Creating package script '/home/cayo-sousa/ws_ld90_sim/install/amr_ros/share/amr_ros/package.zsh'
[0.659s] Level 1:colcon.colcon_core.environment:create_file_with_runtime_dependencies(/home/cayo-sousa/ws_ld90_sim/install/amr_ros/share/colcon-core/packages/amr_ros)
[0.659s] Level 1:colcon.colcon_core.environment:create_environment_scripts_only(amr_ros)
[0.660s] Level 1:colcon.colcon_core.environment:checking '/home/cayo-sousa/ws_ld90_sim/install/amr_ros' for CMake module files
[0.660s] Level 1:colcon.colcon_core.environment:checking '/home/cayo-sousa/ws_ld90_sim/install/amr_ros' for CMake config files
[0.660s] Level 1:colcon.colcon_core.shell:create_environment_hook('amr_ros', 'cmake_prefix_path')
[0.661s] INFO:colcon.colcon_core.shell:Creating environment hook '/home/cayo-sousa/ws_ld90_sim/install/amr_ros/share/amr_ros/hook/cmake_prefix_path.ps1'
[0.661s] INFO:colcon.colcon_core.shell:Creating environment descriptor '/home/cayo-sousa/ws_ld90_sim/install/amr_ros/share/amr_ros/hook/cmake_prefix_path.dsv'
[0.661s] INFO:colcon.colcon_core.shell:Creating environment hook '/home/cayo-sousa/ws_ld90_sim/install/amr_ros/share/amr_ros/hook/cmake_prefix_path.sh'
[0.662s] Level 1:colcon.colcon_core.environment:checking '/home/cayo-sousa/ws_ld90_sim/install/amr_ros/bin'
[0.662s] Level 1:colcon.colcon_core.environment:checking '/home/cayo-sousa/ws_ld90_sim/install/amr_ros/lib/pkgconfig/amr_ros.pc'
[0.662s] Level 1:colcon.colcon_core.environment:checking '/home/cayo-sousa/ws_ld90_sim/install/amr_ros/lib/python3.12/site-packages'
[0.662s] Level 1:colcon.colcon_core.environment:checking '/home/cayo-sousa/ws_ld90_sim/install/amr_ros/bin'
[0.662s] INFO:colcon.colcon_core.shell:Creating package script '/home/cayo-sousa/ws_ld90_sim/install/amr_ros/share/amr_ros/package.ps1'
[0.663s] INFO:colcon.colcon_core.shell:Creating package descriptor '/home/cayo-sousa/ws_ld90_sim/install/amr_ros/share/amr_ros/package.dsv'
[0.663s] INFO:colcon.colcon_core.shell:Creating package script '/home/cayo-sousa/ws_ld90_sim/install/amr_ros/share/amr_ros/package.sh'
[0.664s] INFO:colcon.colcon_core.shell:Creating package script '/home/cayo-sousa/ws_ld90_sim/install/amr_ros/share/amr_ros/package.bash'
[0.664s] INFO:colcon.colcon_core.shell:Creating package script '/home/cayo-sousa/ws_ld90_sim/install/amr_ros/share/amr_ros/package.zsh'
[0.664s] Level 1:colcon.colcon_core.environment:create_file_with_runtime_dependencies(/home/cayo-sousa/ws_ld90_sim/install/amr_ros/share/colcon-core/packages/amr_ros)
[0.848s] DEBUG:colcon.colcon_core.event_handler.log_command:Invoking command in '/home/cayo-sousa/ws_ld90_sim/build/ld90_gz': AMENT_PREFIX_PATH=/home/cayo-sousa/ws_ld90_sim/install/amr_description:/home/cayo-sousa/ws_ld90_sim/install/amr_msgs CMAKE_PREFIX_PATH=/home/cayo-sousa/ws_ld90_sim/install/amr_description:/home/cayo-sousa/ws_ld90_sim/install/amr_msgs DEBUGINFOD_URLS=https://debuginfod.ubuntu.com LD_LIBRARY_PATH=/home/cayo-sousa/ws_ld90_sim/install/amr_msgs/lib PYTHONPATH=/home/cayo-sousa/ws_ld90_sim/build/ld90_gz/prefix_override:/usr/lib/python3/dist-packages/colcon_core/task/python/colcon_distutils_commands:/home/cayo-sousa/ws_ld90_sim/install/ld90_gz/lib/python3.12/site-packages:/home/cayo-sousa/ws_ld90_sim/install/amr_msgs/lib/python3.12/site-packages /usr/bin/python3 -W ignore:setup.py install is deprecated -W ignore:easy_install command is deprecated setup.py develop --editable --build-directory /home/cayo-sousa/ws_ld90_sim/build/ld90_gz/build --no-deps symlink_data
[1.094s] Level 1:colcon.colcon_core.shell:create_environment_hook('ld90_gz', 'pythonpath_develop')
[1.094s] INFO:colcon.colcon_core.shell:Creating environment hook '/home/cayo-sousa/ws_ld90_sim/build/ld90_gz/share/ld90_gz/hook/pythonpath_develop.ps1'
[1.094s] DEBUG:colcon.colcon_core.event_handler.log_command:Invoked command in '/home/cayo-sousa/ws_ld90_sim/build/ld90_gz' returned '0': AMENT_PREFIX_PATH=/home/cayo-sousa/ws_ld90_sim/install/amr_description:/home/cayo-sousa/ws_ld90_sim/install/amr_msgs CMAKE_PREFIX_PATH=/home/cayo-sousa/ws_ld90_sim/install/amr_description:/home/cayo-sousa/ws_ld90_sim/install/amr_msgs DEBUGINFOD_URLS=https://debuginfod.ubuntu.com LD_LIBRARY_PATH=/home/cayo-sousa/ws_ld90_sim/install/amr_msgs/lib PYTHONPATH=/home/cayo-sousa/ws_ld90_sim/build/ld90_gz/prefix_override:/usr/lib/python3/dist-packages/colcon_core/task/python/colcon_distutils_commands:/home/cayo-sousa/ws_ld90_sim/install/ld90_gz/lib/python3.12/site-packages:/home/cayo-sousa/ws_ld90_sim/install/amr_msgs/lib/python3.12/site-packages /usr/bin/python3 -W ignore:setup.py install is deprecated -W ignore:easy_install command is deprecated setup.py develop --editable --build-directory /home/cayo-sousa/ws_ld90_sim/build/ld90_gz/build --no-deps symlink_data
[1.095s] INFO:colcon.colcon_core.shell:Creating environment descriptor '/home/cayo-sousa/ws_ld90_sim/build/ld90_gz/share/ld90_gz/hook/pythonpath_develop.dsv'
[1.095s] INFO:colcon.colcon_core.shell:Creating environment hook '/home/cayo-sousa/ws_ld90_sim/build/ld90_gz/share/ld90_gz/hook/pythonpath_develop.sh'
[1.095s] Level 1:colcon.colcon_core.environment:checking '/home/cayo-sousa/ws_ld90_sim/install/ld90_gz' for CMake module files
[1.095s] Level 1:colcon.colcon_core.environment:checking '/home/cayo-sousa/ws_ld90_sim/install/ld90_gz' for CMake config files
[1.096s] Level 1:colcon.colcon_core.environment:checking '/home/cayo-sousa/ws_ld90_sim/install/ld90_gz/lib'
[1.096s] Level 1:colcon.colcon_core.environment:checking '/home/cayo-sousa/ws_ld90_sim/install/ld90_gz/bin'
[1.096s] Level 1:colcon.colcon_core.environment:checking '/home/cayo-sousa/ws_ld90_sim/install/ld90_gz/lib/pkgconfig/ld90_gz.pc'
[1.096s] Level 1:colcon.colcon_core.environment:checking '/home/cayo-sousa/ws_ld90_sim/install/ld90_gz/lib/python3.12/site-packages'
[1.096s] Level 1:colcon.colcon_core.shell:create_environment_hook('ld90_gz', 'pythonpath')
[1.096s] INFO:colcon.colcon_core.shell:Creating environment hook '/home/cayo-sousa/ws_ld90_sim/install/ld90_gz/share/ld90_gz/hook/pythonpath.ps1'
[1.096s] INFO:colcon.colcon_core.shell:Creating environment descriptor '/home/cayo-sousa/ws_ld90_sim/install/ld90_gz/share/ld90_gz/hook/pythonpath.dsv'
[1.096s] INFO:colcon.colcon_core.shell:Creating environment hook '/home/cayo-sousa/ws_ld90_sim/install/ld90_gz/share/ld90_gz/hook/pythonpath.sh'
[1.097s] Level 1:colcon.colcon_core.environment:checking '/home/cayo-sousa/ws_ld90_sim/install/ld90_gz/bin'
[1.097s] Level 1:colcon.colcon_core.environment:create_environment_scripts_only(ld90_gz)
[1.097s] INFO:colcon.colcon_core.shell:Creating package script '/home/cayo-sousa/ws_ld90_sim/install/ld90_gz/share/ld90_gz/package.ps1'
[1.097s] INFO:colcon.colcon_core.shell:Creating package descriptor '/home/cayo-sousa/ws_ld90_sim/install/ld90_gz/share/ld90_gz/package.dsv'
[1.097s] INFO:colcon.colcon_core.shell:Creating package script '/home/cayo-sousa/ws_ld90_sim/install/ld90_gz/share/ld90_gz/package.sh'
[1.098s] INFO:colcon.colcon_core.shell:Creating package script '/home/cayo-sousa/ws_ld90_sim/install/ld90_gz/share/ld90_gz/package.bash'
[1.098s] INFO:colcon.colcon_core.shell:Creating package script '/home/cayo-sousa/ws_ld90_sim/install/ld90_gz/share/ld90_gz/package.zsh'
[1.098s] Level 1:colcon.colcon_core.environment:create_file_with_runtime_dependencies(/home/cayo-sousa/ws_ld90_sim/install/ld90_gz/share/colcon-core/packages/ld90_gz)
[1.098s] DEBUG:colcon.colcon_parallel_executor.executor.parallel:closing loop
[1.098s] DEBUG:colcon.colcon_parallel_executor.executor.parallel:loop closed
[1.098s] DEBUG:colcon.colcon_parallel_executor.executor.parallel:run_until_complete finished with '0'
[1.098s] DEBUG:colcon.colcon_core.event_reactor:joining thread
[1.101s] INFO:colcon.colcon_core.plugin_system:Skipping extension 'colcon_notification.desktop_notification.terminal_notifier': Not used on non-Darwin systems
[1.101s] INFO:colcon.colcon_core.plugin_system:Skipping extension 'colcon_notification.desktop_notification.win32': Not used on non-Windows systems
[1.101s] INFO:colcon.colcon_notification.desktop_notification:Sending desktop notification using 'notify2'
[1.107s] DEBUG:colcon.colcon_core.event_reactor:joined thread
[1.107s] INFO:colcon.colcon_core.shell:Creating prefix script '/home/cayo-sousa/ws_ld90_sim/install/local_setup.ps1'
[1.107s] INFO:colcon.colcon_core.shell:Creating prefix util module '/home/cayo-sousa/ws_ld90_sim/install/_local_setup_util_ps1.py'
[1.108s] INFO:colcon.colcon_core.shell:Creating prefix chain script '/home/cayo-sousa/ws_ld90_sim/install/setup.ps1'
[1.108s] INFO:colcon.colcon_core.shell:Creating prefix script '/home/cayo-sousa/ws_ld90_sim/install/local_setup.sh'
[1.109s] INFO:colcon.colcon_core.shell:Creating prefix util module '/home/cayo-sousa/ws_ld90_sim/install/_local_setup_util_sh.py'
[1.109s] INFO:colcon.colcon_core.shell:Creating prefix chain script '/home/cayo-sousa/ws_ld90_sim/install/setup.sh'
[1.109s] INFO:colcon.colcon_core.shell:Creating prefix script '/home/cayo-sousa/ws_ld90_sim/install/local_setup.bash'
[1.109s] INFO:colcon.colcon_core.shell:Creating prefix chain script '/home/cayo-sousa/ws_ld90_sim/install/setup.bash'
[1.110s] INFO:colcon.colcon_core.shell:Creating prefix script '/home/cayo-sousa/ws_ld90_sim/install/local_setup.zsh'
[1.110s] INFO:colcon.colcon_core.shell:Creating prefix chain script '/home/cayo-sousa/ws_ld90_sim/install/setup.zsh'
