-- The C compiler identification is GNU 13.3.0
-- The CXX compiler identification is GNU 13.3.0
-- Detecting C compiler ABI info
-- Detecting C compiler ABI info - done
-- Check for working C compiler: /usr/bin/cc - skipped
-- Detecting C compile features
-- Detecting C compile features - done
-- Detecting CXX compiler ABI info
-- Detecting CXX compiler ABI info - done
-- Check for working CXX compiler: /usr/bin/c++ - skipped
-- Detecting CXX compile features
-- Detecting CXX compile features - done
-- Found ament_cmake: 2.5.6 (/opt/ros/jazzy/share/ament_cmake/cmake)
-- Found Python3: /usr/bin/python3 (found version "3.12.3") found components: Interpreter 
-- Override CMake install command with custom implementation using symlinks instead of copying resources
-- Found teleop_twist_joy: 2.6.5 (/opt/ros/jazzy/share/teleop_twist_joy/cmake)
-- Configuring done (0.8s)
-- Generating done (0.0s)
-- Build files have been written to: /home/cayo-sousa/ws_ld90_sim/build/amr_teleop
-- Install configuration: ""
-- Execute custom install script
-- Symlinking: /home/cayo-sousa/ws_ld90_sim/install/amr_teleop/share/amr_teleop/launch/amr_joyop.launch.py
-- Symlinking: /home/cayo-sousa/ws_ld90_sim/install/amr_teleop/share/amr_teleop/config/teleop.yaml
-- Symlinking: /home/cayo-sousa/ws_ld90_sim/install/amr_teleop/share/ament_index/resource_index/package_run_dependencies/amr_teleop
-- Symlinking: /home/cayo-sousa/ws_ld90_sim/install/amr_teleop/share/ament_index/resource_index/parent_prefix_path/amr_teleop
-- Symlinking: /home/cayo-sousa/ws_ld90_sim/install/amr_teleop/share/amr_teleop/environment/ament_prefix_path.sh
-- Symlinking: /home/cayo-sousa/ws_ld90_sim/install/amr_teleop/share/amr_teleop/environment/ament_prefix_path.dsv
-- Symlinking: /home/cayo-sousa/ws_ld90_sim/install/amr_teleop/share/amr_teleop/environment/path.sh
-- Symlinking: /home/cayo-sousa/ws_ld90_sim/install/amr_teleop/share/amr_teleop/environment/path.dsv
-- Symlinking: /home/cayo-sousa/ws_ld90_sim/install/amr_teleop/share/amr_teleop/local_setup.bash
-- Symlinking: /home/cayo-sousa/ws_ld90_sim/install/amr_teleop/share/amr_teleop/local_setup.sh
-- Symlinking: /home/cayo-sousa/ws_ld90_sim/install/amr_teleop/share/amr_teleop/local_setup.zsh
-- Symlinking: /home/cayo-sousa/ws_ld90_sim/install/amr_teleop/share/amr_teleop/local_setup.dsv
-- Symlinking: /home/cayo-sousa/ws_ld90_sim/install/amr_teleop/share/amr_teleop/package.dsv
-- Symlinking: /home/cayo-sousa/ws_ld90_sim/install/amr_teleop/share/ament_index/resource_index/packages/amr_teleop
-- Symlinking: /home/cayo-sousa/ws_ld90_sim/install/amr_teleop/share/amr_teleop/cmake/amr_teleopConfig.cmake
-- Symlinking: /home/cayo-sousa/ws_ld90_sim/install/amr_teleop/share/amr_teleop/cmake/amr_teleopConfig-version.cmake
-- Symlinking: /home/cayo-sousa/ws_ld90_sim/install/amr_teleop/share/amr_teleop/package.xml
