[0.009s] Invoking command in '/home/cayo-sousa/ws_ld90_sim/build/amr_teleop': CMAKE_PREFIX_PATH=${CMAKE_PREFIX_PATH}:/opt/ros/jazzy:/home/cayo-sousa/ws_ld90_sim/install/ld90_gz DEBUGINFOD_URLS=https://debuginfod.ubuntu.com /usr/bin/cmake /home/cayo-sousa/ws_ld90_sim/src/omron_amr/amr_teleop -DAMENT_CMAKE_SYMLINK_INSTALL=1 -DCMAKE_INSTALL_PREFIX=/home/cayo-sousa/ws_ld90_sim/install/amr_teleop
[0.078s] -- The C compiler identification is GNU 13.3.0
[0.169s] -- The CXX compiler identification is GNU 13.3.0
[0.182s] -- Detecting C compiler ABI info
[0.257s] -- Detecting C compiler ABI info - done
[0.263s] -- Check for working C compiler: /usr/bin/cc - skipped
[0.263s] -- Detecting C compile features
[0.263s] -- Detecting C compile features - done
[0.270s] -- Detecting CXX compiler ABI info
[0.348s] -- Detecting CXX compiler ABI info - done
[0.357s] -- Check for working CXX compiler: /usr/bin/c++ - skipped
[0.357s] -- Detecting CXX compile features
[0.358s] -- Detecting CXX compile features - done
[0.366s] -- Found ament_cmake: 2.5.6 (/opt/ros/jazzy/share/ament_cmake/cmake)
[0.521s] -- Found Python3: /usr/bin/python3 (found version "3.12.3") found components: Interpreter 
[0.587s] -- Override CMake install command with custom implementation using symlinks instead of copying resources
[0.670s] -- Found teleop_twist_joy: 2.6.5 (/opt/ros/jazzy/share/teleop_twist_joy/cmake)
[0.846s] -- Configuring done (0.8s)
[0.851s] -- Generating done (0.0s)
[0.853s] -- Build files have been written to: /home/cayo-sousa/ws_ld90_sim/build/amr_teleop
[0.866s] Invoked command in '/home/cayo-sousa/ws_ld90_sim/build/amr_teleop' returned '0': CMAKE_PREFIX_PATH=${CMAKE_PREFIX_PATH}:/opt/ros/jazzy:/home/cayo-sousa/ws_ld90_sim/install/ld90_gz DEBUGINFOD_URLS=https://debuginfod.ubuntu.com /usr/bin/cmake /home/cayo-sousa/ws_ld90_sim/src/omron_amr/amr_teleop -DAMENT_CMAKE_SYMLINK_INSTALL=1 -DCMAKE_INSTALL_PREFIX=/home/cayo-sousa/ws_ld90_sim/install/amr_teleop
[0.866s] Invoking command in '/home/cayo-sousa/ws_ld90_sim/build/amr_teleop': CMAKE_PREFIX_PATH=${CMAKE_PREFIX_PATH}:/opt/ros/jazzy:/home/cayo-sousa/ws_ld90_sim/install/ld90_gz DEBUGINFOD_URLS=https://debuginfod.ubuntu.com /usr/bin/cmake --build /home/cayo-sousa/ws_ld90_sim/build/amr_teleop -- -j12 -l12
[0.946s] Invoked command in '/home/cayo-sousa/ws_ld90_sim/build/amr_teleop' returned '0': CMAKE_PREFIX_PATH=${CMAKE_PREFIX_PATH}:/opt/ros/jazzy:/home/cayo-sousa/ws_ld90_sim/install/ld90_gz DEBUGINFOD_URLS=https://debuginfod.ubuntu.com /usr/bin/cmake --build /home/cayo-sousa/ws_ld90_sim/build/amr_teleop -- -j12 -l12
[0.947s] Invoking command in '/home/cayo-sousa/ws_ld90_sim/build/amr_teleop': CMAKE_PREFIX_PATH=${CMAKE_PREFIX_PATH}:/opt/ros/jazzy:/home/cayo-sousa/ws_ld90_sim/install/ld90_gz DEBUGINFOD_URLS=https://debuginfod.ubuntu.com /usr/bin/cmake --install /home/cayo-sousa/ws_ld90_sim/build/amr_teleop
[0.958s] -- Install configuration: ""
[0.959s] -- Execute custom install script
[0.960s] -- Symlinking: /home/cayo-sousa/ws_ld90_sim/install/amr_teleop/share/amr_teleop/launch/amr_joyop.launch.py
[0.977s] -- Symlinking: /home/cayo-sousa/ws_ld90_sim/install/amr_teleop/share/amr_teleop/config/teleop.yaml
[0.987s] -- Symlinking: /home/cayo-sousa/ws_ld90_sim/install/amr_teleop/share/ament_index/resource_index/package_run_dependencies/amr_teleop
[1.000s] -- Symlinking: /home/cayo-sousa/ws_ld90_sim/install/amr_teleop/share/ament_index/resource_index/parent_prefix_path/amr_teleop
[1.013s] -- Symlinking: /home/cayo-sousa/ws_ld90_sim/install/amr_teleop/share/amr_teleop/environment/ament_prefix_path.sh
[1.026s] -- Symlinking: /home/cayo-sousa/ws_ld90_sim/install/amr_teleop/share/amr_teleop/environment/ament_prefix_path.dsv
[1.038s] -- Symlinking: /home/cayo-sousa/ws_ld90_sim/install/amr_teleop/share/amr_teleop/environment/path.sh
[1.051s] -- Symlinking: /home/cayo-sousa/ws_ld90_sim/install/amr_teleop/share/amr_teleop/environment/path.dsv
[1.081s] -- Symlinking: /home/cayo-sousa/ws_ld90_sim/install/amr_teleop/share/amr_teleop/local_setup.bash
[1.108s] -- Symlinking: /home/cayo-sousa/ws_ld90_sim/install/amr_teleop/share/amr_teleop/local_setup.sh
[1.131s] -- Symlinking: /home/cayo-sousa/ws_ld90_sim/install/amr_teleop/share/amr_teleop/local_setup.zsh
[1.156s] -- Symlinking: /home/cayo-sousa/ws_ld90_sim/install/amr_teleop/share/amr_teleop/local_setup.dsv
[1.183s] -- Symlinking: /home/cayo-sousa/ws_ld90_sim/install/amr_teleop/share/amr_teleop/package.dsv
[1.211s] -- Symlinking: /home/cayo-sousa/ws_ld90_sim/install/amr_teleop/share/ament_index/resource_index/packages/amr_teleop
[1.239s] -- Symlinking: /home/cayo-sousa/ws_ld90_sim/install/amr_teleop/share/amr_teleop/cmake/amr_teleopConfig.cmake
[1.263s] -- Symlinking: /home/cayo-sousa/ws_ld90_sim/install/amr_teleop/share/amr_teleop/cmake/amr_teleopConfig-version.cmake
[1.288s] -- Symlinking: /home/cayo-sousa/ws_ld90_sim/install/amr_teleop/share/amr_teleop/package.xml
[1.315s] Invoked command in '/home/cayo-sousa/ws_ld90_sim/build/amr_teleop' returned '0': CMAKE_PREFIX_PATH=${CMAKE_PREFIX_PATH}:/opt/ros/jazzy:/home/cayo-sousa/ws_ld90_sim/install/ld90_gz DEBUGINFOD_URLS=https://debuginfod.ubuntu.com /usr/bin/cmake --install /home/cayo-sousa/ws_ld90_sim/build/amr_teleop
