[0.117s] DEBUG:colcon:Command line arguments: ['/usr/bin/colcon', 'build', '--symlink-install']
[0.117s] DEBUG:colcon:Parsed command line arguments: Namespace(log_base=None, log_level=None, verb_name='build', build_base='build', install_base='install', merge_install=False, symlink_install=True, test_result_base=None, continue_on_error=False, executor='parallel', parallel_workers=12, event_handlers=None, ignore_user_meta=False, metas=['./colcon.meta'], base_paths=['.'], packages_ignore=None, packages_ignore_regex=None, paths=None, packages_up_to=None, packages_up_to_regex=None, packages_above=None, packages_above_and_dependencies=None, packages_above_depth=None, packages_select_by_dep=None, packages_skip_by_dep=None, packages_skip_up_to=None, packages_select_build_failed=False, packages_skip_build_finished=False, packages_select_test_failures=False, packages_skip_test_passed=False, packages_select=None, packages_skip=None, packages_select_regex=None, packages_skip_regex=None, packages_start=None, packages_end=None, allow_overriding=[], cmake_args=None, cmake_target=None, cmake_target_skip_unavailable=False, cmake_clean_cache=False, cmake_clean_first=False, cmake_force_configure=False, ament_cmake_args=None, catkin_cmake_args=None, catkin_skip_building_tests=False, mixin_files=None, mixin=None, verb_parser=<colcon_mixin.mixin.mixin_argument.MixinArgumentDecorator object at 0x75132d9378c0>, verb_extension=<colcon_core.verb.build.BuildVerb object at 0x75132da78080>, main=<bound method BuildVerb.main of <colcon_core.verb.build.BuildVerb object at 0x75132da78080>>, mixin_verb=('build',))
[0.149s] Level 1:colcon.colcon_core.package_discovery:discover_packages(colcon_meta) check parameters
[0.149s] Level 1:colcon.colcon_core.package_discovery:discover_packages(recursive) check parameters
[0.149s] Level 1:colcon.colcon_core.package_discovery:discover_packages(ignore) check parameters
[0.150s] Level 1:colcon.colcon_core.package_discovery:discover_packages(path) check parameters
[0.150s] Level 1:colcon.colcon_core.package_discovery:discover_packages(colcon_meta) discover
[0.150s] Level 1:colcon.colcon_core.package_discovery:discover_packages(recursive) discover
[0.150s] INFO:colcon.colcon_core.package_discovery:Crawling recursively for packages in '/home/cayo-sousa/ws_ld90_sim'
[0.150s] Level 1:colcon.colcon_core.package_identification:_identify(.) by extensions ['ignore', 'ignore_ament_install']
[0.150s] Level 1:colcon.colcon_core.package_identification:_identify(.) by extension 'ignore'
[0.150s] Level 1:colcon.colcon_core.package_identification:_identify(.) by extension 'ignore_ament_install'
[0.150s] Level 1:colcon.colcon_core.package_identification:_identify(.) by extensions ['colcon_pkg']
[0.150s] Level 1:colcon.colcon_core.package_identification:_identify(.) by extension 'colcon_pkg'
[0.150s] Level 1:colcon.colcon_core.package_identification:_identify(.) by extensions ['colcon_meta']
[0.150s] Level 1:colcon.colcon_core.package_identification:_identify(.) by extension 'colcon_meta'
[0.150s] Level 1:colcon.colcon_core.package_identification:_identify(.) by extensions ['ros']
[0.150s] Level 1:colcon.colcon_core.package_identification:_identify(.) by extension 'ros'
[0.166s] Level 1:colcon.colcon_core.package_identification:_identify(.) by extensions ['cmake', 'python']
[0.166s] Level 1:colcon.colcon_core.package_identification:_identify(.) by extension 'cmake'
[0.166s] Level 1:colcon.colcon_core.package_identification:_identify(.) by extension 'python'
[0.166s] Level 1:colcon.colcon_core.package_identification:_identify(.) by extensions ['python_setup_py']
[0.166s] Level 1:colcon.colcon_core.package_identification:_identify(.) by extension 'python_setup_py'
[0.166s] Level 1:colcon.colcon_core.package_identification:_identify(build) by extensions ['ignore', 'ignore_ament_install']
[0.166s] Level 1:colcon.colcon_core.package_identification:_identify(build) by extension 'ignore'
[0.166s] Level 1:colcon.colcon_core.package_identification:_identify(build) ignored
[0.166s] Level 1:colcon.colcon_core.package_identification:_identify(install) by extensions ['ignore', 'ignore_ament_install']
[0.166s] Level 1:colcon.colcon_core.package_identification:_identify(install) by extension 'ignore'
[0.166s] Level 1:colcon.colcon_core.package_identification:_identify(install) ignored
[0.166s] Level 1:colcon.colcon_core.package_identification:_identify(log) by extensions ['ignore', 'ignore_ament_install']
[0.166s] Level 1:colcon.colcon_core.package_identification:_identify(log) by extension 'ignore'
[0.166s] Level 1:colcon.colcon_core.package_identification:_identify(log) ignored
[0.166s] Level 1:colcon.colcon_core.package_identification:_identify(src) by extensions ['ignore', 'ignore_ament_install']
[0.166s] Level 1:colcon.colcon_core.package_identification:_identify(src) by extension 'ignore'
[0.166s] Level 1:colcon.colcon_core.package_identification:_identify(src) by extension 'ignore_ament_install'
[0.166s] Level 1:colcon.colcon_core.package_identification:_identify(src) by extensions ['colcon_pkg']
[0.166s] Level 1:colcon.colcon_core.package_identification:_identify(src) by extension 'colcon_pkg'
[0.167s] Level 1:colcon.colcon_core.package_identification:_identify(src) by extensions ['colcon_meta']
[0.167s] Level 1:colcon.colcon_core.package_identification:_identify(src) by extension 'colcon_meta'
[0.167s] Level 1:colcon.colcon_core.package_identification:_identify(src) by extensions ['ros']
[0.167s] Level 1:colcon.colcon_core.package_identification:_identify(src) by extension 'ros'
[0.167s] Level 1:colcon.colcon_core.package_identification:_identify(src) by extensions ['cmake', 'python']
[0.167s] Level 1:colcon.colcon_core.package_identification:_identify(src) by extension 'cmake'
[0.167s] Level 1:colcon.colcon_core.package_identification:_identify(src) by extension 'python'
[0.167s] Level 1:colcon.colcon_core.package_identification:_identify(src) by extensions ['python_setup_py']
[0.167s] Level 1:colcon.colcon_core.package_identification:_identify(src) by extension 'python_setup_py'
[0.167s] Level 1:colcon.colcon_core.package_identification:_identify(src/ld90_gz) by extensions ['ignore', 'ignore_ament_install']
[0.167s] Level 1:colcon.colcon_core.package_identification:_identify(src/ld90_gz) by extension 'ignore'
[0.167s] Level 1:colcon.colcon_core.package_identification:_identify(src/ld90_gz) by extension 'ignore_ament_install'
[0.167s] Level 1:colcon.colcon_core.package_identification:_identify(src/ld90_gz) by extensions ['colcon_pkg']
[0.167s] Level 1:colcon.colcon_core.package_identification:_identify(src/ld90_gz) by extension 'colcon_pkg'
[0.167s] Level 1:colcon.colcon_core.package_identification:_identify(src/ld90_gz) by extensions ['colcon_meta']
[0.167s] Level 1:colcon.colcon_core.package_identification:_identify(src/ld90_gz) by extension 'colcon_meta'
[0.167s] Level 1:colcon.colcon_core.package_identification:_identify(src/ld90_gz) by extensions ['ros']
[0.167s] Level 1:colcon.colcon_core.package_identification:_identify(src/ld90_gz) by extension 'ros'
[0.169s] DEBUG:colcon.colcon_core.package_identification:Package 'src/ld90_gz' with type 'ros.ament_python' and name 'ld90_gz'
[0.169s] Level 1:colcon.colcon_core.package_identification:_identify(src/omron_amr) by extensions ['ignore', 'ignore_ament_install']
[0.169s] Level 1:colcon.colcon_core.package_identification:_identify(src/omron_amr) by extension 'ignore'
[0.169s] Level 1:colcon.colcon_core.package_identification:_identify(src/omron_amr) by extension 'ignore_ament_install'
[0.169s] Level 1:colcon.colcon_core.package_identification:_identify(src/omron_amr) by extensions ['colcon_pkg']
[0.169s] Level 1:colcon.colcon_core.package_identification:_identify(src/omron_amr) by extension 'colcon_pkg'
[0.169s] Level 1:colcon.colcon_core.package_identification:_identify(src/omron_amr) by extensions ['colcon_meta']
[0.169s] Level 1:colcon.colcon_core.package_identification:_identify(src/omron_amr) by extension 'colcon_meta'
[0.169s] Level 1:colcon.colcon_core.package_identification:_identify(src/omron_amr) by extensions ['ros']
[0.169s] Level 1:colcon.colcon_core.package_identification:_identify(src/omron_amr) by extension 'ros'
[0.169s] Level 1:colcon.colcon_core.package_identification:_identify(src/omron_amr) by extensions ['cmake', 'python']
[0.169s] Level 1:colcon.colcon_core.package_identification:_identify(src/omron_amr) by extension 'cmake'
[0.169s] Level 1:colcon.colcon_core.package_identification:_identify(src/omron_amr) by extension 'python'
[0.169s] Level 1:colcon.colcon_core.package_identification:_identify(src/omron_amr) by extensions ['python_setup_py']
[0.169s] Level 1:colcon.colcon_core.package_identification:_identify(src/omron_amr) by extension 'python_setup_py'
[0.170s] Level 1:colcon.colcon_core.package_identification:_identify(src/omron_amr/amr_core) by extensions ['ignore', 'ignore_ament_install']
[0.170s] Level 1:colcon.colcon_core.package_identification:_identify(src/omron_amr/amr_core) by extension 'ignore'
[0.170s] Level 1:colcon.colcon_core.package_identification:_identify(src/omron_amr/amr_core) by extension 'ignore_ament_install'
[0.170s] Level 1:colcon.colcon_core.package_identification:_identify(src/omron_amr/amr_core) by extensions ['colcon_pkg']
[0.170s] Level 1:colcon.colcon_core.package_identification:_identify(src/omron_amr/amr_core) by extension 'colcon_pkg'
[0.170s] Level 1:colcon.colcon_core.package_identification:_identify(src/omron_amr/amr_core) by extensions ['colcon_meta']
[0.170s] Level 1:colcon.colcon_core.package_identification:_identify(src/omron_amr/amr_core) by extension 'colcon_meta'
[0.170s] Level 1:colcon.colcon_core.package_identification:_identify(src/omron_amr/amr_core) by extensions ['ros']
[0.170s] Level 1:colcon.colcon_core.package_identification:_identify(src/omron_amr/amr_core) by extension 'ros'
[0.170s] DEBUG:colcon.colcon_core.package_identification:Package 'src/omron_amr/amr_core' with type 'ros.ament_cmake' and name 'amr_core'
[0.171s] Level 1:colcon.colcon_core.package_identification:_identify(src/omron_amr/amr_description) by extensions ['ignore', 'ignore_ament_install']
[0.171s] Level 1:colcon.colcon_core.package_identification:_identify(src/omron_amr/amr_description) by extension 'ignore'
[0.171s] Level 1:colcon.colcon_core.package_identification:_identify(src/omron_amr/amr_description) by extension 'ignore_ament_install'
[0.171s] Level 1:colcon.colcon_core.package_identification:_identify(src/omron_amr/amr_description) by extensions ['colcon_pkg']
[0.171s] Level 1:colcon.colcon_core.package_identification:_identify(src/omron_amr/amr_description) by extension 'colcon_pkg'
[0.171s] Level 1:colcon.colcon_core.package_identification:_identify(src/omron_amr/amr_description) by extensions ['colcon_meta']
[0.171s] Level 1:colcon.colcon_core.package_identification:_identify(src/omron_amr/amr_description) by extension 'colcon_meta'
[0.171s] Level 1:colcon.colcon_core.package_identification:_identify(src/omron_amr/amr_description) by extensions ['ros']
[0.171s] Level 1:colcon.colcon_core.package_identification:_identify(src/omron_amr/amr_description) by extension 'ros'
[0.171s] DEBUG:colcon.colcon_core.package_identification:Package 'src/omron_amr/amr_description' with type 'ros.ament_cmake' and name 'amr_description'
[0.171s] Level 1:colcon.colcon_core.package_identification:_identify(src/omron_amr/amr_msgs) by extensions ['ignore', 'ignore_ament_install']
[0.171s] Level 1:colcon.colcon_core.package_identification:_identify(src/omron_amr/amr_msgs) by extension 'ignore'
[0.171s] Level 1:colcon.colcon_core.package_identification:_identify(src/omron_amr/amr_msgs) by extension 'ignore_ament_install'
[0.171s] Level 1:colcon.colcon_core.package_identification:_identify(src/omron_amr/amr_msgs) by extensions ['colcon_pkg']
[0.171s] Level 1:colcon.colcon_core.package_identification:_identify(src/omron_amr/amr_msgs) by extension 'colcon_pkg'
[0.171s] Level 1:colcon.colcon_core.package_identification:_identify(src/omron_amr/amr_msgs) by extensions ['colcon_meta']
[0.171s] Level 1:colcon.colcon_core.package_identification:_identify(src/omron_amr/amr_msgs) by extension 'colcon_meta'
[0.171s] Level 1:colcon.colcon_core.package_identification:_identify(src/omron_amr/amr_msgs) by extensions ['ros']
[0.171s] Level 1:colcon.colcon_core.package_identification:_identify(src/omron_amr/amr_msgs) by extension 'ros'
[0.172s] DEBUG:colcon.colcon_core.package_identification:Package 'src/omron_amr/amr_msgs' with type 'ros.ament_cmake' and name 'amr_msgs'
[0.172s] Level 1:colcon.colcon_core.package_identification:_identify(src/omron_amr/amr_nav2) by extensions ['ignore', 'ignore_ament_install']
[0.172s] Level 1:colcon.colcon_core.package_identification:_identify(src/omron_amr/amr_nav2) by extension 'ignore'
[0.172s] Level 1:colcon.colcon_core.package_identification:_identify(src/omron_amr/amr_nav2) by extension 'ignore_ament_install'
[0.172s] Level 1:colcon.colcon_core.package_identification:_identify(src/omron_amr/amr_nav2) by extensions ['colcon_pkg']
[0.172s] Level 1:colcon.colcon_core.package_identification:_identify(src/omron_amr/amr_nav2) by extension 'colcon_pkg'
[0.172s] Level 1:colcon.colcon_core.package_identification:_identify(src/omron_amr/amr_nav2) by extensions ['colcon_meta']
[0.172s] Level 1:colcon.colcon_core.package_identification:_identify(src/omron_amr/amr_nav2) by extension 'colcon_meta'
[0.172s] Level 1:colcon.colcon_core.package_identification:_identify(src/omron_amr/amr_nav2) by extensions ['ros']
[0.172s] Level 1:colcon.colcon_core.package_identification:_identify(src/omron_amr/amr_nav2) by extension 'ros'
[0.173s] DEBUG:colcon.colcon_core.package_identification:Package 'src/omron_amr/amr_nav2' with type 'ros.ament_cmake' and name 'amr_nav2'
[0.173s] Level 1:colcon.colcon_core.package_identification:_identify(src/omron_amr/amr_ros) by extensions ['ignore', 'ignore_ament_install']
[0.173s] Level 1:colcon.colcon_core.package_identification:_identify(src/omron_amr/amr_ros) by extension 'ignore'
[0.173s] Level 1:colcon.colcon_core.package_identification:_identify(src/omron_amr/amr_ros) by extension 'ignore_ament_install'
[0.173s] Level 1:colcon.colcon_core.package_identification:_identify(src/omron_amr/amr_ros) by extensions ['colcon_pkg']
[0.173s] Level 1:colcon.colcon_core.package_identification:_identify(src/omron_amr/amr_ros) by extension 'colcon_pkg'
[0.173s] Level 1:colcon.colcon_core.package_identification:_identify(src/omron_amr/amr_ros) by extensions ['colcon_meta']
[0.173s] Level 1:colcon.colcon_core.package_identification:_identify(src/omron_amr/amr_ros) by extension 'colcon_meta'
[0.173s] Level 1:colcon.colcon_core.package_identification:_identify(src/omron_amr/amr_ros) by extensions ['ros']
[0.173s] Level 1:colcon.colcon_core.package_identification:_identify(src/omron_amr/amr_ros) by extension 'ros'
[0.173s] DEBUG:colcon.colcon_core.package_identification:Package 'src/omron_amr/amr_ros' with type 'ros.ament_cmake' and name 'amr_ros'
[0.173s] Level 1:colcon.colcon_core.package_identification:_identify(src/omron_amr/amr_teleop) by extensions ['ignore', 'ignore_ament_install']
[0.173s] Level 1:colcon.colcon_core.package_identification:_identify(src/omron_amr/amr_teleop) by extension 'ignore'
[0.173s] Level 1:colcon.colcon_core.package_identification:_identify(src/omron_amr/amr_teleop) by extension 'ignore_ament_install'
[0.173s] Level 1:colcon.colcon_core.package_identification:_identify(src/omron_amr/amr_teleop) by extensions ['colcon_pkg']
[0.173s] Level 1:colcon.colcon_core.package_identification:_identify(src/omron_amr/amr_teleop) by extension 'colcon_pkg'
[0.173s] Level 1:colcon.colcon_core.package_identification:_identify(src/omron_amr/amr_teleop) by extensions ['colcon_meta']
[0.173s] Level 1:colcon.colcon_core.package_identification:_identify(src/omron_amr/amr_teleop) by extension 'colcon_meta'
[0.173s] Level 1:colcon.colcon_core.package_identification:_identify(src/omron_amr/amr_teleop) by extensions ['ros']
[0.173s] Level 1:colcon.colcon_core.package_identification:_identify(src/omron_amr/amr_teleop) by extension 'ros'
[0.174s] DEBUG:colcon.colcon_core.package_identification:Package 'src/omron_amr/amr_teleop' with type 'ros.ament_cmake' and name 'amr_teleop'
[0.174s] Level 1:colcon.colcon_core.package_identification:_identify(src/omron_amr/docs) by extensions ['ignore', 'ignore_ament_install']
[0.174s] Level 1:colcon.colcon_core.package_identification:_identify(src/omron_amr/docs) by extension 'ignore'
[0.174s] Level 1:colcon.colcon_core.package_identification:_identify(src/omron_amr/docs) by extension 'ignore_ament_install'
[0.174s] Level 1:colcon.colcon_core.package_identification:_identify(src/omron_amr/docs) by extensions ['colcon_pkg']
[0.174s] Level 1:colcon.colcon_core.package_identification:_identify(src/omron_amr/docs) by extension 'colcon_pkg'
[0.174s] Level 1:colcon.colcon_core.package_identification:_identify(src/omron_amr/docs) by extensions ['colcon_meta']
[0.174s] Level 1:colcon.colcon_core.package_identification:_identify(src/omron_amr/docs) by extension 'colcon_meta'
[0.174s] Level 1:colcon.colcon_core.package_identification:_identify(src/omron_amr/docs) by extensions ['ros']
[0.174s] Level 1:colcon.colcon_core.package_identification:_identify(src/omron_amr/docs) by extension 'ros'
[0.174s] Level 1:colcon.colcon_core.package_identification:_identify(src/omron_amr/docs) by extensions ['cmake', 'python']
[0.174s] Level 1:colcon.colcon_core.package_identification:_identify(src/omron_amr/docs) by extension 'cmake'
[0.174s] Level 1:colcon.colcon_core.package_identification:_identify(src/omron_amr/docs) by extension 'python'
[0.174s] Level 1:colcon.colcon_core.package_identification:_identify(src/omron_amr/docs) by extensions ['python_setup_py']
[0.174s] Level 1:colcon.colcon_core.package_identification:_identify(src/omron_amr/docs) by extension 'python_setup_py'
[0.174s] Level 1:colcon.colcon_core.package_identification:_identify(src/omron_amr/docs/old_docs) by extensions ['ignore', 'ignore_ament_install']
[0.174s] Level 1:colcon.colcon_core.package_identification:_identify(src/omron_amr/docs/old_docs) by extension 'ignore'
[0.174s] Level 1:colcon.colcon_core.package_identification:_identify(src/omron_amr/docs/old_docs) by extension 'ignore_ament_install'
[0.174s] Level 1:colcon.colcon_core.package_identification:_identify(src/omron_amr/docs/old_docs) by extensions ['colcon_pkg']
[0.174s] Level 1:colcon.colcon_core.package_identification:_identify(src/omron_amr/docs/old_docs) by extension 'colcon_pkg'
[0.174s] Level 1:colcon.colcon_core.package_identification:_identify(src/omron_amr/docs/old_docs) by extensions ['colcon_meta']
[0.174s] Level 1:colcon.colcon_core.package_identification:_identify(src/omron_amr/docs/old_docs) by extension 'colcon_meta'
[0.174s] Level 1:colcon.colcon_core.package_identification:_identify(src/omron_amr/docs/old_docs) by extensions ['ros']
[0.174s] Level 1:colcon.colcon_core.package_identification:_identify(src/omron_amr/docs/old_docs) by extension 'ros'
[0.174s] Level 1:colcon.colcon_core.package_identification:_identify(src/omron_amr/docs/old_docs) by extensions ['cmake', 'python']
[0.174s] Level 1:colcon.colcon_core.package_identification:_identify(src/omron_amr/docs/old_docs) by extension 'cmake'
[0.175s] Level 1:colcon.colcon_core.package_identification:_identify(src/omron_amr/docs/old_docs) by extension 'python'
[0.175s] Level 1:colcon.colcon_core.package_identification:_identify(src/omron_amr/docs/old_docs) by extensions ['python_setup_py']
[0.175s] Level 1:colcon.colcon_core.package_identification:_identify(src/omron_amr/docs/old_docs) by extension 'python_setup_py'
[0.175s] Level 1:colcon.colcon_core.package_identification:_identify(src/omron_amr/docs/old_docs/dg-images) by extensions ['ignore', 'ignore_ament_install']
[0.175s] Level 1:colcon.colcon_core.package_identification:_identify(src/omron_amr/docs/old_docs/dg-images) by extension 'ignore'
[0.175s] Level 1:colcon.colcon_core.package_identification:_identify(src/omron_amr/docs/old_docs/dg-images) by extension 'ignore_ament_install'
[0.175s] Level 1:colcon.colcon_core.package_identification:_identify(src/omron_amr/docs/old_docs/dg-images) by extensions ['colcon_pkg']
[0.175s] Level 1:colcon.colcon_core.package_identification:_identify(src/omron_amr/docs/old_docs/dg-images) by extension 'colcon_pkg'
[0.175s] Level 1:colcon.colcon_core.package_identification:_identify(src/omron_amr/docs/old_docs/dg-images) by extensions ['colcon_meta']
[0.175s] Level 1:colcon.colcon_core.package_identification:_identify(src/omron_amr/docs/old_docs/dg-images) by extension 'colcon_meta'
[0.175s] Level 1:colcon.colcon_core.package_identification:_identify(src/omron_amr/docs/old_docs/dg-images) by extensions ['ros']
[0.175s] Level 1:colcon.colcon_core.package_identification:_identify(src/omron_amr/docs/old_docs/dg-images) by extension 'ros'
[0.175s] Level 1:colcon.colcon_core.package_identification:_identify(src/omron_amr/docs/old_docs/dg-images) by extensions ['cmake', 'python']
[0.175s] Level 1:colcon.colcon_core.package_identification:_identify(src/omron_amr/docs/old_docs/dg-images) by extension 'cmake'
[0.175s] Level 1:colcon.colcon_core.package_identification:_identify(src/omron_amr/docs/old_docs/dg-images) by extension 'python'
[0.175s] Level 1:colcon.colcon_core.package_identification:_identify(src/omron_amr/docs/old_docs/dg-images) by extensions ['python_setup_py']
[0.175s] Level 1:colcon.colcon_core.package_identification:_identify(src/omron_amr/docs/old_docs/dg-images) by extension 'python_setup_py'
[0.175s] Level 1:colcon.colcon_core.package_identification:_identify(src/omron_amr/libaria) by extensions ['ignore', 'ignore_ament_install']
[0.175s] Level 1:colcon.colcon_core.package_identification:_identify(src/omron_amr/libaria) by extension 'ignore'
[0.175s] Level 1:colcon.colcon_core.package_identification:_identify(src/omron_amr/libaria) by extension 'ignore_ament_install'
[0.175s] Level 1:colcon.colcon_core.package_identification:_identify(src/omron_amr/libaria) by extensions ['colcon_pkg']
[0.175s] Level 1:colcon.colcon_core.package_identification:_identify(src/omron_amr/libaria) by extension 'colcon_pkg'
[0.175s] Level 1:colcon.colcon_core.package_identification:_identify(src/omron_amr/libaria) by extensions ['colcon_meta']
[0.175s] Level 1:colcon.colcon_core.package_identification:_identify(src/omron_amr/libaria) by extension 'colcon_meta'
[0.175s] Level 1:colcon.colcon_core.package_identification:_identify(src/omron_amr/libaria) by extensions ['ros']
[0.175s] Level 1:colcon.colcon_core.package_identification:_identify(src/omron_amr/libaria) by extension 'ros'
[0.176s] DEBUG:colcon.colcon_core.package_identification:Package 'src/omron_amr/libaria' with type 'ros.cmake' and name 'libaria'
[0.176s] Level 1:colcon.colcon_core.package_discovery:discover_packages(recursive) using defaults
[0.176s] Level 1:colcon.colcon_core.package_discovery:discover_packages(ignore) discover
[0.176s] Level 1:colcon.colcon_core.package_discovery:discover_packages(ignore) using defaults
[0.176s] Level 1:colcon.colcon_core.package_discovery:discover_packages(path) discover
[0.176s] Level 1:colcon.colcon_core.package_discovery:discover_packages(path) using defaults
[0.190s] Level 1:colcon.colcon_core.package_discovery:discover_packages(prefix_path) check parameters
[0.190s] Level 1:colcon.colcon_core.package_discovery:discover_packages(prefix_path) discover
[0.191s] Level 1:colcon.colcon_core.package_discovery:discover_packages(prefix_path) using defaults
[0.191s] Level 5:colcon.colcon_core.verb:set package 'amr_msgs' build argument 'cmake_args' from command line to 'None'
[0.191s] Level 5:colcon.colcon_core.verb:set package 'amr_msgs' build argument 'cmake_target' from command line to 'None'
[0.191s] Level 5:colcon.colcon_core.verb:set package 'amr_msgs' build argument 'cmake_target_skip_unavailable' from command line to 'False'
[0.191s] Level 5:colcon.colcon_core.verb:set package 'amr_msgs' build argument 'cmake_clean_cache' from command line to 'False'
[0.191s] Level 5:colcon.colcon_core.verb:set package 'amr_msgs' build argument 'cmake_clean_first' from command line to 'False'
[0.191s] Level 5:colcon.colcon_core.verb:set package 'amr_msgs' build argument 'cmake_force_configure' from command line to 'False'
[0.191s] Level 5:colcon.colcon_core.verb:set package 'amr_msgs' build argument 'ament_cmake_args' from command line to 'None'
[0.191s] Level 5:colcon.colcon_core.verb:set package 'amr_msgs' build argument 'catkin_cmake_args' from command line to 'None'
[0.191s] Level 5:colcon.colcon_core.verb:set package 'amr_msgs' build argument 'catkin_skip_building_tests' from command line to 'False'
[0.191s] DEBUG:colcon.colcon_core.verb:Building package 'amr_msgs' with the following arguments: {'ament_cmake_args': None, 'build_base': '/home/cayo-sousa/ws_ld90_sim/build/amr_msgs', 'catkin_cmake_args': None, 'catkin_skip_building_tests': False, 'cmake_args': None, 'cmake_clean_cache': False, 'cmake_clean_first': False, 'cmake_force_configure': False, 'cmake_target': None, 'cmake_target_skip_unavailable': False, 'install_base': '/home/cayo-sousa/ws_ld90_sim/install/amr_msgs', 'merge_install': False, 'path': '/home/cayo-sousa/ws_ld90_sim/src/omron_amr/amr_msgs', 'symlink_install': True, 'test_result_base': None}
[0.192s] Level 5:colcon.colcon_core.verb:set package 'amr_nav2' build argument 'cmake_args' from command line to 'None'
[0.192s] Level 5:colcon.colcon_core.verb:set package 'amr_nav2' build argument 'cmake_target' from command line to 'None'
[0.192s] Level 5:colcon.colcon_core.verb:set package 'amr_nav2' build argument 'cmake_target_skip_unavailable' from command line to 'False'
[0.192s] Level 5:colcon.colcon_core.verb:set package 'amr_nav2' build argument 'cmake_clean_cache' from command line to 'False'
[0.192s] Level 5:colcon.colcon_core.verb:set package 'amr_nav2' build argument 'cmake_clean_first' from command line to 'False'
[0.192s] Level 5:colcon.colcon_core.verb:set package 'amr_nav2' build argument 'cmake_force_configure' from command line to 'False'
[0.192s] Level 5:colcon.colcon_core.verb:set package 'amr_nav2' build argument 'ament_cmake_args' from command line to 'None'
[0.192s] Level 5:colcon.colcon_core.verb:set package 'amr_nav2' build argument 'catkin_cmake_args' from command line to 'None'
[0.192s] Level 5:colcon.colcon_core.verb:set package 'amr_nav2' build argument 'catkin_skip_building_tests' from command line to 'False'
[0.192s] DEBUG:colcon.colcon_core.verb:Building package 'amr_nav2' with the following arguments: {'ament_cmake_args': None, 'build_base': '/home/cayo-sousa/ws_ld90_sim/build/amr_nav2', 'catkin_cmake_args': None, 'catkin_skip_building_tests': False, 'cmake_args': None, 'cmake_clean_cache': False, 'cmake_clean_first': False, 'cmake_force_configure': False, 'cmake_target': None, 'cmake_target_skip_unavailable': False, 'install_base': '/home/cayo-sousa/ws_ld90_sim/install/amr_nav2', 'merge_install': False, 'path': '/home/cayo-sousa/ws_ld90_sim/src/omron_amr/amr_nav2', 'symlink_install': True, 'test_result_base': None}
[0.192s] Level 5:colcon.colcon_core.verb:set package 'amr_teleop' build argument 'cmake_args' from command line to 'None'
[0.192s] Level 5:colcon.colcon_core.verb:set package 'amr_teleop' build argument 'cmake_target' from command line to 'None'
[0.192s] Level 5:colcon.colcon_core.verb:set package 'amr_teleop' build argument 'cmake_target_skip_unavailable' from command line to 'False'
[0.192s] Level 5:colcon.colcon_core.verb:set package 'amr_teleop' build argument 'cmake_clean_cache' from command line to 'False'
[0.192s] Level 5:colcon.colcon_core.verb:set package 'amr_teleop' build argument 'cmake_clean_first' from command line to 'False'
[0.192s] Level 5:colcon.colcon_core.verb:set package 'amr_teleop' build argument 'cmake_force_configure' from command line to 'False'
[0.192s] Level 5:colcon.colcon_core.verb:set package 'amr_teleop' build argument 'ament_cmake_args' from command line to 'None'
[0.192s] Level 5:colcon.colcon_core.verb:set package 'amr_teleop' build argument 'catkin_cmake_args' from command line to 'None'
[0.192s] Level 5:colcon.colcon_core.verb:set package 'amr_teleop' build argument 'catkin_skip_building_tests' from command line to 'False'
[0.192s] DEBUG:colcon.colcon_core.verb:Building package 'amr_teleop' with the following arguments: {'ament_cmake_args': None, 'build_base': '/home/cayo-sousa/ws_ld90_sim/build/amr_teleop', 'catkin_cmake_args': None, 'catkin_skip_building_tests': False, 'cmake_args': None, 'cmake_clean_cache': False, 'cmake_clean_first': False, 'cmake_force_configure': False, 'cmake_target': None, 'cmake_target_skip_unavailable': False, 'install_base': '/home/cayo-sousa/ws_ld90_sim/install/amr_teleop', 'merge_install': False, 'path': '/home/cayo-sousa/ws_ld90_sim/src/omron_amr/amr_teleop', 'symlink_install': True, 'test_result_base': None}
[0.192s] Level 5:colcon.colcon_core.verb:set package 'libaria' build argument 'cmake_args' from command line to 'None'
[0.192s] Level 5:colcon.colcon_core.verb:set package 'libaria' build argument 'cmake_target' from command line to 'None'
[0.192s] Level 5:colcon.colcon_core.verb:set package 'libaria' build argument 'cmake_target_skip_unavailable' from command line to 'False'
[0.192s] Level 5:colcon.colcon_core.verb:set package 'libaria' build argument 'cmake_clean_cache' from command line to 'False'
[0.192s] Level 5:colcon.colcon_core.verb:set package 'libaria' build argument 'cmake_clean_first' from command line to 'False'
[0.192s] Level 5:colcon.colcon_core.verb:set package 'libaria' build argument 'cmake_force_configure' from command line to 'False'
[0.192s] Level 5:colcon.colcon_core.verb:set package 'libaria' build argument 'ament_cmake_args' from command line to 'None'
[0.192s] Level 5:colcon.colcon_core.verb:set package 'libaria' build argument 'catkin_cmake_args' from command line to 'None'
[0.192s] Level 5:colcon.colcon_core.verb:set package 'libaria' build argument 'catkin_skip_building_tests' from command line to 'False'
[0.192s] DEBUG:colcon.colcon_core.verb:Building package 'libaria' with the following arguments: {'ament_cmake_args': None, 'build_base': '/home/cayo-sousa/ws_ld90_sim/build/libaria', 'catkin_cmake_args': None, 'catkin_skip_building_tests': False, 'cmake_args': None, 'cmake_clean_cache': False, 'cmake_clean_first': False, 'cmake_force_configure': False, 'cmake_target': None, 'cmake_target_skip_unavailable': False, 'install_base': '/home/cayo-sousa/ws_ld90_sim/install/libaria', 'merge_install': False, 'path': '/home/cayo-sousa/ws_ld90_sim/src/omron_amr/libaria', 'symlink_install': True, 'test_result_base': None}
[0.192s] Level 5:colcon.colcon_core.verb:set package 'amr_core' build argument 'cmake_args' from command line to 'None'
[0.192s] Level 5:colcon.colcon_core.verb:set package 'amr_core' build argument 'cmake_target' from command line to 'None'
[0.192s] Level 5:colcon.colcon_core.verb:set package 'amr_core' build argument 'cmake_target_skip_unavailable' from command line to 'False'
[0.192s] Level 5:colcon.colcon_core.verb:set package 'amr_core' build argument 'cmake_clean_cache' from command line to 'False'
[0.192s] Level 5:colcon.colcon_core.verb:set package 'amr_core' build argument 'cmake_clean_first' from command line to 'False'
[0.192s] Level 5:colcon.colcon_core.verb:set package 'amr_core' build argument 'cmake_force_configure' from command line to 'False'
[0.192s] Level 5:colcon.colcon_core.verb:set package 'amr_core' build argument 'ament_cmake_args' from command line to 'None'
[0.192s] Level 5:colcon.colcon_core.verb:set package 'amr_core' build argument 'catkin_cmake_args' from command line to 'None'
[0.192s] Level 5:colcon.colcon_core.verb:set package 'amr_core' build argument 'catkin_skip_building_tests' from command line to 'False'
[0.192s] DEBUG:colcon.colcon_core.verb:Building package 'amr_core' with the following arguments: {'ament_cmake_args': None, 'build_base': '/home/cayo-sousa/ws_ld90_sim/build/amr_core', 'catkin_cmake_args': None, 'catkin_skip_building_tests': False, 'cmake_args': None, 'cmake_clean_cache': False, 'cmake_clean_first': False, 'cmake_force_configure': False, 'cmake_target': None, 'cmake_target_skip_unavailable': False, 'install_base': '/home/cayo-sousa/ws_ld90_sim/install/amr_core', 'merge_install': False, 'path': '/home/cayo-sousa/ws_ld90_sim/src/omron_amr/amr_core', 'symlink_install': True, 'test_result_base': None}
[0.192s] Level 5:colcon.colcon_core.verb:set package 'amr_description' build argument 'cmake_args' from command line to 'None'
[0.192s] Level 5:colcon.colcon_core.verb:set package 'amr_description' build argument 'cmake_target' from command line to 'None'
[0.192s] Level 5:colcon.colcon_core.verb:set package 'amr_description' build argument 'cmake_target_skip_unavailable' from command line to 'False'
[0.192s] Level 5:colcon.colcon_core.verb:set package 'amr_description' build argument 'cmake_clean_cache' from command line to 'False'
[0.192s] Level 5:colcon.colcon_core.verb:set package 'amr_description' build argument 'cmake_clean_first' from command line to 'False'
[0.192s] Level 5:colcon.colcon_core.verb:set package 'amr_description' build argument 'cmake_force_configure' from command line to 'False'
[0.192s] Level 5:colcon.colcon_core.verb:set package 'amr_description' build argument 'ament_cmake_args' from command line to 'None'
[0.192s] Level 5:colcon.colcon_core.verb:set package 'amr_description' build argument 'catkin_cmake_args' from command line to 'None'
[0.192s] Level 5:colcon.colcon_core.verb:set package 'amr_description' build argument 'catkin_skip_building_tests' from command line to 'False'
[0.192s] DEBUG:colcon.colcon_core.verb:Building package 'amr_description' with the following arguments: {'ament_cmake_args': None, 'build_base': '/home/cayo-sousa/ws_ld90_sim/build/amr_description', 'catkin_cmake_args': None, 'catkin_skip_building_tests': False, 'cmake_args': None, 'cmake_clean_cache': False, 'cmake_clean_first': False, 'cmake_force_configure': False, 'cmake_target': None, 'cmake_target_skip_unavailable': False, 'install_base': '/home/cayo-sousa/ws_ld90_sim/install/amr_description', 'merge_install': False, 'path': '/home/cayo-sousa/ws_ld90_sim/src/omron_amr/amr_description', 'symlink_install': True, 'test_result_base': None}
[0.192s] Level 5:colcon.colcon_core.verb:set package 'amr_ros' build argument 'cmake_args' from command line to 'None'
[0.192s] Level 5:colcon.colcon_core.verb:set package 'amr_ros' build argument 'cmake_target' from command line to 'None'
[0.193s] Level 5:colcon.colcon_core.verb:set package 'amr_ros' build argument 'cmake_target_skip_unavailable' from command line to 'False'
[0.193s] Level 5:colcon.colcon_core.verb:set package 'amr_ros' build argument 'cmake_clean_cache' from command line to 'False'
[0.193s] Level 5:colcon.colcon_core.verb:set package 'amr_ros' build argument 'cmake_clean_first' from command line to 'False'
[0.193s] Level 5:colcon.colcon_core.verb:set package 'amr_ros' build argument 'cmake_force_configure' from command line to 'False'
[0.193s] Level 5:colcon.colcon_core.verb:set package 'amr_ros' build argument 'ament_cmake_args' from command line to 'None'
[0.193s] Level 5:colcon.colcon_core.verb:set package 'amr_ros' build argument 'catkin_cmake_args' from command line to 'None'
[0.193s] Level 5:colcon.colcon_core.verb:set package 'amr_ros' build argument 'catkin_skip_building_tests' from command line to 'False'
[0.193s] DEBUG:colcon.colcon_core.verb:Building package 'amr_ros' with the following arguments: {'ament_cmake_args': None, 'build_base': '/home/cayo-sousa/ws_ld90_sim/build/amr_ros', 'catkin_cmake_args': None, 'catkin_skip_building_tests': False, 'cmake_args': None, 'cmake_clean_cache': False, 'cmake_clean_first': False, 'cmake_force_configure': False, 'cmake_target': None, 'cmake_target_skip_unavailable': False, 'install_base': '/home/cayo-sousa/ws_ld90_sim/install/amr_ros', 'merge_install': False, 'path': '/home/cayo-sousa/ws_ld90_sim/src/omron_amr/amr_ros', 'symlink_install': True, 'test_result_base': None}
[0.193s] Level 5:colcon.colcon_core.verb:set package 'ld90_gz' build argument 'cmake_args' from command line to 'None'
[0.193s] Level 5:colcon.colcon_core.verb:set package 'ld90_gz' build argument 'cmake_target' from command line to 'None'
[0.193s] Level 5:colcon.colcon_core.verb:set package 'ld90_gz' build argument 'cmake_target_skip_unavailable' from command line to 'False'
[0.193s] Level 5:colcon.colcon_core.verb:set package 'ld90_gz' build argument 'cmake_clean_cache' from command line to 'False'
[0.193s] Level 5:colcon.colcon_core.verb:set package 'ld90_gz' build argument 'cmake_clean_first' from command line to 'False'
[0.193s] Level 5:colcon.colcon_core.verb:set package 'ld90_gz' build argument 'cmake_force_configure' from command line to 'False'
[0.193s] Level 5:colcon.colcon_core.verb:set package 'ld90_gz' build argument 'ament_cmake_args' from command line to 'None'
[0.193s] Level 5:colcon.colcon_core.verb:set package 'ld90_gz' build argument 'catkin_cmake_args' from command line to 'None'
[0.193s] Level 5:colcon.colcon_core.verb:set package 'ld90_gz' build argument 'catkin_skip_building_tests' from command line to 'False'
[0.193s] DEBUG:colcon.colcon_core.verb:Building package 'ld90_gz' with the following arguments: {'ament_cmake_args': None, 'build_base': '/home/cayo-sousa/ws_ld90_sim/build/ld90_gz', 'catkin_cmake_args': None, 'catkin_skip_building_tests': False, 'cmake_args': None, 'cmake_clean_cache': False, 'cmake_clean_first': False, 'cmake_force_configure': False, 'cmake_target': None, 'cmake_target_skip_unavailable': False, 'install_base': '/home/cayo-sousa/ws_ld90_sim/install/ld90_gz', 'merge_install': False, 'path': '/home/cayo-sousa/ws_ld90_sim/src/ld90_gz', 'symlink_install': True, 'test_result_base': None}
[0.193s] INFO:colcon.colcon_core.executor:Executing jobs using 'parallel' executor
[0.193s] DEBUG:colcon.colcon_parallel_executor.executor.parallel:run_until_complete
[0.194s] INFO:colcon.colcon_ros.task.ament_cmake.build:Building ROS package in '/home/cayo-sousa/ws_ld90_sim/src/omron_amr/amr_msgs' with build type 'ament_cmake'
[0.194s] INFO:colcon.colcon_cmake.task.cmake.build:Building CMake package in '/home/cayo-sousa/ws_ld90_sim/src/omron_amr/amr_msgs'
[0.196s] INFO:colcon.colcon_core.plugin_system:Skipping extension 'colcon_core.shell.bat': Not used on non-Windows systems
[0.196s] INFO:colcon.colcon_core.shell:Skip shell extension 'powershell' for command environment: Not usable outside of PowerShell
[0.196s] DEBUG:colcon.colcon_core.shell:Skip shell extension 'dsv' for command environment
[0.197s] INFO:colcon.colcon_ros.task.cmake.build:Building ROS package in '/home/cayo-sousa/ws_ld90_sim/src/omron_amr/libaria' with build type 'cmake'
[0.197s] INFO:colcon.colcon_cmake.task.cmake.build:Building CMake package in '/home/cayo-sousa/ws_ld90_sim/src/omron_amr/libaria'
[0.197s] INFO:colcon.colcon_core.shell:Skip shell extension 'powershell' for command environment: Not usable outside of PowerShell
[0.197s] DEBUG:colcon.colcon_core.shell:Skip shell extension 'dsv' for command environment
[0.198s] INFO:colcon.colcon_ros.task.ament_cmake.build:Building ROS package in '/home/cayo-sousa/ws_ld90_sim/src/omron_amr/amr_nav2' with build type 'ament_cmake'
[0.198s] INFO:colcon.colcon_cmake.task.cmake.build:Building CMake package in '/home/cayo-sousa/ws_ld90_sim/src/omron_amr/amr_nav2'
[0.198s] INFO:colcon.colcon_core.shell:Skip shell extension 'powershell' for command environment: Not usable outside of PowerShell
[0.198s] DEBUG:colcon.colcon_core.shell:Skip shell extension 'dsv' for command environment
[0.199s] INFO:colcon.colcon_ros.task.ament_cmake.build:Building ROS package in '/home/cayo-sousa/ws_ld90_sim/src/omron_amr/amr_teleop' with build type 'ament_cmake'
[0.199s] INFO:colcon.colcon_cmake.task.cmake.build:Building CMake package in '/home/cayo-sousa/ws_ld90_sim/src/omron_amr/amr_teleop'
[0.199s] INFO:colcon.colcon_core.shell:Skip shell extension 'powershell' for command environment: Not usable outside of PowerShell
[0.199s] DEBUG:colcon.colcon_core.shell:Skip shell extension 'dsv' for command environment
[0.202s] DEBUG:colcon.colcon_core.event_handler.log_command:Invoking command in '/home/cayo-sousa/ws_ld90_sim/build/amr_msgs': DEBUGINFOD_URLS=https://debuginfod.ubuntu.com /usr/bin/cmake --build /home/cayo-sousa/ws_ld90_sim/build/amr_msgs -- -j12 -l12
[0.204s] DEBUG:colcon.colcon_core.event_handler.log_command:Invoking command in '/home/cayo-sousa/ws_ld90_sim/build/libaria': DEBUGINFOD_URLS=https://debuginfod.ubuntu.com /usr/bin/cmake --build /home/cayo-sousa/ws_ld90_sim/build/libaria -- -j12 -l12
[0.206s] DEBUG:colcon.colcon_core.event_handler.log_command:Invoking command in '/home/cayo-sousa/ws_ld90_sim/build/amr_nav2': DEBUGINFOD_URLS=https://debuginfod.ubuntu.com /usr/bin/cmake --build /home/cayo-sousa/ws_ld90_sim/build/amr_nav2 -- -j12 -l12
[0.208s] DEBUG:colcon.colcon_core.event_handler.log_command:Invoking command in '/home/cayo-sousa/ws_ld90_sim/build/amr_teleop': DEBUGINFOD_URLS=https://debuginfod.ubuntu.com /usr/bin/cmake --build /home/cayo-sousa/ws_ld90_sim/build/amr_teleop -- -j12 -l12
[0.259s] DEBUG:colcon.colcon_core.event_handler.log_command:Invoked command in '/home/cayo-sousa/ws_ld90_sim/build/amr_teleop' returned '0': DEBUGINFOD_URLS=https://debuginfod.ubuntu.com /usr/bin/cmake --build /home/cayo-sousa/ws_ld90_sim/build/amr_teleop -- -j12 -l12
[0.268s] DEBUG:colcon.colcon_core.event_handler.log_command:Invoking command in '/home/cayo-sousa/ws_ld90_sim/build/amr_teleop': DEBUGINFOD_URLS=https://debuginfod.ubuntu.com /usr/bin/cmake --install /home/cayo-sousa/ws_ld90_sim/build/amr_teleop
[0.269s] DEBUG:colcon.colcon_core.event_handler.log_command:Invoked command in '/home/cayo-sousa/ws_ld90_sim/build/amr_nav2' returned '0': DEBUGINFOD_URLS=https://debuginfod.ubuntu.com /usr/bin/cmake --build /home/cayo-sousa/ws_ld90_sim/build/amr_nav2 -- -j12 -l12
[0.270s] DEBUG:colcon.colcon_core.event_handler.log_command:Invoking command in '/home/cayo-sousa/ws_ld90_sim/build/amr_nav2': DEBUGINFOD_URLS=https://debuginfod.ubuntu.com /usr/bin/cmake --install /home/cayo-sousa/ws_ld90_sim/build/amr_nav2
[0.292s] Level 1:colcon.colcon_core.environment:create_environment_scripts_only(amr_teleop)
[0.292s] DEBUG:colcon.colcon_core.event_handler.log_command:Invoked command in '/home/cayo-sousa/ws_ld90_sim/build/amr_teleop' returned '0': DEBUGINFOD_URLS=https://debuginfod.ubuntu.com /usr/bin/cmake --install /home/cayo-sousa/ws_ld90_sim/build/amr_teleop
[0.297s] Level 1:colcon.colcon_core.environment:checking '/home/cayo-sousa/ws_ld90_sim/install/amr_teleop' for CMake module files
[0.297s] Level 1:colcon.colcon_core.environment:checking '/home/cayo-sousa/ws_ld90_sim/install/amr_teleop' for CMake config files
[0.298s] Level 1:colcon.colcon_core.shell:create_environment_hook('amr_teleop', 'cmake_prefix_path')
[0.298s] INFO:colcon.colcon_core.shell:Creating environment hook '/home/cayo-sousa/ws_ld90_sim/install/amr_teleop/share/amr_teleop/hook/cmake_prefix_path.ps1'
[0.299s] INFO:colcon.colcon_core.shell:Creating environment descriptor '/home/cayo-sousa/ws_ld90_sim/install/amr_teleop/share/amr_teleop/hook/cmake_prefix_path.dsv'
[0.300s] INFO:colcon.colcon_core.shell:Creating environment hook '/home/cayo-sousa/ws_ld90_sim/install/amr_teleop/share/amr_teleop/hook/cmake_prefix_path.sh'
[0.301s] Level 1:colcon.colcon_core.environment:checking '/home/cayo-sousa/ws_ld90_sim/install/amr_teleop/bin'
[0.301s] Level 1:colcon.colcon_core.environment:checking '/home/cayo-sousa/ws_ld90_sim/install/amr_teleop/lib/pkgconfig/amr_teleop.pc'
[0.303s] Level 1:colcon.colcon_core.environment:checking '/home/cayo-sousa/ws_ld90_sim/install/amr_teleop/lib/python3.12/site-packages'
[0.303s] Level 1:colcon.colcon_core.environment:checking '/home/cayo-sousa/ws_ld90_sim/install/amr_teleop/bin'
[0.304s] INFO:colcon.colcon_core.shell:Creating package script '/home/cayo-sousa/ws_ld90_sim/install/amr_teleop/share/amr_teleop/package.ps1'
[0.305s] INFO:colcon.colcon_core.shell:Creating package descriptor '/home/cayo-sousa/ws_ld90_sim/install/amr_teleop/share/amr_teleop/package.dsv'
[0.306s] INFO:colcon.colcon_core.shell:Creating package script '/home/cayo-sousa/ws_ld90_sim/install/amr_teleop/share/amr_teleop/package.sh'
[0.306s] INFO:colcon.colcon_core.shell:Creating package script '/home/cayo-sousa/ws_ld90_sim/install/amr_teleop/share/amr_teleop/package.bash'
[0.308s] INFO:colcon.colcon_core.shell:Creating package script '/home/cayo-sousa/ws_ld90_sim/install/amr_teleop/share/amr_teleop/package.zsh'
[0.309s] Level 1:colcon.colcon_core.environment:create_file_with_runtime_dependencies(/home/cayo-sousa/ws_ld90_sim/install/amr_teleop/share/colcon-core/packages/amr_teleop)
[0.309s] Level 1:colcon.colcon_core.environment:create_environment_scripts_only(amr_teleop)
[0.309s] Level 1:colcon.colcon_core.environment:checking '/home/cayo-sousa/ws_ld90_sim/install/amr_teleop' for CMake module files
[0.310s] Level 1:colcon.colcon_core.environment:checking '/home/cayo-sousa/ws_ld90_sim/install/amr_teleop' for CMake config files
[0.310s] Level 1:colcon.colcon_core.shell:create_environment_hook('amr_teleop', 'cmake_prefix_path')
[0.310s] INFO:colcon.colcon_core.shell:Creating environment hook '/home/cayo-sousa/ws_ld90_sim/install/amr_teleop/share/amr_teleop/hook/cmake_prefix_path.ps1'
[0.311s] INFO:colcon.colcon_core.shell:Creating environment descriptor '/home/cayo-sousa/ws_ld90_sim/install/amr_teleop/share/amr_teleop/hook/cmake_prefix_path.dsv'
[0.311s] INFO:colcon.colcon_core.shell:Creating environment hook '/home/cayo-sousa/ws_ld90_sim/install/amr_teleop/share/amr_teleop/hook/cmake_prefix_path.sh'
[0.312s] Level 1:colcon.colcon_core.environment:checking '/home/cayo-sousa/ws_ld90_sim/install/amr_teleop/bin'
[0.312s] Level 1:colcon.colcon_core.environment:checking '/home/cayo-sousa/ws_ld90_sim/install/amr_teleop/lib/pkgconfig/amr_teleop.pc'
[0.312s] Level 1:colcon.colcon_core.environment:checking '/home/cayo-sousa/ws_ld90_sim/install/amr_teleop/lib/python3.12/site-packages'
[0.312s] Level 1:colcon.colcon_core.environment:checking '/home/cayo-sousa/ws_ld90_sim/install/amr_teleop/bin'
[0.313s] INFO:colcon.colcon_core.shell:Creating package script '/home/cayo-sousa/ws_ld90_sim/install/amr_teleop/share/amr_teleop/package.ps1'
[0.314s] INFO:colcon.colcon_core.shell:Creating package descriptor '/home/cayo-sousa/ws_ld90_sim/install/amr_teleop/share/amr_teleop/package.dsv'
[0.314s] INFO:colcon.colcon_core.shell:Creating package script '/home/cayo-sousa/ws_ld90_sim/install/amr_teleop/share/amr_teleop/package.sh'
[0.314s] INFO:colcon.colcon_core.shell:Creating package script '/home/cayo-sousa/ws_ld90_sim/install/amr_teleop/share/amr_teleop/package.bash'
[0.315s] INFO:colcon.colcon_core.shell:Creating package script '/home/cayo-sousa/ws_ld90_sim/install/amr_teleop/share/amr_teleop/package.zsh'
[0.315s] Level 1:colcon.colcon_core.environment:create_file_with_runtime_dependencies(/home/cayo-sousa/ws_ld90_sim/install/amr_teleop/share/colcon-core/packages/amr_teleop)
[0.316s] Level 1:colcon.colcon_core.environment:create_environment_scripts_only(amr_nav2)
[0.317s] Level 1:colcon.colcon_core.environment:checking '/home/cayo-sousa/ws_ld90_sim/install/amr_nav2' for CMake module files
[0.317s] DEBUG:colcon.colcon_core.event_handler.log_command:Invoked command in '/home/cayo-sousa/ws_ld90_sim/build/amr_nav2' returned '0': DEBUGINFOD_URLS=https://debuginfod.ubuntu.com /usr/bin/cmake --install /home/cayo-sousa/ws_ld90_sim/build/amr_nav2
[0.318s] Level 1:colcon.colcon_core.environment:checking '/home/cayo-sousa/ws_ld90_sim/install/amr_nav2' for CMake config files
[0.318s] Level 1:colcon.colcon_core.shell:create_environment_hook('amr_nav2', 'cmake_prefix_path')
[0.318s] INFO:colcon.colcon_core.shell:Creating environment hook '/home/cayo-sousa/ws_ld90_sim/install/amr_nav2/share/amr_nav2/hook/cmake_prefix_path.ps1'
[0.319s] INFO:colcon.colcon_core.shell:Creating environment descriptor '/home/cayo-sousa/ws_ld90_sim/install/amr_nav2/share/amr_nav2/hook/cmake_prefix_path.dsv'
[0.320s] INFO:colcon.colcon_core.shell:Creating environment hook '/home/cayo-sousa/ws_ld90_sim/install/amr_nav2/share/amr_nav2/hook/cmake_prefix_path.sh'
[0.320s] Level 1:colcon.colcon_core.environment:checking '/home/cayo-sousa/ws_ld90_sim/install/amr_nav2/bin'
[0.320s] Level 1:colcon.colcon_core.environment:checking '/home/cayo-sousa/ws_ld90_sim/install/amr_nav2/lib/pkgconfig/amr_nav2.pc'
[0.321s] Level 1:colcon.colcon_core.environment:checking '/home/cayo-sousa/ws_ld90_sim/install/amr_nav2/lib/python3.12/site-packages'
[0.321s] Level 1:colcon.colcon_core.environment:checking '/home/cayo-sousa/ws_ld90_sim/install/amr_nav2/bin'
[0.321s] INFO:colcon.colcon_core.shell:Creating package script '/home/cayo-sousa/ws_ld90_sim/install/amr_nav2/share/amr_nav2/package.ps1'
[0.322s] INFO:colcon.colcon_core.shell:Creating package descriptor '/home/cayo-sousa/ws_ld90_sim/install/amr_nav2/share/amr_nav2/package.dsv'
[0.323s] INFO:colcon.colcon_core.shell:Creating package script '/home/cayo-sousa/ws_ld90_sim/install/amr_nav2/share/amr_nav2/package.sh'
[0.323s] INFO:colcon.colcon_core.shell:Creating package script '/home/cayo-sousa/ws_ld90_sim/install/amr_nav2/share/amr_nav2/package.bash'
[0.324s] INFO:colcon.colcon_core.shell:Creating package script '/home/cayo-sousa/ws_ld90_sim/install/amr_nav2/share/amr_nav2/package.zsh'
[0.324s] Level 1:colcon.colcon_core.environment:create_file_with_runtime_dependencies(/home/cayo-sousa/ws_ld90_sim/install/amr_nav2/share/colcon-core/packages/amr_nav2)
[0.325s] Level 1:colcon.colcon_core.environment:create_environment_scripts_only(amr_nav2)
[0.325s] Level 1:colcon.colcon_core.environment:checking '/home/cayo-sousa/ws_ld90_sim/install/amr_nav2' for CMake module files
[0.325s] Level 1:colcon.colcon_core.environment:checking '/home/cayo-sousa/ws_ld90_sim/install/amr_nav2' for CMake config files
[0.326s] Level 1:colcon.colcon_core.shell:create_environment_hook('amr_nav2', 'cmake_prefix_path')
[0.326s] INFO:colcon.colcon_core.shell:Creating environment hook '/home/cayo-sousa/ws_ld90_sim/install/amr_nav2/share/amr_nav2/hook/cmake_prefix_path.ps1'
[0.326s] INFO:colcon.colcon_core.shell:Creating environment descriptor '/home/cayo-sousa/ws_ld90_sim/install/amr_nav2/share/amr_nav2/hook/cmake_prefix_path.dsv'
[0.327s] INFO:colcon.colcon_core.shell:Creating environment hook '/home/cayo-sousa/ws_ld90_sim/install/amr_nav2/share/amr_nav2/hook/cmake_prefix_path.sh'
[0.327s] Level 1:colcon.colcon_core.environment:checking '/home/cayo-sousa/ws_ld90_sim/install/amr_nav2/bin'
[0.327s] Level 1:colcon.colcon_core.environment:checking '/home/cayo-sousa/ws_ld90_sim/install/amr_nav2/lib/pkgconfig/amr_nav2.pc'
[0.328s] Level 1:colcon.colcon_core.environment:checking '/home/cayo-sousa/ws_ld90_sim/install/amr_nav2/lib/python3.12/site-packages'
[0.328s] Level 1:colcon.colcon_core.environment:checking '/home/cayo-sousa/ws_ld90_sim/install/amr_nav2/bin'
[0.328s] INFO:colcon.colcon_core.shell:Creating package script '/home/cayo-sousa/ws_ld90_sim/install/amr_nav2/share/amr_nav2/package.ps1'
[0.329s] INFO:colcon.colcon_core.shell:Creating package descriptor '/home/cayo-sousa/ws_ld90_sim/install/amr_nav2/share/amr_nav2/package.dsv'
[0.330s] INFO:colcon.colcon_core.shell:Creating package script '/home/cayo-sousa/ws_ld90_sim/install/amr_nav2/share/amr_nav2/package.sh'
[0.330s] INFO:colcon.colcon_core.shell:Creating package script '/home/cayo-sousa/ws_ld90_sim/install/amr_nav2/share/amr_nav2/package.bash'
[0.330s] INFO:colcon.colcon_core.shell:Creating package script '/home/cayo-sousa/ws_ld90_sim/install/amr_nav2/share/amr_nav2/package.zsh'
[0.331s] Level 1:colcon.colcon_core.environment:create_file_with_runtime_dependencies(/home/cayo-sousa/ws_ld90_sim/install/amr_nav2/share/colcon-core/packages/amr_nav2)
[0.417s] DEBUG:colcon.colcon_core.event_handler.log_command:Invoked command in '/home/cayo-sousa/ws_ld90_sim/build/libaria' returned '0': DEBUGINFOD_URLS=https://debuginfod.ubuntu.com /usr/bin/cmake --build /home/cayo-sousa/ws_ld90_sim/build/libaria -- -j12 -l12
[0.418s] DEBUG:colcon.colcon_core.event_handler.log_command:Invoking command in '/home/cayo-sousa/ws_ld90_sim/build/libaria': DEBUGINFOD_URLS=https://debuginfod.ubuntu.com /usr/bin/cmake --install /home/cayo-sousa/ws_ld90_sim/build/libaria
[0.436s] DEBUG:colcon.colcon_core.event_handler.log_command:Invoked command in '/home/cayo-sousa/ws_ld90_sim/build/libaria' returned '0': DEBUGINFOD_URLS=https://debuginfod.ubuntu.com /usr/bin/cmake --install /home/cayo-sousa/ws_ld90_sim/build/libaria
[0.436s] Level 1:colcon.colcon_core.shell:create_environment_hook('libaria', 'pkg_config_path')
[0.436s] INFO:colcon.colcon_core.shell:Creating environment hook '/home/cayo-sousa/ws_ld90_sim/install/libaria/share/libaria/hook/pkg_config_path.ps1'
[0.437s] INFO:colcon.colcon_core.shell:Creating environment descriptor '/home/cayo-sousa/ws_ld90_sim/install/libaria/share/libaria/hook/pkg_config_path.dsv'
[0.438s] INFO:colcon.colcon_core.shell:Creating environment hook '/home/cayo-sousa/ws_ld90_sim/install/libaria/share/libaria/hook/pkg_config_path.sh'
[0.441s] Level 1:colcon.colcon_core.shell:create_environment_hook('libaria', 'pkg_config_path_multiarch')
[0.441s] INFO:colcon.colcon_core.shell:Creating environment hook '/home/cayo-sousa/ws_ld90_sim/install/libaria/share/libaria/hook/pkg_config_path_multiarch.ps1'
[0.442s] INFO:colcon.colcon_core.shell:Creating environment descriptor '/home/cayo-sousa/ws_ld90_sim/install/libaria/share/libaria/hook/pkg_config_path_multiarch.dsv'
[0.442s] INFO:colcon.colcon_core.shell:Creating environment hook '/home/cayo-sousa/ws_ld90_sim/install/libaria/share/libaria/hook/pkg_config_path_multiarch.sh'
[0.443s] Level 1:colcon.colcon_core.environment:create_environment_scripts_only(libaria)
[0.443s] Level 1:colcon.colcon_core.environment:checking '/home/cayo-sousa/ws_ld90_sim/install/libaria' for CMake module files
[0.443s] Level 1:colcon.colcon_core.environment:checking '/home/cayo-sousa/ws_ld90_sim/install/libaria' for CMake config files
[0.444s] Level 1:colcon.colcon_core.shell:create_environment_hook('libaria', 'cmake_prefix_path')
[0.444s] INFO:colcon.colcon_core.shell:Creating environment hook '/home/cayo-sousa/ws_ld90_sim/install/libaria/share/libaria/hook/cmake_prefix_path.ps1'
[0.444s] INFO:colcon.colcon_core.shell:Creating environment descriptor '/home/cayo-sousa/ws_ld90_sim/install/libaria/share/libaria/hook/cmake_prefix_path.dsv'
[0.445s] INFO:colcon.colcon_core.shell:Creating environment hook '/home/cayo-sousa/ws_ld90_sim/install/libaria/share/libaria/hook/cmake_prefix_path.sh'
[0.445s] Level 1:colcon.colcon_core.environment:checking '/home/cayo-sousa/ws_ld90_sim/install/libaria/lib'
[0.445s] Level 1:colcon.colcon_core.shell:create_environment_hook('libaria', 'ld_library_path_lib')
[0.446s] INFO:colcon.colcon_core.shell:Creating environment hook '/home/cayo-sousa/ws_ld90_sim/install/libaria/share/libaria/hook/ld_library_path_lib.ps1'
[0.446s] INFO:colcon.colcon_core.shell:Creating environment descriptor '/home/cayo-sousa/ws_ld90_sim/install/libaria/share/libaria/hook/ld_library_path_lib.dsv'
[0.446s] INFO:colcon.colcon_core.shell:Creating environment hook '/home/cayo-sousa/ws_ld90_sim/install/libaria/share/libaria/hook/ld_library_path_lib.sh'
[0.446s] Level 1:colcon.colcon_core.environment:checking '/home/cayo-sousa/ws_ld90_sim/install/libaria/bin'
[0.447s] Level 1:colcon.colcon_core.shell:create_environment_hook('libaria', 'path')
[0.447s] INFO:colcon.colcon_core.shell:Creating environment hook '/home/cayo-sousa/ws_ld90_sim/install/libaria/share/libaria/hook/path.ps1'
[0.447s] INFO:colcon.colcon_core.shell:Creating environment descriptor '/home/cayo-sousa/ws_ld90_sim/install/libaria/share/libaria/hook/path.dsv'
[0.447s] INFO:colcon.colcon_core.shell:Creating environment hook '/home/cayo-sousa/ws_ld90_sim/install/libaria/share/libaria/hook/path.sh'
[0.448s] Level 1:colcon.colcon_core.environment:checking '/home/cayo-sousa/ws_ld90_sim/install/libaria/lib/pkgconfig/libaria.pc'
[0.448s] Level 1:colcon.colcon_core.environment:checking '/home/cayo-sousa/ws_ld90_sim/install/libaria/lib/python3.12/site-packages'
[0.448s] Level 1:colcon.colcon_core.environment:checking '/home/cayo-sousa/ws_ld90_sim/install/libaria/bin'
[0.448s] Level 1:colcon.colcon_core.shell:create_environment_hook('libaria', 'pythonscriptspath')
[0.448s] INFO:colcon.colcon_core.shell:Creating environment hook '/home/cayo-sousa/ws_ld90_sim/install/libaria/share/libaria/hook/pythonscriptspath.ps1'
[0.449s] INFO:colcon.colcon_core.shell:Creating environment descriptor '/home/cayo-sousa/ws_ld90_sim/install/libaria/share/libaria/hook/pythonscriptspath.dsv'
[0.449s] INFO:colcon.colcon_core.shell:Creating environment hook '/home/cayo-sousa/ws_ld90_sim/install/libaria/share/libaria/hook/pythonscriptspath.sh'
[0.450s] INFO:colcon.colcon_core.shell:Creating package script '/home/cayo-sousa/ws_ld90_sim/install/libaria/share/libaria/package.ps1'
[0.450s] INFO:colcon.colcon_core.shell:Creating package descriptor '/home/cayo-sousa/ws_ld90_sim/install/libaria/share/libaria/package.dsv'
[0.451s] INFO:colcon.colcon_core.shell:Creating package script '/home/cayo-sousa/ws_ld90_sim/install/libaria/share/libaria/package.sh'
[0.451s] INFO:colcon.colcon_core.shell:Creating package script '/home/cayo-sousa/ws_ld90_sim/install/libaria/share/libaria/package.bash'
[0.451s] INFO:colcon.colcon_core.shell:Creating package script '/home/cayo-sousa/ws_ld90_sim/install/libaria/share/libaria/package.zsh'
[0.452s] Level 1:colcon.colcon_core.environment:create_file_with_runtime_dependencies(/home/cayo-sousa/ws_ld90_sim/install/libaria/share/colcon-core/packages/libaria)
[0.469s] DEBUG:colcon.colcon_core.event_handler.log_command:Invoked command in '/home/cayo-sousa/ws_ld90_sim/build/amr_msgs' returned '0': DEBUGINFOD_URLS=https://debuginfod.ubuntu.com /usr/bin/cmake --build /home/cayo-sousa/ws_ld90_sim/build/amr_msgs -- -j12 -l12
[0.470s] DEBUG:colcon.colcon_core.event_handler.log_command:Invoking command in '/home/cayo-sousa/ws_ld90_sim/build/amr_msgs': DEBUGINFOD_URLS=https://debuginfod.ubuntu.com /usr/bin/cmake --install /home/cayo-sousa/ws_ld90_sim/build/amr_msgs
[0.531s] Level 1:colcon.colcon_core.environment:create_environment_scripts_only(amr_msgs)
[0.531s] Level 1:colcon.colcon_core.environment:checking '/home/cayo-sousa/ws_ld90_sim/install/amr_msgs' for CMake module files
[0.532s] DEBUG:colcon.colcon_core.event_handler.log_command:Invoked command in '/home/cayo-sousa/ws_ld90_sim/build/amr_msgs' returned '0': DEBUGINFOD_URLS=https://debuginfod.ubuntu.com /usr/bin/cmake --install /home/cayo-sousa/ws_ld90_sim/build/amr_msgs
[0.532s] Level 1:colcon.colcon_core.environment:checking '/home/cayo-sousa/ws_ld90_sim/install/amr_msgs' for CMake config files
[0.532s] Level 1:colcon.colcon_core.shell:create_environment_hook('amr_msgs', 'cmake_prefix_path')
[0.533s] INFO:colcon.colcon_core.shell:Creating environment hook '/home/cayo-sousa/ws_ld90_sim/install/amr_msgs/share/amr_msgs/hook/cmake_prefix_path.ps1'
[0.533s] INFO:colcon.colcon_core.shell:Creating environment descriptor '/home/cayo-sousa/ws_ld90_sim/install/amr_msgs/share/amr_msgs/hook/cmake_prefix_path.dsv'
[0.533s] INFO:colcon.colcon_core.shell:Creating environment hook '/home/cayo-sousa/ws_ld90_sim/install/amr_msgs/share/amr_msgs/hook/cmake_prefix_path.sh'
[0.534s] Level 1:colcon.colcon_core.environment:checking '/home/cayo-sousa/ws_ld90_sim/install/amr_msgs/lib'
[0.534s] Level 1:colcon.colcon_core.shell:create_environment_hook('amr_msgs', 'ld_library_path_lib')
[0.534s] INFO:colcon.colcon_core.shell:Creating environment hook '/home/cayo-sousa/ws_ld90_sim/install/amr_msgs/share/amr_msgs/hook/ld_library_path_lib.ps1'
[0.534s] INFO:colcon.colcon_core.shell:Creating environment descriptor '/home/cayo-sousa/ws_ld90_sim/install/amr_msgs/share/amr_msgs/hook/ld_library_path_lib.dsv'
[0.535s] INFO:colcon.colcon_core.shell:Creating environment hook '/home/cayo-sousa/ws_ld90_sim/install/amr_msgs/share/amr_msgs/hook/ld_library_path_lib.sh'
[0.535s] Level 1:colcon.colcon_core.environment:checking '/home/cayo-sousa/ws_ld90_sim/install/amr_msgs/bin'
[0.535s] Level 1:colcon.colcon_core.environment:checking '/home/cayo-sousa/ws_ld90_sim/install/amr_msgs/lib/pkgconfig/amr_msgs.pc'
[0.535s] Level 1:colcon.colcon_core.environment:checking '/home/cayo-sousa/ws_ld90_sim/install/amr_msgs/lib/python3.12/site-packages'
[0.535s] Level 1:colcon.colcon_core.shell:create_environment_hook('amr_msgs', 'pythonpath')
[0.535s] INFO:colcon.colcon_core.shell:Creating environment hook '/home/cayo-sousa/ws_ld90_sim/install/amr_msgs/share/amr_msgs/hook/pythonpath.ps1'
[0.536s] INFO:colcon.colcon_core.shell:Creating environment descriptor '/home/cayo-sousa/ws_ld90_sim/install/amr_msgs/share/amr_msgs/hook/pythonpath.dsv'
[0.536s] INFO:colcon.colcon_core.shell:Creating environment hook '/home/cayo-sousa/ws_ld90_sim/install/amr_msgs/share/amr_msgs/hook/pythonpath.sh'
[0.537s] Level 1:colcon.colcon_core.environment:checking '/home/cayo-sousa/ws_ld90_sim/install/amr_msgs/bin'
[0.537s] INFO:colcon.colcon_core.shell:Creating package script '/home/cayo-sousa/ws_ld90_sim/install/amr_msgs/share/amr_msgs/package.ps1'
[0.537s] INFO:colcon.colcon_core.shell:Creating package descriptor '/home/cayo-sousa/ws_ld90_sim/install/amr_msgs/share/amr_msgs/package.dsv'
[0.537s] INFO:colcon.colcon_core.shell:Creating package script '/home/cayo-sousa/ws_ld90_sim/install/amr_msgs/share/amr_msgs/package.sh'
[0.538s] INFO:colcon.colcon_core.shell:Creating package script '/home/cayo-sousa/ws_ld90_sim/install/amr_msgs/share/amr_msgs/package.bash'
[0.538s] INFO:colcon.colcon_core.shell:Creating package script '/home/cayo-sousa/ws_ld90_sim/install/amr_msgs/share/amr_msgs/package.zsh'
[0.538s] Level 1:colcon.colcon_core.environment:create_file_with_runtime_dependencies(/home/cayo-sousa/ws_ld90_sim/install/amr_msgs/share/colcon-core/packages/amr_msgs)
[0.539s] Level 1:colcon.colcon_core.environment:create_environment_scripts_only(amr_msgs)
[0.539s] Level 1:colcon.colcon_core.environment:checking '/home/cayo-sousa/ws_ld90_sim/install/amr_msgs' for CMake module files
[0.539s] Level 1:colcon.colcon_core.environment:checking '/home/cayo-sousa/ws_ld90_sim/install/amr_msgs' for CMake config files
[0.539s] Level 1:colcon.colcon_core.shell:create_environment_hook('amr_msgs', 'cmake_prefix_path')
[0.539s] INFO:colcon.colcon_core.shell:Creating environment hook '/home/cayo-sousa/ws_ld90_sim/install/amr_msgs/share/amr_msgs/hook/cmake_prefix_path.ps1'
[0.539s] INFO:colcon.colcon_core.shell:Creating environment descriptor '/home/cayo-sousa/ws_ld90_sim/install/amr_msgs/share/amr_msgs/hook/cmake_prefix_path.dsv'
[0.539s] INFO:colcon.colcon_core.shell:Creating environment hook '/home/cayo-sousa/ws_ld90_sim/install/amr_msgs/share/amr_msgs/hook/cmake_prefix_path.sh'
[0.540s] Level 1:colcon.colcon_core.environment:checking '/home/cayo-sousa/ws_ld90_sim/install/amr_msgs/lib'
[0.540s] Level 1:colcon.colcon_core.shell:create_environment_hook('amr_msgs', 'ld_library_path_lib')
[0.540s] INFO:colcon.colcon_core.shell:Creating environment hook '/home/cayo-sousa/ws_ld90_sim/install/amr_msgs/share/amr_msgs/hook/ld_library_path_lib.ps1'
[0.540s] INFO:colcon.colcon_core.shell:Creating environment descriptor '/home/cayo-sousa/ws_ld90_sim/install/amr_msgs/share/amr_msgs/hook/ld_library_path_lib.dsv'
[0.540s] INFO:colcon.colcon_core.shell:Creating environment hook '/home/cayo-sousa/ws_ld90_sim/install/amr_msgs/share/amr_msgs/hook/ld_library_path_lib.sh'
[0.540s] Level 1:colcon.colcon_core.environment:checking '/home/cayo-sousa/ws_ld90_sim/install/amr_msgs/bin'
[0.540s] Level 1:colcon.colcon_core.environment:checking '/home/cayo-sousa/ws_ld90_sim/install/amr_msgs/lib/pkgconfig/amr_msgs.pc'
[0.540s] Level 1:colcon.colcon_core.environment:checking '/home/cayo-sousa/ws_ld90_sim/install/amr_msgs/lib/python3.12/site-packages'
[0.540s] Level 1:colcon.colcon_core.shell:create_environment_hook('amr_msgs', 'pythonpath')
[0.541s] INFO:colcon.colcon_core.shell:Creating environment hook '/home/cayo-sousa/ws_ld90_sim/install/amr_msgs/share/amr_msgs/hook/pythonpath.ps1'
[0.541s] INFO:colcon.colcon_core.shell:Creating environment descriptor '/home/cayo-sousa/ws_ld90_sim/install/amr_msgs/share/amr_msgs/hook/pythonpath.dsv'
[0.541s] INFO:colcon.colcon_core.shell:Creating environment hook '/home/cayo-sousa/ws_ld90_sim/install/amr_msgs/share/amr_msgs/hook/pythonpath.sh'
[0.541s] Level 1:colcon.colcon_core.environment:checking '/home/cayo-sousa/ws_ld90_sim/install/amr_msgs/bin'
[0.541s] INFO:colcon.colcon_core.shell:Creating package script '/home/cayo-sousa/ws_ld90_sim/install/amr_msgs/share/amr_msgs/package.ps1'
[0.542s] INFO:colcon.colcon_core.shell:Creating package descriptor '/home/cayo-sousa/ws_ld90_sim/install/amr_msgs/share/amr_msgs/package.dsv'
[0.542s] INFO:colcon.colcon_core.shell:Creating package script '/home/cayo-sousa/ws_ld90_sim/install/amr_msgs/share/amr_msgs/package.sh'
[0.542s] INFO:colcon.colcon_core.shell:Creating package script '/home/cayo-sousa/ws_ld90_sim/install/amr_msgs/share/amr_msgs/package.bash'
[0.542s] INFO:colcon.colcon_core.shell:Creating package script '/home/cayo-sousa/ws_ld90_sim/install/amr_msgs/share/amr_msgs/package.zsh'
[0.542s] Level 1:colcon.colcon_core.environment:create_file_with_runtime_dependencies(/home/cayo-sousa/ws_ld90_sim/install/amr_msgs/share/colcon-core/packages/amr_msgs)
[0.542s] INFO:colcon.colcon_ros.task.ament_cmake.build:Building ROS package in '/home/cayo-sousa/ws_ld90_sim/src/omron_amr/amr_description' with build type 'ament_cmake'
[0.542s] INFO:colcon.colcon_cmake.task.cmake.build:Building CMake package in '/home/cayo-sousa/ws_ld90_sim/src/omron_amr/amr_description'
[0.543s] INFO:colcon.colcon_core.shell:Skip shell extension 'powershell' for command environment: Not usable outside of PowerShell
[0.543s] DEBUG:colcon.colcon_core.shell:Skip shell extension 'dsv' for command environment
[0.544s] INFO:colcon.colcon_ros.task.ament_cmake.build:Building ROS package in '/home/cayo-sousa/ws_ld90_sim/src/omron_amr/amr_core' with build type 'ament_cmake'
[0.544s] INFO:colcon.colcon_cmake.task.cmake.build:Building CMake package in '/home/cayo-sousa/ws_ld90_sim/src/omron_amr/amr_core'
[0.544s] INFO:colcon.colcon_core.shell:Skip shell extension 'powershell' for command environment: Not usable outside of PowerShell
[0.544s] DEBUG:colcon.colcon_core.shell:Skip shell extension 'dsv' for command environment
[0.550s] DEBUG:colcon.colcon_core.event_handler.log_command:Invoking command in '/home/cayo-sousa/ws_ld90_sim/build/amr_description': AMENT_PREFIX_PATH=/home/cayo-sousa/ws_ld90_sim/install/amr_msgs CMAKE_PREFIX_PATH=/home/cayo-sousa/ws_ld90_sim/install/amr_msgs DEBUGINFOD_URLS=https://debuginfod.ubuntu.com LD_LIBRARY_PATH=/home/cayo-sousa/ws_ld90_sim/install/amr_msgs/lib PYTHONPATH=/home/cayo-sousa/ws_ld90_sim/install/amr_msgs/lib/python3.12/site-packages /usr/bin/cmake --build /home/cayo-sousa/ws_ld90_sim/build/amr_description -- -j12 -l12
[0.553s] DEBUG:colcon.colcon_core.event_handler.log_command:Invoking command in '/home/cayo-sousa/ws_ld90_sim/build/amr_core': AMENT_PREFIX_PATH=/home/cayo-sousa/ws_ld90_sim/install/amr_msgs CMAKE_PREFIX_PATH=/home/cayo-sousa/ws_ld90_sim/install/libaria:/home/cayo-sousa/ws_ld90_sim/install/amr_msgs DEBUGINFOD_URLS=https://debuginfod.ubuntu.com LD_LIBRARY_PATH=/home/cayo-sousa/ws_ld90_sim/install/libaria/lib:/home/cayo-sousa/ws_ld90_sim/install/amr_msgs/lib PATH=/home/cayo-sousa/ws_ld90_sim/install/libaria/bin:${PATH} PKG_CONFIG_PATH=/home/cayo-sousa/ws_ld90_sim/install/libaria/lib/x86_64-linux-gnu/pkgconfig:/home/cayo-sousa/ws_ld90_sim/install/libaria/lib/pkgconfig PYTHONPATH=/home/cayo-sousa/ws_ld90_sim/install/amr_msgs/lib/python3.12/site-packages /usr/bin/cmake --build /home/cayo-sousa/ws_ld90_sim/build/amr_core -- -j12 -l12
[0.579s] DEBUG:colcon.colcon_core.event_handler.log_command:Invoked command in '/home/cayo-sousa/ws_ld90_sim/build/amr_description' returned '0': AMENT_PREFIX_PATH=/home/cayo-sousa/ws_ld90_sim/install/amr_msgs CMAKE_PREFIX_PATH=/home/cayo-sousa/ws_ld90_sim/install/amr_msgs DEBUGINFOD_URLS=https://debuginfod.ubuntu.com LD_LIBRARY_PATH=/home/cayo-sousa/ws_ld90_sim/install/amr_msgs/lib PYTHONPATH=/home/cayo-sousa/ws_ld90_sim/install/amr_msgs/lib/python3.12/site-packages /usr/bin/cmake --build /home/cayo-sousa/ws_ld90_sim/build/amr_description -- -j12 -l12
[0.580s] DEBUG:colcon.colcon_core.event_handler.log_command:Invoking command in '/home/cayo-sousa/ws_ld90_sim/build/amr_description': AMENT_PREFIX_PATH=/home/cayo-sousa/ws_ld90_sim/install/amr_msgs CMAKE_PREFIX_PATH=/home/cayo-sousa/ws_ld90_sim/install/amr_msgs DEBUGINFOD_URLS=https://debuginfod.ubuntu.com LD_LIBRARY_PATH=/home/cayo-sousa/ws_ld90_sim/install/amr_msgs/lib PYTHONPATH=/home/cayo-sousa/ws_ld90_sim/install/amr_msgs/lib/python3.12/site-packages /usr/bin/cmake --install /home/cayo-sousa/ws_ld90_sim/build/amr_description
[0.601s] Level 1:colcon.colcon_core.environment:create_environment_scripts_only(amr_description)
[0.602s] Level 1:colcon.colcon_core.environment:checking '/home/cayo-sousa/ws_ld90_sim/install/amr_description' for CMake module files
[0.602s] DEBUG:colcon.colcon_core.event_handler.log_command:Invoked command in '/home/cayo-sousa/ws_ld90_sim/build/amr_description' returned '0': AMENT_PREFIX_PATH=/home/cayo-sousa/ws_ld90_sim/install/amr_msgs CMAKE_PREFIX_PATH=/home/cayo-sousa/ws_ld90_sim/install/amr_msgs DEBUGINFOD_URLS=https://debuginfod.ubuntu.com LD_LIBRARY_PATH=/home/cayo-sousa/ws_ld90_sim/install/amr_msgs/lib PYTHONPATH=/home/cayo-sousa/ws_ld90_sim/install/amr_msgs/lib/python3.12/site-packages /usr/bin/cmake --install /home/cayo-sousa/ws_ld90_sim/build/amr_description
[0.602s] Level 1:colcon.colcon_core.environment:checking '/home/cayo-sousa/ws_ld90_sim/install/amr_description' for CMake config files
[0.603s] Level 1:colcon.colcon_core.shell:create_environment_hook('amr_description', 'cmake_prefix_path')
[0.603s] INFO:colcon.colcon_core.shell:Creating environment hook '/home/cayo-sousa/ws_ld90_sim/install/amr_description/share/amr_description/hook/cmake_prefix_path.ps1'
[0.604s] INFO:colcon.colcon_core.shell:Creating environment descriptor '/home/cayo-sousa/ws_ld90_sim/install/amr_description/share/amr_description/hook/cmake_prefix_path.dsv'
[0.604s] INFO:colcon.colcon_core.shell:Creating environment hook '/home/cayo-sousa/ws_ld90_sim/install/amr_description/share/amr_description/hook/cmake_prefix_path.sh'
[0.604s] Level 1:colcon.colcon_core.environment:checking '/home/cayo-sousa/ws_ld90_sim/install/amr_description/bin'
[0.604s] Level 1:colcon.colcon_core.environment:checking '/home/cayo-sousa/ws_ld90_sim/install/amr_description/lib/pkgconfig/amr_description.pc'
[0.605s] Level 1:colcon.colcon_core.environment:checking '/home/cayo-sousa/ws_ld90_sim/install/amr_description/lib/python3.12/site-packages'
[0.605s] Level 1:colcon.colcon_core.environment:checking '/home/cayo-sousa/ws_ld90_sim/install/amr_description/bin'
[0.605s] INFO:colcon.colcon_core.shell:Creating package script '/home/cayo-sousa/ws_ld90_sim/install/amr_description/share/amr_description/package.ps1'
[0.606s] INFO:colcon.colcon_core.shell:Creating package descriptor '/home/cayo-sousa/ws_ld90_sim/install/amr_description/share/amr_description/package.dsv'
[0.606s] INFO:colcon.colcon_core.shell:Creating package script '/home/cayo-sousa/ws_ld90_sim/install/amr_description/share/amr_description/package.sh'
[0.606s] INFO:colcon.colcon_core.shell:Creating package script '/home/cayo-sousa/ws_ld90_sim/install/amr_description/share/amr_description/package.bash'
[0.607s] INFO:colcon.colcon_core.shell:Creating package script '/home/cayo-sousa/ws_ld90_sim/install/amr_description/share/amr_description/package.zsh'
[0.607s] Level 1:colcon.colcon_core.environment:create_file_with_runtime_dependencies(/home/cayo-sousa/ws_ld90_sim/install/amr_description/share/colcon-core/packages/amr_description)
[0.607s] Level 1:colcon.colcon_core.environment:create_environment_scripts_only(amr_description)
[0.607s] Level 1:colcon.colcon_core.environment:checking '/home/cayo-sousa/ws_ld90_sim/install/amr_description' for CMake module files
[0.608s] Level 1:colcon.colcon_core.environment:checking '/home/cayo-sousa/ws_ld90_sim/install/amr_description' for CMake config files
[0.608s] Level 1:colcon.colcon_core.shell:create_environment_hook('amr_description', 'cmake_prefix_path')
[0.608s] INFO:colcon.colcon_core.shell:Creating environment hook '/home/cayo-sousa/ws_ld90_sim/install/amr_description/share/amr_description/hook/cmake_prefix_path.ps1'
[0.608s] INFO:colcon.colcon_core.shell:Creating environment descriptor '/home/cayo-sousa/ws_ld90_sim/install/amr_description/share/amr_description/hook/cmake_prefix_path.dsv'
[0.609s] INFO:colcon.colcon_core.shell:Creating environment hook '/home/cayo-sousa/ws_ld90_sim/install/amr_description/share/amr_description/hook/cmake_prefix_path.sh'
[0.609s] Level 1:colcon.colcon_core.environment:checking '/home/cayo-sousa/ws_ld90_sim/install/amr_description/bin'
[0.609s] Level 1:colcon.colcon_core.environment:checking '/home/cayo-sousa/ws_ld90_sim/install/amr_description/lib/pkgconfig/amr_description.pc'
[0.609s] Level 1:colcon.colcon_core.environment:checking '/home/cayo-sousa/ws_ld90_sim/install/amr_description/lib/python3.12/site-packages'
[0.610s] Level 1:colcon.colcon_core.environment:checking '/home/cayo-sousa/ws_ld90_sim/install/amr_description/bin'
[0.610s] INFO:colcon.colcon_core.shell:Creating package script '/home/cayo-sousa/ws_ld90_sim/install/amr_description/share/amr_description/package.ps1'
[0.610s] INFO:colcon.colcon_core.shell:Creating package descriptor '/home/cayo-sousa/ws_ld90_sim/install/amr_description/share/amr_description/package.dsv'
[0.610s] INFO:colcon.colcon_core.shell:Creating package script '/home/cayo-sousa/ws_ld90_sim/install/amr_description/share/amr_description/package.sh'
[0.611s] INFO:colcon.colcon_core.shell:Creating package script '/home/cayo-sousa/ws_ld90_sim/install/amr_description/share/amr_description/package.bash'
[0.611s] INFO:colcon.colcon_core.shell:Creating package script '/home/cayo-sousa/ws_ld90_sim/install/amr_description/share/amr_description/package.zsh'
[0.611s] Level 1:colcon.colcon_core.environment:create_file_with_runtime_dependencies(/home/cayo-sousa/ws_ld90_sim/install/amr_description/share/colcon-core/packages/amr_description)
[0.611s] INFO:colcon.colcon_ros.task.ament_python.build:Building ROS package in '/home/cayo-sousa/ws_ld90_sim/src/ld90_gz' with build type 'ament_python'
[0.611s] Level 1:colcon.colcon_core.shell:create_environment_hook('ld90_gz', 'ament_prefix_path')
[0.611s] INFO:colcon.colcon_core.shell:Creating environment hook '/home/cayo-sousa/ws_ld90_sim/install/ld90_gz/share/ld90_gz/hook/ament_prefix_path.ps1'
[0.612s] INFO:colcon.colcon_core.shell:Creating environment descriptor '/home/cayo-sousa/ws_ld90_sim/install/ld90_gz/share/ld90_gz/hook/ament_prefix_path.dsv'
[0.612s] INFO:colcon.colcon_core.shell:Creating environment hook '/home/cayo-sousa/ws_ld90_sim/install/ld90_gz/share/ld90_gz/hook/ament_prefix_path.sh'
[0.612s] INFO:colcon.colcon_core.shell:Skip shell extension 'powershell' for command environment: Not usable outside of PowerShell
[0.612s] DEBUG:colcon.colcon_core.shell:Skip shell extension 'dsv' for command environment
[0.722s] INFO:colcon.colcon_core.task.python.build:Building Python package in '/home/cayo-sousa/ws_ld90_sim/src/ld90_gz'
[0.722s] INFO:colcon.colcon_core.shell:Skip shell extension 'powershell' for command environment: Not usable outside of PowerShell
[0.722s] DEBUG:colcon.colcon_core.shell:Skip shell extension 'dsv' for command environment
[0.724s] DEBUG:colcon.colcon_core.event_handler.log_command:Invoked command in '/home/cayo-sousa/ws_ld90_sim/build/amr_core' returned '0': AMENT_PREFIX_PATH=/home/cayo-sousa/ws_ld90_sim/install/amr_msgs CMAKE_PREFIX_PATH=/home/cayo-sousa/ws_ld90_sim/install/libaria:/home/cayo-sousa/ws_ld90_sim/install/amr_msgs DEBUGINFOD_URLS=https://debuginfod.ubuntu.com LD_LIBRARY_PATH=/home/cayo-sousa/ws_ld90_sim/install/libaria/lib:/home/cayo-sousa/ws_ld90_sim/install/amr_msgs/lib PATH=/home/cayo-sousa/ws_ld90_sim/install/libaria/bin:${PATH} PKG_CONFIG_PATH=/home/cayo-sousa/ws_ld90_sim/install/libaria/lib/x86_64-linux-gnu/pkgconfig:/home/cayo-sousa/ws_ld90_sim/install/libaria/lib/pkgconfig PYTHONPATH=/home/cayo-sousa/ws_ld90_sim/install/amr_msgs/lib/python3.12/site-packages /usr/bin/cmake --build /home/cayo-sousa/ws_ld90_sim/build/amr_core -- -j12 -l12
[0.725s] DEBUG:colcon.colcon_core.event_handler.log_command:Invoking command in '/home/cayo-sousa/ws_ld90_sim/build/amr_core': AMENT_PREFIX_PATH=/home/cayo-sousa/ws_ld90_sim/install/amr_msgs CMAKE_PREFIX_PATH=/home/cayo-sousa/ws_ld90_sim/install/libaria:/home/cayo-sousa/ws_ld90_sim/install/amr_msgs DEBUGINFOD_URLS=https://debuginfod.ubuntu.com LD_LIBRARY_PATH=/home/cayo-sousa/ws_ld90_sim/install/libaria/lib:/home/cayo-sousa/ws_ld90_sim/install/amr_msgs/lib PATH=/home/cayo-sousa/ws_ld90_sim/install/libaria/bin:${PATH} PKG_CONFIG_PATH=/home/cayo-sousa/ws_ld90_sim/install/libaria/lib/x86_64-linux-gnu/pkgconfig:/home/cayo-sousa/ws_ld90_sim/install/libaria/lib/pkgconfig PYTHONPATH=/home/cayo-sousa/ws_ld90_sim/install/amr_msgs/lib/python3.12/site-packages /usr/bin/cmake --install /home/cayo-sousa/ws_ld90_sim/build/amr_core
[0.745s] Level 1:colcon.colcon_core.environment:create_environment_scripts_only(amr_core)
[0.745s] DEBUG:colcon.colcon_core.event_handler.log_command:Invoked command in '/home/cayo-sousa/ws_ld90_sim/build/amr_core' returned '0': AMENT_PREFIX_PATH=/home/cayo-sousa/ws_ld90_sim/install/amr_msgs CMAKE_PREFIX_PATH=/home/cayo-sousa/ws_ld90_sim/install/libaria:/home/cayo-sousa/ws_ld90_sim/install/amr_msgs DEBUGINFOD_URLS=https://debuginfod.ubuntu.com LD_LIBRARY_PATH=/home/cayo-sousa/ws_ld90_sim/install/libaria/lib:/home/cayo-sousa/ws_ld90_sim/install/amr_msgs/lib PATH=/home/cayo-sousa/ws_ld90_sim/install/libaria/bin:${PATH} PKG_CONFIG_PATH=/home/cayo-sousa/ws_ld90_sim/install/libaria/lib/x86_64-linux-gnu/pkgconfig:/home/cayo-sousa/ws_ld90_sim/install/libaria/lib/pkgconfig PYTHONPATH=/home/cayo-sousa/ws_ld90_sim/install/amr_msgs/lib/python3.12/site-packages /usr/bin/cmake --install /home/cayo-sousa/ws_ld90_sim/build/amr_core
[0.745s] Level 1:colcon.colcon_core.environment:checking '/home/cayo-sousa/ws_ld90_sim/install/amr_core' for CMake module files
[0.746s] Level 1:colcon.colcon_core.environment:checking '/home/cayo-sousa/ws_ld90_sim/install/amr_core' for CMake config files
[0.746s] Level 1:colcon.colcon_core.shell:create_environment_hook('amr_core', 'cmake_prefix_path')
[0.746s] INFO:colcon.colcon_core.shell:Creating environment hook '/home/cayo-sousa/ws_ld90_sim/install/amr_core/share/amr_core/hook/cmake_prefix_path.ps1'
[0.747s] INFO:colcon.colcon_core.shell:Creating environment descriptor '/home/cayo-sousa/ws_ld90_sim/install/amr_core/share/amr_core/hook/cmake_prefix_path.dsv'
[0.747s] INFO:colcon.colcon_core.shell:Creating environment hook '/home/cayo-sousa/ws_ld90_sim/install/amr_core/share/amr_core/hook/cmake_prefix_path.sh'
[0.748s] Level 1:colcon.colcon_core.environment:checking '/home/cayo-sousa/ws_ld90_sim/install/amr_core/lib'
[0.748s] Level 1:colcon.colcon_core.environment:checking '/home/cayo-sousa/ws_ld90_sim/install/amr_core/bin'
[0.748s] Level 1:colcon.colcon_core.environment:checking '/home/cayo-sousa/ws_ld90_sim/install/amr_core/lib/pkgconfig/amr_core.pc'
[0.748s] Level 1:colcon.colcon_core.environment:checking '/home/cayo-sousa/ws_ld90_sim/install/amr_core/lib/python3.12/site-packages'
[0.748s] Level 1:colcon.colcon_core.environment:checking '/home/cayo-sousa/ws_ld90_sim/install/amr_core/bin'
[0.748s] INFO:colcon.colcon_core.shell:Creating package script '/home/cayo-sousa/ws_ld90_sim/install/amr_core/share/amr_core/package.ps1'
[0.749s] INFO:colcon.colcon_core.shell:Creating package descriptor '/home/cayo-sousa/ws_ld90_sim/install/amr_core/share/amr_core/package.dsv'
[0.749s] INFO:colcon.colcon_core.shell:Creating package script '/home/cayo-sousa/ws_ld90_sim/install/amr_core/share/amr_core/package.sh'
[0.749s] INFO:colcon.colcon_core.shell:Creating package script '/home/cayo-sousa/ws_ld90_sim/install/amr_core/share/amr_core/package.bash'
[0.750s] INFO:colcon.colcon_core.shell:Creating package script '/home/cayo-sousa/ws_ld90_sim/install/amr_core/share/amr_core/package.zsh'
[0.750s] Level 1:colcon.colcon_core.environment:create_file_with_runtime_dependencies(/home/cayo-sousa/ws_ld90_sim/install/amr_core/share/colcon-core/packages/amr_core)
[0.750s] Level 1:colcon.colcon_core.environment:create_environment_scripts_only(amr_core)
[0.750s] Level 1:colcon.colcon_core.environment:checking '/home/cayo-sousa/ws_ld90_sim/install/amr_core' for CMake module files
[0.751s] Level 1:colcon.colcon_core.environment:checking '/home/cayo-sousa/ws_ld90_sim/install/amr_core' for CMake config files
[0.751s] Level 1:colcon.colcon_core.shell:create_environment_hook('amr_core', 'cmake_prefix_path')
[0.751s] INFO:colcon.colcon_core.shell:Creating environment hook '/home/cayo-sousa/ws_ld90_sim/install/amr_core/share/amr_core/hook/cmake_prefix_path.ps1'
[0.751s] INFO:colcon.colcon_core.shell:Creating environment descriptor '/home/cayo-sousa/ws_ld90_sim/install/amr_core/share/amr_core/hook/cmake_prefix_path.dsv'
[0.752s] INFO:colcon.colcon_core.shell:Creating environment hook '/home/cayo-sousa/ws_ld90_sim/install/amr_core/share/amr_core/hook/cmake_prefix_path.sh'
[0.752s] Level 1:colcon.colcon_core.environment:checking '/home/cayo-sousa/ws_ld90_sim/install/amr_core/lib'
[0.752s] Level 1:colcon.colcon_core.environment:checking '/home/cayo-sousa/ws_ld90_sim/install/amr_core/bin'
[0.752s] Level 1:colcon.colcon_core.environment:checking '/home/cayo-sousa/ws_ld90_sim/install/amr_core/lib/pkgconfig/amr_core.pc'
[0.752s] Level 1:colcon.colcon_core.environment:checking '/home/cayo-sousa/ws_ld90_sim/install/amr_core/lib/python3.12/site-packages'
[0.753s] Level 1:colcon.colcon_core.environment:checking '/home/cayo-sousa/ws_ld90_sim/install/amr_core/bin'
[0.753s] INFO:colcon.colcon_core.shell:Creating package script '/home/cayo-sousa/ws_ld90_sim/install/amr_core/share/amr_core/package.ps1'
[0.753s] INFO:colcon.colcon_core.shell:Creating package descriptor '/home/cayo-sousa/ws_ld90_sim/install/amr_core/share/amr_core/package.dsv'
[0.754s] INFO:colcon.colcon_core.shell:Creating package script '/home/cayo-sousa/ws_ld90_sim/install/amr_core/share/amr_core/package.sh'
[0.754s] INFO:colcon.colcon_core.shell:Creating package script '/home/cayo-sousa/ws_ld90_sim/install/amr_core/share/amr_core/package.bash'
[0.754s] INFO:colcon.colcon_core.shell:Creating package script '/home/cayo-sousa/ws_ld90_sim/install/amr_core/share/amr_core/package.zsh'
[0.754s] Level 1:colcon.colcon_core.environment:create_file_with_runtime_dependencies(/home/cayo-sousa/ws_ld90_sim/install/amr_core/share/colcon-core/packages/amr_core)
[0.754s] INFO:colcon.colcon_ros.task.ament_cmake.build:Building ROS package in '/home/cayo-sousa/ws_ld90_sim/src/omron_amr/amr_ros' with build type 'ament_cmake'
[0.754s] INFO:colcon.colcon_cmake.task.cmake.build:Building CMake package in '/home/cayo-sousa/ws_ld90_sim/src/omron_amr/amr_ros'
[0.755s] INFO:colcon.colcon_core.shell:Skip shell extension 'powershell' for command environment: Not usable outside of PowerShell
[0.755s] DEBUG:colcon.colcon_core.shell:Skip shell extension 'dsv' for command environment
[0.764s] DEBUG:colcon.colcon_core.event_handler.log_command:Invoking command in '/home/cayo-sousa/ws_ld90_sim/build/amr_ros': AMENT_PREFIX_PATH=/home/cayo-sousa/ws_ld90_sim/install/amr_description:/home/cayo-sousa/ws_ld90_sim/install/amr_core:/home/cayo-sousa/ws_ld90_sim/install/amr_nav2:/home/cayo-sousa/ws_ld90_sim/install/amr_msgs CMAKE_PREFIX_PATH=/home/cayo-sousa/ws_ld90_sim/install/amr_description:/home/cayo-sousa/ws_ld90_sim/install/amr_core:/home/cayo-sousa/ws_ld90_sim/install/libaria:/home/cayo-sousa/ws_ld90_sim/install/amr_nav2:/home/cayo-sousa/ws_ld90_sim/install/amr_msgs DEBUGINFOD_URLS=https://debuginfod.ubuntu.com LD_LIBRARY_PATH=/home/cayo-sousa/ws_ld90_sim/install/libaria/lib:/home/cayo-sousa/ws_ld90_sim/install/amr_msgs/lib PATH=/home/cayo-sousa/ws_ld90_sim/install/libaria/bin:${PATH} PKG_CONFIG_PATH=/home/cayo-sousa/ws_ld90_sim/install/libaria/lib/x86_64-linux-gnu/pkgconfig:/home/cayo-sousa/ws_ld90_sim/install/libaria/lib/pkgconfig PYTHONPATH=/home/cayo-sousa/ws_ld90_sim/install/amr_msgs/lib/python3.12/site-packages /usr/bin/cmake --build /home/cayo-sousa/ws_ld90_sim/build/amr_ros -- -j12 -l12
[0.795s] DEBUG:colcon.colcon_core.event_handler.log_command:Invoked command in '/home/cayo-sousa/ws_ld90_sim/build/amr_ros' returned '0': AMENT_PREFIX_PATH=/home/cayo-sousa/ws_ld90_sim/install/amr_description:/home/cayo-sousa/ws_ld90_sim/install/amr_core:/home/cayo-sousa/ws_ld90_sim/install/amr_nav2:/home/cayo-sousa/ws_ld90_sim/install/amr_msgs CMAKE_PREFIX_PATH=/home/cayo-sousa/ws_ld90_sim/install/amr_description:/home/cayo-sousa/ws_ld90_sim/install/amr_core:/home/cayo-sousa/ws_ld90_sim/install/libaria:/home/cayo-sousa/ws_ld90_sim/install/amr_nav2:/home/cayo-sousa/ws_ld90_sim/install/amr_msgs DEBUGINFOD_URLS=https://debuginfod.ubuntu.com LD_LIBRARY_PATH=/home/cayo-sousa/ws_ld90_sim/install/libaria/lib:/home/cayo-sousa/ws_ld90_sim/install/amr_msgs/lib PATH=/home/cayo-sousa/ws_ld90_sim/install/libaria/bin:${PATH} PKG_CONFIG_PATH=/home/cayo-sousa/ws_ld90_sim/install/libaria/lib/x86_64-linux-gnu/pkgconfig:/home/cayo-sousa/ws_ld90_sim/install/libaria/lib/pkgconfig PYTHONPATH=/home/cayo-sousa/ws_ld90_sim/install/amr_msgs/lib/python3.12/site-packages /usr/bin/cmake --build /home/cayo-sousa/ws_ld90_sim/build/amr_ros -- -j12 -l12
[0.796s] DEBUG:colcon.colcon_core.event_handler.log_command:Invoking command in '/home/cayo-sousa/ws_ld90_sim/build/amr_ros': AMENT_PREFIX_PATH=/home/cayo-sousa/ws_ld90_sim/install/amr_description:/home/cayo-sousa/ws_ld90_sim/install/amr_core:/home/cayo-sousa/ws_ld90_sim/install/amr_nav2:/home/cayo-sousa/ws_ld90_sim/install/amr_msgs CMAKE_PREFIX_PATH=/home/cayo-sousa/ws_ld90_sim/install/amr_description:/home/cayo-sousa/ws_ld90_sim/install/amr_core:/home/cayo-sousa/ws_ld90_sim/install/libaria:/home/cayo-sousa/ws_ld90_sim/install/amr_nav2:/home/cayo-sousa/ws_ld90_sim/install/amr_msgs DEBUGINFOD_URLS=https://debuginfod.ubuntu.com LD_LIBRARY_PATH=/home/cayo-sousa/ws_ld90_sim/install/libaria/lib:/home/cayo-sousa/ws_ld90_sim/install/amr_msgs/lib PATH=/home/cayo-sousa/ws_ld90_sim/install/libaria/bin:${PATH} PKG_CONFIG_PATH=/home/cayo-sousa/ws_ld90_sim/install/libaria/lib/x86_64-linux-gnu/pkgconfig:/home/cayo-sousa/ws_ld90_sim/install/libaria/lib/pkgconfig PYTHONPATH=/home/cayo-sousa/ws_ld90_sim/install/amr_msgs/lib/python3.12/site-packages /usr/bin/cmake --install /home/cayo-sousa/ws_ld90_sim/build/amr_ros
[0.817s] Level 1:colcon.colcon_core.environment:create_environment_scripts_only(amr_ros)
[0.817s] Level 1:colcon.colcon_core.environment:checking '/home/cayo-sousa/ws_ld90_sim/install/amr_ros' for CMake module files
[0.817s] DEBUG:colcon.colcon_core.event_handler.log_command:Invoked command in '/home/cayo-sousa/ws_ld90_sim/build/amr_ros' returned '0': AMENT_PREFIX_PATH=/home/cayo-sousa/ws_ld90_sim/install/amr_description:/home/cayo-sousa/ws_ld90_sim/install/amr_core:/home/cayo-sousa/ws_ld90_sim/install/amr_nav2:/home/cayo-sousa/ws_ld90_sim/install/amr_msgs CMAKE_PREFIX_PATH=/home/cayo-sousa/ws_ld90_sim/install/amr_description:/home/cayo-sousa/ws_ld90_sim/install/amr_core:/home/cayo-sousa/ws_ld90_sim/install/libaria:/home/cayo-sousa/ws_ld90_sim/install/amr_nav2:/home/cayo-sousa/ws_ld90_sim/install/amr_msgs DEBUGINFOD_URLS=https://debuginfod.ubuntu.com LD_LIBRARY_PATH=/home/cayo-sousa/ws_ld90_sim/install/libaria/lib:/home/cayo-sousa/ws_ld90_sim/install/amr_msgs/lib PATH=/home/cayo-sousa/ws_ld90_sim/install/libaria/bin:${PATH} PKG_CONFIG_PATH=/home/cayo-sousa/ws_ld90_sim/install/libaria/lib/x86_64-linux-gnu/pkgconfig:/home/cayo-sousa/ws_ld90_sim/install/libaria/lib/pkgconfig PYTHONPATH=/home/cayo-sousa/ws_ld90_sim/install/amr_msgs/lib/python3.12/site-packages /usr/bin/cmake --install /home/cayo-sousa/ws_ld90_sim/build/amr_ros
[0.818s] Level 1:colcon.colcon_core.environment:checking '/home/cayo-sousa/ws_ld90_sim/install/amr_ros' for CMake config files
[0.818s] Level 1:colcon.colcon_core.shell:create_environment_hook('amr_ros', 'cmake_prefix_path')
[0.819s] INFO:colcon.colcon_core.shell:Creating environment hook '/home/cayo-sousa/ws_ld90_sim/install/amr_ros/share/amr_ros/hook/cmake_prefix_path.ps1'
[0.819s] INFO:colcon.colcon_core.shell:Creating environment descriptor '/home/cayo-sousa/ws_ld90_sim/install/amr_ros/share/amr_ros/hook/cmake_prefix_path.dsv'
[0.819s] INFO:colcon.colcon_core.shell:Creating environment hook '/home/cayo-sousa/ws_ld90_sim/install/amr_ros/share/amr_ros/hook/cmake_prefix_path.sh'
[0.820s] Level 1:colcon.colcon_core.environment:checking '/home/cayo-sousa/ws_ld90_sim/install/amr_ros/bin'
[0.820s] Level 1:colcon.colcon_core.environment:checking '/home/cayo-sousa/ws_ld90_sim/install/amr_ros/lib/pkgconfig/amr_ros.pc'
[0.820s] Level 1:colcon.colcon_core.environment:checking '/home/cayo-sousa/ws_ld90_sim/install/amr_ros/lib/python3.12/site-packages'
[0.820s] Level 1:colcon.colcon_core.environment:checking '/home/cayo-sousa/ws_ld90_sim/install/amr_ros/bin'
[0.821s] INFO:colcon.colcon_core.shell:Creating package script '/home/cayo-sousa/ws_ld90_sim/install/amr_ros/share/amr_ros/package.ps1'
[0.821s] INFO:colcon.colcon_core.shell:Creating package descriptor '/home/cayo-sousa/ws_ld90_sim/install/amr_ros/share/amr_ros/package.dsv'
[0.822s] INFO:colcon.colcon_core.shell:Creating package script '/home/cayo-sousa/ws_ld90_sim/install/amr_ros/share/amr_ros/package.sh'
[0.822s] INFO:colcon.colcon_core.shell:Creating package script '/home/cayo-sousa/ws_ld90_sim/install/amr_ros/share/amr_ros/package.bash'
[0.822s] INFO:colcon.colcon_core.shell:Creating package script '/home/cayo-sousa/ws_ld90_sim/install/amr_ros/share/amr_ros/package.zsh'
[0.823s] Level 1:colcon.colcon_core.environment:create_file_with_runtime_dependencies(/home/cayo-sousa/ws_ld90_sim/install/amr_ros/share/colcon-core/packages/amr_ros)
[0.823s] Level 1:colcon.colcon_core.environment:create_environment_scripts_only(amr_ros)
[0.823s] Level 1:colcon.colcon_core.environment:checking '/home/cayo-sousa/ws_ld90_sim/install/amr_ros' for CMake module files
[0.824s] Level 1:colcon.colcon_core.environment:checking '/home/cayo-sousa/ws_ld90_sim/install/amr_ros' for CMake config files
[0.824s] Level 1:colcon.colcon_core.shell:create_environment_hook('amr_ros', 'cmake_prefix_path')
[0.824s] INFO:colcon.colcon_core.shell:Creating environment hook '/home/cayo-sousa/ws_ld90_sim/install/amr_ros/share/amr_ros/hook/cmake_prefix_path.ps1'
[0.825s] INFO:colcon.colcon_core.shell:Creating environment descriptor '/home/cayo-sousa/ws_ld90_sim/install/amr_ros/share/amr_ros/hook/cmake_prefix_path.dsv'
[0.825s] INFO:colcon.colcon_core.shell:Creating environment hook '/home/cayo-sousa/ws_ld90_sim/install/amr_ros/share/amr_ros/hook/cmake_prefix_path.sh'
[0.825s] Level 1:colcon.colcon_core.environment:checking '/home/cayo-sousa/ws_ld90_sim/install/amr_ros/bin'
[0.825s] Level 1:colcon.colcon_core.environment:checking '/home/cayo-sousa/ws_ld90_sim/install/amr_ros/lib/pkgconfig/amr_ros.pc'
[0.826s] Level 1:colcon.colcon_core.environment:checking '/home/cayo-sousa/ws_ld90_sim/install/amr_ros/lib/python3.12/site-packages'
[0.826s] Level 1:colcon.colcon_core.environment:checking '/home/cayo-sousa/ws_ld90_sim/install/amr_ros/bin'
[0.826s] INFO:colcon.colcon_core.shell:Creating package script '/home/cayo-sousa/ws_ld90_sim/install/amr_ros/share/amr_ros/package.ps1'
[0.826s] INFO:colcon.colcon_core.shell:Creating package descriptor '/home/cayo-sousa/ws_ld90_sim/install/amr_ros/share/amr_ros/package.dsv'
[0.827s] INFO:colcon.colcon_core.shell:Creating package script '/home/cayo-sousa/ws_ld90_sim/install/amr_ros/share/amr_ros/package.sh'
[0.827s] INFO:colcon.colcon_core.shell:Creating package script '/home/cayo-sousa/ws_ld90_sim/install/amr_ros/share/amr_ros/package.bash'
[0.827s] INFO:colcon.colcon_core.shell:Creating package script '/home/cayo-sousa/ws_ld90_sim/install/amr_ros/share/amr_ros/package.zsh'
[0.827s] Level 1:colcon.colcon_core.environment:create_file_with_runtime_dependencies(/home/cayo-sousa/ws_ld90_sim/install/amr_ros/share/colcon-core/packages/amr_ros)
[1.037s] DEBUG:colcon.colcon_core.event_handler.log_command:Invoking command in '/home/cayo-sousa/ws_ld90_sim/build/ld90_gz': AMENT_PREFIX_PATH=/home/cayo-sousa/ws_ld90_sim/install/amr_description:/home/cayo-sousa/ws_ld90_sim/install/amr_msgs CMAKE_PREFIX_PATH=/home/cayo-sousa/ws_ld90_sim/install/amr_description:/home/cayo-sousa/ws_ld90_sim/install/amr_msgs DEBUGINFOD_URLS=https://debuginfod.ubuntu.com LD_LIBRARY_PATH=/home/cayo-sousa/ws_ld90_sim/install/amr_msgs/lib PYTHONPATH=/home/cayo-sousa/ws_ld90_sim/build/ld90_gz/prefix_override:/usr/lib/python3/dist-packages/colcon_core/task/python/colcon_distutils_commands:/home/cayo-sousa/ws_ld90_sim/install/ld90_gz/lib/python3.12/site-packages:/home/cayo-sousa/ws_ld90_sim/install/amr_msgs/lib/python3.12/site-packages /usr/bin/python3 -W ignore:setup.py install is deprecated -W ignore:easy_install command is deprecated setup.py develop --editable --build-directory /home/cayo-sousa/ws_ld90_sim/build/ld90_gz/build --no-deps symlink_data
[1.282s] Level 1:colcon.colcon_core.shell:create_environment_hook('ld90_gz', 'pythonpath_develop')
[1.282s] DEBUG:colcon.colcon_core.event_handler.log_command:Invoked command in '/home/cayo-sousa/ws_ld90_sim/build/ld90_gz' returned '0': AMENT_PREFIX_PATH=/home/cayo-sousa/ws_ld90_sim/install/amr_description:/home/cayo-sousa/ws_ld90_sim/install/amr_msgs CMAKE_PREFIX_PATH=/home/cayo-sousa/ws_ld90_sim/install/amr_description:/home/cayo-sousa/ws_ld90_sim/install/amr_msgs DEBUGINFOD_URLS=https://debuginfod.ubuntu.com LD_LIBRARY_PATH=/home/cayo-sousa/ws_ld90_sim/install/amr_msgs/lib PYTHONPATH=/home/cayo-sousa/ws_ld90_sim/build/ld90_gz/prefix_override:/usr/lib/python3/dist-packages/colcon_core/task/python/colcon_distutils_commands:/home/cayo-sousa/ws_ld90_sim/install/ld90_gz/lib/python3.12/site-packages:/home/cayo-sousa/ws_ld90_sim/install/amr_msgs/lib/python3.12/site-packages /usr/bin/python3 -W ignore:setup.py install is deprecated -W ignore:easy_install command is deprecated setup.py develop --editable --build-directory /home/cayo-sousa/ws_ld90_sim/build/ld90_gz/build --no-deps symlink_data
[1.282s] INFO:colcon.colcon_core.shell:Creating environment hook '/home/cayo-sousa/ws_ld90_sim/build/ld90_gz/share/ld90_gz/hook/pythonpath_develop.ps1'
[1.283s] INFO:colcon.colcon_core.shell:Creating environment descriptor '/home/cayo-sousa/ws_ld90_sim/build/ld90_gz/share/ld90_gz/hook/pythonpath_develop.dsv'
[1.283s] INFO:colcon.colcon_core.shell:Creating environment hook '/home/cayo-sousa/ws_ld90_sim/build/ld90_gz/share/ld90_gz/hook/pythonpath_develop.sh'
[1.283s] Level 1:colcon.colcon_core.environment:checking '/home/cayo-sousa/ws_ld90_sim/install/ld90_gz' for CMake module files
[1.283s] Level 1:colcon.colcon_core.environment:checking '/home/cayo-sousa/ws_ld90_sim/install/ld90_gz' for CMake config files
[1.284s] Level 1:colcon.colcon_core.environment:checking '/home/cayo-sousa/ws_ld90_sim/install/ld90_gz/lib'
[1.284s] Level 1:colcon.colcon_core.environment:checking '/home/cayo-sousa/ws_ld90_sim/install/ld90_gz/bin'
[1.284s] Level 1:colcon.colcon_core.environment:checking '/home/cayo-sousa/ws_ld90_sim/install/ld90_gz/lib/pkgconfig/ld90_gz.pc'
[1.284s] Level 1:colcon.colcon_core.environment:checking '/home/cayo-sousa/ws_ld90_sim/install/ld90_gz/lib/python3.12/site-packages'
[1.284s] Level 1:colcon.colcon_core.shell:create_environment_hook('ld90_gz', 'pythonpath')
[1.284s] INFO:colcon.colcon_core.shell:Creating environment hook '/home/cayo-sousa/ws_ld90_sim/install/ld90_gz/share/ld90_gz/hook/pythonpath.ps1'
[1.285s] INFO:colcon.colcon_core.shell:Creating environment descriptor '/home/cayo-sousa/ws_ld90_sim/install/ld90_gz/share/ld90_gz/hook/pythonpath.dsv'
[1.285s] INFO:colcon.colcon_core.shell:Creating environment hook '/home/cayo-sousa/ws_ld90_sim/install/ld90_gz/share/ld90_gz/hook/pythonpath.sh'
[1.285s] Level 1:colcon.colcon_core.environment:checking '/home/cayo-sousa/ws_ld90_sim/install/ld90_gz/bin'
[1.285s] Level 1:colcon.colcon_core.environment:create_environment_scripts_only(ld90_gz)
[1.285s] INFO:colcon.colcon_core.shell:Creating package script '/home/cayo-sousa/ws_ld90_sim/install/ld90_gz/share/ld90_gz/package.ps1'
[1.286s] INFO:colcon.colcon_core.shell:Creating package descriptor '/home/cayo-sousa/ws_ld90_sim/install/ld90_gz/share/ld90_gz/package.dsv'
[1.286s] INFO:colcon.colcon_core.shell:Creating package script '/home/cayo-sousa/ws_ld90_sim/install/ld90_gz/share/ld90_gz/package.sh'
[1.286s] INFO:colcon.colcon_core.shell:Creating package script '/home/cayo-sousa/ws_ld90_sim/install/ld90_gz/share/ld90_gz/package.bash'
[1.286s] INFO:colcon.colcon_core.shell:Creating package script '/home/cayo-sousa/ws_ld90_sim/install/ld90_gz/share/ld90_gz/package.zsh'
[1.286s] Level 1:colcon.colcon_core.environment:create_file_with_runtime_dependencies(/home/cayo-sousa/ws_ld90_sim/install/ld90_gz/share/colcon-core/packages/ld90_gz)
[1.286s] DEBUG:colcon.colcon_parallel_executor.executor.parallel:closing loop
[1.287s] DEBUG:colcon.colcon_parallel_executor.executor.parallel:loop closed
[1.287s] DEBUG:colcon.colcon_parallel_executor.executor.parallel:run_until_complete finished with '0'
[1.287s] DEBUG:colcon.colcon_core.event_reactor:joining thread
[1.293s] INFO:colcon.colcon_core.plugin_system:Skipping extension 'colcon_notification.desktop_notification.terminal_notifier': Not used on non-Darwin systems
[1.293s] INFO:colcon.colcon_core.plugin_system:Skipping extension 'colcon_notification.desktop_notification.win32': Not used on non-Windows systems
[1.293s] INFO:colcon.colcon_notification.desktop_notification:Sending desktop notification using 'notify2'
[1.303s] DEBUG:colcon.colcon_core.event_reactor:joined thread
[1.303s] INFO:colcon.colcon_core.shell:Creating prefix script '/home/cayo-sousa/ws_ld90_sim/install/local_setup.ps1'
[1.304s] INFO:colcon.colcon_core.shell:Creating prefix util module '/home/cayo-sousa/ws_ld90_sim/install/_local_setup_util_ps1.py'
[1.305s] INFO:colcon.colcon_core.shell:Creating prefix chain script '/home/cayo-sousa/ws_ld90_sim/install/setup.ps1'
[1.306s] INFO:colcon.colcon_core.shell:Creating prefix script '/home/cayo-sousa/ws_ld90_sim/install/local_setup.sh'
[1.307s] INFO:colcon.colcon_core.shell:Creating prefix util module '/home/cayo-sousa/ws_ld90_sim/install/_local_setup_util_sh.py'
[1.307s] INFO:colcon.colcon_core.shell:Creating prefix chain script '/home/cayo-sousa/ws_ld90_sim/install/setup.sh'
[1.307s] INFO:colcon.colcon_core.shell:Creating prefix script '/home/cayo-sousa/ws_ld90_sim/install/local_setup.bash'
[1.308s] INFO:colcon.colcon_core.shell:Creating prefix chain script '/home/cayo-sousa/ws_ld90_sim/install/setup.bash'
[1.309s] INFO:colcon.colcon_core.shell:Creating prefix script '/home/cayo-sousa/ws_ld90_sim/install/local_setup.zsh'
[1.309s] INFO:colcon.colcon_core.shell:Creating prefix chain script '/home/cayo-sousa/ws_ld90_sim/install/setup.zsh'
