-- The C compiler identification is GNU 13.3.0
-- The CXX compiler identification is GNU 13.3.0
-- Detecting C compiler ABI info
-- Detecting C compiler ABI info - done
-- Check for working C compiler: /usr/bin/cc - skipped
-- Detecting C compile features
-- Detecting C compile features - done
-- Detecting CXX compiler ABI info
-- Detecting CXX compiler ABI info - done
-- Check for working CXX compiler: /usr/bin/c++ - skipped
-- Detecting CXX compile features
-- Detecting CXX compile features - done
-- Found ament_cmake: 2.5.6 (/opt/ros/jazzy/share/ament_cmake/cmake)
-- Found Python3: /usr/bin/python3 (found version "3.12.3") found components: Interpreter 
-- Override CMake install command with custom implementation using symlinks instead of copying resources
-- Found rclcpp: 28.1.18 (/opt/ros/jazzy/share/rclcpp/cmake)
-- Found rosidl_generator_c: 4.6.7 (/opt/ros/jazzy/share/rosidl_generator_c/cmake)
-- Found rosidl_generator_cpp: 4.6.7 (/opt/ros/jazzy/share/rosidl_generator_cpp/cmake)
-- Using all available rosidl_typesupport_c: rosidl_typesupport_fastrtps_c;rosidl_typesupport_introspection_c
-- Using all available rosidl_typesupport_cpp: rosidl_typesupport_fastrtps_cpp;rosidl_typesupport_introspection_cpp
-- Found rmw_implementation_cmake: 7.3.3 (/opt/ros/jazzy/share/rmw_implementation_cmake/cmake)
-- Found rmw_fastrtps_cpp: 8.4.3 (/opt/ros/jazzy/share/rmw_fastrtps_cpp/cmake)
-- Found OpenSSL: /usr/lib/x86_64-linux-gnu/libcrypto.so (found version "3.0.13")  
-- Found FastRTPS: /opt/ros/jazzy/include (Required is at least version "2.13") 
-- Using RMW implementation 'rmw_fastrtps_cpp' as default
-- Found rclcpp_action: 28.1.18 (/opt/ros/jazzy/share/rclcpp_action/cmake)
-- Found amr_msgs: 0.0.0 (/home/cayo-sousa/ws_ld90_sim/install/amr_msgs/share/amr_msgs/cmake)
-- Found std_msgs: 5.3.7 (/opt/ros/jazzy/share/std_msgs/cmake)
-- Found geometry_msgs: 5.3.7 (/opt/ros/jazzy/share/geometry_msgs/cmake)
-- Found sensor_msgs: 5.3.7 (/opt/ros/jazzy/share/sensor_msgs/cmake)
-- Found nav_msgs: 5.3.7 (/opt/ros/jazzy/share/nav_msgs/cmake)
-- Found control_msgs: 5.9.0 (/opt/ros/jazzy/share/control_msgs/cmake)
-- Found visualization_msgs: 5.3.7 (/opt/ros/jazzy/share/visualization_msgs/cmake)
-- Found tf2_ros: 0.36.20 (/opt/ros/jazzy/share/tf2_ros/cmake)
-- Configuring done (1.2s)
-- Generating done (0.0s)
-- Build files have been written to: /home/cayo-sousa/ws_ld90_sim/build/amr_core
[ 50%] [32mBuilding CXX object CMakeFiles/amr_core.dir/src/core_node.cpp.o[0m
[100%] [32m[1mLinking CXX executable amr_core[0m
[100%] Built target amr_core
-- Install configuration: ""
-- Execute custom install script
-- Symlinking: /home/cayo-sousa/ws_ld90_sim/install/amr_core/lib/amr_core/amr_core
-- Symlinking: /home/cayo-sousa/ws_ld90_sim/install/amr_core/share/ament_index/resource_index/package_run_dependencies/amr_core
-- Symlinking: /home/cayo-sousa/ws_ld90_sim/install/amr_core/share/ament_index/resource_index/parent_prefix_path/amr_core
-- Symlinking: /home/cayo-sousa/ws_ld90_sim/install/amr_core/share/amr_core/environment/ament_prefix_path.sh
-- Symlinking: /home/cayo-sousa/ws_ld90_sim/install/amr_core/share/amr_core/environment/ament_prefix_path.dsv
-- Symlinking: /home/cayo-sousa/ws_ld90_sim/install/amr_core/share/amr_core/environment/path.sh
-- Symlinking: /home/cayo-sousa/ws_ld90_sim/install/amr_core/share/amr_core/environment/path.dsv
-- Symlinking: /home/cayo-sousa/ws_ld90_sim/install/amr_core/share/amr_core/local_setup.bash
-- Symlinking: /home/cayo-sousa/ws_ld90_sim/install/amr_core/share/amr_core/local_setup.sh
-- Symlinking: /home/cayo-sousa/ws_ld90_sim/install/amr_core/share/amr_core/local_setup.zsh
-- Symlinking: /home/cayo-sousa/ws_ld90_sim/install/amr_core/share/amr_core/local_setup.dsv
-- Symlinking: /home/cayo-sousa/ws_ld90_sim/install/amr_core/share/amr_core/package.dsv
-- Symlinking: /home/cayo-sousa/ws_ld90_sim/install/amr_core/share/ament_index/resource_index/packages/amr_core
-- Symlinking: /home/cayo-sousa/ws_ld90_sim/install/amr_core/share/amr_core/cmake/amr_coreConfig.cmake
-- Symlinking: /home/cayo-sousa/ws_ld90_sim/install/amr_core/share/amr_core/cmake/amr_coreConfig-version.cmake
-- Symlinking: /home/cayo-sousa/ws_ld90_sim/install/amr_core/share/amr_core/package.xml
