[0.014s] Invoking command in '/home/cayo-sousa/ws_ld90_sim/build/amr_msgs': CMAKE_PREFIX_PATH=${CMAKE_PREFIX_PATH}:/opt/ros/jazzy DEBUGINFOD_URLS=https://debuginfod.ubuntu.com /usr/bin/cmake --build /home/cayo-sousa/ws_ld90_sim/build/amr_msgs -- -j12 -l12
[0.087s] [  2%] Built target amr_msgs__rosidl_generator_type_description
[0.091s] [  2%] Built target ament_cmake_python_symlink_amr_msgs
[0.103s] [  4%] Built target amr_msgs__cpp
[0.113s] [ 22%] Built target amr_msgs__rosidl_generator_c
[0.131s] gmake[2]: *** No rule to make target '/opt/ros/jazzy/lib/libfastcdr.so.2.2.5', needed by 'libamr_msgs__rosidl_typesupport_fastrtps_cpp.so'.  Stop.
[0.131s] gmake[2]: *** No rule to make target '/opt/ros/jazzy/lib/libfastcdr.so.2.2.5', needed by 'libamr_msgs__rosidl_typesupport_fastrtps_c.so'.  Stop.
[0.131s] gmake[1]: *** [CMakeFiles/Makefile2:320: CMakeFiles/amr_msgs__rosidl_typesupport_fastrtps_cpp.dir/all] Error 2
[0.131s] gmake[1]: *** Waiting for unfinished jobs....
[0.131s] gmake[1]: *** [CMakeFiles/Makefile2:267: CMakeFiles/amr_msgs__rosidl_typesupport_fastrtps_c.dir/all] Error 2
[0.136s] [ 40%] Built target amr_msgs__rosidl_typesupport_c
[0.136s] [ 40%] Built target amr_msgs__rosidl_typesupport_introspection_c
[0.139s] [ 59%] Built target amr_msgs__rosidl_typesupport_cpp
[0.139s] [ 59%] Built target amr_msgs__rosidl_typesupport_introspection_cpp
[0.254s] running egg_info
[0.268s] writing amr_msgs.egg-info/PKG-INFO
[0.268s] writing dependency_links to amr_msgs.egg-info/dependency_links.txt
[0.269s] writing top-level names to amr_msgs.egg-info/top_level.txt
[0.311s] reading manifest file 'amr_msgs.egg-info/SOURCES.txt'
[0.312s] writing manifest file 'amr_msgs.egg-info/SOURCES.txt'
[0.332s] [ 59%] Built target ament_cmake_python_build_amr_msgs_egg
[0.333s] gmake: *** [Makefile:146: all] Error 2
[0.335s] Invoked command in '/home/cayo-sousa/ws_ld90_sim/build/amr_msgs' returned '2': CMAKE_PREFIX_PATH=${CMAKE_PREFIX_PATH}:/opt/ros/jazzy DEBUGINFOD_URLS=https://debuginfod.ubuntu.com /usr/bin/cmake --build /home/cayo-sousa/ws_ld90_sim/build/amr_msgs -- -j12 -l12
