-- The C compiler identification is GNU 13.3.0
-- The CXX compiler identification is GNU 13.3.0
-- Detecting C compiler ABI info
-- Detecting C compiler ABI info - done
-- Check for working C compiler: /usr/bin/cc - skipped
-- Detecting C compile features
-- Detecting C compile features - done
-- Detecting CXX compiler ABI info
-- Detecting CXX compiler ABI info - done
-- Check for working CXX compiler: /usr/bin/c++ - skipped
-- Detecting CXX compile features
-- Detecting CXX compile features - done
-- Found ament_cmake: 2.5.5 (/opt/ros/jazzy/share/ament_cmake/cmake)
-- Found Python3: /usr/bin/python3 (found version "3.12.3") found components: Interpreter 
-- Override CMake install command with custom implementation using symlinks instead of copying resources
-- Configuring done (0.7s)
-- Generating done (0.0s)
-- Build files have been written to: /home/cayo-sousa/ws_ld90_sim/build/amr_description
-- Install configuration: ""
-- Execute custom install script
-- Symlinking: /home/cayo-sousa/ws_ld90_sim/install/amr_description/share/amr_description/meshes/AMR_Platform.STL
-- Symlinking: /home/cayo-sousa/ws_ld90_sim/install/amr_description/share/amr_description/meshes/LD250.mtl
-- Symlinking: /home/cayo-sousa/ws_ld90_sim/install/amr_description/share/amr_description/meshes/LD250.obj
-- Symlinking: /home/cayo-sousa/ws_ld90_sim/install/amr_description/share/amr_description/meshes/LD90.mtl
-- Symlinking: /home/cayo-sousa/ws_ld90_sim/install/amr_description/share/amr_description/meshes/LD90.obj
-- Symlinking: /home/cayo-sousa/ws_ld90_sim/install/amr_description/share/amr_description/urdf/AMR_Platform.urdf
-- Symlinking: /home/cayo-sousa/ws_ld90_sim/install/amr_description/share/amr_description/urdf/LD250.urdf
-- Symlinking: /home/cayo-sousa/ws_ld90_sim/install/amr_description/share/amr_description/urdf/LD90.urdf
-- Symlinking: /home/cayo-sousa/ws_ld90_sim/install/amr_description/share/amr_description/xacro/amr_platform.urdf.xacro
-- Symlinking: /home/cayo-sousa/ws_ld90_sim/install/amr_description/share/amr_description/xacro/ld250.urdf.xacro
-- Symlinking: /home/cayo-sousa/ws_ld90_sim/install/amr_description/share/amr_description/xacro/ld250_robot.urdf.xacro
-- Symlinking: /home/cayo-sousa/ws_ld90_sim/install/amr_description/share/amr_description/xacro/ld90.urdf.xacro
-- Symlinking: /home/cayo-sousa/ws_ld90_sim/install/amr_description/share/amr_description/xacro/ld90_robot.urdf.xacro
-- Symlinking: /home/cayo-sousa/ws_ld90_sim/install/amr_description/share/ament_index/resource_index/package_run_dependencies/amr_description
-- Symlinking: /home/cayo-sousa/ws_ld90_sim/install/amr_description/share/ament_index/resource_index/parent_prefix_path/amr_description
-- Symlinking: /home/cayo-sousa/ws_ld90_sim/install/amr_description/share/amr_description/environment/ament_prefix_path.sh
-- Symlinking: /home/cayo-sousa/ws_ld90_sim/install/amr_description/share/amr_description/environment/ament_prefix_path.dsv
-- Symlinking: /home/cayo-sousa/ws_ld90_sim/install/amr_description/share/amr_description/environment/path.sh
-- Symlinking: /home/cayo-sousa/ws_ld90_sim/install/amr_description/share/amr_description/environment/path.dsv
-- Symlinking: /home/cayo-sousa/ws_ld90_sim/install/amr_description/share/amr_description/local_setup.bash
-- Symlinking: /home/cayo-sousa/ws_ld90_sim/install/amr_description/share/amr_description/local_setup.sh
-- Symlinking: /home/cayo-sousa/ws_ld90_sim/install/amr_description/share/amr_description/local_setup.zsh
-- Symlinking: /home/cayo-sousa/ws_ld90_sim/install/amr_description/share/amr_description/local_setup.dsv
-- Symlinking: /home/cayo-sousa/ws_ld90_sim/install/amr_description/share/amr_description/package.dsv
-- Symlinking: /home/cayo-sousa/ws_ld90_sim/install/amr_description/share/ament_index/resource_index/packages/amr_description
-- Symlinking: /home/cayo-sousa/ws_ld90_sim/install/amr_description/share/amr_description/cmake/amr_descriptionConfig.cmake
-- Symlinking: /home/cayo-sousa/ws_ld90_sim/install/amr_description/share/amr_description/cmake/amr_descriptionConfig-version.cmake
-- Symlinking: /home/cayo-sousa/ws_ld90_sim/install/amr_description/share/amr_description/package.xml
