[0.010s] Invoking command in '/home/cayo-sousa/ws_ld90_sim/build/libaria': CMAKE_PREFIX_PATH=${CMAKE_PREFIX_PATH}:/opt/ros/jazzy:/home/cayo-sousa/ws_ld90_sim/install/ld90_gz DEBUGINFOD_URLS=https://debuginfod.ubuntu.com /usr/bin/cmake /home/cayo-sousa/ws_ld90_sim/src/omron_amr/libaria -DCMAKE_INSTALL_PREFIX=/home/cayo-sousa/ws_ld90_sim/install/libaria
[0.084s] -- The C compiler identification is GNU 13.3.0
[0.175s] -- The CXX compiler identification is GNU 13.3.0
[0.188s] -- Detecting C compiler ABI info
[0.257s] -- Detecting C compiler ABI info - done
[0.265s] -- Check for working C compiler: /usr/bin/cc - skipped
[0.265s] -- Detecting C compile features
[0.266s] -- Detecting C compile features - done
[0.274s] -- Detecting CXX compiler ABI info
[0.355s] -- Detecting CXX compiler ABI info - done
[0.362s] -- Check for working CXX compiler: /usr/bin/c++ - skipped
[0.362s] -- Detecting CXX compile features
[0.362s] -- Detecting CXX compile features - done
[0.373s] -- Performing Test CMAKE_HAVE_LIBC_PTHREAD
[0.471s] -- Performing Test CMAKE_HAVE_LIBC_PTHREAD - Success
[0.472s] -- Found Threads: TRUE  
[0.476s] -- Configuring done (0.5s)
[0.534s] -- Generating done (0.0s)
[0.548s] -- Build files have been written to: /home/cayo-sousa/ws_ld90_sim/build/libaria
[0.553s] Invoked command in '/home/cayo-sousa/ws_ld90_sim/build/libaria' returned '0': CMAKE_PREFIX_PATH=${CMAKE_PREFIX_PATH}:/opt/ros/jazzy:/home/cayo-sousa/ws_ld90_sim/install/ld90_gz DEBUGINFOD_URLS=https://debuginfod.ubuntu.com /usr/bin/cmake /home/cayo-sousa/ws_ld90_sim/src/omron_amr/libaria -DCMAKE_INSTALL_PREFIX=/home/cayo-sousa/ws_ld90_sim/install/libaria
[0.554s] Invoking command in '/home/cayo-sousa/ws_ld90_sim/build/libaria': CMAKE_PREFIX_PATH=${CMAKE_PREFIX_PATH}:/opt/ros/jazzy:/home/cayo-sousa/ws_ld90_sim/install/ld90_gz DEBUGINFOD_URLS=https://debuginfod.ubuntu.com /usr/bin/cmake --build /home/cayo-sousa/ws_ld90_sim/build/libaria -- -j12 -l12
[0.622s] [  0%] [32mBuilding CXX object CMakeFiles/Aria.dir/src/ArActionAvoidSide.cpp.o[0m
[0.622s] [  1%] [32mBuilding CXX object CMakeFiles/Aria.dir/src/ArActionAvoidFront.cpp.o[0m
[0.623s] [  1%] [32mBuilding CXX object CMakeFiles/Aria.dir/src/ArActionConstantVelocity.cpp.o[0m
[0.623s] [  1%] [32mBuilding CXX object CMakeFiles/Aria.dir/src/ArAction.cpp.o[0m
[0.623s] [  1%] [32mBuilding CXX object CMakeFiles/Aria.dir/src/ArActionBumpers.cpp.o[0m
[0.624s] [  2%] [32mBuilding CXX object CMakeFiles/Aria.dir/src/ArActionColorFollow.cpp.o[0m
[0.624s] [  3%] [32mBuilding CXX object CMakeFiles/Aria.dir/src/ArActionDriveDistance.cpp.o[0m
[0.624s] [  4%] [32mBuilding CXX object CMakeFiles/Aria.dir/src/ArActionDeceleratingLimiter.cpp.o[0m
[0.625s] [  5%] [32mBuilding CXX object CMakeFiles/Aria.dir/src/ArActionGroup.cpp.o[0m
[0.630s] [  5%] [32mBuilding CXX object CMakeFiles/Aria.dir/src/ArActionDesired.cpp.o[0m
[0.630s] [  5%] [32mBuilding CXX object CMakeFiles/Aria.dir/src/ArActionGoto.cpp.o[0m
[0.633s] [  5%] [32mBuilding CXX object CMakeFiles/Aria.dir/src/ArActionGotoStraight.cpp.o[0m
[1.353s] [  5%] [32mBuilding CXX object CMakeFiles/Aria.dir/src/ArActionGroups.cpp.o[0m
[1.545s] [  6%] [32mBuilding CXX object CMakeFiles/Aria.dir/src/ArActionInput.cpp.o[0m
[1.557s] [  7%] [32mBuilding CXX object CMakeFiles/Aria.dir/src/ArActionJoydrive.cpp.o[0m
[1.563s] [  7%] [32mBuilding CXX object CMakeFiles/Aria.dir/src/ArActionIRs.cpp.o[0m
[1.563s] [  7%] [32mBuilding CXX object CMakeFiles/Aria.dir/src/ArActionLimiterBackwards.cpp.o[0m
[1.564s] [  7%] [32mBuilding CXX object CMakeFiles/Aria.dir/src/ArActionKeydrive.cpp.o[0m
[1.579s] [  8%] [32mBuilding CXX object CMakeFiles/Aria.dir/src/ArActionLimiterForwards.cpp.o[0m
[1.628s] [  8%] [32mBuilding CXX object CMakeFiles/Aria.dir/src/ArActionLimiterRot.cpp.o[0m
[1.653s] [  9%] [32mBuilding CXX object CMakeFiles/Aria.dir/src/ArActionLimiterTableSensor.cpp.o[0m
[1.769s] [ 10%] [32mBuilding CXX object CMakeFiles/Aria.dir/src/ArActionMovementParametersDebugging.cpp.o[0m
[1.772s] [ 10%] [32mBuilding CXX object CMakeFiles/Aria.dir/src/ArActionMovementParameters.cpp.o[0m
[1.784s] [ 10%] [32mBuilding CXX object CMakeFiles/Aria.dir/src/ArActionRatioInput.cpp.o[0m
[2.365s] [ 11%] [32mBuilding CXX object CMakeFiles/Aria.dir/src/ArActionStallRecover.cpp.o[0m
[2.367s] [ 11%] [32mBuilding CXX object CMakeFiles/Aria.dir/src/ArActionRobotJoydrive.cpp.o[0m
[2.375s] [ 11%] [32mBuilding CXX object CMakeFiles/Aria.dir/src/ArActionStop.cpp.o[0m
[2.456s] [ 12%] [32mBuilding CXX object CMakeFiles/Aria.dir/src/ArActionTriangleDriveTo.cpp.o[0m
[2.472s] [ 12%] [32mBuilding CXX object CMakeFiles/Aria.dir/src/ArActionTurn.cpp.o[0m
[2.495s] [ 13%] [32mBuilding CXX object CMakeFiles/Aria.dir/src/ArACTS.cpp.o[0m
[2.518s] [ 13%] [32mBuilding CXX object CMakeFiles/Aria.dir/src/ArAMPTU.cpp.o[0m
[2.533s] [ 13%] [32mBuilding CXX object CMakeFiles/Aria.dir/src/ArAnalogGyro.cpp.o[0m
[2.722s] [ 14%] [32mBuilding CXX object CMakeFiles/Aria.dir/src/ArArg.cpp.o[0m
[2.765s] [ 14%] [32mBuilding CXX object CMakeFiles/Aria.dir/src/ArArgumentBuilder.cpp.o[0m
[2.806s] [ 15%] [32mBuilding CXX object CMakeFiles/Aria.dir/src/ArArgumentParser.cpp.o[0m
[2.909s] [ 15%] [32mBuilding CXX object CMakeFiles/Aria.dir/src/ArASyncTask.cpp.o[0m
[3.250s] [ 16%] [32mBuilding CXX object CMakeFiles/Aria.dir/src/ArBasePacket.cpp.o[0m
[3.274s] [ 16%] [32mBuilding CXX object CMakeFiles/Aria.dir/src/ArBatteryConnector.cpp.o[0m
[3.292s] [ 16%] [32mBuilding CXX object CMakeFiles/Aria.dir/src/ArBatteryMTX.cpp.o[0m
[3.301s] [ 17%] [32mBuilding CXX object CMakeFiles/Aria.dir/src/ArBumpers.cpp.o[0m
[3.348s] [ 17%] [32mBuilding CXX object CMakeFiles/Aria.dir/src/ArCameraCommands.cpp.o[0m
[3.399s] [ 18%] [32mBuilding CXX object CMakeFiles/Aria.dir/src/ArCameraCollection.cpp.o[0m
[3.421s] [ 18%] [32mBuilding CXX object CMakeFiles/Aria.dir/src/ArCondition_LIN.cpp.o[0m
[3.444s] [ 19%] [32mBuilding CXX object CMakeFiles/Aria.dir/src/ArConfig.cpp.o[0m
[3.459s] [ 19%] [32mBuilding CXX object CMakeFiles/Aria.dir/src/ArConfigArg.cpp.o[0m
[3.495s] [ 19%] [32mBuilding CXX object CMakeFiles/Aria.dir/src/ArConfigGroup.cpp.o[0m
[3.516s] [ 20%] [32mBuilding CXX object CMakeFiles/Aria.dir/src/ArDataLogger.cpp.o[0m
[3.669s] [ 20%] [32mBuilding CXX object CMakeFiles/Aria.dir/src/ArDeviceConnection.cpp.o[0m
[4.042s] [ 21%] [32mBuilding CXX object CMakeFiles/Aria.dir/src/ArDPPTU.cpp.o[0m
[4.061s] [ 21%] [32mBuilding CXX object CMakeFiles/Aria.dir/src/ArFileDeviceConnection.cpp.o[0m
[4.098s] [ 22%] [32mBuilding CXX object CMakeFiles/Aria.dir/src/ArFileParser.cpp.o[0m
[4.285s] [ 22%] [32mBuilding CXX object CMakeFiles/Aria.dir/src/ArFunctorASyncTask.cpp.o[0m
[4.291s] [ 22%] [32mBuilding CXX object CMakeFiles/Aria.dir/src/ArForbiddenRangeDevice.cpp.o[0m
[4.325s] [ 23%] [32mBuilding CXX object CMakeFiles/Aria.dir/src/ArGPS.cpp.o[0m
[4.333s] [ 23%] [32mBuilding CXX object CMakeFiles/Aria.dir/src/ArGPSConnector.cpp.o[0m
[4.469s] [ 24%] [32mBuilding CXX object CMakeFiles/Aria.dir/src/ArGPSCoords.cpp.o[0m
[4.560s] [ 24%] [32mBuilding CXX object CMakeFiles/Aria.dir/src/ArGripper.cpp.o[0m
[4.659s] [ 25%] [32mBuilding CXX object CMakeFiles/Aria.dir/src/ArInterpolation.cpp.o[0m
[4.660s] [ 25%] [32mBuilding CXX object CMakeFiles/Aria.dir/src/ArIrrfDevice.cpp.o[0m
[4.698s] [ 25%] [32mBuilding CXX object CMakeFiles/Aria.dir/src/ArIRs.cpp.o[0m
[4.907s] [ 26%] [32mBuilding CXX object CMakeFiles/Aria.dir/src/ArJoyHandler.cpp.o[0m
[4.928s] [ 26%] [32mBuilding CXX object CMakeFiles/Aria.dir/src/ArKeyHandler.cpp.o[0m
[5.066s] [ 27%] [32mBuilding CXX object CMakeFiles/Aria.dir/src/ArLaser.cpp.o[0m
[5.119s] [ 27%] [32mBuilding CXX object CMakeFiles/Aria.dir/src/ArLaserConnector.cpp.o[0m
[5.297s] [ 28%] [32mBuilding CXX object CMakeFiles/Aria.dir/src/ArLaserFilter.cpp.o[0m
[5.510s] [ 28%] [32mBuilding CXX object CMakeFiles/Aria.dir/src/ArLaserLogger.cpp.o[0m
[5.511s] [ 28%] [32mBuilding CXX object CMakeFiles/Aria.dir/src/ArLaserReflectorDevice.cpp.o[0m
[5.591s] [ 28%] [32mBuilding CXX object CMakeFiles/Aria.dir/src/ArLCDMTX.cpp.o[0m
[5.598s] [ 29%] [32mBuilding CXX object CMakeFiles/Aria.dir/src/ArLCDConnector.cpp.o[0m
[5.604s] [ 30%] [32mBuilding CXX object CMakeFiles/Aria.dir/src/ArLineFinder.cpp.o[0m
[5.773s] [ 30%] [32mBuilding CXX object CMakeFiles/Aria.dir/src/ArLMS1XX.cpp.o[0m
[5.878s] [ 31%] [32mBuilding CXX object CMakeFiles/Aria.dir/src/ArLMS2xx.cpp.o[0m
[5.879s] [ 31%] [32mBuilding CXX object CMakeFiles/Aria.dir/src/ArLMS2xxPacket.cpp.o[0m
[6.365s] [ 31%] [32mBuilding CXX object CMakeFiles/Aria.dir/src/ArLMS2xxPacketReceiver.cpp.o[0m
[6.382s] [ 32%] [32mBuilding CXX object CMakeFiles/Aria.dir/src/ArLog.cpp.o[0m
[6.428s] [ 32%] [32mBuilding CXX object CMakeFiles/Aria.dir/src/ArLogFileConnection.cpp.o[0m
[6.513s] [ 33%] [32mBuilding CXX object CMakeFiles/Aria.dir/src/ArMap.cpp.o[0m
[6.657s] [ 33%] [32mBuilding CXX object CMakeFiles/Aria.dir/src/ArMapComponents.cpp.o[0m
[6.863s] [ 33%] [32mBuilding CXX object CMakeFiles/Aria.dir/src/ArMapInterface.cpp.o[0m
[6.903s] [ 34%] [32mBuilding CXX object CMakeFiles/Aria.dir/src/ArMapObject.cpp.o[0m
[6.912s] [ 34%] [32mBuilding CXX object CMakeFiles/Aria.dir/src/ArMapUtils.cpp.o[0m
[6.996s] [ 35%] [32mBuilding CXX object CMakeFiles/Aria.dir/src/ArMD5Calculator.cpp.o[0m
[7.088s] [ 35%] [32mBuilding CXX object CMakeFiles/Aria.dir/src/ArMode.cpp.o[0m
[7.248s] [ 36%] [32mBuilding CXX object CMakeFiles/Aria.dir/src/ArModes.cpp.o[0m
[7.477s] [ 36%] [32mBuilding CXX object CMakeFiles/Aria.dir/src/ArModule.cpp.o[0m
[7.565s] [ 37%] [32mBuilding CXX object CMakeFiles/Aria.dir/src/ArMutex.cpp.o[0m
[7.566s] [ 37%] [32mBuilding CXX object CMakeFiles/Aria.dir/src/ArModuleLoader.cpp.o[0m
[7.662s] [ 37%] [32mBuilding CXX object CMakeFiles/Aria.dir/src/ArMutex_LIN.cpp.o[0m
[7.774s] [ 38%] [32mBuilding CXX object CMakeFiles/Aria.dir/src/ArNetServer.cpp.o[0m
[7.887s] [ 39%] [32mBuilding CXX object CMakeFiles/Aria.dir/src/ArNovatelGPS.cpp.o[0m
[7.889s] [ 39%] [32mBuilding CXX object CMakeFiles/Aria.dir/src/ArNMEAParser.cpp.o[0m
[7.937s] [ 39%] [32mBuilding CXX object CMakeFiles/Aria.dir/src/ArP2Arm.cpp.o[0m
[8.288s] [ 39%] [32mBuilding CXX object CMakeFiles/Aria.dir/src/ArPriorityResolver.cpp.o[0m
[8.432s] [ 40%] [32mBuilding CXX object CMakeFiles/Aria.dir/src/ArPTZ.cpp.o[0m
[8.475s] [ 40%] [32mBuilding CXX object CMakeFiles/Aria.dir/src/ArPTZConnector.cpp.o[0m
[8.590s] [ 41%] [32mBuilding CXX object CMakeFiles/Aria.dir/src/ArRangeBuffer.cpp.o[0m
[8.675s] [ 41%] [32mBuilding CXX object CMakeFiles/Aria.dir/src/ArRangeDevice.cpp.o[0m
[9.241s] [ 42%] [32mBuilding CXX object CMakeFiles/Aria.dir/src/ArRangeDeviceThreaded.cpp.o[0m
[9.295s] [ 42%] [32mBuilding CXX object CMakeFiles/Aria.dir/src/ArRatioInputKeydrive.cpp.o[0m
[9.398s] [ 42%] [32mBuilding CXX object CMakeFiles/Aria.dir/src/ArRatioInputJoydrive.cpp.o[0m
[9.514s] [ 43%] [32mBuilding CXX object CMakeFiles/Aria.dir/src/ArRatioInputRobotJoydrive.cpp.o[0m
[9.654s] [ 43%] [32mBuilding CXX object CMakeFiles/Aria.dir/src/ArRecurrentTask.cpp.o[0m
[9.741s] [ 44%] [32mBuilding CXX object CMakeFiles/Aria.dir/src/ArRobot.cpp.o[0m
[9.760s] [ 44%] [32mBuilding CXX object CMakeFiles/Aria.dir/src/ArRobotBatteryPacketReader.cpp.o[0m
[10.013s] [ 45%] [32mBuilding CXX object CMakeFiles/Aria.dir/src/ArRobotConfig.cpp.o[0m
[10.057s] [ 45%] [32mBuilding CXX object CMakeFiles/Aria.dir/src/ArRobotConfigPacketReader.cpp.o[0m
[10.111s] [ 45%] [32mBuilding CXX object CMakeFiles/Aria.dir/src/ArRobotConnector.cpp.o[0m
[10.165s] [ 46%] [32mBuilding CXX object CMakeFiles/Aria.dir/src/ArRobotJoyHandler.cpp.o[0m
[10.246s] [ 46%] [32mBuilding CXX object CMakeFiles/Aria.dir/src/ArRobotPacket.cpp.o[0m
[10.365s] [ 47%] [32mBuilding CXX object CMakeFiles/Aria.dir/src/ArRobotPacketReceiver.cpp.o[0m
[10.470s] [ 47%] [32mBuilding CXX object CMakeFiles/Aria.dir/src/ArRobotPacketReaderThread.cpp.o[0m
[10.728s] [ 48%] [32mBuilding CXX object CMakeFiles/Aria.dir/src/ArRobotPacketSender.cpp.o[0m
[10.758s] [ 48%] [32mBuilding CXX object CMakeFiles/Aria.dir/src/ArRobotParams.cpp.o[0m
[10.903s] [ 48%] [32mBuilding CXX object CMakeFiles/Aria.dir/src/ArRobotTypes.cpp.o[0m
[11.033s] [ 49%] [32mBuilding CXX object CMakeFiles/Aria.dir/src/ArRVisionPTZ.cpp.o[0m
[11.149s] [ 49%] [32mBuilding CXX object CMakeFiles/Aria.dir/src/ArS3Series.cpp.o[0m
[11.182s] [ 49%] [32mBuilding CXX object CMakeFiles/Aria.dir/src/ArSick.cpp.o[0m
[11.182s] [ 50%] [32mBuilding CXX object CMakeFiles/Aria.dir/src/ArSZSeries.cpp.o[0m
[11.191s] [ 51%] [32mBuilding CXX object CMakeFiles/Aria.dir/src/ArSimpleConnector.cpp.o[0m
[11.359s] [ 51%] [32mBuilding CXX object CMakeFiles/Aria.dir/src/ArSimulatedLaser.cpp.o[0m
[11.395s] [ 51%] [32mBuilding CXX object CMakeFiles/Aria.dir/src/ArSocket.cpp.o[0m
[11.411s] [ 52%] [32mBuilding CXX object CMakeFiles/Aria.dir/src/ArSonarConnector.cpp.o[0m
[11.577s] [ 52%] [32mBuilding CXX object CMakeFiles/Aria.dir/src/ArSonarDevice.cpp.o[0m
[12.007s] [ 53%] [32mBuilding CXX object CMakeFiles/Aria.dir/src/ArSonarMTX.cpp.o[0m
[12.178s] [ 53%] [32mBuilding CXX object CMakeFiles/Aria.dir/src/ArSensorReading.cpp.o[0m
[12.246s] [ 54%] [32mBuilding CXX object CMakeFiles/Aria.dir/src/ArSonyPTZ.cpp.o[0m
[12.282s] [ 54%] [32mBuilding CXX object CMakeFiles/Aria.dir/src/ArSoundsQueue.cpp.o[0m
[12.355s] [ 54%] [32mBuilding CXX object CMakeFiles/Aria.dir/src/ArSoundPlayer.cpp.o[0m
[12.547s] [ 54%] [32mBuilding CXX object CMakeFiles/Aria.dir/src/ArSyncLoop.cpp.o[0m
[12.549s] [ 55%] [32mBuilding CXX object CMakeFiles/Aria.dir/src/ArStringInfoGroup.cpp.o[0m
[12.691s] [ 56%] [32mBuilding CXX object CMakeFiles/Aria.dir/src/ArSyncTask.cpp.o[0m
[12.787s] [ 56%] [32mBuilding CXX object CMakeFiles/Aria.dir/src/ArSystemStatus.cpp.o[0m
[12.790s] [ 57%] [32mBuilding CXX object CMakeFiles/Aria.dir/src/ArSonarAutoDisabler.cpp.o[0m
[12.848s] [ 57%] [32mBuilding CXX object CMakeFiles/Aria.dir/src/ArSpeech.cpp.o[0m
[12.895s] [ 57%] [32mBuilding CXX object CMakeFiles/Aria.dir/src/ArTCM2.cpp.o[0m
[13.129s] [ 58%] [32mBuilding CXX object CMakeFiles/Aria.dir/src/ArTCMCompassDirect.cpp.o[0m
[13.352s] [ 58%] [32mBuilding CXX object CMakeFiles/Aria.dir/src/ArTCMCompassRobot.cpp.o[0m
[13.375s] [ 59%] [32mBuilding CXX object CMakeFiles/Aria.dir/src/ArTcpConnection.cpp.o[0m
[13.436s] [ 59%] [32mBuilding CXX object CMakeFiles/Aria.dir/src/ArThread.cpp.o[0m
[13.447s] [ 60%] [32mBuilding CXX object CMakeFiles/Aria.dir/src/ArThread_LIN.cpp.o[0m
[13.501s] [ 60%] [32mBuilding CXX object CMakeFiles/Aria.dir/src/ArTransform.cpp.o[0m
[13.512s] [ 60%] [32mBuilding CXX object CMakeFiles/Aria.dir/src/ArTrimbleGPS.cpp.o[0m
[13.523s] [ 61%] [32mBuilding CXX object CMakeFiles/Aria.dir/src/ArUrg.cpp.o[0m
[13.652s] [ 61%] [32mBuilding CXX object CMakeFiles/Aria.dir/src/ArUrg_2_0.cpp.o[0m
[13.753s] [ 62%] [32mBuilding CXX object CMakeFiles/Aria.dir/src/ArVCC4.cpp.o[0m
[13.761s] [ 62%] [32mBuilding CXX object CMakeFiles/Aria.dir/src/Aria.cpp.o[0m
[13.988s] [ 63%] [32mBuilding CXX object CMakeFiles/Aria.dir/src/ariaUtil.cpp.o[0m
[13.999s] [ 63%] [32mBuilding CXX object CMakeFiles/Aria.dir/src/md5.cpp.o[0m
[14.043s] [ 63%] [32mBuilding CXX object CMakeFiles/Aria.dir/src/ArSocket_LIN.cpp.o[0m
[14.053s] [ 64%] [32mBuilding CXX object CMakeFiles/Aria.dir/src/ArJoyHandler_LIN.cpp.o[0m
[14.098s] [ 64%] [32mBuilding CXX object CMakeFiles/Aria.dir/src/ArSerialConnection_LIN.cpp.o[0m
[14.140s] [ 65%] [32mBuilding CXX object CMakeFiles/Aria.dir/src/ArSignalHandler_LIN.cpp.o[0m
[14.237s] [ 65%] [32mBuilding CXX object CMakeFiles/Aria.dir/src/ArVersalogicIO.cpp.o[0m
[14.431s] [ 66%] [32mBuilding CXX object CMakeFiles/Aria.dir/src/ArMTXIO.cpp.o[0m
[15.671s] [ 66%] [32m[1mLinking CXX shared library libAria.so[0m
[15.955s] [ 66%] Built target Aria
[15.983s] [ 67%] [32mBuilding CXX object CMakeFiles/ArNetworking.dir/ArNetworking/src/ArCentralForwarder.cpp.o[0m
[15.983s] [ 67%] [32mBuilding CXX object CMakeFiles/functorExample.dir/examples/functorExample.cpp.o[0m
[15.983s] [ 68%] [32mBuilding CXX object CMakeFiles/lineTest.dir/tests/lineTest.cpp.o[0m
[15.984s] [ 68%] [32mBuilding CXX object CMakeFiles/robotListTest.dir/tests/robotListTest.cpp.o[0m
[15.984s] [ 68%] [32mBuilding CXX object CMakeFiles/angleBetweenTest.dir/tests/angleBetweenTest.cpp.o[0m
[15.984s] [ 69%] [32mBuilding CXX object CMakeFiles/actionArgumentTest.dir/tests/actionArgumentTest.cpp.o[0m
[15.984s] [ 69%] [32mBuilding CXX object CMakeFiles/angleFixTest.dir/tests/angleFixTest.cpp.o[0m
[15.987s] [ 70%] [32mBuilding CXX object CMakeFiles/angleTest.dir/tests/angleTest.cpp.o[0m
[15.987s] [ 70%] [32mBuilding CXX object CMakeFiles/mathTests.dir/tests/mathTests.cpp.o[0m
[15.987s] [ 70%] [32mBuilding CXX object CMakeFiles/actionAverageTest.dir/tests/actionAverageTest.cpp.o[0m
[15.993s] [ 70%] [32mBuilding CXX object CMakeFiles/absoluteHeadingActionTest.dir/tests/absoluteHeadingActionTest.cpp.o[0m
[15.999s] [ 70%] [32mBuilding CXX object CMakeFiles/threadExample.dir/examples/threadExample.cpp.o[0m
[16.966s] [ 70%] [32m[1mLinking CXX executable mathTests[0m
[17.317s] [ 70%] Built target mathTests
[17.382s] [ 71%] [32mBuilding CXX object CMakeFiles/simpleConnect.dir/examples/simpleConnect.cpp.o[0m
[17.799s] [ 72%] [32m[1mLinking CXX executable actionArgumentTest[0m
[17.822s] [ 72%] [32m[1mLinking CXX executable robotListTest[0m
[17.928s] [ 73%] [32m[1mLinking CXX executable absoluteHeadingActionTest[0m
[17.938s] [ 73%] [32m[1mLinking CXX executable angleTest[0m
[17.967s] [ 73%] [32m[1mLinking CXX executable angleFixTest[0m
[18.033s] [ 73%] Built target actionArgumentTest
[18.046s] [ 73%] [32mBuilding CXX object CMakeFiles/ArNetworking.dir/ArNetworking/src/ArCentralManager.cpp.o[0m
[18.067s] [ 73%] [32m[1mLinking CXX executable functorExample[0m
[18.069s] [ 74%] [32m[1mLinking CXX executable actionAverageTest[0m
[18.084s] [ 75%] [32m[1mLinking CXX executable lineTest[0m
[18.100s] [ 75%] [32m[1mLinking CXX executable angleBetweenTest[0m
[18.107s] [ 75%] Built target robotListTest
[18.113s] [ 75%] Built target angleFixTest
[18.120s] [ 75%] Built target absoluteHeadingActionTest
[18.132s] [ 75%] [32mBuilding CXX object CMakeFiles/simpleMotionCommands.dir/examples/simpleMotionCommands.cpp.o[0m
[18.134s] [ 76%] [32mBuilding CXX object CMakeFiles/ArNetworking.dir/ArNetworking/src/ArClientArgUtils.cpp.o[0m
[18.136s] [ 77%] [32m[1mLinking CXX executable threadExample[0m
[18.143s] [ 77%] [32mBuilding CXX object CMakeFiles/teleopActionsExample.dir/examples/teleopActionsExample.cpp.o[0m
[18.203s] [ 77%] Built target angleBetweenTest
[18.219s] [ 77%] Built target functorExample
[18.221s] [ 77%] [32mBuilding CXX object CMakeFiles/ArNetworking.dir/ArNetworking/src/ArClientBase.cpp.o[0m
[18.226s] [ 77%] Built target angleTest
[18.236s] [ 78%] [32mBuilding CXX object CMakeFiles/ArNetworking.dir/ArNetworking/src/ArClientData.cpp.o[0m
[18.246s] [ 78%] [32mBuilding CXX object CMakeFiles/ArNetworking.dir/ArNetworking/src/ArClientFileUtils.cpp.o[0m
[18.309s] [ 78%] Built target actionAverageTest
[18.329s] [ 78%] [32mBuilding CXX object CMakeFiles/ArNetworking.dir/ArNetworking/src/ArClientHandlerConfig.cpp.o[0m
[18.366s] [ 78%] Built target lineTest
[18.389s] [ 78%] Built target threadExample
[18.391s] [ 79%] [32mBuilding CXX object CMakeFiles/ArNetworking.dir/ArNetworking/src/ArClientHandlerRobotUpdate.cpp.o[0m
[18.414s] [ 79%] [32mBuilding CXX object CMakeFiles/ArNetworking.dir/ArNetworking/src/ArClientRatioDrive.cpp.o[0m
[18.949s] [ 79%] [32mBuilding CXX object CMakeFiles/libaria_safe_test_runner.dir/tests/libariaSafeTestRunner.cpp.o[0m
[19.404s] [ 79%] [32m[1mLinking CXX executable simpleConnect[0m
[19.635s] [ 79%] Built target simpleConnect
[19.650s] [ 80%] [32mBuilding CXX object CMakeFiles/ArNetworking.dir/ArNetworking/src/ArClientSimpleConnector.cpp.o[0m
[19.901s] [ 81%] [32m[1mLinking CXX executable teleopActionsExample[0m
[20.072s] [ 82%] [32m[1mLinking CXX executable simpleMotionCommands[0m
[20.118s] [ 83%] [32mBuilding CXX object CMakeFiles/ArNetworking.dir/ArNetworking/src/ArHybridForwarderVideo.cpp.o[0m
[20.121s] [ 83%] [32mBuilding CXX object CMakeFiles/ArNetworking.dir/ArNetworking/src/ArClientSwitchManager.cpp.o[0m
[20.228s] [ 83%] Built target teleopActionsExample
[20.251s] [ 83%] [32mBuilding CXX object CMakeFiles/ArNetworking.dir/ArNetworking/src/ArMapChanger.cpp.o[0m
[20.358s] [ 83%] Built target simpleMotionCommands
[20.410s] [ 83%] [32mBuilding CXX object CMakeFiles/libaria_hardware_test_runner.dir/tests/libariaHardwareTestRunner.cpp.o[0m
[20.445s] [ 83%] [32mBuilding CXX object CMakeFiles/ArNetworking.dir/ArNetworking/src/ArNetPacket.cpp.o[0m
[20.571s] [ 84%] [32mBuilding CXX object CMakeFiles/ArNetworking.dir/ArNetworking/src/ArNetPacketReceiverTcp.cpp.o[0m
[20.619s] [ 84%] [32mBuilding CXX object CMakeFiles/ArNetworking.dir/ArNetworking/src/ArNetPacketReceiverUdp.cpp.o[0m
[20.767s] [ 85%] [32mBuilding CXX object CMakeFiles/ArNetworking.dir/ArNetworking/src/ArNetPacketSenderTcp.cpp.o[0m
[20.780s] [ 85%] [32mBuilding CXX object CMakeFiles/ArNetworking.dir/ArNetworking/src/ArServerBase.cpp.o[0m
[20.795s] [ 86%] [32mBuilding CXX object CMakeFiles/ArNetworking.dir/ArNetworking/src/ArServerClient.cpp.o[0m
[21.038s] [ 87%] [32m[1mLinking CXX executable libaria_safe_test_runner[0m
[21.196s] [ 87%] Built target libaria_safe_test_runner
[21.211s] [ 87%] [32mBuilding CXX object CMakeFiles/ArNetworking.dir/ArNetworking/src/ArServerData.cpp.o[0m
[21.576s] [ 87%] [32mBuilding CXX object CMakeFiles/ArNetworking.dir/ArNetworking/src/ArServerFileUtils.cpp.o[0m
[22.162s] [ 88%] [32mBuilding CXX object CMakeFiles/ArNetworking.dir/ArNetworking/src/ArServerHandlerCameraCollection.cpp.o[0m
[22.302s] [ 88%] [32mBuilding CXX object CMakeFiles/ArNetworking.dir/ArNetworking/src/ArServerHandlerCamera.cpp.o[0m
[22.380s] [ 89%] [32mBuilding CXX object CMakeFiles/ArNetworking.dir/ArNetworking/src/ArServerHandlerCommands.cpp.o[0m
[22.454s] [ 89%] [32mBuilding CXX object CMakeFiles/ArNetworking.dir/ArNetworking/src/ArServerHandlerCommMonitor.cpp.o[0m
[22.506s] [ 90%] [32mBuilding CXX object CMakeFiles/ArNetworking.dir/ArNetworking/src/ArServerHandlerConfig.cpp.o[0m
[22.717s] [ 90%] [32mBuilding CXX object CMakeFiles/ArNetworking.dir/ArNetworking/src/ArServerHandlerMap.cpp.o[0m
[22.889s] [ 91%] [32m[1mLinking CXX executable libaria_hardware_test_runner[0m
[22.964s] [ 91%] [32mBuilding CXX object CMakeFiles/ArNetworking.dir/ArNetworking/src/ArServerHandlerMapping.cpp.o[0m
[23.024s] [ 91%] Built target libaria_hardware_test_runner
[23.037s] [ 92%] [32mBuilding CXX object CMakeFiles/ArNetworking.dir/ArNetworking/src/ArServerHandlerPopup.cpp.o[0m
[23.132s] [ 92%] [32mBuilding CXX object CMakeFiles/ArNetworking.dir/ArNetworking/src/ArServerInfoDrawings.cpp.o[0m
[23.782s] [ 93%] [32mBuilding CXX object CMakeFiles/ArNetworking.dir/ArNetworking/src/ArServerInfoRobot.cpp.o[0m
[23.825s] [ 93%] [32mBuilding CXX object CMakeFiles/ArNetworking.dir/ArNetworking/src/ArServerInfoSensor.cpp.o[0m
[24.086s] [ 94%] [32mBuilding CXX object CMakeFiles/ArNetworking.dir/ArNetworking/src/ArServerInfoStrings.cpp.o[0m
[24.248s] [ 94%] [32mBuilding CXX object CMakeFiles/ArNetworking.dir/ArNetworking/src/ArServerMode.cpp.o[0m
[24.487s] [ 94%] [32mBuilding CXX object CMakeFiles/ArNetworking.dir/ArNetworking/src/ArServerModeDrive.cpp.o[0m
[24.693s] [ 95%] [32mBuilding CXX object CMakeFiles/ArNetworking.dir/ArNetworking/src/ArServerModeIdle.cpp.o[0m
[24.826s] [ 95%] [32mBuilding CXX object CMakeFiles/ArNetworking.dir/ArNetworking/src/ArServerModeRatioDrive.cpp.o[0m
[24.906s] [ 96%] [32mBuilding CXX object CMakeFiles/ArNetworking.dir/ArNetworking/src/ArServerModeStop.cpp.o[0m
[25.048s] [ 96%] [32mBuilding CXX object CMakeFiles/ArNetworking.dir/ArNetworking/src/ArServerModeWander.cpp.o[0m
[25.271s] [ 97%] [32mBuilding CXX object CMakeFiles/ArNetworking.dir/ArNetworking/src/ArServerSimpleCommands.cpp.o[0m
[25.338s] [ 97%] [32mBuilding CXX object CMakeFiles/ArNetworking.dir/ArNetworking/src/ArServerSimpleOpener.cpp.o[0m
[25.433s] [ 97%] [32mBuilding CXX object CMakeFiles/ArNetworking.dir/ArNetworking/src/ArServerUserInfo.cpp.o[0m
[25.590s] [ 98%] [32mBuilding CXX object CMakeFiles/ArNetworking.dir/ArNetworking/src/ArTempDirectoryHelper.cpp.o[0m
[25.872s] [ 98%] [32mBuilding CXX object CMakeFiles/ArNetworking.dir/ArNetworking/src/md5.cpp.o[0m
[27.013s] [ 99%] [32m[1mLinking CXX shared library libArNetworking.so[0m
[27.171s] [ 99%] Built target ArNetworking
[27.188s] [100%] [32mBuilding CXX object CMakeFiles/omron_robot_cli.dir/tools/omron_robot_cli.cpp.o[0m
[28.324s] [100%] [32m[1mLinking CXX executable omron_robot_cli[0m
[28.427s] [100%] Built target omron_robot_cli
[28.437s] Invoked command in '/home/cayo-sousa/ws_ld90_sim/build/libaria' returned '0': CMAKE_PREFIX_PATH=${CMAKE_PREFIX_PATH}:/opt/ros/jazzy:/home/cayo-sousa/ws_ld90_sim/install/ld90_gz DEBUGINFOD_URLS=https://debuginfod.ubuntu.com /usr/bin/cmake --build /home/cayo-sousa/ws_ld90_sim/build/libaria -- -j12 -l12
[28.438s] Invoking command in '/home/cayo-sousa/ws_ld90_sim/build/libaria': CMAKE_PREFIX_PATH=${CMAKE_PREFIX_PATH}:/opt/ros/jazzy:/home/cayo-sousa/ws_ld90_sim/install/ld90_gz DEBUGINFOD_URLS=https://debuginfod.ubuntu.com /usr/bin/cmake --install /home/cayo-sousa/ws_ld90_sim/build/libaria
[28.443s] -- Install configuration: ""
[28.443s] -- Installing: /home/cayo-sousa/ws_ld90_sim/install/libaria/lib/libAria.so
[28.446s] -- Installing: /home/cayo-sousa/ws_ld90_sim/install/libaria/lib/libArNetworking.so
[28.448s] -- Set non-toolchain portion of runtime path of "/home/cayo-sousa/ws_ld90_sim/install/libaria/lib/libArNetworking.so" to ""
[28.448s] -- Installing: /home/cayo-sousa/ws_ld90_sim/install/libaria/bin/omron_robot_cli
[28.448s] -- Set non-toolchain portion of runtime path of "/home/cayo-sousa/ws_ld90_sim/install/libaria/bin/omron_robot_cli" to ""
[28.448s] -- Installing: /home/cayo-sousa/ws_ld90_sim/install/libaria/include/Aria
[28.448s] -- Installing: /home/cayo-sousa/ws_ld90_sim/install/libaria/include/Aria/ArMD5Calculator.h
[28.448s] -- Installing: /home/cayo-sousa/ws_ld90_sim/install/libaria/include/Aria/ArRatioInputKeydrive.h
[28.449s] -- Installing: /home/cayo-sousa/ws_ld90_sim/install/libaria/include/Aria/ArActionDriveDistance.h
[28.449s] -- Installing: /home/cayo-sousa/ws_ld90_sim/install/libaria/include/Aria/ArNetServer.h
[28.449s] -- Installing: /home/cayo-sousa/ws_ld90_sim/install/libaria/include/Aria/ArInterpolation.h
[28.449s] -- Installing: /home/cayo-sousa/ws_ld90_sim/install/libaria/include/Aria/ArTCMCompassRobot.h
[28.449s] -- Installing: /home/cayo-sousa/ws_ld90_sim/install/libaria/include/Aria/ArFileDeviceConnection.h
[28.449s] -- Installing: /home/cayo-sousa/ws_ld90_sim/install/libaria/include/Aria/ArFunctor.h
[28.449s] -- Installing: /home/cayo-sousa/ws_ld90_sim/install/libaria/include/Aria/ArGPSConnector.h
[28.449s] -- Installing: /home/cayo-sousa/ws_ld90_sim/install/libaria/include/Aria/ArSZSeries.h
[28.449s] -- Installing: /home/cayo-sousa/ws_ld90_sim/install/libaria/include/Aria/ArSimulatedLaser.h
[28.449s] -- Installing: /home/cayo-sousa/ws_ld90_sim/install/libaria/include/Aria/ArActionLimiterTableSensor.h
[28.449s] -- Installing: /home/cayo-sousa/ws_ld90_sim/install/libaria/include/Aria/ArSocket.h
[28.450s] -- Installing: /home/cayo-sousa/ws_ld90_sim/install/libaria/include/Aria/ArPTZConnector.h
[28.450s] -- Installing: /home/cayo-sousa/ws_ld90_sim/install/libaria/include/Aria/ArP2Arm.h
[28.450s] -- Installing: /home/cayo-sousa/ws_ld90_sim/install/libaria/include/Aria/ArArg.h
[28.450s] -- Installing: /home/cayo-sousa/ws_ld90_sim/install/libaria/include/Aria/ArIRs.h
[28.450s] -- Installing: /home/cayo-sousa/ws_ld90_sim/install/libaria/include/Aria/ArDPPTU.h
[28.450s] -- Installing: /home/cayo-sousa/ws_ld90_sim/install/libaria/include/Aria/ArBasePacket.h
[28.450s] -- Installing: /home/cayo-sousa/ws_ld90_sim/install/libaria/include/Aria/ArActionJoydrive.h
[28.450s] -- Installing: /home/cayo-sousa/ws_ld90_sim/install/libaria/include/Aria/ArIrrfDevice.h
[28.450s] -- Installing: /home/cayo-sousa/ws_ld90_sim/install/libaria/include/Aria/ArConfigArg.h
[28.450s] -- Installing: /home/cayo-sousa/ws_ld90_sim/install/libaria/include/Aria/Aria.h
[28.450s] -- Installing: /home/cayo-sousa/ws_ld90_sim/install/libaria/include/Aria/ArKeyHandler.h
[28.450s] -- Installing: /home/cayo-sousa/ws_ld90_sim/install/libaria/include/Aria/ArAction.h
[28.451s] -- Installing: /home/cayo-sousa/ws_ld90_sim/install/libaria/include/Aria/ArNMEAParser.h
[28.451s] -- Installing: /home/cayo-sousa/ws_ld90_sim/install/libaria/include/Aria/ArActionLimiterBackwards.h
[28.451s] -- Installing: /home/cayo-sousa/ws_ld90_sim/install/libaria/include/Aria/ArConfig.h
[28.451s] -- Installing: /home/cayo-sousa/ws_ld90_sim/install/libaria/include/Aria/ArThread.h
[28.451s] -- Installing: /home/cayo-sousa/ws_ld90_sim/install/libaria/include/Aria/ArActionRobotJoydrive.h
[28.451s] -- Installing: /home/cayo-sousa/ws_ld90_sim/install/libaria/include/Aria/wrapper_ExtraClasses.h
[28.452s] -- Installing: /home/cayo-sousa/ws_ld90_sim/install/libaria/include/Aria/ariaInternal.h
[28.452s] -- Installing: /home/cayo-sousa/ws_ld90_sim/install/libaria/include/Aria/ArActionGroups.h
[28.452s] -- Installing: /home/cayo-sousa/ws_ld90_sim/install/libaria/include/Aria/ArActionGotoStraight.h
[28.452s] -- Installing: /home/cayo-sousa/ws_ld90_sim/install/libaria/include/Aria/ArZippable.h
[28.453s] -- Installing: /home/cayo-sousa/ws_ld90_sim/install/libaria/include/Aria/ArRobot.h
[28.453s] -- Installing: /home/cayo-sousa/ws_ld90_sim/install/libaria/include/Aria/ArLineFinder.h
[28.453s] -- Installing: /home/cayo-sousa/ws_ld90_sim/install/libaria/include/Aria/ArLaserReflectorDevice.h
[28.453s] -- Installing: /home/cayo-sousa/ws_ld90_sim/install/libaria/include/Aria/ArCameraCommands.h
[28.453s] -- Installing: /home/cayo-sousa/ws_ld90_sim/install/libaria/include/Aria/ArRobotConnector.h
[28.453s] -- Installing: /home/cayo-sousa/ws_ld90_sim/install/libaria/include/Aria/ArMTXIO.h
[28.454s] -- Installing: /home/cayo-sousa/ws_ld90_sim/install/libaria/include/Aria/ArRobotPacketSender.h
[28.454s] -- Installing: /home/cayo-sousa/ws_ld90_sim/install/libaria/include/Aria/ArActionGroup.h
[28.454s] -- Installing: /home/cayo-sousa/ws_ld90_sim/install/libaria/include/Aria/ArTaskState.h
[28.454s] -- Installing: /home/cayo-sousa/ws_ld90_sim/install/libaria/include/Aria/ArACTS.h
[28.454s] -- Installing: /home/cayo-sousa/ws_ld90_sim/install/libaria/include/Aria/ArSpeech.h
[28.454s] -- Installing: /home/cayo-sousa/ws_ld90_sim/install/libaria/include/Aria/ArLMS2xxPacketReceiver.h
[28.454s] -- Installing: /home/cayo-sousa/ws_ld90_sim/install/libaria/include/Aria/ArDataLogger.h
[28.455s] -- Installing: /home/cayo-sousa/ws_ld90_sim/install/libaria/include/Aria/ArLogFileConnection.h
[28.455s] -- Installing: /home/cayo-sousa/ws_ld90_sim/install/libaria/include/Aria/ArModule.h
[28.455s] -- Installing: /home/cayo-sousa/ws_ld90_sim/install/libaria/include/Aria/ArRangeDeviceThreaded.h
[28.455s] -- Installing: /home/cayo-sousa/ws_ld90_sim/install/libaria/include/Aria/ArTCMCompassDirect.h
[28.455s] -- Installing: /home/cayo-sousa/ws_ld90_sim/install/libaria/include/Aria/ArBatteryConnector.h
[28.455s] -- Installing: /home/cayo-sousa/ws_ld90_sim/install/libaria/include/Aria/ArLaserConnector.h
[28.455s] -- Installing: /home/cayo-sousa/ws_ld90_sim/install/libaria/include/Aria/ArActionColorFollow.h
[28.455s] -- Installing: /home/cayo-sousa/ws_ld90_sim/install/libaria/include/Aria/ArVCC4.h
[28.455s] -- Installing: /home/cayo-sousa/ws_ld90_sim/install/libaria/include/Aria/ArLog.h
[28.455s] -- Installing: /home/cayo-sousa/ws_ld90_sim/install/libaria/include/Aria/ArActionMovementParametersDebugging.h
[28.455s] -- Installing: /home/cayo-sousa/ws_ld90_sim/install/libaria/include/Aria/ArUrg_2_0.h
[28.455s] -- Installing: /home/cayo-sousa/ws_ld90_sim/install/libaria/include/Aria/ArSerialConnection.h
[28.455s] -- Installing: /home/cayo-sousa/ws_ld90_sim/install/libaria/include/Aria/ArDrawingData.h
[28.455s] -- Installing: /home/cayo-sousa/ws_ld90_sim/install/libaria/include/Aria/ArTcpConnection.h
[28.455s] -- Installing: /home/cayo-sousa/ws_ld90_sim/install/libaria/include/Aria/ArRangeDevice.h
[28.456s] -- Installing: /home/cayo-sousa/ws_ld90_sim/install/libaria/include/Aria/ArActionLimiterForwards.h
[28.456s] -- Installing: /home/cayo-sousa/ws_ld90_sim/install/libaria/include/Aria/ArModuleLoader.h
[28.456s] -- Installing: /home/cayo-sousa/ws_ld90_sim/install/libaria/include/Aria/ArS3Series.h
[28.456s] -- Installing: /home/cayo-sousa/ws_ld90_sim/install/libaria/include/Aria/ArActionKeydrive.h
[28.456s] -- Installing: /home/cayo-sousa/ws_ld90_sim/install/libaria/include/Aria/ArActionMovementParameters.h
[28.456s] -- Installing: /home/cayo-sousa/ws_ld90_sim/install/libaria/include/Aria/ArActionGoto.h
[28.456s] -- Installing: /home/cayo-sousa/ws_ld90_sim/install/libaria/include/Aria/ArLMS2xxPacket.h
[28.456s] -- Installing: /home/cayo-sousa/ws_ld90_sim/install/libaria/include/Aria/ArMode.h
[28.456s] -- Installing: /home/cayo-sousa/ws_ld90_sim/install/libaria/include/Aria/ArActionTriangleDriveTo.h
[28.456s] -- Installing: /home/cayo-sousa/ws_ld90_sim/install/libaria/include/Aria/ArRobotConfigPacketReader.h
[28.456s] -- Installing: /home/cayo-sousa/ws_ld90_sim/install/libaria/include/Aria/ariaOSDef.h
[28.456s] -- Installing: /home/cayo-sousa/ws_ld90_sim/install/libaria/include/Aria/ArRangeBuffer.h
[28.457s] -- Installing: /home/cayo-sousa/ws_ld90_sim/install/libaria/include/Aria/ArGPSCoords.h
[28.457s] -- Installing: /home/cayo-sousa/ws_ld90_sim/install/libaria/include/Aria/ArPixelDevice.h
[28.457s] -- Installing: /home/cayo-sousa/ws_ld90_sim/install/libaria/include/Aria/ArSick.h
[28.457s] -- Installing: /home/cayo-sousa/ws_ld90_sim/install/libaria/include/Aria/ArTransform.h
[28.457s] -- Installing: /home/cayo-sousa/ws_ld90_sim/install/libaria/include/Aria/ArArgumentParser.h
[28.457s] -- Installing: /home/cayo-sousa/ws_ld90_sim/install/libaria/include/Aria/ArSyncTask.h
[28.457s] -- Installing: /home/cayo-sousa/ws_ld90_sim/install/libaria/include/Aria/ArUrg.h
[28.457s] -- Installing: /home/cayo-sousa/ws_ld90_sim/install/libaria/include/Aria/ArArgumentBuilder.h
[28.457s] -- Installing: /home/cayo-sousa/ws_ld90_sim/install/libaria/include/Aria/ArRobotJoyHandler.h
[28.457s] -- Installing: /home/cayo-sousa/ws_ld90_sim/install/libaria/include/Aria/ArSonarConnector.h
[28.457s] -- Installing: /home/cayo-sousa/ws_ld90_sim/install/libaria/include/Aria/ArExitErrorSource.h
[28.457s] -- Installing: /home/cayo-sousa/ws_ld90_sim/install/libaria/include/Aria/ArRobotPacket.h
[28.457s] -- Installing: /home/cayo-sousa/ws_ld90_sim/install/libaria/include/Aria/ArAMPTU.h
[28.457s] -- Installing: /home/cayo-sousa/ws_ld90_sim/install/libaria/include/Aria/ArGPS.h
[28.457s] -- Installing: /home/cayo-sousa/ws_ld90_sim/install/libaria/include/Aria/ArRatioInputJoydrive.h
[28.458s] -- Installing: /home/cayo-sousa/ws_ld90_sim/install/libaria/include/Aria/ArFunctorASyncTask.h
[28.458s] -- Installing: /home/cayo-sousa/ws_ld90_sim/install/libaria/include/Aria/ariaUtil.h
[28.458s] -- Installing: /home/cayo-sousa/ws_ld90_sim/install/libaria/include/Aria/ArActionStallRecover.h
[28.458s] -- Installing: /home/cayo-sousa/ws_ld90_sim/install/libaria/include/Aria/ArActionInput.h
[28.458s] -- Installing: /home/cayo-sousa/ws_ld90_sim/install/libaria/include/Aria/ArRobotTypes.h
[28.458s] -- Installing: /home/cayo-sousa/ws_ld90_sim/install/libaria/include/Aria/ArLMS2xx.h
[28.458s] -- Installing: /home/cayo-sousa/ws_ld90_sim/install/libaria/include/Aria/ariaTypedefs.h
[28.458s] -- Installing: /home/cayo-sousa/ws_ld90_sim/install/libaria/include/Aria/ArBatteryMTX.h
[28.458s] -- Installing: /home/cayo-sousa/ws_ld90_sim/install/libaria/include/Aria/ArActionTurn.h
[28.458s] -- Installing: /home/cayo-sousa/ws_ld90_sim/install/libaria/include/Aria/ArRingQueue.h
[28.458s] -- Installing: /home/cayo-sousa/ws_ld90_sim/install/libaria/include/Aria/ArActionConstantVelocity.h
[28.458s] -- Installing: /home/cayo-sousa/ws_ld90_sim/install/libaria/include/Aria/ArSoundPlayer.h
[28.458s] -- Installing: /home/cayo-sousa/ws_ld90_sim/install/libaria/include/Aria/ArASyncTask.h
[28.458s] -- Installing: /home/cayo-sousa/ws_ld90_sim/install/libaria/include/Aria/ArMap.h
[28.458s] -- Installing: /home/cayo-sousa/ws_ld90_sim/install/libaria/include/Aria/ArLCDMTX.h
[28.458s] -- Installing: /home/cayo-sousa/ws_ld90_sim/install/libaria/include/Aria/ArVersalogicIO.h
[28.459s] -- Installing: /home/cayo-sousa/ws_ld90_sim/install/libaria/include/Aria/ArSonarDevice.h
[28.459s] -- Installing: /home/cayo-sousa/ws_ld90_sim/install/libaria/include/Aria/ArCommands.h
[28.459s] -- Installing: /home/cayo-sousa/ws_ld90_sim/install/libaria/include/Aria/ArRobotPacketReceiver.h
[28.459s] -- Installing: /home/cayo-sousa/ws_ld90_sim/install/libaria/include/Aria/ArGripper.h
[28.459s] -- Installing: /home/cayo-sousa/ws_ld90_sim/install/libaria/include/Aria/md5.h
[28.459s] -- Installing: /home/cayo-sousa/ws_ld90_sim/install/libaria/include/Aria/ArActionRatioInput.h
[28.459s] -- Installing: /home/cayo-sousa/ws_ld90_sim/install/libaria/include/Aria/ArSonarAutoDisabler.h
[28.459s] -- Installing: /home/cayo-sousa/ws_ld90_sim/install/libaria/include/Aria/ArHasFileName.h
[28.459s] -- Installing: /home/cayo-sousa/ws_ld90_sim/install/libaria/include/Aria/wrapper_Functors.h
[28.459s] -- Installing: /home/cayo-sousa/ws_ld90_sim/install/libaria/include/Aria/ArActionLimiterRot.h
[28.459s] -- Installing: /home/cayo-sousa/ws_ld90_sim/install/libaria/include/Aria/ArActionAvoidFront.h
[28.459s] -- Installing: /home/cayo-sousa/ws_ld90_sim/install/libaria/include/Aria/ArFileParser.h
[28.460s] -- Installing: /home/cayo-sousa/ws_ld90_sim/install/libaria/include/Aria/ArLaser.h
[28.460s] -- Installing: /home/cayo-sousa/ws_ld90_sim/install/libaria/include/Aria/ArSonarMTX.h
[28.460s] -- Installing: /home/cayo-sousa/ws_ld90_sim/install/libaria/include/Aria/ArRecurrentTask.h
[28.460s] -- Installing: /home/cayo-sousa/ws_ld90_sim/install/libaria/include/Aria/ArRobotBatteryPacketReader.h
[28.460s] -- Installing: /home/cayo-sousa/ws_ld90_sim/install/libaria/include/Aria/ArSensorReading.h
[28.460s] -- Installing: /home/cayo-sousa/ws_ld90_sim/install/libaria/include/Aria/ArAnalogGyro.h
[28.460s] -- Installing: /home/cayo-sousa/ws_ld90_sim/install/libaria/include/Aria/ArStringInfoGroup.h
[28.460s] -- Installing: /home/cayo-sousa/ws_ld90_sim/install/libaria/include/Aria/ArActionIRs.h
[28.460s] -- Installing: /home/cayo-sousa/ws_ld90_sim/install/libaria/include/Aria/ArRVisionPTZ.h
[28.460s] -- Installing: /home/cayo-sousa/ws_ld90_sim/install/libaria/include/Aria/ArRatioInputRobotJoydrive.h
[28.460s] -- Installing: /home/cayo-sousa/ws_ld90_sim/install/libaria/include/Aria/ArCameraCollection.h
[28.460s] -- Installing: /home/cayo-sousa/ws_ld90_sim/install/libaria/include/Aria/ArSignalHandler.h
[28.460s] -- Installing: /home/cayo-sousa/ws_ld90_sim/install/libaria/include/Aria/ArActionDeceleratingLimiter.h
[28.460s] -- Installing: /home/cayo-sousa/ws_ld90_sim/install/libaria/include/Aria/ArMutex.h
[28.461s] -- Installing: /home/cayo-sousa/ws_ld90_sim/install/libaria/include/Aria/ArLaserFilter.h
[28.461s] -- Installing: /home/cayo-sousa/ws_ld90_sim/install/libaria/include/Aria/ArRobotPacketReaderThread.h
[28.461s] -- Installing: /home/cayo-sousa/ws_ld90_sim/install/libaria/include/Aria/ArCondition.h
[28.461s] -- Installing: /home/cayo-sousa/ws_ld90_sim/install/libaria/include/Aria/ArTrimbleGPS.h
[28.461s] -- Installing: /home/cayo-sousa/ws_ld90_sim/install/libaria/include/Aria/ArResolver.h
[28.461s] -- Installing: /home/cayo-sousa/ws_ld90_sim/install/libaria/include/Aria/ArModes.h
[28.461s] -- Installing: /home/cayo-sousa/ws_ld90_sim/install/libaria/include/Aria/ArSystemStatus.h
[28.461s] -- Installing: /home/cayo-sousa/ws_ld90_sim/install/libaria/include/Aria/ArJoyHandler.h
[28.461s] -- Installing: /home/cayo-sousa/ws_ld90_sim/install/libaria/include/Aria/ArSoundsQueue.h
[28.461s] -- Installing: /home/cayo-sousa/ws_ld90_sim/install/libaria/include/Aria/ArBumpers.h
[28.461s] -- Installing: /home/cayo-sousa/ws_ld90_sim/install/libaria/include/Aria/ArConfigGroup.h
[28.461s] -- Installing: /home/cayo-sousa/ws_ld90_sim/install/libaria/include/Aria/ArRobotParams.h
[28.461s] -- Installing: /home/cayo-sousa/ws_ld90_sim/install/libaria/include/Aria/ArActionStop.h
[28.461s] -- Installing: /home/cayo-sousa/ws_ld90_sim/install/libaria/include/Aria/ArMapObject.h
[28.461s] -- Installing: /home/cayo-sousa/ws_ld90_sim/install/libaria/include/Aria/ArSimpleConnector.h
[28.461s] -- Installing: /home/cayo-sousa/ws_ld90_sim/install/libaria/include/Aria/ArNovatelGPS.h
[28.461s] -- Installing: /home/cayo-sousa/ws_ld90_sim/install/libaria/include/Aria/ArActionBumpers.h
[28.462s] -- Installing: /home/cayo-sousa/ws_ld90_sim/install/libaria/include/Aria/ArSyncLoop.h
[28.462s] -- Installing: /home/cayo-sousa/ws_ld90_sim/install/libaria/include/Aria/ArPriorityResolver.h
[28.462s] -- Installing: /home/cayo-sousa/ws_ld90_sim/install/libaria/include/Aria/ArActionAvoidSide.h
[28.462s] -- Installing: /home/cayo-sousa/ws_ld90_sim/install/libaria/include/Aria/ArMapInterface.h
[28.462s] -- Installing: /home/cayo-sousa/ws_ld90_sim/install/libaria/include/Aria/ArMapComponents.h
[28.462s] -- Installing: /home/cayo-sousa/ws_ld90_sim/install/libaria/include/Aria/ArSonyPTZ.h
[28.462s] -- Installing: /home/cayo-sousa/ws_ld90_sim/install/libaria/include/Aria/ArLaserLogger.h
[28.462s] -- Installing: /home/cayo-sousa/ws_ld90_sim/install/libaria/include/Aria/ArDeviceConnection.h
[28.462s] -- Installing: /home/cayo-sousa/ws_ld90_sim/install/libaria/include/Aria/ArForbiddenRangeDevice.h
[28.462s] -- Installing: /home/cayo-sousa/ws_ld90_sim/install/libaria/include/Aria/ArTCM2.h
[28.462s] -- Installing: /home/cayo-sousa/ws_ld90_sim/install/libaria/include/Aria/ArRobotConfig.h
[28.462s] -- Installing: /home/cayo-sousa/ws_ld90_sim/install/libaria/include/Aria/ArPTZ.h
[28.462s] -- Installing: /home/cayo-sousa/ws_ld90_sim/install/libaria/include/Aria/ArLCDConnector.h
[28.462s] -- Installing: /home/cayo-sousa/ws_ld90_sim/install/libaria/include/Aria/ArExport.h
[28.462s] -- Installing: /home/cayo-sousa/ws_ld90_sim/install/libaria/include/Aria/ArActionDesired.h
[28.462s] -- Installing: /home/cayo-sousa/ws_ld90_sim/install/libaria/include/Aria/ArLMS1XX.h
[28.462s] -- Installing: /home/cayo-sousa/ws_ld90_sim/install/libaria/include/Aria/ArMapUtils.h
[28.462s] -- Installing: /home/cayo-sousa/ws_ld90_sim/install/libaria/include/ArNetworking
[28.462s] -- Installing: /home/cayo-sousa/ws_ld90_sim/install/libaria/include/ArNetworking/ArCentralManager.h
[28.462s] -- Installing: /home/cayo-sousa/ws_ld90_sim/install/libaria/include/ArNetworking/ArServerCommands.h
[28.462s] -- Installing: /home/cayo-sousa/ws_ld90_sim/install/libaria/include/ArNetworking/ArServerInfoSensor.h
[28.462s] -- Installing: /home/cayo-sousa/ws_ld90_sim/install/libaria/include/ArNetworking/ArServerInfoStrings.h
[28.463s] -- Installing: /home/cayo-sousa/ws_ld90_sim/install/libaria/include/ArNetworking/ArClientHandlerRobotUpdate.h
[28.463s] -- Installing: /home/cayo-sousa/ws_ld90_sim/install/libaria/include/ArNetworking/ArClientSimpleConnector.h
[28.463s] -- Installing: /home/cayo-sousa/ws_ld90_sim/install/libaria/include/ArNetworking/ArServerInfoRobot.h
[28.463s] -- Installing: /home/cayo-sousa/ws_ld90_sim/install/libaria/include/ArNetworking/ArServerModeStop.h
[28.463s] -- Installing: /home/cayo-sousa/ws_ld90_sim/install/libaria/include/ArNetworking/ArMapChanger.h
[28.463s] -- Installing: /home/cayo-sousa/ws_ld90_sim/install/libaria/include/ArNetworking/ArNetworking.h
[28.463s] -- Installing: /home/cayo-sousa/ws_ld90_sim/install/libaria/include/ArNetworking/ArNetPacket.h
[28.463s] -- Installing: /home/cayo-sousa/ws_ld90_sim/install/libaria/include/ArNetworking/ArServerMode.h
[28.463s] -- Installing: /home/cayo-sousa/ws_ld90_sim/install/libaria/include/ArNetworking/ArClientHandlerConfig.h
[28.463s] -- Installing: /home/cayo-sousa/ws_ld90_sim/install/libaria/include/ArNetworking/ArServerHandlerCommands.h
[28.463s] -- Installing: /home/cayo-sousa/ws_ld90_sim/install/libaria/include/ArNetworking/ArServerFileUtils.h
[28.463s] -- Installing: /home/cayo-sousa/ws_ld90_sim/install/libaria/include/ArNetworking/ArServerModeRatioDrive.h
[28.463s] -- Installing: /home/cayo-sousa/ws_ld90_sim/install/libaria/include/ArNetworking/ArServerInfoDrawings.h
[28.463s] -- Installing: /home/cayo-sousa/ws_ld90_sim/install/libaria/include/ArNetworking/ArHybridForwarderVideo.h
[28.463s] -- Installing: /home/cayo-sousa/ws_ld90_sim/install/libaria/include/ArNetworking/ArServerClientData.h
[28.463s] -- Installing: /home/cayo-sousa/ws_ld90_sim/install/libaria/include/ArNetworking/ArServerClient.h
[28.463s] -- Installing: /home/cayo-sousa/ws_ld90_sim/install/libaria/include/ArNetworking/ArServerModeJogPosition.h
[28.463s] -- Installing: /home/cayo-sousa/ws_ld90_sim/install/libaria/include/ArNetworking/ArServerHandlerCameraCollection.h
[28.463s] -- Installing: /home/cayo-sousa/ws_ld90_sim/install/libaria/include/ArNetworking/ArServerUserInfo.h
[28.463s] -- Installing: /home/cayo-sousa/ws_ld90_sim/install/libaria/include/ArNetworking/ArServerSimpleOpener.h
[28.463s] -- Installing: /home/cayo-sousa/ws_ld90_sim/install/libaria/include/ArNetworking/ArClientCommands.h
[28.463s] -- Installing: /home/cayo-sousa/ws_ld90_sim/install/libaria/include/ArNetworking/ArClientRatioDrive.h
[28.463s] -- Installing: /home/cayo-sousa/ws_ld90_sim/install/libaria/include/ArNetworking/ArTempDirectoryHelper.h
[28.463s] -- Installing: /home/cayo-sousa/ws_ld90_sim/install/libaria/include/ArNetworking/ArServerHandlerMapping.h
[28.463s] -- Installing: /home/cayo-sousa/ws_ld90_sim/install/libaria/include/ArNetworking/ArServerModeIdle.h
[28.463s] -- Installing: /home/cayo-sousa/ws_ld90_sim/install/libaria/include/ArNetworking/ArServerSimpleCommands.h
[28.464s] -- Installing: /home/cayo-sousa/ws_ld90_sim/install/libaria/include/ArNetworking/ArClientData.h
[28.464s] -- Installing: /home/cayo-sousa/ws_ld90_sim/install/libaria/include/ArNetworking/md5.h
[28.464s] -- Installing: /home/cayo-sousa/ws_ld90_sim/install/libaria/include/ArNetworking/ArServerHandlerCamera.h
[28.464s] -- Installing: /home/cayo-sousa/ws_ld90_sim/install/libaria/include/ArNetworking/ArServerHandlerPopup.h
[28.464s] -- Installing: /home/cayo-sousa/ws_ld90_sim/install/libaria/include/ArNetworking/ArServerClientIdentifier.h
[28.464s] -- Installing: /home/cayo-sousa/ws_ld90_sim/install/libaria/include/ArNetworking/ArClientFileUtils.h
[28.464s] -- Installing: /home/cayo-sousa/ws_ld90_sim/install/libaria/include/ArNetworking/ArClientBase.h
[28.464s] -- Installing: /home/cayo-sousa/ws_ld90_sim/install/libaria/include/ArNetworking/ArNetPacketReceiverTcp.h
[28.464s] -- Installing: /home/cayo-sousa/ws_ld90_sim/install/libaria/include/ArNetworking/ArServerHandlerMap.h
[28.464s] -- Installing: /home/cayo-sousa/ws_ld90_sim/install/libaria/include/ArNetworking/ArServerModeWander.h
[28.464s] -- Installing: /home/cayo-sousa/ws_ld90_sim/install/libaria/include/ArNetworking/ArClientArgUtils.h
[28.464s] -- Installing: /home/cayo-sousa/ws_ld90_sim/install/libaria/include/ArNetworking/ArServerBase.h
[28.464s] -- Installing: /home/cayo-sousa/ws_ld90_sim/install/libaria/include/ArNetworking/ArServerHandlerConfig.h
[28.464s] -- Installing: /home/cayo-sousa/ws_ld90_sim/install/libaria/include/ArNetworking/ArServerModeDrive.h
[28.464s] -- Installing: /home/cayo-sousa/ws_ld90_sim/install/libaria/include/ArNetworking/ArNetPacketSenderTcp.h
[28.464s] -- Installing: /home/cayo-sousa/ws_ld90_sim/install/libaria/include/ArNetworking/ArCentralForwarder.h
[28.464s] -- Installing: /home/cayo-sousa/ws_ld90_sim/install/libaria/include/ArNetworking/ArServerData.h
[28.464s] -- Installing: /home/cayo-sousa/ws_ld90_sim/install/libaria/include/ArNetworking/ArServerHandlerCommMonitor.h
[28.464s] -- Installing: /home/cayo-sousa/ws_ld90_sim/install/libaria/include/ArNetworking/ArClientSwitchManager.h
[28.464s] -- Installing: /home/cayo-sousa/ws_ld90_sim/install/libaria/include/ArNetworking/ArNetPacketReceiverUdp.h
[28.464s] -- Installing: /home/cayo-sousa/ws_ld90_sim/install/libaria/lib/cmake/libaria/libariaTargets.cmake
[28.464s] -- Installing: /home/cayo-sousa/ws_ld90_sim/install/libaria/lib/cmake/libaria/libariaTargets-noconfig.cmake
[28.464s] -- Installing: /home/cayo-sousa/ws_ld90_sim/install/libaria/lib/cmake/libaria/libariaConfig.cmake
[28.464s] -- Installing: /home/cayo-sousa/ws_ld90_sim/install/libaria/lib/cmake/libaria/libariaConfigVersion.cmake
[28.464s] -- Installing: /home/cayo-sousa/ws_ld90_sim/install/libaria/lib/cmake/libaria/package.xml
[28.465s] Invoked command in '/home/cayo-sousa/ws_ld90_sim/build/libaria' returned '0': CMAKE_PREFIX_PATH=${CMAKE_PREFIX_PATH}:/opt/ros/jazzy:/home/cayo-sousa/ws_ld90_sim/install/ld90_gz DEBUGINFOD_URLS=https://debuginfod.ubuntu.com /usr/bin/cmake --install /home/cayo-sousa/ws_ld90_sim/build/libaria
