[0.020s] Invoking command in '/home/cayo-sousa/ws_ld90_sim/build/libaria': CMAKE_PREFIX_PATH=${CMAKE_PREFIX_PATH}:/home/cayo-sousa/ws_ld90_sim/install/ld90_gz:/opt/ros/jazzy DEBUGINFOD_URLS=https://debuginfod.ubuntu.com /usr/bin/cmake --build /home/cayo-sousa/ws_ld90_sim/build/libaria -- -j12 -l12
[0.175s] [ 66%] Built target Aria
[0.208s] [ 66%] Built target angleBetweenTest
[0.208s] [ 67%] Built target angleTest
[0.212s] [ 68%] Built target actionArgumentTest
[0.212s] [ 69%] Built target actionAverageTest
[0.216s] [ 69%] Built target mathTests
[0.216s] [ 70%] Built target lineTest
[0.217s] [ 71%] Built target angleFixTest
[0.219s] [ 72%] Built target robotListTest
[0.223s] [ 74%] Built target threadExample
[0.223s] [ 74%] Built target functorExample
[0.229s] [ 75%] Built target absoluteHeadingActionTest
[0.242s] [ 76%] Built target simpleConnect
[0.242s] [ 77%] Built target simpleMotionCommands
[0.247s] [ 78%] Built target libaria_safe_test_runner
[0.250s] [ 79%] Built target teleopActionsExample
[0.261s] [ 98%] Built target ArNetworking
[0.276s] [ 99%] Built target libaria_hardware_test_runner
[0.284s] [100%] Built target omron_robot_cli
[0.298s] Invoked command in '/home/cayo-sousa/ws_ld90_sim/build/libaria' returned '0': CMAKE_PREFIX_PATH=${CMAKE_PREFIX_PATH}:/home/cayo-sousa/ws_ld90_sim/install/ld90_gz:/opt/ros/jazzy DEBUGINFOD_URLS=https://debuginfod.ubuntu.com /usr/bin/cmake --build /home/cayo-sousa/ws_ld90_sim/build/libaria -- -j12 -l12
[0.299s] Invoking command in '/home/cayo-sousa/ws_ld90_sim/build/libaria': CMAKE_PREFIX_PATH=${CMAKE_PREFIX_PATH}:/home/cayo-sousa/ws_ld90_sim/install/ld90_gz:/opt/ros/jazzy DEBUGINFOD_URLS=https://debuginfod.ubuntu.com /usr/bin/cmake --install /home/cayo-sousa/ws_ld90_sim/build/libaria
[0.308s] -- Install configuration: ""
[0.308s] -- Up-to-date: /home/cayo-sousa/ws_ld90_sim/install/libaria/lib/libAria.so
[0.308s] -- Up-to-date: /home/cayo-sousa/ws_ld90_sim/install/libaria/lib/libArNetworking.so
[0.308s] -- Up-to-date: /home/cayo-sousa/ws_ld90_sim/install/libaria/bin/omron_robot_cli
[0.308s] -- Up-to-date: /home/cayo-sousa/ws_ld90_sim/install/libaria/include/Aria
[0.308s] -- Up-to-date: /home/cayo-sousa/ws_ld90_sim/install/libaria/include/Aria/ArMD5Calculator.h
[0.308s] -- Up-to-date: /home/cayo-sousa/ws_ld90_sim/install/libaria/include/Aria/ArRatioInputKeydrive.h
[0.308s] -- Up-to-date: /home/cayo-sousa/ws_ld90_sim/install/libaria/include/Aria/ArActionDriveDistance.h
[0.309s] -- Up-to-date: /home/cayo-sousa/ws_ld90_sim/install/libaria/include/Aria/ArNetServer.h
[0.309s] -- Up-to-date: /home/cayo-sousa/ws_ld90_sim/install/libaria/include/Aria/ArInterpolation.h
[0.309s] -- Up-to-date: /home/cayo-sousa/ws_ld90_sim/install/libaria/include/Aria/ArTCMCompassRobot.h
[0.309s] -- Up-to-date: /home/cayo-sousa/ws_ld90_sim/install/libaria/include/Aria/ArFileDeviceConnection.h
[0.309s] -- Up-to-date: /home/cayo-sousa/ws_ld90_sim/install/libaria/include/Aria/ArFunctor.h
[0.309s] -- Up-to-date: /home/cayo-sousa/ws_ld90_sim/install/libaria/include/Aria/ArGPSConnector.h
[0.309s] -- Up-to-date: /home/cayo-sousa/ws_ld90_sim/install/libaria/include/Aria/ArSZSeries.h
[0.309s] -- Up-to-date: /home/cayo-sousa/ws_ld90_sim/install/libaria/include/Aria/ArSimulatedLaser.h
[0.309s] -- Up-to-date: /home/cayo-sousa/ws_ld90_sim/install/libaria/include/Aria/ArActionLimiterTableSensor.h
[0.310s] -- Up-to-date: /home/cayo-sousa/ws_ld90_sim/install/libaria/include/Aria/ArSocket.h
[0.310s] -- Up-to-date: /home/cayo-sousa/ws_ld90_sim/install/libaria/include/Aria/ArPTZConnector.h
[0.310s] -- Up-to-date: /home/cayo-sousa/ws_ld90_sim/install/libaria/include/Aria/ArP2Arm.h
[0.310s] -- Up-to-date: /home/cayo-sousa/ws_ld90_sim/install/libaria/include/Aria/ArArg.h
[0.310s] -- Up-to-date: /home/cayo-sousa/ws_ld90_sim/install/libaria/include/Aria/ArIRs.h
[0.310s] -- Up-to-date: /home/cayo-sousa/ws_ld90_sim/install/libaria/include/Aria/ArDPPTU.h
[0.310s] -- Up-to-date: /home/cayo-sousa/ws_ld90_sim/install/libaria/include/Aria/ArBasePacket.h
[0.311s] -- Up-to-date: /home/cayo-sousa/ws_ld90_sim/install/libaria/include/Aria/ArActionJoydrive.h
[0.311s] -- Up-to-date: /home/cayo-sousa/ws_ld90_sim/install/libaria/include/Aria/ArIrrfDevice.h
[0.311s] -- Up-to-date: /home/cayo-sousa/ws_ld90_sim/install/libaria/include/Aria/ArConfigArg.h
[0.311s] -- Up-to-date: /home/cayo-sousa/ws_ld90_sim/install/libaria/include/Aria/Aria.h
[0.311s] -- Up-to-date: /home/cayo-sousa/ws_ld90_sim/install/libaria/include/Aria/ArKeyHandler.h
[0.311s] -- Up-to-date: /home/cayo-sousa/ws_ld90_sim/install/libaria/include/Aria/ArAction.h
[0.311s] -- Up-to-date: /home/cayo-sousa/ws_ld90_sim/install/libaria/include/Aria/ArNMEAParser.h
[0.311s] -- Up-to-date: /home/cayo-sousa/ws_ld90_sim/install/libaria/include/Aria/ArActionLimiterBackwards.h
[0.311s] -- Up-to-date: /home/cayo-sousa/ws_ld90_sim/install/libaria/include/Aria/ArConfig.h
[0.311s] -- Up-to-date: /home/cayo-sousa/ws_ld90_sim/install/libaria/include/Aria/ArThread.h
[0.311s] -- Up-to-date: /home/cayo-sousa/ws_ld90_sim/install/libaria/include/Aria/ArActionRobotJoydrive.h
[0.311s] -- Up-to-date: /home/cayo-sousa/ws_ld90_sim/install/libaria/include/Aria/wrapper_ExtraClasses.h
[0.312s] -- Up-to-date: /home/cayo-sousa/ws_ld90_sim/install/libaria/include/Aria/ariaInternal.h
[0.312s] -- Up-to-date: /home/cayo-sousa/ws_ld90_sim/install/libaria/include/Aria/ArActionGroups.h
[0.312s] -- Up-to-date: /home/cayo-sousa/ws_ld90_sim/install/libaria/include/Aria/ArActionGotoStraight.h
[0.312s] -- Up-to-date: /home/cayo-sousa/ws_ld90_sim/install/libaria/include/Aria/ArZippable.h
[0.312s] -- Up-to-date: /home/cayo-sousa/ws_ld90_sim/install/libaria/include/Aria/ArRobot.h
[0.312s] -- Up-to-date: /home/cayo-sousa/ws_ld90_sim/install/libaria/include/Aria/ArLineFinder.h
[0.312s] -- Up-to-date: /home/cayo-sousa/ws_ld90_sim/install/libaria/include/Aria/ArLaserReflectorDevice.h
[0.312s] -- Up-to-date: /home/cayo-sousa/ws_ld90_sim/install/libaria/include/Aria/ArCameraCommands.h
[0.312s] -- Up-to-date: /home/cayo-sousa/ws_ld90_sim/install/libaria/include/Aria/ArRobotConnector.h
[0.312s] -- Up-to-date: /home/cayo-sousa/ws_ld90_sim/install/libaria/include/Aria/ArMTXIO.h
[0.313s] -- Up-to-date: /home/cayo-sousa/ws_ld90_sim/install/libaria/include/Aria/ArRobotPacketSender.h
[0.313s] -- Up-to-date: /home/cayo-sousa/ws_ld90_sim/install/libaria/include/Aria/ArActionGroup.h
[0.313s] -- Up-to-date: /home/cayo-sousa/ws_ld90_sim/install/libaria/include/Aria/ArTaskState.h
[0.313s] -- Up-to-date: /home/cayo-sousa/ws_ld90_sim/install/libaria/include/Aria/ArACTS.h
[0.313s] -- Up-to-date: /home/cayo-sousa/ws_ld90_sim/install/libaria/include/Aria/ArSpeech.h
[0.313s] -- Up-to-date: /home/cayo-sousa/ws_ld90_sim/install/libaria/include/Aria/ArLMS2xxPacketReceiver.h
[0.313s] -- Up-to-date: /home/cayo-sousa/ws_ld90_sim/install/libaria/include/Aria/ArDataLogger.h
[0.313s] -- Up-to-date: /home/cayo-sousa/ws_ld90_sim/install/libaria/include/Aria/ArLogFileConnection.h
[0.313s] -- Up-to-date: /home/cayo-sousa/ws_ld90_sim/install/libaria/include/Aria/ArModule.h
[0.313s] -- Up-to-date: /home/cayo-sousa/ws_ld90_sim/install/libaria/include/Aria/ArRangeDeviceThreaded.h
[0.313s] -- Up-to-date: /home/cayo-sousa/ws_ld90_sim/install/libaria/include/Aria/ArTCMCompassDirect.h
[0.314s] -- Up-to-date: /home/cayo-sousa/ws_ld90_sim/install/libaria/include/Aria/ArBatteryConnector.h
[0.314s] -- Up-to-date: /home/cayo-sousa/ws_ld90_sim/install/libaria/include/Aria/ArLaserConnector.h
[0.314s] -- Up-to-date: /home/cayo-sousa/ws_ld90_sim/install/libaria/include/Aria/ArActionColorFollow.h
[0.314s] -- Up-to-date: /home/cayo-sousa/ws_ld90_sim/install/libaria/include/Aria/ArVCC4.h
[0.314s] -- Up-to-date: /home/cayo-sousa/ws_ld90_sim/install/libaria/include/Aria/ArLog.h
[0.314s] -- Up-to-date: /home/cayo-sousa/ws_ld90_sim/install/libaria/include/Aria/ArActionMovementParametersDebugging.h
[0.314s] -- Up-to-date: /home/cayo-sousa/ws_ld90_sim/install/libaria/include/Aria/ArUrg_2_0.h
[0.314s] -- Up-to-date: /home/cayo-sousa/ws_ld90_sim/install/libaria/include/Aria/ArSerialConnection.h
[0.315s] -- Up-to-date: /home/cayo-sousa/ws_ld90_sim/install/libaria/include/Aria/ArDrawingData.h
[0.315s] -- Up-to-date: /home/cayo-sousa/ws_ld90_sim/install/libaria/include/Aria/ArTcpConnection.h
[0.315s] -- Up-to-date: /home/cayo-sousa/ws_ld90_sim/install/libaria/include/Aria/ArRangeDevice.h
[0.315s] -- Up-to-date: /home/cayo-sousa/ws_ld90_sim/install/libaria/include/Aria/ArActionLimiterForwards.h
[0.315s] -- Up-to-date: /home/cayo-sousa/ws_ld90_sim/install/libaria/include/Aria/ArModuleLoader.h
[0.315s] -- Up-to-date: /home/cayo-sousa/ws_ld90_sim/install/libaria/include/Aria/ArS3Series.h
[0.315s] -- Up-to-date: /home/cayo-sousa/ws_ld90_sim/install/libaria/include/Aria/ArActionKeydrive.h
[0.315s] -- Up-to-date: /home/cayo-sousa/ws_ld90_sim/install/libaria/include/Aria/ArActionMovementParameters.h
[0.315s] -- Up-to-date: /home/cayo-sousa/ws_ld90_sim/install/libaria/include/Aria/ArActionGoto.h
[0.316s] -- Up-to-date: /home/cayo-sousa/ws_ld90_sim/install/libaria/include/Aria/ArLMS2xxPacket.h
[0.316s] -- Up-to-date: /home/cayo-sousa/ws_ld90_sim/install/libaria/include/Aria/ArMode.h
[0.316s] -- Up-to-date: /home/cayo-sousa/ws_ld90_sim/install/libaria/include/Aria/ArActionTriangleDriveTo.h
[0.316s] -- Up-to-date: /home/cayo-sousa/ws_ld90_sim/install/libaria/include/Aria/ArRobotConfigPacketReader.h
[0.316s] -- Up-to-date: /home/cayo-sousa/ws_ld90_sim/install/libaria/include/Aria/ariaOSDef.h
[0.316s] -- Up-to-date: /home/cayo-sousa/ws_ld90_sim/install/libaria/include/Aria/ArRangeBuffer.h
[0.316s] -- Up-to-date: /home/cayo-sousa/ws_ld90_sim/install/libaria/include/Aria/ArGPSCoords.h
[0.316s] -- Up-to-date: /home/cayo-sousa/ws_ld90_sim/install/libaria/include/Aria/ArPixelDevice.h
[0.316s] -- Up-to-date: /home/cayo-sousa/ws_ld90_sim/install/libaria/include/Aria/ArSick.h
[0.316s] -- Up-to-date: /home/cayo-sousa/ws_ld90_sim/install/libaria/include/Aria/ArTransform.h
[0.316s] -- Up-to-date: /home/cayo-sousa/ws_ld90_sim/install/libaria/include/Aria/ArArgumentParser.h
[0.317s] -- Up-to-date: /home/cayo-sousa/ws_ld90_sim/install/libaria/include/Aria/ArSyncTask.h
[0.317s] -- Up-to-date: /home/cayo-sousa/ws_ld90_sim/install/libaria/include/Aria/ArUrg.h
[0.317s] -- Up-to-date: /home/cayo-sousa/ws_ld90_sim/install/libaria/include/Aria/ArArgumentBuilder.h
[0.317s] -- Up-to-date: /home/cayo-sousa/ws_ld90_sim/install/libaria/include/Aria/ArRobotJoyHandler.h
[0.317s] -- Up-to-date: /home/cayo-sousa/ws_ld90_sim/install/libaria/include/Aria/ArSonarConnector.h
[0.317s] -- Up-to-date: /home/cayo-sousa/ws_ld90_sim/install/libaria/include/Aria/ArExitErrorSource.h
[0.317s] -- Up-to-date: /home/cayo-sousa/ws_ld90_sim/install/libaria/include/Aria/ArRobotPacket.h
[0.317s] -- Up-to-date: /home/cayo-sousa/ws_ld90_sim/install/libaria/include/Aria/ArAMPTU.h
[0.317s] -- Up-to-date: /home/cayo-sousa/ws_ld90_sim/install/libaria/include/Aria/ArGPS.h
[0.317s] -- Up-to-date: /home/cayo-sousa/ws_ld90_sim/install/libaria/include/Aria/ArRatioInputJoydrive.h
[0.317s] -- Up-to-date: /home/cayo-sousa/ws_ld90_sim/install/libaria/include/Aria/ArFunctorASyncTask.h
[0.318s] -- Up-to-date: /home/cayo-sousa/ws_ld90_sim/install/libaria/include/Aria/ariaUtil.h
[0.318s] -- Up-to-date: /home/cayo-sousa/ws_ld90_sim/install/libaria/include/Aria/ArActionStallRecover.h
[0.318s] -- Up-to-date: /home/cayo-sousa/ws_ld90_sim/install/libaria/include/Aria/ArActionInput.h
[0.318s] -- Up-to-date: /home/cayo-sousa/ws_ld90_sim/install/libaria/include/Aria/ArRobotTypes.h
[0.318s] -- Up-to-date: /home/cayo-sousa/ws_ld90_sim/install/libaria/include/Aria/ArLMS2xx.h
[0.318s] -- Up-to-date: /home/cayo-sousa/ws_ld90_sim/install/libaria/include/Aria/ariaTypedefs.h
[0.318s] -- Up-to-date: /home/cayo-sousa/ws_ld90_sim/install/libaria/include/Aria/ArBatteryMTX.h
[0.318s] -- Up-to-date: /home/cayo-sousa/ws_ld90_sim/install/libaria/include/Aria/ArActionTurn.h
[0.318s] -- Up-to-date: /home/cayo-sousa/ws_ld90_sim/install/libaria/include/Aria/ArRingQueue.h
[0.318s] -- Up-to-date: /home/cayo-sousa/ws_ld90_sim/install/libaria/include/Aria/ArActionConstantVelocity.h
[0.318s] -- Up-to-date: /home/cayo-sousa/ws_ld90_sim/install/libaria/include/Aria/ArSoundPlayer.h
[0.319s] -- Up-to-date: /home/cayo-sousa/ws_ld90_sim/install/libaria/include/Aria/ArASyncTask.h
[0.319s] -- Up-to-date: /home/cayo-sousa/ws_ld90_sim/install/libaria/include/Aria/ArMap.h
[0.319s] -- Up-to-date: /home/cayo-sousa/ws_ld90_sim/install/libaria/include/Aria/ArLCDMTX.h
[0.319s] -- Up-to-date: /home/cayo-sousa/ws_ld90_sim/install/libaria/include/Aria/ArVersalogicIO.h
[0.319s] -- Up-to-date: /home/cayo-sousa/ws_ld90_sim/install/libaria/include/Aria/ArSonarDevice.h
[0.319s] -- Up-to-date: /home/cayo-sousa/ws_ld90_sim/install/libaria/include/Aria/ArCommands.h
[0.319s] -- Up-to-date: /home/cayo-sousa/ws_ld90_sim/install/libaria/include/Aria/ArRobotPacketReceiver.h
[0.319s] -- Up-to-date: /home/cayo-sousa/ws_ld90_sim/install/libaria/include/Aria/ArGripper.h
[0.319s] -- Up-to-date: /home/cayo-sousa/ws_ld90_sim/install/libaria/include/Aria/md5.h
[0.319s] -- Up-to-date: /home/cayo-sousa/ws_ld90_sim/install/libaria/include/Aria/ArActionRatioInput.h
[0.320s] -- Up-to-date: /home/cayo-sousa/ws_ld90_sim/install/libaria/include/Aria/ArSonarAutoDisabler.h
[0.320s] -- Up-to-date: /home/cayo-sousa/ws_ld90_sim/install/libaria/include/Aria/ArHasFileName.h
[0.320s] -- Up-to-date: /home/cayo-sousa/ws_ld90_sim/install/libaria/include/Aria/wrapper_Functors.h
[0.320s] -- Up-to-date: /home/cayo-sousa/ws_ld90_sim/install/libaria/include/Aria/ArActionLimiterRot.h
[0.320s] -- Up-to-date: /home/cayo-sousa/ws_ld90_sim/install/libaria/include/Aria/ArActionAvoidFront.h
[0.320s] -- Up-to-date: /home/cayo-sousa/ws_ld90_sim/install/libaria/include/Aria/ArFileParser.h
[0.320s] -- Up-to-date: /home/cayo-sousa/ws_ld90_sim/install/libaria/include/Aria/ArLaser.h
[0.320s] -- Up-to-date: /home/cayo-sousa/ws_ld90_sim/install/libaria/include/Aria/ArSonarMTX.h
[0.320s] -- Up-to-date: /home/cayo-sousa/ws_ld90_sim/install/libaria/include/Aria/ArRecurrentTask.h
[0.320s] -- Up-to-date: /home/cayo-sousa/ws_ld90_sim/install/libaria/include/Aria/ArRobotBatteryPacketReader.h
[0.320s] -- Up-to-date: /home/cayo-sousa/ws_ld90_sim/install/libaria/include/Aria/ArSensorReading.h
[0.320s] -- Up-to-date: /home/cayo-sousa/ws_ld90_sim/install/libaria/include/Aria/ArAnalogGyro.h
[0.321s] -- Up-to-date: /home/cayo-sousa/ws_ld90_sim/install/libaria/include/Aria/ArStringInfoGroup.h
[0.321s] -- Up-to-date: /home/cayo-sousa/ws_ld90_sim/install/libaria/include/Aria/ArActionIRs.h
[0.321s] -- Up-to-date: /home/cayo-sousa/ws_ld90_sim/install/libaria/include/Aria/ArRVisionPTZ.h
[0.321s] -- Up-to-date: /home/cayo-sousa/ws_ld90_sim/install/libaria/include/Aria/ArRatioInputRobotJoydrive.h
[0.321s] -- Up-to-date: /home/cayo-sousa/ws_ld90_sim/install/libaria/include/Aria/ArCameraCollection.h
[0.321s] -- Up-to-date: /home/cayo-sousa/ws_ld90_sim/install/libaria/include/Aria/ArSignalHandler.h
[0.321s] -- Up-to-date: /home/cayo-sousa/ws_ld90_sim/install/libaria/include/Aria/ArActionDeceleratingLimiter.h
[0.322s] -- Up-to-date: /home/cayo-sousa/ws_ld90_sim/install/libaria/include/Aria/ArMutex.h
[0.322s] -- Up-to-date: /home/cayo-sousa/ws_ld90_sim/install/libaria/include/Aria/ArLaserFilter.h
[0.322s] -- Up-to-date: /home/cayo-sousa/ws_ld90_sim/install/libaria/include/Aria/ArRobotPacketReaderThread.h
[0.322s] -- Up-to-date: /home/cayo-sousa/ws_ld90_sim/install/libaria/include/Aria/ArCondition.h
[0.322s] -- Up-to-date: /home/cayo-sousa/ws_ld90_sim/install/libaria/include/Aria/ArTrimbleGPS.h
[0.322s] -- Up-to-date: /home/cayo-sousa/ws_ld90_sim/install/libaria/include/Aria/ArResolver.h
[0.322s] -- Up-to-date: /home/cayo-sousa/ws_ld90_sim/install/libaria/include/Aria/ArModes.h
[0.322s] -- Up-to-date: /home/cayo-sousa/ws_ld90_sim/install/libaria/include/Aria/ArSystemStatus.h
[0.322s] -- Up-to-date: /home/cayo-sousa/ws_ld90_sim/install/libaria/include/Aria/ArJoyHandler.h
[0.323s] -- Up-to-date: /home/cayo-sousa/ws_ld90_sim/install/libaria/include/Aria/ArSoundsQueue.h
[0.323s] -- Up-to-date: /home/cayo-sousa/ws_ld90_sim/install/libaria/include/Aria/ArBumpers.h
[0.323s] -- Up-to-date: /home/cayo-sousa/ws_ld90_sim/install/libaria/include/Aria/ArConfigGroup.h
[0.323s] -- Up-to-date: /home/cayo-sousa/ws_ld90_sim/install/libaria/include/Aria/ArRobotParams.h
[0.323s] -- Up-to-date: /home/cayo-sousa/ws_ld90_sim/install/libaria/include/Aria/ArActionStop.h
[0.323s] -- Up-to-date: /home/cayo-sousa/ws_ld90_sim/install/libaria/include/Aria/ArMapObject.h
[0.323s] -- Up-to-date: /home/cayo-sousa/ws_ld90_sim/install/libaria/include/Aria/ArSimpleConnector.h
[0.323s] -- Up-to-date: /home/cayo-sousa/ws_ld90_sim/install/libaria/include/Aria/ArNovatelGPS.h
[0.323s] -- Up-to-date: /home/cayo-sousa/ws_ld90_sim/install/libaria/include/Aria/ArActionBumpers.h
[0.324s] -- Up-to-date: /home/cayo-sousa/ws_ld90_sim/install/libaria/include/Aria/ArSyncLoop.h
[0.324s] -- Up-to-date: /home/cayo-sousa/ws_ld90_sim/install/libaria/include/Aria/ArPriorityResolver.h
[0.324s] -- Up-to-date: /home/cayo-sousa/ws_ld90_sim/install/libaria/include/Aria/ArActionAvoidSide.h
[0.324s] -- Up-to-date: /home/cayo-sousa/ws_ld90_sim/install/libaria/include/Aria/ArMapInterface.h
[0.324s] -- Up-to-date: /home/cayo-sousa/ws_ld90_sim/install/libaria/include/Aria/ArMapComponents.h
[0.324s] -- Up-to-date: /home/cayo-sousa/ws_ld90_sim/install/libaria/include/Aria/ArSonyPTZ.h
[0.324s] -- Up-to-date: /home/cayo-sousa/ws_ld90_sim/install/libaria/include/Aria/ArLaserLogger.h
[0.324s] -- Up-to-date: /home/cayo-sousa/ws_ld90_sim/install/libaria/include/Aria/ArDeviceConnection.h
[0.324s] -- Up-to-date: /home/cayo-sousa/ws_ld90_sim/install/libaria/include/Aria/ArForbiddenRangeDevice.h
[0.325s] -- Up-to-date: /home/cayo-sousa/ws_ld90_sim/install/libaria/include/Aria/ArTCM2.h
[0.325s] -- Up-to-date: /home/cayo-sousa/ws_ld90_sim/install/libaria/include/Aria/ArRobotConfig.h
[0.325s] -- Up-to-date: /home/cayo-sousa/ws_ld90_sim/install/libaria/include/Aria/ArPTZ.h
[0.325s] -- Up-to-date: /home/cayo-sousa/ws_ld90_sim/install/libaria/include/Aria/ArLCDConnector.h
[0.325s] -- Up-to-date: /home/cayo-sousa/ws_ld90_sim/install/libaria/include/Aria/ArExport.h
[0.325s] -- Up-to-date: /home/cayo-sousa/ws_ld90_sim/install/libaria/include/Aria/ArActionDesired.h
[0.325s] -- Up-to-date: /home/cayo-sousa/ws_ld90_sim/install/libaria/include/Aria/ArLMS1XX.h
[0.325s] -- Up-to-date: /home/cayo-sousa/ws_ld90_sim/install/libaria/include/Aria/ArMapUtils.h
[0.325s] -- Up-to-date: /home/cayo-sousa/ws_ld90_sim/install/libaria/include/ArNetworking
[0.325s] -- Up-to-date: /home/cayo-sousa/ws_ld90_sim/install/libaria/include/ArNetworking/ArCentralManager.h
[0.326s] -- Up-to-date: /home/cayo-sousa/ws_ld90_sim/install/libaria/include/ArNetworking/ArServerCommands.h
[0.326s] -- Up-to-date: /home/cayo-sousa/ws_ld90_sim/install/libaria/include/ArNetworking/ArServerInfoSensor.h
[0.326s] -- Up-to-date: /home/cayo-sousa/ws_ld90_sim/install/libaria/include/ArNetworking/ArServerInfoStrings.h
[0.326s] -- Up-to-date: /home/cayo-sousa/ws_ld90_sim/install/libaria/include/ArNetworking/ArClientHandlerRobotUpdate.h
[0.326s] -- Up-to-date: /home/cayo-sousa/ws_ld90_sim/install/libaria/include/ArNetworking/ArClientSimpleConnector.h
[0.326s] -- Up-to-date: /home/cayo-sousa/ws_ld90_sim/install/libaria/include/ArNetworking/ArServerInfoRobot.h
[0.326s] -- Up-to-date: /home/cayo-sousa/ws_ld90_sim/install/libaria/include/ArNetworking/ArServerModeStop.h
[0.326s] -- Up-to-date: /home/cayo-sousa/ws_ld90_sim/install/libaria/include/ArNetworking/ArMapChanger.h
[0.326s] -- Up-to-date: /home/cayo-sousa/ws_ld90_sim/install/libaria/include/ArNetworking/ArNetworking.h
[0.326s] -- Up-to-date: /home/cayo-sousa/ws_ld90_sim/install/libaria/include/ArNetworking/ArNetPacket.h
[0.327s] -- Up-to-date: /home/cayo-sousa/ws_ld90_sim/install/libaria/include/ArNetworking/ArServerMode.h
[0.327s] -- Up-to-date: /home/cayo-sousa/ws_ld90_sim/install/libaria/include/ArNetworking/ArClientHandlerConfig.h
[0.327s] -- Up-to-date: /home/cayo-sousa/ws_ld90_sim/install/libaria/include/ArNetworking/ArServerHandlerCommands.h
[0.327s] -- Up-to-date: /home/cayo-sousa/ws_ld90_sim/install/libaria/include/ArNetworking/ArServerFileUtils.h
[0.327s] -- Up-to-date: /home/cayo-sousa/ws_ld90_sim/install/libaria/include/ArNetworking/ArServerModeRatioDrive.h
[0.327s] -- Up-to-date: /home/cayo-sousa/ws_ld90_sim/install/libaria/include/ArNetworking/ArServerInfoDrawings.h
[0.327s] -- Up-to-date: /home/cayo-sousa/ws_ld90_sim/install/libaria/include/ArNetworking/ArHybridForwarderVideo.h
[0.327s] -- Up-to-date: /home/cayo-sousa/ws_ld90_sim/install/libaria/include/ArNetworking/ArServerClientData.h
[0.327s] -- Up-to-date: /home/cayo-sousa/ws_ld90_sim/install/libaria/include/ArNetworking/ArServerClient.h
[0.328s] -- Up-to-date: /home/cayo-sousa/ws_ld90_sim/install/libaria/include/ArNetworking/ArServerModeJogPosition.h
[0.328s] -- Up-to-date: /home/cayo-sousa/ws_ld90_sim/install/libaria/include/ArNetworking/ArServerHandlerCameraCollection.h
[0.328s] -- Up-to-date: /home/cayo-sousa/ws_ld90_sim/install/libaria/include/ArNetworking/ArServerUserInfo.h
[0.328s] -- Up-to-date: /home/cayo-sousa/ws_ld90_sim/install/libaria/include/ArNetworking/ArServerSimpleOpener.h
[0.328s] -- Up-to-date: /home/cayo-sousa/ws_ld90_sim/install/libaria/include/ArNetworking/ArClientCommands.h
[0.328s] -- Up-to-date: /home/cayo-sousa/ws_ld90_sim/install/libaria/include/ArNetworking/ArClientRatioDrive.h
[0.328s] -- Up-to-date: /home/cayo-sousa/ws_ld90_sim/install/libaria/include/ArNetworking/ArTempDirectoryHelper.h
[0.328s] -- Up-to-date: /home/cayo-sousa/ws_ld90_sim/install/libaria/include/ArNetworking/ArServerHandlerMapping.h
[0.328s] -- Up-to-date: /home/cayo-sousa/ws_ld90_sim/install/libaria/include/ArNetworking/ArServerModeIdle.h
[0.328s] -- Up-to-date: /home/cayo-sousa/ws_ld90_sim/install/libaria/include/ArNetworking/ArServerSimpleCommands.h
[0.328s] -- Up-to-date: /home/cayo-sousa/ws_ld90_sim/install/libaria/include/ArNetworking/ArClientData.h
[0.329s] -- Up-to-date: /home/cayo-sousa/ws_ld90_sim/install/libaria/include/ArNetworking/md5.h
[0.329s] -- Up-to-date: /home/cayo-sousa/ws_ld90_sim/install/libaria/include/ArNetworking/ArServerHandlerCamera.h
[0.329s] -- Up-to-date: /home/cayo-sousa/ws_ld90_sim/install/libaria/include/ArNetworking/ArServerHandlerPopup.h
[0.329s] -- Up-to-date: /home/cayo-sousa/ws_ld90_sim/install/libaria/include/ArNetworking/ArServerClientIdentifier.h
[0.329s] -- Up-to-date: /home/cayo-sousa/ws_ld90_sim/install/libaria/include/ArNetworking/ArClientFileUtils.h
[0.329s] -- Up-to-date: /home/cayo-sousa/ws_ld90_sim/install/libaria/include/ArNetworking/ArClientBase.h
[0.329s] -- Up-to-date: /home/cayo-sousa/ws_ld90_sim/install/libaria/include/ArNetworking/ArNetPacketReceiverTcp.h
[0.329s] -- Up-to-date: /home/cayo-sousa/ws_ld90_sim/install/libaria/include/ArNetworking/ArServerHandlerMap.h
[0.329s] -- Up-to-date: /home/cayo-sousa/ws_ld90_sim/install/libaria/include/ArNetworking/ArServerModeWander.h
[0.330s] -- Up-to-date: /home/cayo-sousa/ws_ld90_sim/install/libaria/include/ArNetworking/ArClientArgUtils.h
[0.330s] -- Up-to-date: /home/cayo-sousa/ws_ld90_sim/install/libaria/include/ArNetworking/ArServerBase.h
[0.330s] -- Up-to-date: /home/cayo-sousa/ws_ld90_sim/install/libaria/include/ArNetworking/ArServerHandlerConfig.h
[0.330s] -- Up-to-date: /home/cayo-sousa/ws_ld90_sim/install/libaria/include/ArNetworking/ArServerModeDrive.h
[0.330s] -- Up-to-date: /home/cayo-sousa/ws_ld90_sim/install/libaria/include/ArNetworking/ArNetPacketSenderTcp.h
[0.330s] -- Up-to-date: /home/cayo-sousa/ws_ld90_sim/install/libaria/include/ArNetworking/ArCentralForwarder.h
[0.330s] -- Up-to-date: /home/cayo-sousa/ws_ld90_sim/install/libaria/include/ArNetworking/ArServerData.h
[0.330s] -- Up-to-date: /home/cayo-sousa/ws_ld90_sim/install/libaria/include/ArNetworking/ArServerHandlerCommMonitor.h
[0.330s] -- Up-to-date: /home/cayo-sousa/ws_ld90_sim/install/libaria/include/ArNetworking/ArClientSwitchManager.h
[0.330s] -- Up-to-date: /home/cayo-sousa/ws_ld90_sim/install/libaria/include/ArNetworking/ArNetPacketReceiverUdp.h
[0.331s] -- Up-to-date: /home/cayo-sousa/ws_ld90_sim/install/libaria/lib/cmake/libaria/libariaTargets.cmake
[0.331s] -- Up-to-date: /home/cayo-sousa/ws_ld90_sim/install/libaria/lib/cmake/libaria/libariaTargets-noconfig.cmake
[0.331s] -- Up-to-date: /home/cayo-sousa/ws_ld90_sim/install/libaria/lib/cmake/libaria/libariaConfig.cmake
[0.331s] -- Up-to-date: /home/cayo-sousa/ws_ld90_sim/install/libaria/lib/cmake/libaria/libariaConfigVersion.cmake
[0.331s] -- Up-to-date: /home/cayo-sousa/ws_ld90_sim/install/libaria/lib/cmake/libaria/package.xml
[0.331s] Invoked command in '/home/cayo-sousa/ws_ld90_sim/build/libaria' returned '0': CMAKE_PREFIX_PATH=${CMAKE_PREFIX_PATH}:/home/cayo-sousa/ws_ld90_sim/install/ld90_gz:/opt/ros/jazzy DEBUGINFOD_URLS=https://debuginfod.ubuntu.com /usr/bin/cmake --install /home/cayo-sousa/ws_ld90_sim/build/libaria
