[  2%] Built target amr_msgs__rosidl_generator_type_description
[  2%] Built target ament_cmake_python_symlink_amr_msgs
[ 20%] Built target amr_msgs__rosidl_generator_c
[ 22%] Built target amr_msgs__cpp
[ 31%] Built target amr_msgs__rosidl_typesupport_introspection_c
[ 40%] Built target amr_msgs__rosidl_typesupport_fastrtps_c
[ 50%] Built target amr_msgs__rosidl_typesupport_cpp
[ 59%] Built target amr_msgs__rosidl_typesupport_c
[ 68%] Built target amr_msgs__rosidl_typesupport_introspection_cpp
[ 77%] Built target amr_msgs__rosidl_typesupport_fastrtps_cpp
[ 77%] Built target amr_msgs
[ 79%] Built target amr_msgs__py
[ 86%] Built target amr_msgs__rosidl_generator_py
[ 90%] Built target amr_msgs_s__rosidl_typesupport_introspection_c
[ 95%] Built target amr_msgs_s__rosidl_typesupport_c
[100%] Built target amr_msgs_s__rosidl_typesupport_fastrtps_c
running egg_info
writing amr_msgs.egg-info/PKG-INFO
writing dependency_links to amr_msgs.egg-info/dependency_links.txt
writing top-level names to amr_msgs.egg-info/top_level.txt
reading manifest file 'amr_msgs.egg-info/SOURCES.txt'
writing manifest file 'amr_msgs.egg-info/SOURCES.txt'
[100%] Built target ament_cmake_python_build_amr_msgs_egg
-- Install configuration: ""
-- Execute custom install script
-- Up-to-date symlink: /home/cayo-sousa/ws_ld90_sim/install/amr_msgs/share/ament_index/resource_index/rosidl_interfaces/amr_msgs
-- Up-to-date symlink: /home/cayo-sousa/ws_ld90_sim/install/amr_msgs/share/amr_msgs/msg/Location.json
-- Up-to-date symlink: /home/cayo-sousa/ws_ld90_sim/install/amr_msgs/share/amr_msgs/msg/Status.json
-- Up-to-date symlink: /home/cayo-sousa/ws_ld90_sim/install/amr_msgs/include/amr_msgs/amr_msgs/msg/detail/location__functions.h
-- Up-to-date symlink: /home/cayo-sousa/ws_ld90_sim/install/amr_msgs/include/amr_msgs/amr_msgs/msg/detail/location__struct.h
-- Up-to-date symlink: /home/cayo-sousa/ws_ld90_sim/install/amr_msgs/include/amr_msgs/amr_msgs/msg/detail/location__type_support.h
-- Up-to-date symlink: /home/cayo-sousa/ws_ld90_sim/install/amr_msgs/include/amr_msgs/amr_msgs/msg/detail/status__functions.h
-- Up-to-date symlink: /home/cayo-sousa/ws_ld90_sim/install/amr_msgs/include/amr_msgs/amr_msgs/msg/detail/status__struct.h
-- Up-to-date symlink: /home/cayo-sousa/ws_ld90_sim/install/amr_msgs/include/amr_msgs/amr_msgs/msg/detail/status__type_support.h
-- Up-to-date symlink: /home/cayo-sousa/ws_ld90_sim/install/amr_msgs/include/amr_msgs/amr_msgs/msg/location.h
-- Up-to-date symlink: /home/cayo-sousa/ws_ld90_sim/install/amr_msgs/include/amr_msgs/amr_msgs/msg/rosidl_generator_c__visibility_control.h
-- Up-to-date symlink: /home/cayo-sousa/ws_ld90_sim/install/amr_msgs/include/amr_msgs/amr_msgs/msg/status.h
-- Up-to-date symlink: /home/cayo-sousa/ws_ld90_sim/install/amr_msgs/share/amr_msgs/environment/library_path.sh
-- Up-to-date symlink: /home/cayo-sousa/ws_ld90_sim/install/amr_msgs/share/amr_msgs/environment/library_path.dsv
-- Up-to-date symlink: /home/cayo-sousa/ws_ld90_sim/install/amr_msgs/include/amr_msgs/amr_msgs/msg/detail/location__rosidl_typesupport_fastrtps_c.h
-- Up-to-date symlink: /home/cayo-sousa/ws_ld90_sim/install/amr_msgs/include/amr_msgs/amr_msgs/msg/detail/status__rosidl_typesupport_fastrtps_c.h
-- Up-to-date symlink: /home/cayo-sousa/ws_ld90_sim/install/amr_msgs/include/amr_msgs/amr_msgs/msg/rosidl_typesupport_fastrtps_c__visibility_control.h
-- Up-to-date symlink: /home/cayo-sousa/ws_ld90_sim/install/amr_msgs/include/amr_msgs/amr_msgs/msg/detail/location__builder.hpp
-- Up-to-date symlink: /home/cayo-sousa/ws_ld90_sim/install/amr_msgs/include/amr_msgs/amr_msgs/msg/detail/location__struct.hpp
-- Up-to-date symlink: /home/cayo-sousa/ws_ld90_sim/install/amr_msgs/include/amr_msgs/amr_msgs/msg/detail/location__traits.hpp
-- Up-to-date symlink: /home/cayo-sousa/ws_ld90_sim/install/amr_msgs/include/amr_msgs/amr_msgs/msg/detail/location__type_support.hpp
-- Up-to-date symlink: /home/cayo-sousa/ws_ld90_sim/install/amr_msgs/include/amr_msgs/amr_msgs/msg/detail/status__builder.hpp
-- Up-to-date symlink: /home/cayo-sousa/ws_ld90_sim/install/amr_msgs/include/amr_msgs/amr_msgs/msg/detail/status__struct.hpp
-- Up-to-date symlink: /home/cayo-sousa/ws_ld90_sim/install/amr_msgs/include/amr_msgs/amr_msgs/msg/detail/status__traits.hpp
-- Up-to-date symlink: /home/cayo-sousa/ws_ld90_sim/install/amr_msgs/include/amr_msgs/amr_msgs/msg/detail/status__type_support.hpp
-- Up-to-date symlink: /home/cayo-sousa/ws_ld90_sim/install/amr_msgs/include/amr_msgs/amr_msgs/msg/location.hpp
-- Up-to-date symlink: /home/cayo-sousa/ws_ld90_sim/install/amr_msgs/include/amr_msgs/amr_msgs/msg/rosidl_generator_cpp__visibility_control.hpp
-- Up-to-date symlink: /home/cayo-sousa/ws_ld90_sim/install/amr_msgs/include/amr_msgs/amr_msgs/msg/status.hpp
-- Up-to-date symlink: /home/cayo-sousa/ws_ld90_sim/install/amr_msgs/include/amr_msgs/amr_msgs/msg/detail/location__rosidl_typesupport_fastrtps_cpp.hpp
-- Up-to-date symlink: /home/cayo-sousa/ws_ld90_sim/install/amr_msgs/include/amr_msgs/amr_msgs/msg/detail/status__rosidl_typesupport_fastrtps_cpp.hpp
-- Up-to-date symlink: /home/cayo-sousa/ws_ld90_sim/install/amr_msgs/include/amr_msgs/amr_msgs/msg/rosidl_typesupport_fastrtps_cpp__visibility_control.h
-- Up-to-date symlink: /home/cayo-sousa/ws_ld90_sim/install/amr_msgs/include/amr_msgs/amr_msgs/msg/detail/location__rosidl_typesupport_introspection_c.h
-- Up-to-date symlink: /home/cayo-sousa/ws_ld90_sim/install/amr_msgs/include/amr_msgs/amr_msgs/msg/detail/status__rosidl_typesupport_introspection_c.h
-- Up-to-date symlink: /home/cayo-sousa/ws_ld90_sim/install/amr_msgs/include/amr_msgs/amr_msgs/msg/rosidl_typesupport_introspection_c__visibility_control.h
-- Up-to-date symlink: /home/cayo-sousa/ws_ld90_sim/install/amr_msgs/include/amr_msgs/amr_msgs/msg/detail/location__rosidl_typesupport_introspection_cpp.hpp
-- Up-to-date symlink: /home/cayo-sousa/ws_ld90_sim/install/amr_msgs/include/amr_msgs/amr_msgs/msg/detail/status__rosidl_typesupport_introspection_cpp.hpp
-- Up-to-date symlink: /home/cayo-sousa/ws_ld90_sim/install/amr_msgs/share/amr_msgs/environment/pythonpath.sh
-- Up-to-date symlink: /home/cayo-sousa/ws_ld90_sim/install/amr_msgs/share/amr_msgs/environment/pythonpath.dsv
-- Up-to-date symlink: /home/cayo-sousa/ws_ld90_sim/install/amr_msgs/lib/python3.12/site-packages/amr_msgs-0.0.0-py3.12.egg-info/PKG-INFO
-- Up-to-date symlink: /home/cayo-sousa/ws_ld90_sim/install/amr_msgs/lib/python3.12/site-packages/amr_msgs-0.0.0-py3.12.egg-info/SOURCES.txt
-- Up-to-date symlink: /home/cayo-sousa/ws_ld90_sim/install/amr_msgs/lib/python3.12/site-packages/amr_msgs-0.0.0-py3.12.egg-info/dependency_links.txt
-- Up-to-date symlink: /home/cayo-sousa/ws_ld90_sim/install/amr_msgs/lib/python3.12/site-packages/amr_msgs-0.0.0-py3.12.egg-info/top_level.txt
-- Up-to-date symlink: /home/cayo-sousa/ws_ld90_sim/install/amr_msgs/lib/python3.12/site-packages/amr_msgs/__init__.py
-- Up-to-date symlink: /home/cayo-sousa/ws_ld90_sim/install/amr_msgs/lib/python3.12/site-packages/amr_msgs/_amr_msgs_s.ep.rosidl_typesupport_c.c
-- Up-to-date symlink: /home/cayo-sousa/ws_ld90_sim/install/amr_msgs/lib/python3.12/site-packages/amr_msgs/_amr_msgs_s.ep.rosidl_typesupport_fastrtps_c.c
-- Up-to-date symlink: /home/cayo-sousa/ws_ld90_sim/install/amr_msgs/lib/python3.12/site-packages/amr_msgs/_amr_msgs_s.ep.rosidl_typesupport_introspection_c.c
-- Up-to-date symlink: /home/cayo-sousa/ws_ld90_sim/install/amr_msgs/lib/python3.12/site-packages/amr_msgs/amr_msgs_s__rosidl_typesupport_c.so
-- Up-to-date symlink: /home/cayo-sousa/ws_ld90_sim/install/amr_msgs/lib/python3.12/site-packages/amr_msgs/amr_msgs_s__rosidl_typesupport_fastrtps_c.so
-- Up-to-date symlink: /home/cayo-sousa/ws_ld90_sim/install/amr_msgs/lib/python3.12/site-packages/amr_msgs/amr_msgs_s__rosidl_typesupport_introspection_c.so
-- Up-to-date symlink: /home/cayo-sousa/ws_ld90_sim/install/amr_msgs/lib/python3.12/site-packages/amr_msgs/msg/__init__.py
-- Up-to-date symlink: /home/cayo-sousa/ws_ld90_sim/install/amr_msgs/lib/python3.12/site-packages/amr_msgs/msg/_location.py
-- Up-to-date symlink: /home/cayo-sousa/ws_ld90_sim/install/amr_msgs/lib/python3.12/site-packages/amr_msgs/msg/_location_s.c
-- Up-to-date symlink: /home/cayo-sousa/ws_ld90_sim/install/amr_msgs/lib/python3.12/site-packages/amr_msgs/msg/_status.py
-- Up-to-date symlink: /home/cayo-sousa/ws_ld90_sim/install/amr_msgs/lib/python3.12/site-packages/amr_msgs/msg/_status_s.c
-- Up-to-date symlink: /home/cayo-sousa/ws_ld90_sim/install/amr_msgs/lib/python3.12/site-packages/amr_msgs/amr_msgs_s__rosidl_typesupport_fastrtps_c.so
-- Up-to-date symlink: /home/cayo-sousa/ws_ld90_sim/install/amr_msgs/lib/python3.12/site-packages/amr_msgs/amr_msgs_s__rosidl_typesupport_introspection_c.so
-- Up-to-date symlink: /home/cayo-sousa/ws_ld90_sim/install/amr_msgs/lib/python3.12/site-packages/amr_msgs/amr_msgs_s__rosidl_typesupport_c.so
-- Up-to-date symlink: /home/cayo-sousa/ws_ld90_sim/install/amr_msgs/share/amr_msgs/msg/Location.idl
-- Up-to-date symlink: /home/cayo-sousa/ws_ld90_sim/install/amr_msgs/share/amr_msgs/msg/Status.idl
-- Up-to-date symlink: /home/cayo-sousa/ws_ld90_sim/install/amr_msgs/share/amr_msgs/msg/Location.msg
-- Up-to-date symlink: /home/cayo-sousa/ws_ld90_sim/install/amr_msgs/share/amr_msgs/msg/Status.msg
-- Up-to-date symlink: /home/cayo-sousa/ws_ld90_sim/install/amr_msgs/share/ament_index/resource_index/package_run_dependencies/amr_msgs
-- Up-to-date symlink: /home/cayo-sousa/ws_ld90_sim/install/amr_msgs/share/ament_index/resource_index/parent_prefix_path/amr_msgs
-- Up-to-date symlink: /home/cayo-sousa/ws_ld90_sim/install/amr_msgs/share/amr_msgs/environment/ament_prefix_path.sh
-- Up-to-date symlink: /home/cayo-sousa/ws_ld90_sim/install/amr_msgs/share/amr_msgs/environment/ament_prefix_path.dsv
-- Up-to-date symlink: /home/cayo-sousa/ws_ld90_sim/install/amr_msgs/share/amr_msgs/environment/path.sh
-- Up-to-date symlink: /home/cayo-sousa/ws_ld90_sim/install/amr_msgs/share/amr_msgs/environment/path.dsv
-- Up-to-date symlink: /home/cayo-sousa/ws_ld90_sim/install/amr_msgs/share/amr_msgs/local_setup.bash
-- Up-to-date symlink: /home/cayo-sousa/ws_ld90_sim/install/amr_msgs/share/amr_msgs/local_setup.sh
-- Up-to-date symlink: /home/cayo-sousa/ws_ld90_sim/install/amr_msgs/share/amr_msgs/local_setup.zsh
-- Up-to-date symlink: /home/cayo-sousa/ws_ld90_sim/install/amr_msgs/share/amr_msgs/local_setup.dsv
-- Symlinking: /home/cayo-sousa/ws_ld90_sim/install/amr_msgs/share/amr_msgs/package.dsv
-- Up-to-date symlink: /home/cayo-sousa/ws_ld90_sim/install/amr_msgs/share/ament_index/resource_index/packages/amr_msgs
-- Up-to-date symlink: /home/cayo-sousa/ws_ld90_sim/install/amr_msgs/share/amr_msgs/cmake/rosidl_cmake-extras.cmake
-- Up-to-date symlink: /home/cayo-sousa/ws_ld90_sim/install/amr_msgs/share/amr_msgs/cmake/ament_cmake_export_include_directories-extras.cmake
-- Up-to-date symlink: /home/cayo-sousa/ws_ld90_sim/install/amr_msgs/share/amr_msgs/cmake/ament_cmake_export_libraries-extras.cmake
-- Up-to-date symlink: /home/cayo-sousa/ws_ld90_sim/install/amr_msgs/share/amr_msgs/cmake/ament_cmake_export_targets-extras.cmake
-- Up-to-date symlink: /home/cayo-sousa/ws_ld90_sim/install/amr_msgs/share/amr_msgs/cmake/rosidl_cmake_export_typesupport_targets-extras.cmake
-- Up-to-date symlink: /home/cayo-sousa/ws_ld90_sim/install/amr_msgs/share/amr_msgs/cmake/ament_cmake_export_dependencies-extras.cmake
-- Up-to-date symlink: /home/cayo-sousa/ws_ld90_sim/install/amr_msgs/share/amr_msgs/cmake/rosidl_cmake_export_typesupport_libraries-extras.cmake
-- Up-to-date symlink: /home/cayo-sousa/ws_ld90_sim/install/amr_msgs/share/amr_msgs/cmake/amr_msgsConfig.cmake
-- Up-to-date symlink: /home/cayo-sousa/ws_ld90_sim/install/amr_msgs/share/amr_msgs/cmake/amr_msgsConfig-version.cmake
-- Up-to-date symlink: /home/cayo-sousa/ws_ld90_sim/install/amr_msgs/share/amr_msgs/package.xml
-- Up-to-date: /home/cayo-sousa/ws_ld90_sim/install/amr_msgs/lib/libamr_msgs__rosidl_generator_c.so
-- Up-to-date: /home/cayo-sousa/ws_ld90_sim/install/amr_msgs/lib/libamr_msgs__rosidl_typesupport_fastrtps_c.so
-- Up-to-date: /home/cayo-sousa/ws_ld90_sim/install/amr_msgs/lib/libamr_msgs__rosidl_typesupport_fastrtps_cpp.so
-- Up-to-date: /home/cayo-sousa/ws_ld90_sim/install/amr_msgs/lib/libamr_msgs__rosidl_typesupport_introspection_c.so
-- Up-to-date: /home/cayo-sousa/ws_ld90_sim/install/amr_msgs/lib/libamr_msgs__rosidl_typesupport_c.so
-- Up-to-date: /home/cayo-sousa/ws_ld90_sim/install/amr_msgs/lib/libamr_msgs__rosidl_typesupport_introspection_cpp.so
-- Up-to-date: /home/cayo-sousa/ws_ld90_sim/install/amr_msgs/lib/libamr_msgs__rosidl_typesupport_cpp.so
Listing '/home/cayo-sousa/ws_ld90_sim/install/amr_msgs/lib/python3.12/site-packages/amr_msgs'...
Listing '/home/cayo-sousa/ws_ld90_sim/install/amr_msgs/lib/python3.12/site-packages/amr_msgs/msg'...
-- Up-to-date: /home/cayo-sousa/ws_ld90_sim/install/amr_msgs/lib/libamr_msgs__rosidl_generator_py.so
-- Up-to-date: /home/cayo-sousa/ws_ld90_sim/install/amr_msgs/share/amr_msgs/cmake/export_amr_msgs__rosidl_generator_cExport.cmake
-- Up-to-date: /home/cayo-sousa/ws_ld90_sim/install/amr_msgs/share/amr_msgs/cmake/export_amr_msgs__rosidl_generator_cExport-noconfig.cmake
-- Up-to-date: /home/cayo-sousa/ws_ld90_sim/install/amr_msgs/share/amr_msgs/cmake/export_amr_msgs__rosidl_typesupport_fastrtps_cExport.cmake
-- Up-to-date: /home/cayo-sousa/ws_ld90_sim/install/amr_msgs/share/amr_msgs/cmake/export_amr_msgs__rosidl_typesupport_fastrtps_cExport-noconfig.cmake
-- Up-to-date: /home/cayo-sousa/ws_ld90_sim/install/amr_msgs/share/amr_msgs/cmake/export_amr_msgs__rosidl_generator_cppExport.cmake
-- Up-to-date: /home/cayo-sousa/ws_ld90_sim/install/amr_msgs/share/amr_msgs/cmake/export_amr_msgs__rosidl_typesupport_fastrtps_cppExport.cmake
-- Up-to-date: /home/cayo-sousa/ws_ld90_sim/install/amr_msgs/share/amr_msgs/cmake/export_amr_msgs__rosidl_typesupport_fastrtps_cppExport-noconfig.cmake
-- Up-to-date: /home/cayo-sousa/ws_ld90_sim/install/amr_msgs/share/amr_msgs/cmake/amr_msgs__rosidl_typesupport_introspection_cExport.cmake
-- Up-to-date: /home/cayo-sousa/ws_ld90_sim/install/amr_msgs/share/amr_msgs/cmake/amr_msgs__rosidl_typesupport_introspection_cExport-noconfig.cmake
-- Up-to-date: /home/cayo-sousa/ws_ld90_sim/install/amr_msgs/share/amr_msgs/cmake/amr_msgs__rosidl_typesupport_cExport.cmake
-- Up-to-date: /home/cayo-sousa/ws_ld90_sim/install/amr_msgs/share/amr_msgs/cmake/amr_msgs__rosidl_typesupport_cExport-noconfig.cmake
-- Up-to-date: /home/cayo-sousa/ws_ld90_sim/install/amr_msgs/share/amr_msgs/cmake/amr_msgs__rosidl_typesupport_introspection_cppExport.cmake
-- Up-to-date: /home/cayo-sousa/ws_ld90_sim/install/amr_msgs/share/amr_msgs/cmake/amr_msgs__rosidl_typesupport_introspection_cppExport-noconfig.cmake
-- Up-to-date: /home/cayo-sousa/ws_ld90_sim/install/amr_msgs/share/amr_msgs/cmake/amr_msgs__rosidl_typesupport_cppExport.cmake
-- Up-to-date: /home/cayo-sousa/ws_ld90_sim/install/amr_msgs/share/amr_msgs/cmake/amr_msgs__rosidl_typesupport_cppExport-noconfig.cmake
-- Up-to-date: /home/cayo-sousa/ws_ld90_sim/install/amr_msgs/share/amr_msgs/cmake/export_amr_msgs__rosidl_generator_pyExport.cmake
-- Up-to-date: /home/cayo-sousa/ws_ld90_sim/install/amr_msgs/share/amr_msgs/cmake/export_amr_msgs__rosidl_generator_pyExport-noconfig.cmake
