[ 66%] Built target Aria
[ 67%] Built target angleFixTest
[ 67%] Built target mathTests
[ 68%] Built target actionAverageTest
[ 68%] Built target angleBetweenTest
[ 69%] Built target angleTest
[ 70%] Built target actionArgumentTest
[ 71%] Built target robotListTest
[ 72%] Built target threadExample
[ 73%] Built target functorExample
[ 74%] Built target lineTest
[ 75%] Built target absoluteHeadingActionTest
[ 76%] Built target simpleMotionCommands
[ 79%] Built target simpleConnect
[ 79%] Built target teleopActionsExample
[ 79%] Built target libaria_safe_test_runner
[ 98%] Built target ArNetworking
[ 99%] Built target libaria_hardware_test_runner
[100%] Built target omron_robot_cli
-- Install configuration: ""
-- Up-to-date: /home/cayo-sousa/ws_ld90_sim/install/libaria/lib/libAria.so
-- Up-to-date: /home/cayo-sousa/ws_ld90_sim/install/libaria/lib/libArNetworking.so
-- Up-to-date: /home/cayo-sousa/ws_ld90_sim/install/libaria/bin/omron_robot_cli
-- Up-to-date: /home/cayo-sousa/ws_ld90_sim/install/libaria/include/Aria
-- Up-to-date: /home/cayo-sousa/ws_ld90_sim/install/libaria/include/Aria/ArMD5Calculator.h
-- Up-to-date: /home/cayo-sousa/ws_ld90_sim/install/libaria/include/Aria/ArRatioInputKeydrive.h
-- Up-to-date: /home/cayo-sousa/ws_ld90_sim/install/libaria/include/Aria/ArActionDriveDistance.h
-- Up-to-date: /home/cayo-sousa/ws_ld90_sim/install/libaria/include/Aria/ArNetServer.h
-- Up-to-date: /home/cayo-sousa/ws_ld90_sim/install/libaria/include/Aria/ArInterpolation.h
-- Up-to-date: /home/cayo-sousa/ws_ld90_sim/install/libaria/include/Aria/ArTCMCompassRobot.h
-- Up-to-date: /home/cayo-sousa/ws_ld90_sim/install/libaria/include/Aria/ArFileDeviceConnection.h
-- Up-to-date: /home/cayo-sousa/ws_ld90_sim/install/libaria/include/Aria/ArFunctor.h
-- Up-to-date: /home/cayo-sousa/ws_ld90_sim/install/libaria/include/Aria/ArGPSConnector.h
-- Up-to-date: /home/cayo-sousa/ws_ld90_sim/install/libaria/include/Aria/ArSZSeries.h
-- Up-to-date: /home/cayo-sousa/ws_ld90_sim/install/libaria/include/Aria/ArSimulatedLaser.h
-- Up-to-date: /home/cayo-sousa/ws_ld90_sim/install/libaria/include/Aria/ArActionLimiterTableSensor.h
-- Up-to-date: /home/cayo-sousa/ws_ld90_sim/install/libaria/include/Aria/ArSocket.h
-- Up-to-date: /home/cayo-sousa/ws_ld90_sim/install/libaria/include/Aria/ArPTZConnector.h
-- Up-to-date: /home/cayo-sousa/ws_ld90_sim/install/libaria/include/Aria/ArP2Arm.h
-- Up-to-date: /home/cayo-sousa/ws_ld90_sim/install/libaria/include/Aria/ArArg.h
-- Up-to-date: /home/cayo-sousa/ws_ld90_sim/install/libaria/include/Aria/ArIRs.h
-- Up-to-date: /home/cayo-sousa/ws_ld90_sim/install/libaria/include/Aria/ArDPPTU.h
-- Up-to-date: /home/cayo-sousa/ws_ld90_sim/install/libaria/include/Aria/ArBasePacket.h
-- Up-to-date: /home/cayo-sousa/ws_ld90_sim/install/libaria/include/Aria/ArActionJoydrive.h
-- Up-to-date: /home/cayo-sousa/ws_ld90_sim/install/libaria/include/Aria/ArIrrfDevice.h
-- Up-to-date: /home/cayo-sousa/ws_ld90_sim/install/libaria/include/Aria/ArConfigArg.h
-- Up-to-date: /home/cayo-sousa/ws_ld90_sim/install/libaria/include/Aria/Aria.h
-- Up-to-date: /home/cayo-sousa/ws_ld90_sim/install/libaria/include/Aria/ArKeyHandler.h
-- Up-to-date: /home/cayo-sousa/ws_ld90_sim/install/libaria/include/Aria/ArAction.h
-- Up-to-date: /home/cayo-sousa/ws_ld90_sim/install/libaria/include/Aria/ArNMEAParser.h
-- Up-to-date: /home/cayo-sousa/ws_ld90_sim/install/libaria/include/Aria/ArActionLimiterBackwards.h
-- Up-to-date: /home/cayo-sousa/ws_ld90_sim/install/libaria/include/Aria/ArConfig.h
-- Up-to-date: /home/cayo-sousa/ws_ld90_sim/install/libaria/include/Aria/ArThread.h
-- Up-to-date: /home/cayo-sousa/ws_ld90_sim/install/libaria/include/Aria/ArActionRobotJoydrive.h
-- Up-to-date: /home/cayo-sousa/ws_ld90_sim/install/libaria/include/Aria/wrapper_ExtraClasses.h
-- Up-to-date: /home/cayo-sousa/ws_ld90_sim/install/libaria/include/Aria/ariaInternal.h
-- Up-to-date: /home/cayo-sousa/ws_ld90_sim/install/libaria/include/Aria/ArActionGroups.h
-- Up-to-date: /home/cayo-sousa/ws_ld90_sim/install/libaria/include/Aria/ArActionGotoStraight.h
-- Up-to-date: /home/cayo-sousa/ws_ld90_sim/install/libaria/include/Aria/ArZippable.h
-- Up-to-date: /home/cayo-sousa/ws_ld90_sim/install/libaria/include/Aria/ArRobot.h
-- Up-to-date: /home/cayo-sousa/ws_ld90_sim/install/libaria/include/Aria/ArLineFinder.h
-- Up-to-date: /home/cayo-sousa/ws_ld90_sim/install/libaria/include/Aria/ArLaserReflectorDevice.h
-- Up-to-date: /home/cayo-sousa/ws_ld90_sim/install/libaria/include/Aria/ArCameraCommands.h
-- Up-to-date: /home/cayo-sousa/ws_ld90_sim/install/libaria/include/Aria/ArRobotConnector.h
-- Up-to-date: /home/cayo-sousa/ws_ld90_sim/install/libaria/include/Aria/ArMTXIO.h
-- Up-to-date: /home/cayo-sousa/ws_ld90_sim/install/libaria/include/Aria/ArRobotPacketSender.h
-- Up-to-date: /home/cayo-sousa/ws_ld90_sim/install/libaria/include/Aria/ArActionGroup.h
-- Up-to-date: /home/cayo-sousa/ws_ld90_sim/install/libaria/include/Aria/ArTaskState.h
-- Up-to-date: /home/cayo-sousa/ws_ld90_sim/install/libaria/include/Aria/ArACTS.h
-- Up-to-date: /home/cayo-sousa/ws_ld90_sim/install/libaria/include/Aria/ArSpeech.h
-- Up-to-date: /home/cayo-sousa/ws_ld90_sim/install/libaria/include/Aria/ArLMS2xxPacketReceiver.h
-- Up-to-date: /home/cayo-sousa/ws_ld90_sim/install/libaria/include/Aria/ArDataLogger.h
-- Up-to-date: /home/cayo-sousa/ws_ld90_sim/install/libaria/include/Aria/ArLogFileConnection.h
-- Up-to-date: /home/cayo-sousa/ws_ld90_sim/install/libaria/include/Aria/ArModule.h
-- Up-to-date: /home/cayo-sousa/ws_ld90_sim/install/libaria/include/Aria/ArRangeDeviceThreaded.h
-- Up-to-date: /home/cayo-sousa/ws_ld90_sim/install/libaria/include/Aria/ArTCMCompassDirect.h
-- Up-to-date: /home/cayo-sousa/ws_ld90_sim/install/libaria/include/Aria/ArBatteryConnector.h
-- Up-to-date: /home/cayo-sousa/ws_ld90_sim/install/libaria/include/Aria/ArLaserConnector.h
-- Up-to-date: /home/cayo-sousa/ws_ld90_sim/install/libaria/include/Aria/ArActionColorFollow.h
-- Up-to-date: /home/cayo-sousa/ws_ld90_sim/install/libaria/include/Aria/ArVCC4.h
-- Up-to-date: /home/cayo-sousa/ws_ld90_sim/install/libaria/include/Aria/ArLog.h
-- Up-to-date: /home/cayo-sousa/ws_ld90_sim/install/libaria/include/Aria/ArActionMovementParametersDebugging.h
-- Up-to-date: /home/cayo-sousa/ws_ld90_sim/install/libaria/include/Aria/ArUrg_2_0.h
-- Up-to-date: /home/cayo-sousa/ws_ld90_sim/install/libaria/include/Aria/ArSerialConnection.h
-- Up-to-date: /home/cayo-sousa/ws_ld90_sim/install/libaria/include/Aria/ArDrawingData.h
-- Up-to-date: /home/cayo-sousa/ws_ld90_sim/install/libaria/include/Aria/ArTcpConnection.h
-- Up-to-date: /home/cayo-sousa/ws_ld90_sim/install/libaria/include/Aria/ArRangeDevice.h
-- Up-to-date: /home/cayo-sousa/ws_ld90_sim/install/libaria/include/Aria/ArActionLimiterForwards.h
-- Up-to-date: /home/cayo-sousa/ws_ld90_sim/install/libaria/include/Aria/ArModuleLoader.h
-- Up-to-date: /home/cayo-sousa/ws_ld90_sim/install/libaria/include/Aria/ArS3Series.h
-- Up-to-date: /home/cayo-sousa/ws_ld90_sim/install/libaria/include/Aria/ArActionKeydrive.h
-- Up-to-date: /home/cayo-sousa/ws_ld90_sim/install/libaria/include/Aria/ArActionMovementParameters.h
-- Up-to-date: /home/cayo-sousa/ws_ld90_sim/install/libaria/include/Aria/ArActionGoto.h
-- Up-to-date: /home/cayo-sousa/ws_ld90_sim/install/libaria/include/Aria/ArLMS2xxPacket.h
-- Up-to-date: /home/cayo-sousa/ws_ld90_sim/install/libaria/include/Aria/ArMode.h
-- Up-to-date: /home/cayo-sousa/ws_ld90_sim/install/libaria/include/Aria/ArActionTriangleDriveTo.h
-- Up-to-date: /home/cayo-sousa/ws_ld90_sim/install/libaria/include/Aria/ArRobotConfigPacketReader.h
-- Up-to-date: /home/cayo-sousa/ws_ld90_sim/install/libaria/include/Aria/ariaOSDef.h
-- Up-to-date: /home/cayo-sousa/ws_ld90_sim/install/libaria/include/Aria/ArRangeBuffer.h
-- Up-to-date: /home/cayo-sousa/ws_ld90_sim/install/libaria/include/Aria/ArGPSCoords.h
-- Up-to-date: /home/cayo-sousa/ws_ld90_sim/install/libaria/include/Aria/ArPixelDevice.h
-- Up-to-date: /home/cayo-sousa/ws_ld90_sim/install/libaria/include/Aria/ArSick.h
-- Up-to-date: /home/cayo-sousa/ws_ld90_sim/install/libaria/include/Aria/ArTransform.h
-- Up-to-date: /home/cayo-sousa/ws_ld90_sim/install/libaria/include/Aria/ArArgumentParser.h
-- Up-to-date: /home/cayo-sousa/ws_ld90_sim/install/libaria/include/Aria/ArSyncTask.h
-- Up-to-date: /home/cayo-sousa/ws_ld90_sim/install/libaria/include/Aria/ArUrg.h
-- Up-to-date: /home/cayo-sousa/ws_ld90_sim/install/libaria/include/Aria/ArArgumentBuilder.h
-- Up-to-date: /home/cayo-sousa/ws_ld90_sim/install/libaria/include/Aria/ArRobotJoyHandler.h
-- Up-to-date: /home/cayo-sousa/ws_ld90_sim/install/libaria/include/Aria/ArSonarConnector.h
-- Up-to-date: /home/cayo-sousa/ws_ld90_sim/install/libaria/include/Aria/ArExitErrorSource.h
-- Up-to-date: /home/cayo-sousa/ws_ld90_sim/install/libaria/include/Aria/ArRobotPacket.h
-- Up-to-date: /home/cayo-sousa/ws_ld90_sim/install/libaria/include/Aria/ArAMPTU.h
-- Up-to-date: /home/cayo-sousa/ws_ld90_sim/install/libaria/include/Aria/ArGPS.h
-- Up-to-date: /home/cayo-sousa/ws_ld90_sim/install/libaria/include/Aria/ArRatioInputJoydrive.h
-- Up-to-date: /home/cayo-sousa/ws_ld90_sim/install/libaria/include/Aria/ArFunctorASyncTask.h
-- Up-to-date: /home/cayo-sousa/ws_ld90_sim/install/libaria/include/Aria/ariaUtil.h
-- Up-to-date: /home/cayo-sousa/ws_ld90_sim/install/libaria/include/Aria/ArActionStallRecover.h
-- Up-to-date: /home/cayo-sousa/ws_ld90_sim/install/libaria/include/Aria/ArActionInput.h
-- Up-to-date: /home/cayo-sousa/ws_ld90_sim/install/libaria/include/Aria/ArRobotTypes.h
-- Up-to-date: /home/cayo-sousa/ws_ld90_sim/install/libaria/include/Aria/ArLMS2xx.h
-- Up-to-date: /home/cayo-sousa/ws_ld90_sim/install/libaria/include/Aria/ariaTypedefs.h
-- Up-to-date: /home/cayo-sousa/ws_ld90_sim/install/libaria/include/Aria/ArBatteryMTX.h
-- Up-to-date: /home/cayo-sousa/ws_ld90_sim/install/libaria/include/Aria/ArActionTurn.h
-- Up-to-date: /home/cayo-sousa/ws_ld90_sim/install/libaria/include/Aria/ArRingQueue.h
-- Up-to-date: /home/cayo-sousa/ws_ld90_sim/install/libaria/include/Aria/ArActionConstantVelocity.h
-- Up-to-date: /home/cayo-sousa/ws_ld90_sim/install/libaria/include/Aria/ArSoundPlayer.h
-- Up-to-date: /home/cayo-sousa/ws_ld90_sim/install/libaria/include/Aria/ArASyncTask.h
-- Up-to-date: /home/cayo-sousa/ws_ld90_sim/install/libaria/include/Aria/ArMap.h
-- Up-to-date: /home/cayo-sousa/ws_ld90_sim/install/libaria/include/Aria/ArLCDMTX.h
-- Up-to-date: /home/cayo-sousa/ws_ld90_sim/install/libaria/include/Aria/ArVersalogicIO.h
-- Up-to-date: /home/cayo-sousa/ws_ld90_sim/install/libaria/include/Aria/ArSonarDevice.h
-- Up-to-date: /home/cayo-sousa/ws_ld90_sim/install/libaria/include/Aria/ArCommands.h
-- Up-to-date: /home/cayo-sousa/ws_ld90_sim/install/libaria/include/Aria/ArRobotPacketReceiver.h
-- Up-to-date: /home/cayo-sousa/ws_ld90_sim/install/libaria/include/Aria/ArGripper.h
-- Up-to-date: /home/cayo-sousa/ws_ld90_sim/install/libaria/include/Aria/md5.h
-- Up-to-date: /home/cayo-sousa/ws_ld90_sim/install/libaria/include/Aria/ArActionRatioInput.h
-- Up-to-date: /home/cayo-sousa/ws_ld90_sim/install/libaria/include/Aria/ArSonarAutoDisabler.h
-- Up-to-date: /home/cayo-sousa/ws_ld90_sim/install/libaria/include/Aria/ArHasFileName.h
-- Up-to-date: /home/cayo-sousa/ws_ld90_sim/install/libaria/include/Aria/wrapper_Functors.h
-- Up-to-date: /home/cayo-sousa/ws_ld90_sim/install/libaria/include/Aria/ArActionLimiterRot.h
-- Up-to-date: /home/cayo-sousa/ws_ld90_sim/install/libaria/include/Aria/ArActionAvoidFront.h
-- Up-to-date: /home/cayo-sousa/ws_ld90_sim/install/libaria/include/Aria/ArFileParser.h
-- Up-to-date: /home/cayo-sousa/ws_ld90_sim/install/libaria/include/Aria/ArLaser.h
-- Up-to-date: /home/cayo-sousa/ws_ld90_sim/install/libaria/include/Aria/ArSonarMTX.h
-- Up-to-date: /home/cayo-sousa/ws_ld90_sim/install/libaria/include/Aria/ArRecurrentTask.h
-- Up-to-date: /home/cayo-sousa/ws_ld90_sim/install/libaria/include/Aria/ArRobotBatteryPacketReader.h
-- Up-to-date: /home/cayo-sousa/ws_ld90_sim/install/libaria/include/Aria/ArSensorReading.h
-- Up-to-date: /home/cayo-sousa/ws_ld90_sim/install/libaria/include/Aria/ArAnalogGyro.h
-- Up-to-date: /home/cayo-sousa/ws_ld90_sim/install/libaria/include/Aria/ArStringInfoGroup.h
-- Up-to-date: /home/cayo-sousa/ws_ld90_sim/install/libaria/include/Aria/ArActionIRs.h
-- Up-to-date: /home/cayo-sousa/ws_ld90_sim/install/libaria/include/Aria/ArRVisionPTZ.h
-- Up-to-date: /home/cayo-sousa/ws_ld90_sim/install/libaria/include/Aria/ArRatioInputRobotJoydrive.h
-- Up-to-date: /home/cayo-sousa/ws_ld90_sim/install/libaria/include/Aria/ArCameraCollection.h
-- Up-to-date: /home/cayo-sousa/ws_ld90_sim/install/libaria/include/Aria/ArSignalHandler.h
-- Up-to-date: /home/cayo-sousa/ws_ld90_sim/install/libaria/include/Aria/ArActionDeceleratingLimiter.h
-- Up-to-date: /home/cayo-sousa/ws_ld90_sim/install/libaria/include/Aria/ArMutex.h
-- Up-to-date: /home/cayo-sousa/ws_ld90_sim/install/libaria/include/Aria/ArLaserFilter.h
-- Up-to-date: /home/cayo-sousa/ws_ld90_sim/install/libaria/include/Aria/ArRobotPacketReaderThread.h
-- Up-to-date: /home/cayo-sousa/ws_ld90_sim/install/libaria/include/Aria/ArCondition.h
-- Up-to-date: /home/cayo-sousa/ws_ld90_sim/install/libaria/include/Aria/ArTrimbleGPS.h
-- Up-to-date: /home/cayo-sousa/ws_ld90_sim/install/libaria/include/Aria/ArResolver.h
-- Up-to-date: /home/cayo-sousa/ws_ld90_sim/install/libaria/include/Aria/ArModes.h
-- Up-to-date: /home/cayo-sousa/ws_ld90_sim/install/libaria/include/Aria/ArSystemStatus.h
-- Up-to-date: /home/cayo-sousa/ws_ld90_sim/install/libaria/include/Aria/ArJoyHandler.h
-- Up-to-date: /home/cayo-sousa/ws_ld90_sim/install/libaria/include/Aria/ArSoundsQueue.h
-- Up-to-date: /home/cayo-sousa/ws_ld90_sim/install/libaria/include/Aria/ArBumpers.h
-- Up-to-date: /home/cayo-sousa/ws_ld90_sim/install/libaria/include/Aria/ArConfigGroup.h
-- Up-to-date: /home/cayo-sousa/ws_ld90_sim/install/libaria/include/Aria/ArRobotParams.h
-- Up-to-date: /home/cayo-sousa/ws_ld90_sim/install/libaria/include/Aria/ArActionStop.h
-- Up-to-date: /home/cayo-sousa/ws_ld90_sim/install/libaria/include/Aria/ArMapObject.h
-- Up-to-date: /home/cayo-sousa/ws_ld90_sim/install/libaria/include/Aria/ArSimpleConnector.h
-- Up-to-date: /home/cayo-sousa/ws_ld90_sim/install/libaria/include/Aria/ArNovatelGPS.h
-- Up-to-date: /home/cayo-sousa/ws_ld90_sim/install/libaria/include/Aria/ArActionBumpers.h
-- Up-to-date: /home/cayo-sousa/ws_ld90_sim/install/libaria/include/Aria/ArSyncLoop.h
-- Up-to-date: /home/cayo-sousa/ws_ld90_sim/install/libaria/include/Aria/ArPriorityResolver.h
-- Up-to-date: /home/cayo-sousa/ws_ld90_sim/install/libaria/include/Aria/ArActionAvoidSide.h
-- Up-to-date: /home/cayo-sousa/ws_ld90_sim/install/libaria/include/Aria/ArMapInterface.h
-- Up-to-date: /home/cayo-sousa/ws_ld90_sim/install/libaria/include/Aria/ArMapComponents.h
-- Up-to-date: /home/cayo-sousa/ws_ld90_sim/install/libaria/include/Aria/ArSonyPTZ.h
-- Up-to-date: /home/cayo-sousa/ws_ld90_sim/install/libaria/include/Aria/ArLaserLogger.h
-- Up-to-date: /home/cayo-sousa/ws_ld90_sim/install/libaria/include/Aria/ArDeviceConnection.h
-- Up-to-date: /home/cayo-sousa/ws_ld90_sim/install/libaria/include/Aria/ArForbiddenRangeDevice.h
-- Up-to-date: /home/cayo-sousa/ws_ld90_sim/install/libaria/include/Aria/ArTCM2.h
-- Up-to-date: /home/cayo-sousa/ws_ld90_sim/install/libaria/include/Aria/ArRobotConfig.h
-- Up-to-date: /home/cayo-sousa/ws_ld90_sim/install/libaria/include/Aria/ArPTZ.h
-- Up-to-date: /home/cayo-sousa/ws_ld90_sim/install/libaria/include/Aria/ArLCDConnector.h
-- Up-to-date: /home/cayo-sousa/ws_ld90_sim/install/libaria/include/Aria/ArExport.h
-- Up-to-date: /home/cayo-sousa/ws_ld90_sim/install/libaria/include/Aria/ArActionDesired.h
-- Up-to-date: /home/cayo-sousa/ws_ld90_sim/install/libaria/include/Aria/ArLMS1XX.h
-- Up-to-date: /home/cayo-sousa/ws_ld90_sim/install/libaria/include/Aria/ArMapUtils.h
-- Up-to-date: /home/cayo-sousa/ws_ld90_sim/install/libaria/include/ArNetworking
-- Up-to-date: /home/cayo-sousa/ws_ld90_sim/install/libaria/include/ArNetworking/ArCentralManager.h
-- Up-to-date: /home/cayo-sousa/ws_ld90_sim/install/libaria/include/ArNetworking/ArServerCommands.h
-- Up-to-date: /home/cayo-sousa/ws_ld90_sim/install/libaria/include/ArNetworking/ArServerInfoSensor.h
-- Up-to-date: /home/cayo-sousa/ws_ld90_sim/install/libaria/include/ArNetworking/ArServerInfoStrings.h
-- Up-to-date: /home/cayo-sousa/ws_ld90_sim/install/libaria/include/ArNetworking/ArClientHandlerRobotUpdate.h
-- Up-to-date: /home/cayo-sousa/ws_ld90_sim/install/libaria/include/ArNetworking/ArClientSimpleConnector.h
-- Up-to-date: /home/cayo-sousa/ws_ld90_sim/install/libaria/include/ArNetworking/ArServerInfoRobot.h
-- Up-to-date: /home/cayo-sousa/ws_ld90_sim/install/libaria/include/ArNetworking/ArServerModeStop.h
-- Up-to-date: /home/cayo-sousa/ws_ld90_sim/install/libaria/include/ArNetworking/ArMapChanger.h
-- Up-to-date: /home/cayo-sousa/ws_ld90_sim/install/libaria/include/ArNetworking/ArNetworking.h
-- Up-to-date: /home/cayo-sousa/ws_ld90_sim/install/libaria/include/ArNetworking/ArNetPacket.h
-- Up-to-date: /home/cayo-sousa/ws_ld90_sim/install/libaria/include/ArNetworking/ArServerMode.h
-- Up-to-date: /home/cayo-sousa/ws_ld90_sim/install/libaria/include/ArNetworking/ArClientHandlerConfig.h
-- Up-to-date: /home/cayo-sousa/ws_ld90_sim/install/libaria/include/ArNetworking/ArServerHandlerCommands.h
-- Up-to-date: /home/cayo-sousa/ws_ld90_sim/install/libaria/include/ArNetworking/ArServerFileUtils.h
-- Up-to-date: /home/cayo-sousa/ws_ld90_sim/install/libaria/include/ArNetworking/ArServerModeRatioDrive.h
-- Up-to-date: /home/cayo-sousa/ws_ld90_sim/install/libaria/include/ArNetworking/ArServerInfoDrawings.h
-- Up-to-date: /home/cayo-sousa/ws_ld90_sim/install/libaria/include/ArNetworking/ArHybridForwarderVideo.h
-- Up-to-date: /home/cayo-sousa/ws_ld90_sim/install/libaria/include/ArNetworking/ArServerClientData.h
-- Up-to-date: /home/cayo-sousa/ws_ld90_sim/install/libaria/include/ArNetworking/ArServerClient.h
-- Up-to-date: /home/cayo-sousa/ws_ld90_sim/install/libaria/include/ArNetworking/ArServerModeJogPosition.h
-- Up-to-date: /home/cayo-sousa/ws_ld90_sim/install/libaria/include/ArNetworking/ArServerHandlerCameraCollection.h
-- Up-to-date: /home/cayo-sousa/ws_ld90_sim/install/libaria/include/ArNetworking/ArServerUserInfo.h
-- Up-to-date: /home/cayo-sousa/ws_ld90_sim/install/libaria/include/ArNetworking/ArServerSimpleOpener.h
-- Up-to-date: /home/cayo-sousa/ws_ld90_sim/install/libaria/include/ArNetworking/ArClientCommands.h
-- Up-to-date: /home/cayo-sousa/ws_ld90_sim/install/libaria/include/ArNetworking/ArClientRatioDrive.h
-- Up-to-date: /home/cayo-sousa/ws_ld90_sim/install/libaria/include/ArNetworking/ArTempDirectoryHelper.h
-- Up-to-date: /home/cayo-sousa/ws_ld90_sim/install/libaria/include/ArNetworking/ArServerHandlerMapping.h
-- Up-to-date: /home/cayo-sousa/ws_ld90_sim/install/libaria/include/ArNetworking/ArServerModeIdle.h
-- Up-to-date: /home/cayo-sousa/ws_ld90_sim/install/libaria/include/ArNetworking/ArServerSimpleCommands.h
-- Up-to-date: /home/cayo-sousa/ws_ld90_sim/install/libaria/include/ArNetworking/ArClientData.h
-- Up-to-date: /home/cayo-sousa/ws_ld90_sim/install/libaria/include/ArNetworking/md5.h
-- Up-to-date: /home/cayo-sousa/ws_ld90_sim/install/libaria/include/ArNetworking/ArServerHandlerCamera.h
-- Up-to-date: /home/cayo-sousa/ws_ld90_sim/install/libaria/include/ArNetworking/ArServerHandlerPopup.h
-- Up-to-date: /home/cayo-sousa/ws_ld90_sim/install/libaria/include/ArNetworking/ArServerClientIdentifier.h
-- Up-to-date: /home/cayo-sousa/ws_ld90_sim/install/libaria/include/ArNetworking/ArClientFileUtils.h
-- Up-to-date: /home/cayo-sousa/ws_ld90_sim/install/libaria/include/ArNetworking/ArClientBase.h
-- Up-to-date: /home/cayo-sousa/ws_ld90_sim/install/libaria/include/ArNetworking/ArNetPacketReceiverTcp.h
-- Up-to-date: /home/cayo-sousa/ws_ld90_sim/install/libaria/include/ArNetworking/ArServerHandlerMap.h
-- Up-to-date: /home/cayo-sousa/ws_ld90_sim/install/libaria/include/ArNetworking/ArServerModeWander.h
-- Up-to-date: /home/cayo-sousa/ws_ld90_sim/install/libaria/include/ArNetworking/ArClientArgUtils.h
-- Up-to-date: /home/cayo-sousa/ws_ld90_sim/install/libaria/include/ArNetworking/ArServerBase.h
-- Up-to-date: /home/cayo-sousa/ws_ld90_sim/install/libaria/include/ArNetworking/ArServerHandlerConfig.h
-- Up-to-date: /home/cayo-sousa/ws_ld90_sim/install/libaria/include/ArNetworking/ArServerModeDrive.h
-- Up-to-date: /home/cayo-sousa/ws_ld90_sim/install/libaria/include/ArNetworking/ArNetPacketSenderTcp.h
-- Up-to-date: /home/cayo-sousa/ws_ld90_sim/install/libaria/include/ArNetworking/ArCentralForwarder.h
-- Up-to-date: /home/cayo-sousa/ws_ld90_sim/install/libaria/include/ArNetworking/ArServerData.h
-- Up-to-date: /home/cayo-sousa/ws_ld90_sim/install/libaria/include/ArNetworking/ArServerHandlerCommMonitor.h
-- Up-to-date: /home/cayo-sousa/ws_ld90_sim/install/libaria/include/ArNetworking/ArClientSwitchManager.h
-- Up-to-date: /home/cayo-sousa/ws_ld90_sim/install/libaria/include/ArNetworking/ArNetPacketReceiverUdp.h
-- Up-to-date: /home/cayo-sousa/ws_ld90_sim/install/libaria/lib/cmake/libaria/libariaTargets.cmake
-- Up-to-date: /home/cayo-sousa/ws_ld90_sim/install/libaria/lib/cmake/libaria/libariaTargets-noconfig.cmake
-- Up-to-date: /home/cayo-sousa/ws_ld90_sim/install/libaria/lib/cmake/libaria/libariaConfig.cmake
-- Up-to-date: /home/cayo-sousa/ws_ld90_sim/install/libaria/lib/cmake/libaria/libariaConfigVersion.cmake
-- Up-to-date: /home/cayo-sousa/ws_ld90_sim/install/libaria/lib/cmake/libaria/package.xml
