[0.009s] Invoking command in '/home/cayo-sousa/ws_ld90_sim/build/libaria': CMAKE_PREFIX_PATH=${CMAKE_PREFIX_PATH}:/opt/ros/jazzy DEBUGINFOD_URLS=https://debuginfod.ubuntu.com /usr/bin/cmake /home/cayo-sousa/ws_ld90_sim/src/omron_amr/libaria -DCMAKE_INSTALL_PREFIX=/home/cayo-sousa/ws_ld90_sim/install/libaria
[0.111s] -- The C compiler identification is GNU 13.3.0
[0.182s] -- The CXX compiler identification is GNU 13.3.0
[0.194s] -- Detecting C compiler ABI info
[0.265s] -- Detecting C compiler ABI info - done
[0.274s] -- Check for working C compiler: /usr/bin/cc - skipped
[0.274s] -- Detecting C compile features
[0.275s] -- Detecting C compile features - done
[0.282s] -- Detecting CXX compiler ABI info
[0.356s] -- Detecting CXX compiler ABI info - done
[0.362s] -- Check for working CXX compiler: /usr/bin/c++ - skipped
[0.362s] -- Detecting CXX compile features
[0.362s] -- Detecting CXX compile features - done
[0.369s] -- Performing Test CMAKE_HAVE_LIBC_PTHREAD
[0.448s] -- Performing Test CMAKE_HAVE_LIBC_PTHREAD - Success
[0.449s] -- Found Threads: TRUE  
[0.453s] -- Configuring done (0.4s)
[0.487s] -- Generating done (0.0s)
[0.494s] -- Build files have been written to: /home/cayo-sousa/ws_ld90_sim/build/libaria
[0.498s] Invoked command in '/home/cayo-sousa/ws_ld90_sim/build/libaria' returned '0': CMAKE_PREFIX_PATH=${CMAKE_PREFIX_PATH}:/opt/ros/jazzy DEBUGINFOD_URLS=https://debuginfod.ubuntu.com /usr/bin/cmake /home/cayo-sousa/ws_ld90_sim/src/omron_amr/libaria -DCMAKE_INSTALL_PREFIX=/home/cayo-sousa/ws_ld90_sim/install/libaria
[0.499s] Invoking command in '/home/cayo-sousa/ws_ld90_sim/build/libaria': CMAKE_PREFIX_PATH=${CMAKE_PREFIX_PATH}:/opt/ros/jazzy DEBUGINFOD_URLS=https://debuginfod.ubuntu.com /usr/bin/cmake --build /home/cayo-sousa/ws_ld90_sim/build/libaria -- -j12 -l12
[0.553s] [  1%] [32mBuilding CXX object CMakeFiles/Aria.dir/src/ArActionDeceleratingLimiter.cpp.o[0m
[0.553s] [  1%] [32mBuilding CXX object CMakeFiles/Aria.dir/src/ArActionBumpers.cpp.o[0m
[0.553s] [  2%] [32mBuilding CXX object CMakeFiles/Aria.dir/src/ArActionDriveDistance.cpp.o[0m
[0.554s] [  2%] [32mBuilding CXX object CMakeFiles/Aria.dir/src/ArActionConstantVelocity.cpp.o[0m
[0.554s] [  2%] [32mBuilding CXX object CMakeFiles/Aria.dir/src/ArActionDesired.cpp.o[0m
[0.554s] [  3%] [32mBuilding CXX object CMakeFiles/Aria.dir/src/ArActionAvoidFront.cpp.o[0m
[0.554s] [  3%] [32mBuilding CXX object CMakeFiles/Aria.dir/src/ArActionAvoidSide.cpp.o[0m
[0.555s] [  4%] [32mBuilding CXX object CMakeFiles/Aria.dir/src/ArActionColorFollow.cpp.o[0m
[0.559s] [  4%] [32mBuilding CXX object CMakeFiles/Aria.dir/src/ArAction.cpp.o[0m
[0.560s] [  4%] [32mBuilding CXX object CMakeFiles/Aria.dir/src/ArActionGoto.cpp.o[0m
[0.562s] [  4%] [32mBuilding CXX object CMakeFiles/Aria.dir/src/ArActionGotoStraight.cpp.o[0m
[0.563s] [  5%] [32mBuilding CXX object CMakeFiles/Aria.dir/src/ArActionGroup.cpp.o[0m
[1.222s] [  5%] [32mBuilding CXX object CMakeFiles/Aria.dir/src/ArActionGroups.cpp.o[0m
[1.237s] [  6%] [32mBuilding CXX object CMakeFiles/Aria.dir/src/ArActionInput.cpp.o[0m
[1.276s] [  6%] [32mBuilding CXX object CMakeFiles/Aria.dir/src/ArActionIRs.cpp.o[0m
[1.296s] [  7%] [32mBuilding CXX object CMakeFiles/Aria.dir/src/ArActionJoydrive.cpp.o[0m
[1.335s] [  7%] [32mBuilding CXX object CMakeFiles/Aria.dir/src/ArActionKeydrive.cpp.o[0m
[1.350s] [  7%] [32mBuilding CXX object CMakeFiles/Aria.dir/src/ArActionLimiterBackwards.cpp.o[0m
[1.387s] [  8%] [32mBuilding CXX object CMakeFiles/Aria.dir/src/ArActionLimiterForwards.cpp.o[0m
[1.437s] [  8%] [32mBuilding CXX object CMakeFiles/Aria.dir/src/ArActionLimiterRot.cpp.o[0m
[1.471s] [  9%] [32mBuilding CXX object CMakeFiles/Aria.dir/src/ArActionLimiterTableSensor.cpp.o[0m
[1.474s] [  9%] [32mBuilding CXX object CMakeFiles/Aria.dir/src/ArActionMovementParameters.cpp.o[0m
[1.484s] [ 10%] [32mBuilding CXX object CMakeFiles/Aria.dir/src/ArActionMovementParametersDebugging.cpp.o[0m
[1.491s] [ 10%] [32mBuilding CXX object CMakeFiles/Aria.dir/src/ArActionRatioInput.cpp.o[0m
[1.963s] [ 10%] [32mBuilding CXX object CMakeFiles/Aria.dir/src/ArActionRobotJoydrive.cpp.o[0m
[1.987s] [ 11%] [32mBuilding CXX object CMakeFiles/Aria.dir/src/ArActionStallRecover.cpp.o[0m
[2.031s] [ 11%] [32mBuilding CXX object CMakeFiles/Aria.dir/src/ArActionStop.cpp.o[0m
[2.042s] [ 12%] [32mBuilding CXX object CMakeFiles/Aria.dir/src/ArActionTriangleDriveTo.cpp.o[0m
[2.120s] [ 12%] [32mBuilding CXX object CMakeFiles/Aria.dir/src/ArActionTurn.cpp.o[0m
[2.158s] [ 13%] [32mBuilding CXX object CMakeFiles/Aria.dir/src/ArACTS.cpp.o[0m
[2.185s] [ 13%] [32mBuilding CXX object CMakeFiles/Aria.dir/src/ArAMPTU.cpp.o[0m
[2.219s] [ 13%] [32mBuilding CXX object CMakeFiles/Aria.dir/src/ArAnalogGyro.cpp.o[0m
[2.286s] [ 14%] [32mBuilding CXX object CMakeFiles/Aria.dir/src/ArArg.cpp.o[0m
[2.302s] [ 14%] [32mBuilding CXX object CMakeFiles/Aria.dir/src/ArArgumentBuilder.cpp.o[0m
[2.332s] [ 15%] [32mBuilding CXX object CMakeFiles/Aria.dir/src/ArArgumentParser.cpp.o[0m
[2.439s] [ 15%] [32mBuilding CXX object CMakeFiles/Aria.dir/src/ArASyncTask.cpp.o[0m
[2.713s] [ 15%] [32mBuilding CXX object CMakeFiles/Aria.dir/src/ArBatteryConnector.cpp.o[0m
[2.718s] [ 16%] [32mBuilding CXX object CMakeFiles/Aria.dir/src/ArBasePacket.cpp.o[0m
[2.733s] [ 16%] [32mBuilding CXX object CMakeFiles/Aria.dir/src/ArBatteryMTX.cpp.o[0m
[2.820s] [ 17%] [32mBuilding CXX object CMakeFiles/Aria.dir/src/ArBumpers.cpp.o[0m
[2.836s] [ 17%] [32mBuilding CXX object CMakeFiles/Aria.dir/src/ArCameraCommands.cpp.o[0m
[2.850s] [ 17%] [32mBuilding CXX object CMakeFiles/Aria.dir/src/ArCondition_LIN.cpp.o[0m
[2.855s] [ 18%] [32mBuilding CXX object CMakeFiles/Aria.dir/src/ArCameraCollection.cpp.o[0m
[2.886s] [ 19%] [32mBuilding CXX object CMakeFiles/Aria.dir/src/ArConfig.cpp.o[0m
[2.903s] [ 19%] [32mBuilding CXX object CMakeFiles/Aria.dir/src/ArConfigArg.cpp.o[0m
[3.037s] [ 19%] [32mBuilding CXX object CMakeFiles/Aria.dir/src/ArConfigGroup.cpp.o[0m
[3.064s] [ 20%] [32mBuilding CXX object CMakeFiles/Aria.dir/src/ArDataLogger.cpp.o[0m
[3.143s] [ 20%] [32mBuilding CXX object CMakeFiles/Aria.dir/src/ArDeviceConnection.cpp.o[0m
[3.153s] [ 21%] [32mBuilding CXX object CMakeFiles/Aria.dir/src/ArDPPTU.cpp.o[0m
[3.309s] [ 21%] [32mBuilding CXX object CMakeFiles/Aria.dir/src/ArFileDeviceConnection.cpp.o[0m
[3.310s] [ 22%] [32mBuilding CXX object CMakeFiles/Aria.dir/src/ArFileParser.cpp.o[0m
[3.562s] [ 22%] [32mBuilding CXX object CMakeFiles/Aria.dir/src/ArForbiddenRangeDevice.cpp.o[0m
[3.625s] [ 22%] [32mBuilding CXX object CMakeFiles/Aria.dir/src/ArFunctorASyncTask.cpp.o[0m
[3.642s] [ 23%] [32mBuilding CXX object CMakeFiles/Aria.dir/src/ArGPS.cpp.o[0m
[3.736s] [ 24%] [32mBuilding CXX object CMakeFiles/Aria.dir/src/ArGPSCoords.cpp.o[0m
[3.741s] [ 24%] [32mBuilding CXX object CMakeFiles/Aria.dir/src/ArGPSConnector.cpp.o[0m
[3.818s] [ 24%] [32mBuilding CXX object CMakeFiles/Aria.dir/src/ArGripper.cpp.o[0m
[3.859s] [ 25%] [32mBuilding CXX object CMakeFiles/Aria.dir/src/ArInterpolation.cpp.o[0m
[3.987s] [ 25%] [32mBuilding CXX object CMakeFiles/Aria.dir/src/ArIrrfDevice.cpp.o[0m
[4.007s] [ 25%] [32mBuilding CXX object CMakeFiles/Aria.dir/src/ArIRs.cpp.o[0m
[4.080s] [ 26%] [32mBuilding CXX object CMakeFiles/Aria.dir/src/ArJoyHandler.cpp.o[0m
[4.103s] [ 26%] [32mBuilding CXX object CMakeFiles/Aria.dir/src/ArKeyHandler.cpp.o[0m
[4.188s] [ 27%] [32mBuilding CXX object CMakeFiles/Aria.dir/src/ArLaser.cpp.o[0m
[4.189s] [ 27%] [32mBuilding CXX object CMakeFiles/Aria.dir/src/ArLaserConnector.cpp.o[0m
[4.285s] [ 28%] [32mBuilding CXX object CMakeFiles/Aria.dir/src/ArLaserFilter.cpp.o[0m
[4.411s] [ 28%] [32mBuilding CXX object CMakeFiles/Aria.dir/src/ArLaserLogger.cpp.o[0m
[4.588s] [ 28%] [32mBuilding CXX object CMakeFiles/Aria.dir/src/ArLaserReflectorDevice.cpp.o[0m
[4.684s] [ 29%] [32mBuilding CXX object CMakeFiles/Aria.dir/src/ArLCDConnector.cpp.o[0m
[4.719s] [ 29%] [32mBuilding CXX object CMakeFiles/Aria.dir/src/ArLCDMTX.cpp.o[0m
[4.830s] [ 30%] [32mBuilding CXX object CMakeFiles/Aria.dir/src/ArLineFinder.cpp.o[0m
[4.859s] [ 30%] [32mBuilding CXX object CMakeFiles/Aria.dir/src/ArLMS1XX.cpp.o[0m
[4.870s] [ 31%] [32mBuilding CXX object CMakeFiles/Aria.dir/src/ArLMS2xx.cpp.o[0m
[4.879s] [ 31%] [32mBuilding CXX object CMakeFiles/Aria.dir/src/ArLMS2xxPacket.cpp.o[0m
[5.186s] [ 31%] [32mBuilding CXX object CMakeFiles/Aria.dir/src/ArLMS2xxPacketReceiver.cpp.o[0m
[5.335s] [ 32%] [32mBuilding CXX object CMakeFiles/Aria.dir/src/ArLog.cpp.o[0m
[5.337s] [ 32%] [32mBuilding CXX object CMakeFiles/Aria.dir/src/ArLogFileConnection.cpp.o[0m
[5.392s] [ 33%] [32mBuilding CXX object CMakeFiles/Aria.dir/src/ArMap.cpp.o[0m
[5.415s] [ 33%] [32mBuilding CXX object CMakeFiles/Aria.dir/src/ArMapComponents.cpp.o[0m
[5.550s] [ 33%] [32mBuilding CXX object CMakeFiles/Aria.dir/src/ArMapInterface.cpp.o[0m
[5.581s] [ 34%] [32mBuilding CXX object CMakeFiles/Aria.dir/src/ArMapObject.cpp.o[0m
[5.740s] [ 34%] [32mBuilding CXX object CMakeFiles/Aria.dir/src/ArMapUtils.cpp.o[0m
[5.778s] [ 35%] [32mBuilding CXX object CMakeFiles/Aria.dir/src/ArMD5Calculator.cpp.o[0m
[5.849s] [ 35%] [32mBuilding CXX object CMakeFiles/Aria.dir/src/ArMode.cpp.o[0m
[6.012s] [ 36%] [32mBuilding CXX object CMakeFiles/Aria.dir/src/ArModes.cpp.o[0m
[6.029s] [ 36%] [32mBuilding CXX object CMakeFiles/Aria.dir/src/ArModule.cpp.o[0m
[6.178s] [ 36%] [32mBuilding CXX object CMakeFiles/Aria.dir/src/ArModuleLoader.cpp.o[0m
[6.195s] [ 37%] [32mBuilding CXX object CMakeFiles/Aria.dir/src/ArMutex.cpp.o[0m
[6.257s] [ 37%] [32mBuilding CXX object CMakeFiles/Aria.dir/src/ArMutex_LIN.cpp.o[0m
[6.384s] [ 38%] [32mBuilding CXX object CMakeFiles/Aria.dir/src/ArNetServer.cpp.o[0m
[6.414s] [ 38%] [32mBuilding CXX object CMakeFiles/Aria.dir/src/ArNMEAParser.cpp.o[0m
[6.465s] [ 38%] [32mBuilding CXX object CMakeFiles/Aria.dir/src/ArP2Arm.cpp.o[0m
[6.472s] [ 39%] [32mBuilding CXX object CMakeFiles/Aria.dir/src/ArNovatelGPS.cpp.o[0m
[6.658s] [ 39%] [32mBuilding CXX object CMakeFiles/Aria.dir/src/ArPriorityResolver.cpp.o[0m
[6.807s] [ 40%] [32mBuilding CXX object CMakeFiles/Aria.dir/src/ArPTZ.cpp.o[0m
[6.852s] [ 40%] [32mBuilding CXX object CMakeFiles/Aria.dir/src/ArPTZConnector.cpp.o[0m
[7.241s] [ 41%] [32mBuilding CXX object CMakeFiles/Aria.dir/src/ArRangeBuffer.cpp.o[0m
[7.302s] [ 41%] [32mBuilding CXX object CMakeFiles/Aria.dir/src/ArRangeDevice.cpp.o[0m
[7.338s] [ 42%] [32mBuilding CXX object CMakeFiles/Aria.dir/src/ArRangeDeviceThreaded.cpp.o[0m
[7.565s] [ 42%] [32mBuilding CXX object CMakeFiles/Aria.dir/src/ArRatioInputKeydrive.cpp.o[0m
[7.852s] [ 42%] [32mBuilding CXX object CMakeFiles/Aria.dir/src/ArRatioInputJoydrive.cpp.o[0m
[7.868s] [ 43%] [32mBuilding CXX object CMakeFiles/Aria.dir/src/ArRatioInputRobotJoydrive.cpp.o[0m
[7.979s] [ 43%] [32mBuilding CXX object CMakeFiles/Aria.dir/src/ArRecurrentTask.cpp.o[0m
[8.046s] [ 44%] [32mBuilding CXX object CMakeFiles/Aria.dir/src/ArRobot.cpp.o[0m
[8.341s] [ 44%] [32mBuilding CXX object CMakeFiles/Aria.dir/src/ArRobotBatteryPacketReader.cpp.o[0m
[8.346s] [ 45%] [32mBuilding CXX object CMakeFiles/Aria.dir/src/ArRobotConfig.cpp.o[0m
[8.441s] [ 45%] [32mBuilding CXX object CMakeFiles/Aria.dir/src/ArRobotConfigPacketReader.cpp.o[0m
[8.519s] [ 45%] [32mBuilding CXX object CMakeFiles/Aria.dir/src/ArRobotConnector.cpp.o[0m
[8.573s] [ 46%] [32mBuilding CXX object CMakeFiles/Aria.dir/src/ArRobotJoyHandler.cpp.o[0m
[8.591s] [ 46%] [32mBuilding CXX object CMakeFiles/Aria.dir/src/ArRobotPacket.cpp.o[0m
[8.634s] [ 47%] [32mBuilding CXX object CMakeFiles/Aria.dir/src/ArRobotPacketReceiver.cpp.o[0m
[8.743s] [ 47%] [32mBuilding CXX object CMakeFiles/Aria.dir/src/ArRobotPacketReaderThread.cpp.o[0m
[8.862s] [ 48%] [32mBuilding CXX object CMakeFiles/Aria.dir/src/ArRobotPacketSender.cpp.o[0m
[9.017s] [ 48%] [32mBuilding CXX object CMakeFiles/Aria.dir/src/ArRobotParams.cpp.o[0m
[9.100s] [ 48%] [32mBuilding CXX object CMakeFiles/Aria.dir/src/ArRobotTypes.cpp.o[0m
[9.225s] [ 49%] [32mBuilding CXX object CMakeFiles/Aria.dir/src/ArRVisionPTZ.cpp.o[0m
[9.245s] [ 49%] [32mBuilding CXX object CMakeFiles/Aria.dir/src/ArS3Series.cpp.o[0m
[9.259s] [ 50%] [32mBuilding CXX object CMakeFiles/Aria.dir/src/ArSZSeries.cpp.o[0m
[9.331s] [ 50%] [32mBuilding CXX object CMakeFiles/Aria.dir/src/ArSick.cpp.o[0m
[9.355s] [ 51%] [32mBuilding CXX object CMakeFiles/Aria.dir/src/ArSimpleConnector.cpp.o[0m
[9.399s] [ 51%] [32mBuilding CXX object CMakeFiles/Aria.dir/src/ArSimulatedLaser.cpp.o[0m
[9.406s] [ 51%] [32mBuilding CXX object CMakeFiles/Aria.dir/src/ArSocket.cpp.o[0m
[9.469s] [ 52%] [32mBuilding CXX object CMakeFiles/Aria.dir/src/ArSonarConnector.cpp.o[0m
[9.598s] [ 52%] [32mBuilding CXX object CMakeFiles/Aria.dir/src/ArSonarDevice.cpp.o[0m
[10.056s] [ 53%] [32mBuilding CXX object CMakeFiles/Aria.dir/src/ArSonarMTX.cpp.o[0m
[10.196s] [ 53%] [32mBuilding CXX object CMakeFiles/Aria.dir/src/ArSensorReading.cpp.o[0m
[10.209s] [ 54%] [32mBuilding CXX object CMakeFiles/Aria.dir/src/ArSonyPTZ.cpp.o[0m
[10.313s] [ 54%] [32mBuilding CXX object CMakeFiles/Aria.dir/src/ArSoundsQueue.cpp.o[0m
[10.339s] [ 54%] [32mBuilding CXX object CMakeFiles/Aria.dir/src/ArSoundPlayer.cpp.o[0m
[10.464s] [ 55%] [32mBuilding CXX object CMakeFiles/Aria.dir/src/ArStringInfoGroup.cpp.o[0m
[10.483s] [ 55%] [32mBuilding CXX object CMakeFiles/Aria.dir/src/ArSyncLoop.cpp.o[0m
[10.557s] [ 56%] [32mBuilding CXX object CMakeFiles/Aria.dir/src/ArSyncTask.cpp.o[0m
[10.621s] [ 56%] [32mBuilding CXX object CMakeFiles/Aria.dir/src/ArSystemStatus.cpp.o[0m
[10.710s] [ 57%] [32mBuilding CXX object CMakeFiles/Aria.dir/src/ArSonarAutoDisabler.cpp.o[0m
[10.797s] [ 57%] [32mBuilding CXX object CMakeFiles/Aria.dir/src/ArSpeech.cpp.o[0m
[10.889s] [ 57%] [32mBuilding CXX object CMakeFiles/Aria.dir/src/ArTCM2.cpp.o[0m
[11.032s] [ 57%] [32mBuilding CXX object CMakeFiles/Aria.dir/src/ArTCMCompassRobot.cpp.o[0m
[11.043s] [ 58%] [32mBuilding CXX object CMakeFiles/Aria.dir/src/ArTCMCompassDirect.cpp.o[0m
[11.186s] [ 59%] [32mBuilding CXX object CMakeFiles/Aria.dir/src/ArTcpConnection.cpp.o[0m
[11.254s] [ 59%] [32mBuilding CXX object CMakeFiles/Aria.dir/src/ArThread.cpp.o[0m
[11.276s] [ 60%] [32mBuilding CXX object CMakeFiles/Aria.dir/src/ArThread_LIN.cpp.o[0m
[11.406s] [ 60%] [32mBuilding CXX object CMakeFiles/Aria.dir/src/ArTransform.cpp.o[0m
[11.413s] [ 61%] [32mBuilding CXX object CMakeFiles/Aria.dir/src/ArTrimbleGPS.cpp.o[0m
[11.413s] [ 61%] [32mBuilding CXX object CMakeFiles/Aria.dir/src/ArUrg.cpp.o[0m
[11.433s] [ 61%] [32mBuilding CXX object CMakeFiles/Aria.dir/src/ArUrg_2_0.cpp.o[0m
[11.509s] [ 62%] [32mBuilding CXX object CMakeFiles/Aria.dir/src/ArVCC4.cpp.o[0m
[11.589s] [ 62%] [32mBuilding CXX object CMakeFiles/Aria.dir/src/Aria.cpp.o[0m
[11.639s] [ 63%] [32mBuilding CXX object CMakeFiles/Aria.dir/src/ariaUtil.cpp.o[0m
[11.696s] [ 63%] [32mBuilding CXX object CMakeFiles/Aria.dir/src/md5.cpp.o[0m
[11.799s] [ 63%] [32mBuilding CXX object CMakeFiles/Aria.dir/src/ArSocket_LIN.cpp.o[0m
[11.838s] [ 64%] [32mBuilding CXX object CMakeFiles/Aria.dir/src/ArJoyHandler_LIN.cpp.o[0m
[11.843s] [ 64%] [32mBuilding CXX object CMakeFiles/Aria.dir/src/ArSerialConnection_LIN.cpp.o[0m
[11.870s] [ 65%] [32mBuilding CXX object CMakeFiles/Aria.dir/src/ArSignalHandler_LIN.cpp.o[0m
[12.028s] [ 65%] [32mBuilding CXX object CMakeFiles/Aria.dir/src/ArVersalogicIO.cpp.o[0m
[12.060s] [ 66%] [32mBuilding CXX object CMakeFiles/Aria.dir/src/ArMTXIO.cpp.o[0m
[13.291s] [ 66%] [32m[1mLinking CXX shared library libAria.so[0m
[13.532s] [ 66%] Built target Aria
[13.550s] [ 66%] [32mBuilding CXX object CMakeFiles/actionAverageTest.dir/tests/actionAverageTest.cpp.o[0m
[13.551s] [ 67%] [32mBuilding CXX object CMakeFiles/angleTest.dir/tests/angleTest.cpp.o[0m
[13.552s] [ 67%] [32mBuilding CXX object CMakeFiles/ArNetworking.dir/ArNetworking/src/ArCentralForwarder.cpp.o[0m
[13.552s] [ 67%] [32mBuilding CXX object CMakeFiles/threadExample.dir/examples/threadExample.cpp.o[0m
[13.552s] [ 68%] [32mBuilding CXX object CMakeFiles/angleFixTest.dir/tests/angleFixTest.cpp.o[0m
[13.554s] [ 69%] [32mBuilding CXX object CMakeFiles/robotListTest.dir/tests/robotListTest.cpp.o[0m
[13.554s] [ 69%] [32mBuilding CXX object CMakeFiles/angleBetweenTest.dir/tests/angleBetweenTest.cpp.o[0m
[13.555s] [ 69%] [32mBuilding CXX object CMakeFiles/actionArgumentTest.dir/tests/actionArgumentTest.cpp.o[0m
[13.556s] [ 69%] [32mBuilding CXX object CMakeFiles/lineTest.dir/tests/lineTest.cpp.o[0m
[13.559s] [ 69%] [32mBuilding CXX object CMakeFiles/mathTests.dir/tests/mathTests.cpp.o[0m
[13.563s] [ 69%] [32mBuilding CXX object CMakeFiles/absoluteHeadingActionTest.dir/tests/absoluteHeadingActionTest.cpp.o[0m
[13.565s] [ 70%] [32mBuilding CXX object CMakeFiles/functorExample.dir/examples/functorExample.cpp.o[0m
[14.071s] [ 70%] [32m[1mLinking CXX executable mathTests[0m
[14.244s] [ 70%] Built target mathTests
[14.255s] [ 70%] [32mBuilding CXX object CMakeFiles/ArNetworking.dir/ArNetworking/src/ArCentralManager.cpp.o[0m
[14.988s] [ 71%] [32m[1mLinking CXX executable actionAverageTest[0m
[15.156s] [ 71%] [32m[1mLinking CXX executable angleFixTest[0m
[15.170s] [ 71%] Built target actionAverageTest
[15.197s] [ 72%] [32m[1mLinking CXX executable absoluteHeadingActionTest[0m
[15.197s] [ 72%] [32m[1mLinking CXX executable functorExample[0m
[15.205s] [ 73%] [32mBuilding CXX object CMakeFiles/simpleConnect.dir/examples/simpleConnect.cpp.o[0m
[15.230s] [ 74%] [32m[1mLinking CXX executable actionArgumentTest[0m
[15.248s] [ 75%] [32m[1mLinking CXX executable threadExample[0m
[15.249s] [ 75%] Built target angleFixTest
[15.253s] [ 75%] [32m[1mLinking CXX executable angleBetweenTest[0m
[15.255s] [ 75%] [32m[1mLinking CXX executable angleTest[0m
[15.263s] [ 76%] [32mBuilding CXX object CMakeFiles/ArNetworking.dir/ArNetworking/src/ArClientArgUtils.cpp.o[0m
[15.341s] [ 76%] Built target angleBetweenTest
[15.342s] [ 76%] Built target functorExample
[15.354s] [ 77%] [32m[1mLinking CXX executable lineTest[0m
[15.362s] [ 77%] [32mBuilding CXX object CMakeFiles/ArNetworking.dir/ArNetworking/src/ArClientBase.cpp.o[0m
[15.367s] [ 77%] [32mBuilding CXX object CMakeFiles/simpleMotionCommands.dir/examples/simpleMotionCommands.cpp.o[0m
[15.377s] [ 77%] [32m[1mLinking CXX executable robotListTest[0m
[15.435s] [ 77%] Built target actionArgumentTest
[15.446s] [ 77%] Built target absoluteHeadingActionTest
[15.449s] [ 78%] [32mBuilding CXX object CMakeFiles/ArNetworking.dir/ArNetworking/src/ArClientData.cpp.o[0m
[15.469s] [ 78%] Built target angleTest
[15.490s] [ 78%] [32mBuilding CXX object CMakeFiles/teleopActionsExample.dir/examples/teleopActionsExample.cpp.o[0m
[15.491s] [ 78%] [32mBuilding CXX object CMakeFiles/ArNetworking.dir/ArNetworking/src/ArClientFileUtils.cpp.o[0m
[15.498s] [ 78%] Built target threadExample
[15.528s] [ 78%] [32mBuilding CXX object CMakeFiles/ArNetworking.dir/ArNetworking/src/ArClientHandlerConfig.cpp.o[0m
[15.564s] [ 78%] Built target robotListTest
[15.573s] [ 79%] [32mBuilding CXX object CMakeFiles/ArNetworking.dir/ArNetworking/src/ArClientHandlerRobotUpdate.cpp.o[0m
[15.598s] [ 79%] Built target lineTest
[15.602s] [ 79%] [32mBuilding CXX object CMakeFiles/ArNetworking.dir/ArNetworking/src/ArClientRatioDrive.cpp.o[0m
[15.609s] [ 80%] [32mBuilding CXX object CMakeFiles/ArNetworking.dir/ArNetworking/src/ArClientSimpleConnector.cpp.o[0m
[16.408s] [ 80%] [32mBuilding CXX object CMakeFiles/libaria_safe_test_runner.dir/tests/libariaSafeTestRunner.cpp.o[0m
[17.010s] [ 80%] [32mBuilding CXX object CMakeFiles/ArNetworking.dir/ArNetworking/src/ArClientSwitchManager.cpp.o[0m
[17.036s] [ 81%] [32m[1mLinking CXX executable simpleMotionCommands[0m
[17.113s] [ 82%] [32mBuilding CXX object CMakeFiles/ArNetworking.dir/ArNetworking/src/ArHybridForwarderVideo.cpp.o[0m
[17.137s] [ 82%] [32m[1mLinking CXX executable simpleConnect[0m
[17.142s] [ 83%] [32m[1mLinking CXX executable teleopActionsExample[0m
[17.161s] [ 83%] [32mBuilding CXX object CMakeFiles/ArNetworking.dir/ArNetworking/src/ArMapChanger.cpp.o[0m
[17.215s] [ 83%] [32mBuilding CXX object CMakeFiles/ArNetworking.dir/ArNetworking/src/ArNetPacket.cpp.o[0m
[17.216s] [ 83%] Built target simpleMotionCommands
[17.228s] [ 84%] [32mBuilding CXX object CMakeFiles/ArNetworking.dir/ArNetworking/src/ArNetPacketReceiverTcp.cpp.o[0m
[17.278s] [ 84%] [32mBuilding CXX object CMakeFiles/ArNetworking.dir/ArNetworking/src/ArNetPacketReceiverUdp.cpp.o[0m
[17.322s] [ 84%] Built target simpleConnect
[17.335s] [ 85%] [32mBuilding CXX object CMakeFiles/ArNetworking.dir/ArNetworking/src/ArNetPacketSenderTcp.cpp.o[0m
[17.344s] [ 85%] Built target teleopActionsExample
[17.358s] [ 85%] [32mBuilding CXX object CMakeFiles/ArNetworking.dir/ArNetworking/src/ArServerBase.cpp.o[0m
[17.731s] [ 85%] [32mBuilding CXX object CMakeFiles/libaria_hardware_test_runner.dir/tests/libariaHardwareTestRunner.cpp.o[0m
[17.845s] [ 86%] [32mBuilding CXX object CMakeFiles/ArNetworking.dir/ArNetworking/src/ArServerClient.cpp.o[0m
[17.907s] [ 86%] [32mBuilding CXX object CMakeFiles/ArNetworking.dir/ArNetworking/src/ArServerData.cpp.o[0m
[18.481s] [ 87%] [32m[1mLinking CXX executable libaria_safe_test_runner[0m
[18.606s] [ 87%] Built target libaria_safe_test_runner
[18.618s] [ 87%] [32mBuilding CXX object CMakeFiles/ArNetworking.dir/ArNetworking/src/ArServerFileUtils.cpp.o[0m
[18.737s] [ 88%] [32mBuilding CXX object CMakeFiles/ArNetworking.dir/ArNetworking/src/ArServerHandlerCameraCollection.cpp.o[0m
[18.932s] [ 88%] [32mBuilding CXX object CMakeFiles/ArNetworking.dir/ArNetworking/src/ArServerHandlerCamera.cpp.o[0m
[18.953s] [ 89%] [32mBuilding CXX object CMakeFiles/ArNetworking.dir/ArNetworking/src/ArServerHandlerCommands.cpp.o[0m
[18.994s] [ 89%] [32mBuilding CXX object CMakeFiles/ArNetworking.dir/ArNetworking/src/ArServerHandlerCommMonitor.cpp.o[0m
[19.022s] [ 90%] [32mBuilding CXX object CMakeFiles/ArNetworking.dir/ArNetworking/src/ArServerHandlerConfig.cpp.o[0m
[19.031s] [ 90%] [32mBuilding CXX object CMakeFiles/ArNetworking.dir/ArNetworking/src/ArServerHandlerMap.cpp.o[0m
[19.627s] [ 90%] [32mBuilding CXX object CMakeFiles/ArNetworking.dir/ArNetworking/src/ArServerHandlerMapping.cpp.o[0m
[19.899s] [ 91%] [32m[1mLinking CXX executable libaria_hardware_test_runner[0m
[20.014s] [ 92%] [32mBuilding CXX object CMakeFiles/ArNetworking.dir/ArNetworking/src/ArServerHandlerPopup.cpp.o[0m
[20.026s] [ 92%] Built target libaria_hardware_test_runner
[20.038s] [ 92%] [32mBuilding CXX object CMakeFiles/ArNetworking.dir/ArNetworking/src/ArServerInfoDrawings.cpp.o[0m
[20.071s] [ 93%] [32mBuilding CXX object CMakeFiles/ArNetworking.dir/ArNetworking/src/ArServerInfoRobot.cpp.o[0m
[20.097s] [ 93%] [32mBuilding CXX object CMakeFiles/ArNetworking.dir/ArNetworking/src/ArServerInfoSensor.cpp.o[0m
[20.376s] [ 94%] [32mBuilding CXX object CMakeFiles/ArNetworking.dir/ArNetworking/src/ArServerInfoStrings.cpp.o[0m
[20.744s] [ 94%] [32mBuilding CXX object CMakeFiles/ArNetworking.dir/ArNetworking/src/ArServerMode.cpp.o[0m
[20.991s] [ 94%] [32mBuilding CXX object CMakeFiles/ArNetworking.dir/ArNetworking/src/ArServerModeDrive.cpp.o[0m
[20.993s] [ 95%] [32mBuilding CXX object CMakeFiles/ArNetworking.dir/ArNetworking/src/ArServerModeIdle.cpp.o[0m
[21.055s] [ 95%] [32mBuilding CXX object CMakeFiles/ArNetworking.dir/ArNetworking/src/ArServerModeRatioDrive.cpp.o[0m
[21.168s] [ 96%] [32mBuilding CXX object CMakeFiles/ArNetworking.dir/ArNetworking/src/ArServerModeStop.cpp.o[0m
[21.654s] [ 96%] [32mBuilding CXX object CMakeFiles/ArNetworking.dir/ArNetworking/src/ArServerModeWander.cpp.o[0m
[21.790s] [ 97%] [32mBuilding CXX object CMakeFiles/ArNetworking.dir/ArNetworking/src/ArServerSimpleCommands.cpp.o[0m
[21.822s] [ 97%] [32mBuilding CXX object CMakeFiles/ArNetworking.dir/ArNetworking/src/ArServerSimpleOpener.cpp.o[0m
[21.938s] [ 97%] [32mBuilding CXX object CMakeFiles/ArNetworking.dir/ArNetworking/src/ArServerUserInfo.cpp.o[0m
[22.041s] [ 98%] [32mBuilding CXX object CMakeFiles/ArNetworking.dir/ArNetworking/src/md5.cpp.o[0m
[22.041s] [ 98%] [32mBuilding CXX object CMakeFiles/ArNetworking.dir/ArNetworking/src/ArTempDirectoryHelper.cpp.o[0m
[23.371s] [ 99%] [32m[1mLinking CXX shared library libArNetworking.so[0m
[23.521s] [ 99%] Built target ArNetworking
[23.537s] [100%] [32mBuilding CXX object CMakeFiles/omron_robot_cli.dir/tools/omron_robot_cli.cpp.o[0m
[24.565s] [100%] [32m[1mLinking CXX executable omron_robot_cli[0m
[24.667s] [100%] Built target omron_robot_cli
[24.676s] Invoked command in '/home/cayo-sousa/ws_ld90_sim/build/libaria' returned '0': CMAKE_PREFIX_PATH=${CMAKE_PREFIX_PATH}:/opt/ros/jazzy DEBUGINFOD_URLS=https://debuginfod.ubuntu.com /usr/bin/cmake --build /home/cayo-sousa/ws_ld90_sim/build/libaria -- -j12 -l12
[24.676s] Invoking command in '/home/cayo-sousa/ws_ld90_sim/build/libaria': CMAKE_PREFIX_PATH=${CMAKE_PREFIX_PATH}:/opt/ros/jazzy DEBUGINFOD_URLS=https://debuginfod.ubuntu.com /usr/bin/cmake --install /home/cayo-sousa/ws_ld90_sim/build/libaria
[24.683s] -- Install configuration: ""
[24.683s] -- Installing: /home/cayo-sousa/ws_ld90_sim/install/libaria/lib/libAria.so
[24.686s] -- Installing: /home/cayo-sousa/ws_ld90_sim/install/libaria/lib/libArNetworking.so
[24.688s] -- Set non-toolchain portion of runtime path of "/home/cayo-sousa/ws_ld90_sim/install/libaria/lib/libArNetworking.so" to ""
[24.688s] -- Installing: /home/cayo-sousa/ws_ld90_sim/install/libaria/bin/omron_robot_cli
[24.688s] -- Set non-toolchain portion of runtime path of "/home/cayo-sousa/ws_ld90_sim/install/libaria/bin/omron_robot_cli" to ""
[24.688s] -- Installing: /home/cayo-sousa/ws_ld90_sim/install/libaria/include/Aria
[24.688s] -- Installing: /home/cayo-sousa/ws_ld90_sim/install/libaria/include/Aria/ArMD5Calculator.h
[24.688s] -- Installing: /home/cayo-sousa/ws_ld90_sim/install/libaria/include/Aria/ArRatioInputKeydrive.h
[24.688s] -- Installing: /home/cayo-sousa/ws_ld90_sim/install/libaria/include/Aria/ArActionDriveDistance.h
[24.689s] -- Installing: /home/cayo-sousa/ws_ld90_sim/install/libaria/include/Aria/ArNetServer.h
[24.689s] -- Installing: /home/cayo-sousa/ws_ld90_sim/install/libaria/include/Aria/ArInterpolation.h
[24.689s] -- Installing: /home/cayo-sousa/ws_ld90_sim/install/libaria/include/Aria/ArTCMCompassRobot.h
[24.689s] -- Installing: /home/cayo-sousa/ws_ld90_sim/install/libaria/include/Aria/ArFileDeviceConnection.h
[24.689s] -- Installing: /home/cayo-sousa/ws_ld90_sim/install/libaria/include/Aria/ArFunctor.h
[24.689s] -- Installing: /home/cayo-sousa/ws_ld90_sim/install/libaria/include/Aria/ArGPSConnector.h
[24.689s] -- Installing: /home/cayo-sousa/ws_ld90_sim/install/libaria/include/Aria/ArSZSeries.h
[24.689s] -- Installing: /home/cayo-sousa/ws_ld90_sim/install/libaria/include/Aria/ArSimulatedLaser.h
[24.689s] -- Installing: /home/cayo-sousa/ws_ld90_sim/install/libaria/include/Aria/ArActionLimiterTableSensor.h
[24.689s] -- Installing: /home/cayo-sousa/ws_ld90_sim/install/libaria/include/Aria/ArSocket.h
[24.690s] -- Installing: /home/cayo-sousa/ws_ld90_sim/install/libaria/include/Aria/ArPTZConnector.h
[24.690s] -- Installing: /home/cayo-sousa/ws_ld90_sim/install/libaria/include/Aria/ArP2Arm.h
[24.690s] -- Installing: /home/cayo-sousa/ws_ld90_sim/install/libaria/include/Aria/ArArg.h
[24.690s] -- Installing: /home/cayo-sousa/ws_ld90_sim/install/libaria/include/Aria/ArIRs.h
[24.690s] -- Installing: /home/cayo-sousa/ws_ld90_sim/install/libaria/include/Aria/ArDPPTU.h
[24.690s] -- Installing: /home/cayo-sousa/ws_ld90_sim/install/libaria/include/Aria/ArBasePacket.h
[24.690s] -- Installing: /home/cayo-sousa/ws_ld90_sim/install/libaria/include/Aria/ArActionJoydrive.h
[24.690s] -- Installing: /home/cayo-sousa/ws_ld90_sim/install/libaria/include/Aria/ArIrrfDevice.h
[24.690s] -- Installing: /home/cayo-sousa/ws_ld90_sim/install/libaria/include/Aria/ArConfigArg.h
[24.690s] -- Installing: /home/cayo-sousa/ws_ld90_sim/install/libaria/include/Aria/Aria.h
[24.690s] -- Installing: /home/cayo-sousa/ws_ld90_sim/install/libaria/include/Aria/ArKeyHandler.h
[24.691s] -- Installing: /home/cayo-sousa/ws_ld90_sim/install/libaria/include/Aria/ArAction.h
[24.691s] -- Installing: /home/cayo-sousa/ws_ld90_sim/install/libaria/include/Aria/ArNMEAParser.h
[24.691s] -- Installing: /home/cayo-sousa/ws_ld90_sim/install/libaria/include/Aria/ArActionLimiterBackwards.h
[24.691s] -- Installing: /home/cayo-sousa/ws_ld90_sim/install/libaria/include/Aria/ArConfig.h
[24.691s] -- Installing: /home/cayo-sousa/ws_ld90_sim/install/libaria/include/Aria/ArThread.h
[24.691s] -- Installing: /home/cayo-sousa/ws_ld90_sim/install/libaria/include/Aria/ArActionRobotJoydrive.h
[24.691s] -- Installing: /home/cayo-sousa/ws_ld90_sim/install/libaria/include/Aria/wrapper_ExtraClasses.h
[24.691s] -- Installing: /home/cayo-sousa/ws_ld90_sim/install/libaria/include/Aria/ariaInternal.h
[24.691s] -- Installing: /home/cayo-sousa/ws_ld90_sim/install/libaria/include/Aria/ArActionGroups.h
[24.691s] -- Installing: /home/cayo-sousa/ws_ld90_sim/install/libaria/include/Aria/ArActionGotoStraight.h
[24.691s] -- Installing: /home/cayo-sousa/ws_ld90_sim/install/libaria/include/Aria/ArZippable.h
[24.692s] -- Installing: /home/cayo-sousa/ws_ld90_sim/install/libaria/include/Aria/ArRobot.h
[24.692s] -- Installing: /home/cayo-sousa/ws_ld90_sim/install/libaria/include/Aria/ArLineFinder.h
[24.692s] -- Installing: /home/cayo-sousa/ws_ld90_sim/install/libaria/include/Aria/ArLaserReflectorDevice.h
[24.692s] -- Installing: /home/cayo-sousa/ws_ld90_sim/install/libaria/include/Aria/ArCameraCommands.h
[24.692s] -- Installing: /home/cayo-sousa/ws_ld90_sim/install/libaria/include/Aria/ArRobotConnector.h
[24.692s] -- Installing: /home/cayo-sousa/ws_ld90_sim/install/libaria/include/Aria/ArMTXIO.h
[24.692s] -- Installing: /home/cayo-sousa/ws_ld90_sim/install/libaria/include/Aria/ArRobotPacketSender.h
[24.692s] -- Installing: /home/cayo-sousa/ws_ld90_sim/install/libaria/include/Aria/ArActionGroup.h
[24.693s] -- Installing: /home/cayo-sousa/ws_ld90_sim/install/libaria/include/Aria/ArTaskState.h
[24.693s] -- Installing: /home/cayo-sousa/ws_ld90_sim/install/libaria/include/Aria/ArACTS.h
[24.693s] -- Installing: /home/cayo-sousa/ws_ld90_sim/install/libaria/include/Aria/ArSpeech.h
[24.693s] -- Installing: /home/cayo-sousa/ws_ld90_sim/install/libaria/include/Aria/ArLMS2xxPacketReceiver.h
[24.693s] -- Installing: /home/cayo-sousa/ws_ld90_sim/install/libaria/include/Aria/ArDataLogger.h
[24.693s] -- Installing: /home/cayo-sousa/ws_ld90_sim/install/libaria/include/Aria/ArLogFileConnection.h
[24.693s] -- Installing: /home/cayo-sousa/ws_ld90_sim/install/libaria/include/Aria/ArModule.h
[24.693s] -- Installing: /home/cayo-sousa/ws_ld90_sim/install/libaria/include/Aria/ArRangeDeviceThreaded.h
[24.694s] -- Installing: /home/cayo-sousa/ws_ld90_sim/install/libaria/include/Aria/ArTCMCompassDirect.h
[24.694s] -- Installing: /home/cayo-sousa/ws_ld90_sim/install/libaria/include/Aria/ArBatteryConnector.h
[24.694s] -- Installing: /home/cayo-sousa/ws_ld90_sim/install/libaria/include/Aria/ArLaserConnector.h
[24.694s] -- Installing: /home/cayo-sousa/ws_ld90_sim/install/libaria/include/Aria/ArActionColorFollow.h
[24.694s] -- Installing: /home/cayo-sousa/ws_ld90_sim/install/libaria/include/Aria/ArVCC4.h
[24.694s] -- Installing: /home/cayo-sousa/ws_ld90_sim/install/libaria/include/Aria/ArLog.h
[24.694s] -- Installing: /home/cayo-sousa/ws_ld90_sim/install/libaria/include/Aria/ArActionMovementParametersDebugging.h
[24.694s] -- Installing: /home/cayo-sousa/ws_ld90_sim/install/libaria/include/Aria/ArUrg_2_0.h
[24.694s] -- Installing: /home/cayo-sousa/ws_ld90_sim/install/libaria/include/Aria/ArSerialConnection.h
[24.695s] -- Installing: /home/cayo-sousa/ws_ld90_sim/install/libaria/include/Aria/ArDrawingData.h
[24.695s] -- Installing: /home/cayo-sousa/ws_ld90_sim/install/libaria/include/Aria/ArTcpConnection.h
[24.695s] -- Installing: /home/cayo-sousa/ws_ld90_sim/install/libaria/include/Aria/ArRangeDevice.h
[24.695s] -- Installing: /home/cayo-sousa/ws_ld90_sim/install/libaria/include/Aria/ArActionLimiterForwards.h
[24.695s] -- Installing: /home/cayo-sousa/ws_ld90_sim/install/libaria/include/Aria/ArModuleLoader.h
[24.695s] -- Installing: /home/cayo-sousa/ws_ld90_sim/install/libaria/include/Aria/ArS3Series.h
[24.695s] -- Installing: /home/cayo-sousa/ws_ld90_sim/install/libaria/include/Aria/ArActionKeydrive.h
[24.695s] -- Installing: /home/cayo-sousa/ws_ld90_sim/install/libaria/include/Aria/ArActionMovementParameters.h
[24.696s] -- Installing: /home/cayo-sousa/ws_ld90_sim/install/libaria/include/Aria/ArActionGoto.h
[24.696s] -- Installing: /home/cayo-sousa/ws_ld90_sim/install/libaria/include/Aria/ArLMS2xxPacket.h
[24.696s] -- Installing: /home/cayo-sousa/ws_ld90_sim/install/libaria/include/Aria/ArMode.h
[24.696s] -- Installing: /home/cayo-sousa/ws_ld90_sim/install/libaria/include/Aria/ArActionTriangleDriveTo.h
[24.696s] -- Installing: /home/cayo-sousa/ws_ld90_sim/install/libaria/include/Aria/ArRobotConfigPacketReader.h
[24.696s] -- Installing: /home/cayo-sousa/ws_ld90_sim/install/libaria/include/Aria/ariaOSDef.h
[24.696s] -- Installing: /home/cayo-sousa/ws_ld90_sim/install/libaria/include/Aria/ArRangeBuffer.h
[24.696s] -- Installing: /home/cayo-sousa/ws_ld90_sim/install/libaria/include/Aria/ArGPSCoords.h
[24.696s] -- Installing: /home/cayo-sousa/ws_ld90_sim/install/libaria/include/Aria/ArPixelDevice.h
[24.697s] -- Installing: /home/cayo-sousa/ws_ld90_sim/install/libaria/include/Aria/ArSick.h
[24.697s] -- Installing: /home/cayo-sousa/ws_ld90_sim/install/libaria/include/Aria/ArTransform.h
[24.697s] -- Installing: /home/cayo-sousa/ws_ld90_sim/install/libaria/include/Aria/ArArgumentParser.h
[24.697s] -- Installing: /home/cayo-sousa/ws_ld90_sim/install/libaria/include/Aria/ArSyncTask.h
[24.697s] -- Installing: /home/cayo-sousa/ws_ld90_sim/install/libaria/include/Aria/ArUrg.h
[24.697s] -- Installing: /home/cayo-sousa/ws_ld90_sim/install/libaria/include/Aria/ArArgumentBuilder.h
[24.697s] -- Installing: /home/cayo-sousa/ws_ld90_sim/install/libaria/include/Aria/ArRobotJoyHandler.h
[24.697s] -- Installing: /home/cayo-sousa/ws_ld90_sim/install/libaria/include/Aria/ArSonarConnector.h
[24.697s] -- Installing: /home/cayo-sousa/ws_ld90_sim/install/libaria/include/Aria/ArExitErrorSource.h
[24.697s] -- Installing: /home/cayo-sousa/ws_ld90_sim/install/libaria/include/Aria/ArRobotPacket.h
[24.697s] -- Installing: /home/cayo-sousa/ws_ld90_sim/install/libaria/include/Aria/ArAMPTU.h
[24.697s] -- Installing: /home/cayo-sousa/ws_ld90_sim/install/libaria/include/Aria/ArGPS.h
[24.698s] -- Installing: /home/cayo-sousa/ws_ld90_sim/install/libaria/include/Aria/ArRatioInputJoydrive.h
[24.698s] -- Installing: /home/cayo-sousa/ws_ld90_sim/install/libaria/include/Aria/ArFunctorASyncTask.h
[24.698s] -- Installing: /home/cayo-sousa/ws_ld90_sim/install/libaria/include/Aria/ariaUtil.h
[24.698s] -- Installing: /home/cayo-sousa/ws_ld90_sim/install/libaria/include/Aria/ArActionStallRecover.h
[24.698s] -- Installing: /home/cayo-sousa/ws_ld90_sim/install/libaria/include/Aria/ArActionInput.h
[24.698s] -- Installing: /home/cayo-sousa/ws_ld90_sim/install/libaria/include/Aria/ArRobotTypes.h
[24.698s] -- Installing: /home/cayo-sousa/ws_ld90_sim/install/libaria/include/Aria/ArLMS2xx.h
[24.698s] -- Installing: /home/cayo-sousa/ws_ld90_sim/install/libaria/include/Aria/ariaTypedefs.h
[24.698s] -- Installing: /home/cayo-sousa/ws_ld90_sim/install/libaria/include/Aria/ArBatteryMTX.h
[24.698s] -- Installing: /home/cayo-sousa/ws_ld90_sim/install/libaria/include/Aria/ArActionTurn.h
[24.698s] -- Installing: /home/cayo-sousa/ws_ld90_sim/install/libaria/include/Aria/ArRingQueue.h
[24.698s] -- Installing: /home/cayo-sousa/ws_ld90_sim/install/libaria/include/Aria/ArActionConstantVelocity.h
[24.698s] -- Installing: /home/cayo-sousa/ws_ld90_sim/install/libaria/include/Aria/ArSoundPlayer.h
[24.698s] -- Installing: /home/cayo-sousa/ws_ld90_sim/install/libaria/include/Aria/ArASyncTask.h
[24.698s] -- Installing: /home/cayo-sousa/ws_ld90_sim/install/libaria/include/Aria/ArMap.h
[24.698s] -- Installing: /home/cayo-sousa/ws_ld90_sim/install/libaria/include/Aria/ArLCDMTX.h
[24.698s] -- Installing: /home/cayo-sousa/ws_ld90_sim/install/libaria/include/Aria/ArVersalogicIO.h
[24.698s] -- Installing: /home/cayo-sousa/ws_ld90_sim/install/libaria/include/Aria/ArSonarDevice.h
[24.698s] -- Installing: /home/cayo-sousa/ws_ld90_sim/install/libaria/include/Aria/ArCommands.h
[24.698s] -- Installing: /home/cayo-sousa/ws_ld90_sim/install/libaria/include/Aria/ArRobotPacketReceiver.h
[24.698s] -- Installing: /home/cayo-sousa/ws_ld90_sim/install/libaria/include/Aria/ArGripper.h
[24.699s] -- Installing: /home/cayo-sousa/ws_ld90_sim/install/libaria/include/Aria/md5.h
[24.699s] -- Installing: /home/cayo-sousa/ws_ld90_sim/install/libaria/include/Aria/ArActionRatioInput.h
[24.699s] -- Installing: /home/cayo-sousa/ws_ld90_sim/install/libaria/include/Aria/ArSonarAutoDisabler.h
[24.699s] -- Installing: /home/cayo-sousa/ws_ld90_sim/install/libaria/include/Aria/ArHasFileName.h
[24.699s] -- Installing: /home/cayo-sousa/ws_ld90_sim/install/libaria/include/Aria/wrapper_Functors.h
[24.699s] -- Installing: /home/cayo-sousa/ws_ld90_sim/install/libaria/include/Aria/ArActionLimiterRot.h
[24.699s] -- Installing: /home/cayo-sousa/ws_ld90_sim/install/libaria/include/Aria/ArActionAvoidFront.h
[24.699s] -- Installing: /home/cayo-sousa/ws_ld90_sim/install/libaria/include/Aria/ArFileParser.h
[24.699s] -- Installing: /home/cayo-sousa/ws_ld90_sim/install/libaria/include/Aria/ArLaser.h
[24.699s] -- Installing: /home/cayo-sousa/ws_ld90_sim/install/libaria/include/Aria/ArSonarMTX.h
[24.699s] -- Installing: /home/cayo-sousa/ws_ld90_sim/install/libaria/include/Aria/ArRecurrentTask.h
[24.699s] -- Installing: /home/cayo-sousa/ws_ld90_sim/install/libaria/include/Aria/ArRobotBatteryPacketReader.h
[24.699s] -- Installing: /home/cayo-sousa/ws_ld90_sim/install/libaria/include/Aria/ArSensorReading.h
[24.699s] -- Installing: /home/cayo-sousa/ws_ld90_sim/install/libaria/include/Aria/ArAnalogGyro.h
[24.699s] -- Installing: /home/cayo-sousa/ws_ld90_sim/install/libaria/include/Aria/ArStringInfoGroup.h
[24.699s] -- Installing: /home/cayo-sousa/ws_ld90_sim/install/libaria/include/Aria/ArActionIRs.h
[24.699s] -- Installing: /home/cayo-sousa/ws_ld90_sim/install/libaria/include/Aria/ArRVisionPTZ.h
[24.699s] -- Installing: /home/cayo-sousa/ws_ld90_sim/install/libaria/include/Aria/ArRatioInputRobotJoydrive.h
[24.699s] -- Installing: /home/cayo-sousa/ws_ld90_sim/install/libaria/include/Aria/ArCameraCollection.h
[24.699s] -- Installing: /home/cayo-sousa/ws_ld90_sim/install/libaria/include/Aria/ArSignalHandler.h
[24.699s] -- Installing: /home/cayo-sousa/ws_ld90_sim/install/libaria/include/Aria/ArActionDeceleratingLimiter.h
[24.699s] -- Installing: /home/cayo-sousa/ws_ld90_sim/install/libaria/include/Aria/ArMutex.h
[24.699s] -- Installing: /home/cayo-sousa/ws_ld90_sim/install/libaria/include/Aria/ArLaserFilter.h
[24.699s] -- Installing: /home/cayo-sousa/ws_ld90_sim/install/libaria/include/Aria/ArRobotPacketReaderThread.h
[24.700s] -- Installing: /home/cayo-sousa/ws_ld90_sim/install/libaria/include/Aria/ArCondition.h
[24.700s] -- Installing: /home/cayo-sousa/ws_ld90_sim/install/libaria/include/Aria/ArTrimbleGPS.h
[24.700s] -- Installing: /home/cayo-sousa/ws_ld90_sim/install/libaria/include/Aria/ArResolver.h
[24.700s] -- Installing: /home/cayo-sousa/ws_ld90_sim/install/libaria/include/Aria/ArModes.h
[24.700s] -- Installing: /home/cayo-sousa/ws_ld90_sim/install/libaria/include/Aria/ArSystemStatus.h
[24.700s] -- Installing: /home/cayo-sousa/ws_ld90_sim/install/libaria/include/Aria/ArJoyHandler.h
[24.700s] -- Installing: /home/cayo-sousa/ws_ld90_sim/install/libaria/include/Aria/ArSoundsQueue.h
[24.700s] -- Installing: /home/cayo-sousa/ws_ld90_sim/install/libaria/include/Aria/ArBumpers.h
[24.700s] -- Installing: /home/cayo-sousa/ws_ld90_sim/install/libaria/include/Aria/ArConfigGroup.h
[24.700s] -- Installing: /home/cayo-sousa/ws_ld90_sim/install/libaria/include/Aria/ArRobotParams.h
[24.700s] -- Installing: /home/cayo-sousa/ws_ld90_sim/install/libaria/include/Aria/ArActionStop.h
[24.700s] -- Installing: /home/cayo-sousa/ws_ld90_sim/install/libaria/include/Aria/ArMapObject.h
[24.700s] -- Installing: /home/cayo-sousa/ws_ld90_sim/install/libaria/include/Aria/ArSimpleConnector.h
[24.700s] -- Installing: /home/cayo-sousa/ws_ld90_sim/install/libaria/include/Aria/ArNovatelGPS.h
[24.700s] -- Installing: /home/cayo-sousa/ws_ld90_sim/install/libaria/include/Aria/ArActionBumpers.h
[24.700s] -- Installing: /home/cayo-sousa/ws_ld90_sim/install/libaria/include/Aria/ArSyncLoop.h
[24.700s] -- Installing: /home/cayo-sousa/ws_ld90_sim/install/libaria/include/Aria/ArPriorityResolver.h
[24.700s] -- Installing: /home/cayo-sousa/ws_ld90_sim/install/libaria/include/Aria/ArActionAvoidSide.h
[24.700s] -- Installing: /home/cayo-sousa/ws_ld90_sim/install/libaria/include/Aria/ArMapInterface.h
[24.700s] -- Installing: /home/cayo-sousa/ws_ld90_sim/install/libaria/include/Aria/ArMapComponents.h
[24.700s] -- Installing: /home/cayo-sousa/ws_ld90_sim/install/libaria/include/Aria/ArSonyPTZ.h
[24.700s] -- Installing: /home/cayo-sousa/ws_ld90_sim/install/libaria/include/Aria/ArLaserLogger.h
[24.700s] -- Installing: /home/cayo-sousa/ws_ld90_sim/install/libaria/include/Aria/ArDeviceConnection.h
[24.700s] -- Installing: /home/cayo-sousa/ws_ld90_sim/install/libaria/include/Aria/ArForbiddenRangeDevice.h
[24.700s] -- Installing: /home/cayo-sousa/ws_ld90_sim/install/libaria/include/Aria/ArTCM2.h
[24.700s] -- Installing: /home/cayo-sousa/ws_ld90_sim/install/libaria/include/Aria/ArRobotConfig.h
[24.700s] -- Installing: /home/cayo-sousa/ws_ld90_sim/install/libaria/include/Aria/ArPTZ.h
[24.701s] -- Installing: /home/cayo-sousa/ws_ld90_sim/install/libaria/include/Aria/ArLCDConnector.h
[24.701s] -- Installing: /home/cayo-sousa/ws_ld90_sim/install/libaria/include/Aria/ArExport.h
[24.701s] -- Installing: /home/cayo-sousa/ws_ld90_sim/install/libaria/include/Aria/ArActionDesired.h
[24.701s] -- Installing: /home/cayo-sousa/ws_ld90_sim/install/libaria/include/Aria/ArLMS1XX.h
[24.701s] -- Installing: /home/cayo-sousa/ws_ld90_sim/install/libaria/include/Aria/ArMapUtils.h
[24.701s] -- Installing: /home/cayo-sousa/ws_ld90_sim/install/libaria/include/ArNetworking
[24.701s] -- Installing: /home/cayo-sousa/ws_ld90_sim/install/libaria/include/ArNetworking/ArCentralManager.h
[24.701s] -- Installing: /home/cayo-sousa/ws_ld90_sim/install/libaria/include/ArNetworking/ArServerCommands.h
[24.701s] -- Installing: /home/cayo-sousa/ws_ld90_sim/install/libaria/include/ArNetworking/ArServerInfoSensor.h
[24.701s] -- Installing: /home/cayo-sousa/ws_ld90_sim/install/libaria/include/ArNetworking/ArServerInfoStrings.h
[24.701s] -- Installing: /home/cayo-sousa/ws_ld90_sim/install/libaria/include/ArNetworking/ArClientHandlerRobotUpdate.h
[24.701s] -- Installing: /home/cayo-sousa/ws_ld90_sim/install/libaria/include/ArNetworking/ArClientSimpleConnector.h
[24.701s] -- Installing: /home/cayo-sousa/ws_ld90_sim/install/libaria/include/ArNetworking/ArServerInfoRobot.h
[24.701s] -- Installing: /home/cayo-sousa/ws_ld90_sim/install/libaria/include/ArNetworking/ArServerModeStop.h
[24.701s] -- Installing: /home/cayo-sousa/ws_ld90_sim/install/libaria/include/ArNetworking/ArMapChanger.h
[24.701s] -- Installing: /home/cayo-sousa/ws_ld90_sim/install/libaria/include/ArNetworking/ArNetworking.h
[24.701s] -- Installing: /home/cayo-sousa/ws_ld90_sim/install/libaria/include/ArNetworking/ArNetPacket.h
[24.701s] -- Installing: /home/cayo-sousa/ws_ld90_sim/install/libaria/include/ArNetworking/ArServerMode.h
[24.701s] -- Installing: /home/cayo-sousa/ws_ld90_sim/install/libaria/include/ArNetworking/ArClientHandlerConfig.h
[24.701s] -- Installing: /home/cayo-sousa/ws_ld90_sim/install/libaria/include/ArNetworking/ArServerHandlerCommands.h
[24.701s] -- Installing: /home/cayo-sousa/ws_ld90_sim/install/libaria/include/ArNetworking/ArServerFileUtils.h
[24.701s] -- Installing: /home/cayo-sousa/ws_ld90_sim/install/libaria/include/ArNetworking/ArServerModeRatioDrive.h
[24.701s] -- Installing: /home/cayo-sousa/ws_ld90_sim/install/libaria/include/ArNetworking/ArServerInfoDrawings.h
[24.701s] -- Installing: /home/cayo-sousa/ws_ld90_sim/install/libaria/include/ArNetworking/ArHybridForwarderVideo.h
[24.701s] -- Installing: /home/cayo-sousa/ws_ld90_sim/install/libaria/include/ArNetworking/ArServerClientData.h
[24.701s] -- Installing: /home/cayo-sousa/ws_ld90_sim/install/libaria/include/ArNetworking/ArServerClient.h
[24.701s] -- Installing: /home/cayo-sousa/ws_ld90_sim/install/libaria/include/ArNetworking/ArServerModeJogPosition.h
[24.701s] -- Installing: /home/cayo-sousa/ws_ld90_sim/install/libaria/include/ArNetworking/ArServerHandlerCameraCollection.h
[24.702s] -- Installing: /home/cayo-sousa/ws_ld90_sim/install/libaria/include/ArNetworking/ArServerUserInfo.h
[24.702s] -- Installing: /home/cayo-sousa/ws_ld90_sim/install/libaria/include/ArNetworking/ArServerSimpleOpener.h
[24.702s] -- Installing: /home/cayo-sousa/ws_ld90_sim/install/libaria/include/ArNetworking/ArClientCommands.h
[24.702s] -- Installing: /home/cayo-sousa/ws_ld90_sim/install/libaria/include/ArNetworking/ArClientRatioDrive.h
[24.702s] -- Installing: /home/cayo-sousa/ws_ld90_sim/install/libaria/include/ArNetworking/ArTempDirectoryHelper.h
[24.702s] -- Installing: /home/cayo-sousa/ws_ld90_sim/install/libaria/include/ArNetworking/ArServerHandlerMapping.h
[24.702s] -- Installing: /home/cayo-sousa/ws_ld90_sim/install/libaria/include/ArNetworking/ArServerModeIdle.h
[24.702s] -- Installing: /home/cayo-sousa/ws_ld90_sim/install/libaria/include/ArNetworking/ArServerSimpleCommands.h
[24.702s] -- Installing: /home/cayo-sousa/ws_ld90_sim/install/libaria/include/ArNetworking/ArClientData.h
[24.702s] -- Installing: /home/cayo-sousa/ws_ld90_sim/install/libaria/include/ArNetworking/md5.h
[24.702s] -- Installing: /home/cayo-sousa/ws_ld90_sim/install/libaria/include/ArNetworking/ArServerHandlerCamera.h
[24.702s] -- Installing: /home/cayo-sousa/ws_ld90_sim/install/libaria/include/ArNetworking/ArServerHandlerPopup.h
[24.702s] -- Installing: /home/cayo-sousa/ws_ld90_sim/install/libaria/include/ArNetworking/ArServerClientIdentifier.h
[24.702s] -- Installing: /home/cayo-sousa/ws_ld90_sim/install/libaria/include/ArNetworking/ArClientFileUtils.h
[24.702s] -- Installing: /home/cayo-sousa/ws_ld90_sim/install/libaria/include/ArNetworking/ArClientBase.h
[24.702s] -- Installing: /home/cayo-sousa/ws_ld90_sim/install/libaria/include/ArNetworking/ArNetPacketReceiverTcp.h
[24.702s] -- Installing: /home/cayo-sousa/ws_ld90_sim/install/libaria/include/ArNetworking/ArServerHandlerMap.h
[24.702s] -- Installing: /home/cayo-sousa/ws_ld90_sim/install/libaria/include/ArNetworking/ArServerModeWander.h
[24.702s] -- Installing: /home/cayo-sousa/ws_ld90_sim/install/libaria/include/ArNetworking/ArClientArgUtils.h
[24.702s] -- Installing: /home/cayo-sousa/ws_ld90_sim/install/libaria/include/ArNetworking/ArServerBase.h
[24.703s] -- Installing: /home/cayo-sousa/ws_ld90_sim/install/libaria/include/ArNetworking/ArServerHandlerConfig.h
[24.703s] -- Installing: /home/cayo-sousa/ws_ld90_sim/install/libaria/include/ArNetworking/ArServerModeDrive.h
[24.703s] -- Installing: /home/cayo-sousa/ws_ld90_sim/install/libaria/include/ArNetworking/ArNetPacketSenderTcp.h
[24.703s] -- Installing: /home/cayo-sousa/ws_ld90_sim/install/libaria/include/ArNetworking/ArCentralForwarder.h
[24.703s] -- Installing: /home/cayo-sousa/ws_ld90_sim/install/libaria/include/ArNetworking/ArServerData.h
[24.703s] -- Installing: /home/cayo-sousa/ws_ld90_sim/install/libaria/include/ArNetworking/ArServerHandlerCommMonitor.h
[24.704s] -- Installing: /home/cayo-sousa/ws_ld90_sim/install/libaria/include/ArNetworking/ArClientSwitchManager.h
[24.704s] -- Installing: /home/cayo-sousa/ws_ld90_sim/install/libaria/include/ArNetworking/ArNetPacketReceiverUdp.h
[24.704s] -- Installing: /home/cayo-sousa/ws_ld90_sim/install/libaria/lib/cmake/libaria/libariaTargets.cmake
[24.705s] -- Installing: /home/cayo-sousa/ws_ld90_sim/install/libaria/lib/cmake/libaria/libariaTargets-noconfig.cmake
[24.705s] -- Installing: /home/cayo-sousa/ws_ld90_sim/install/libaria/lib/cmake/libaria/libariaConfig.cmake
[24.705s] -- Installing: /home/cayo-sousa/ws_ld90_sim/install/libaria/lib/cmake/libaria/libariaConfigVersion.cmake
[24.705s] -- Installing: /home/cayo-sousa/ws_ld90_sim/install/libaria/lib/cmake/libaria/package.xml
[24.705s] Invoked command in '/home/cayo-sousa/ws_ld90_sim/build/libaria' returned '0': CMAKE_PREFIX_PATH=${CMAKE_PREFIX_PATH}:/opt/ros/jazzy DEBUGINFOD_URLS=https://debuginfod.ubuntu.com /usr/bin/cmake --install /home/cayo-sousa/ws_ld90_sim/build/libaria
