[0.155s] DEBUG:colcon:Command line arguments: ['/usr/bin/colcon', 'build', '--symlink-install']
[0.155s] DEBUG:colcon:Parsed command line arguments: Namespace(log_base=None, log_level=None, verb_name='build', build_base='build', install_base='install', merge_install=False, symlink_install=True, test_result_base=None, continue_on_error=False, executor='parallel', parallel_workers=12, event_handlers=None, ignore_user_meta=False, metas=['./colcon.meta'], base_paths=['.'], packages_ignore=None, packages_ignore_regex=None, paths=None, packages_up_to=None, packages_up_to_regex=None, packages_above=None, packages_above_and_dependencies=None, packages_above_depth=None, packages_select_by_dep=None, packages_skip_by_dep=None, packages_skip_up_to=None, packages_select_build_failed=False, packages_skip_build_finished=False, packages_select_test_failures=False, packages_skip_test_passed=False, packages_select=None, packages_skip=None, packages_select_regex=None, packages_skip_regex=None, packages_start=None, packages_end=None, allow_overriding=[], cmake_args=None, cmake_target=None, cmake_target_skip_unavailable=False, cmake_clean_cache=False, cmake_clean_first=False, cmake_force_configure=False, ament_cmake_args=None, catkin_cmake_args=None, catkin_skip_building_tests=False, mixin_files=None, mixin=None, verb_parser=<colcon_mixin.mixin.mixin_argument.MixinArgumentDecorator object at 0x791c51b960f0>, verb_extension=<colcon_core.verb.build.BuildVerb object at 0x791c51cba8a0>, main=<bound method BuildVerb.main of <colcon_core.verb.build.BuildVerb object at 0x791c51cba8a0>>, mixin_verb=('build',))
[0.188s] Level 1:colcon.colcon_core.package_discovery:discover_packages(colcon_meta) check parameters
[0.188s] Level 1:colcon.colcon_core.package_discovery:discover_packages(recursive) check parameters
[0.188s] Level 1:colcon.colcon_core.package_discovery:discover_packages(ignore) check parameters
[0.188s] Level 1:colcon.colcon_core.package_discovery:discover_packages(path) check parameters
[0.188s] Level 1:colcon.colcon_core.package_discovery:discover_packages(colcon_meta) discover
[0.188s] Level 1:colcon.colcon_core.package_discovery:discover_packages(recursive) discover
[0.188s] INFO:colcon.colcon_core.package_discovery:Crawling recursively for packages in '/home/cayo-sousa/ws_ld90_sim'
[0.188s] Level 1:colcon.colcon_core.package_identification:_identify(.) by extensions ['ignore', 'ignore_ament_install']
[0.188s] Level 1:colcon.colcon_core.package_identification:_identify(.) by extension 'ignore'
[0.188s] Level 1:colcon.colcon_core.package_identification:_identify(.) by extension 'ignore_ament_install'
[0.188s] Level 1:colcon.colcon_core.package_identification:_identify(.) by extensions ['colcon_pkg']
[0.188s] Level 1:colcon.colcon_core.package_identification:_identify(.) by extension 'colcon_pkg'
[0.188s] Level 1:colcon.colcon_core.package_identification:_identify(.) by extensions ['colcon_meta']
[0.188s] Level 1:colcon.colcon_core.package_identification:_identify(.) by extension 'colcon_meta'
[0.188s] Level 1:colcon.colcon_core.package_identification:_identify(.) by extensions ['ros']
[0.188s] Level 1:colcon.colcon_core.package_identification:_identify(.) by extension 'ros'
[0.205s] Level 1:colcon.colcon_core.package_identification:_identify(.) by extensions ['cmake', 'python']
[0.205s] Level 1:colcon.colcon_core.package_identification:_identify(.) by extension 'cmake'
[0.205s] Level 1:colcon.colcon_core.package_identification:_identify(.) by extension 'python'
[0.205s] Level 1:colcon.colcon_core.package_identification:_identify(.) by extensions ['python_setup_py']
[0.205s] Level 1:colcon.colcon_core.package_identification:_identify(.) by extension 'python_setup_py'
[0.205s] Level 1:colcon.colcon_core.package_identification:_identify(build) by extensions ['ignore', 'ignore_ament_install']
[0.205s] Level 1:colcon.colcon_core.package_identification:_identify(build) by extension 'ignore'
[0.205s] Level 1:colcon.colcon_core.package_identification:_identify(build) ignored
[0.205s] Level 1:colcon.colcon_core.package_identification:_identify(install) by extensions ['ignore', 'ignore_ament_install']
[0.205s] Level 1:colcon.colcon_core.package_identification:_identify(install) by extension 'ignore'
[0.205s] Level 1:colcon.colcon_core.package_identification:_identify(install) ignored
[0.205s] Level 1:colcon.colcon_core.package_identification:_identify(log) by extensions ['ignore', 'ignore_ament_install']
[0.205s] Level 1:colcon.colcon_core.package_identification:_identify(log) by extension 'ignore'
[0.205s] Level 1:colcon.colcon_core.package_identification:_identify(log) ignored
[0.205s] Level 1:colcon.colcon_core.package_identification:_identify(src) by extensions ['ignore', 'ignore_ament_install']
[0.205s] Level 1:colcon.colcon_core.package_identification:_identify(src) by extension 'ignore'
[0.205s] Level 1:colcon.colcon_core.package_identification:_identify(src) by extension 'ignore_ament_install'
[0.205s] Level 1:colcon.colcon_core.package_identification:_identify(src) by extensions ['colcon_pkg']
[0.205s] Level 1:colcon.colcon_core.package_identification:_identify(src) by extension 'colcon_pkg'
[0.205s] Level 1:colcon.colcon_core.package_identification:_identify(src) by extensions ['colcon_meta']
[0.205s] Level 1:colcon.colcon_core.package_identification:_identify(src) by extension 'colcon_meta'
[0.205s] Level 1:colcon.colcon_core.package_identification:_identify(src) by extensions ['ros']
[0.205s] Level 1:colcon.colcon_core.package_identification:_identify(src) by extension 'ros'
[0.205s] Level 1:colcon.colcon_core.package_identification:_identify(src) by extensions ['cmake', 'python']
[0.205s] Level 1:colcon.colcon_core.package_identification:_identify(src) by extension 'cmake'
[0.205s] Level 1:colcon.colcon_core.package_identification:_identify(src) by extension 'python'
[0.205s] Level 1:colcon.colcon_core.package_identification:_identify(src) by extensions ['python_setup_py']
[0.205s] Level 1:colcon.colcon_core.package_identification:_identify(src) by extension 'python_setup_py'
[0.205s] Level 1:colcon.colcon_core.package_identification:_identify(src/ld90_gz) by extensions ['ignore', 'ignore_ament_install']
[0.205s] Level 1:colcon.colcon_core.package_identification:_identify(src/ld90_gz) by extension 'ignore'
[0.206s] Level 1:colcon.colcon_core.package_identification:_identify(src/ld90_gz) by extension 'ignore_ament_install'
[0.206s] Level 1:colcon.colcon_core.package_identification:_identify(src/ld90_gz) by extensions ['colcon_pkg']
[0.206s] Level 1:colcon.colcon_core.package_identification:_identify(src/ld90_gz) by extension 'colcon_pkg'
[0.206s] Level 1:colcon.colcon_core.package_identification:_identify(src/ld90_gz) by extensions ['colcon_meta']
[0.206s] Level 1:colcon.colcon_core.package_identification:_identify(src/ld90_gz) by extension 'colcon_meta'
[0.206s] Level 1:colcon.colcon_core.package_identification:_identify(src/ld90_gz) by extensions ['ros']
[0.206s] Level 1:colcon.colcon_core.package_identification:_identify(src/ld90_gz) by extension 'ros'
[0.208s] DEBUG:colcon.colcon_core.package_identification:Package 'src/ld90_gz' with type 'ros.ament_python' and name 'ld90_gz'
[0.208s] Level 1:colcon.colcon_core.package_identification:_identify(src/omron_amr) by extensions ['ignore', 'ignore_ament_install']
[0.208s] Level 1:colcon.colcon_core.package_identification:_identify(src/omron_amr) by extension 'ignore'
[0.208s] Level 1:colcon.colcon_core.package_identification:_identify(src/omron_amr) by extension 'ignore_ament_install'
[0.208s] Level 1:colcon.colcon_core.package_identification:_identify(src/omron_amr) by extensions ['colcon_pkg']
[0.208s] Level 1:colcon.colcon_core.package_identification:_identify(src/omron_amr) by extension 'colcon_pkg'
[0.208s] Level 1:colcon.colcon_core.package_identification:_identify(src/omron_amr) by extensions ['colcon_meta']
[0.208s] Level 1:colcon.colcon_core.package_identification:_identify(src/omron_amr) by extension 'colcon_meta'
[0.208s] Level 1:colcon.colcon_core.package_identification:_identify(src/omron_amr) by extensions ['ros']
[0.208s] Level 1:colcon.colcon_core.package_identification:_identify(src/omron_amr) by extension 'ros'
[0.208s] Level 1:colcon.colcon_core.package_identification:_identify(src/omron_amr) by extensions ['cmake', 'python']
[0.208s] Level 1:colcon.colcon_core.package_identification:_identify(src/omron_amr) by extension 'cmake'
[0.208s] Level 1:colcon.colcon_core.package_identification:_identify(src/omron_amr) by extension 'python'
[0.208s] Level 1:colcon.colcon_core.package_identification:_identify(src/omron_amr) by extensions ['python_setup_py']
[0.208s] Level 1:colcon.colcon_core.package_identification:_identify(src/omron_amr) by extension 'python_setup_py'
[0.208s] Level 1:colcon.colcon_core.package_identification:_identify(src/omron_amr/amr_core) by extensions ['ignore', 'ignore_ament_install']
[0.209s] Level 1:colcon.colcon_core.package_identification:_identify(src/omron_amr/amr_core) by extension 'ignore'
[0.209s] Level 1:colcon.colcon_core.package_identification:_identify(src/omron_amr/amr_core) by extension 'ignore_ament_install'
[0.209s] Level 1:colcon.colcon_core.package_identification:_identify(src/omron_amr/amr_core) by extensions ['colcon_pkg']
[0.209s] Level 1:colcon.colcon_core.package_identification:_identify(src/omron_amr/amr_core) by extension 'colcon_pkg'
[0.209s] Level 1:colcon.colcon_core.package_identification:_identify(src/omron_amr/amr_core) by extensions ['colcon_meta']
[0.209s] Level 1:colcon.colcon_core.package_identification:_identify(src/omron_amr/amr_core) by extension 'colcon_meta'
[0.209s] Level 1:colcon.colcon_core.package_identification:_identify(src/omron_amr/amr_core) by extensions ['ros']
[0.209s] Level 1:colcon.colcon_core.package_identification:_identify(src/omron_amr/amr_core) by extension 'ros'
[0.209s] DEBUG:colcon.colcon_core.package_identification:Package 'src/omron_amr/amr_core' with type 'ros.ament_cmake' and name 'amr_core'
[0.210s] Level 1:colcon.colcon_core.package_identification:_identify(src/omron_amr/amr_description) by extensions ['ignore', 'ignore_ament_install']
[0.210s] Level 1:colcon.colcon_core.package_identification:_identify(src/omron_amr/amr_description) by extension 'ignore'
[0.210s] Level 1:colcon.colcon_core.package_identification:_identify(src/omron_amr/amr_description) by extension 'ignore_ament_install'
[0.210s] Level 1:colcon.colcon_core.package_identification:_identify(src/omron_amr/amr_description) by extensions ['colcon_pkg']
[0.210s] Level 1:colcon.colcon_core.package_identification:_identify(src/omron_amr/amr_description) by extension 'colcon_pkg'
[0.210s] Level 1:colcon.colcon_core.package_identification:_identify(src/omron_amr/amr_description) by extensions ['colcon_meta']
[0.210s] Level 1:colcon.colcon_core.package_identification:_identify(src/omron_amr/amr_description) by extension 'colcon_meta'
[0.210s] Level 1:colcon.colcon_core.package_identification:_identify(src/omron_amr/amr_description) by extensions ['ros']
[0.210s] Level 1:colcon.colcon_core.package_identification:_identify(src/omron_amr/amr_description) by extension 'ros'
[0.210s] DEBUG:colcon.colcon_core.package_identification:Package 'src/omron_amr/amr_description' with type 'ros.ament_cmake' and name 'amr_description'
[0.210s] Level 1:colcon.colcon_core.package_identification:_identify(src/omron_amr/amr_msgs) by extensions ['ignore', 'ignore_ament_install']
[0.210s] Level 1:colcon.colcon_core.package_identification:_identify(src/omron_amr/amr_msgs) by extension 'ignore'
[0.210s] Level 1:colcon.colcon_core.package_identification:_identify(src/omron_amr/amr_msgs) by extension 'ignore_ament_install'
[0.210s] Level 1:colcon.colcon_core.package_identification:_identify(src/omron_amr/amr_msgs) by extensions ['colcon_pkg']
[0.210s] Level 1:colcon.colcon_core.package_identification:_identify(src/omron_amr/amr_msgs) by extension 'colcon_pkg'
[0.210s] Level 1:colcon.colcon_core.package_identification:_identify(src/omron_amr/amr_msgs) by extensions ['colcon_meta']
[0.210s] Level 1:colcon.colcon_core.package_identification:_identify(src/omron_amr/amr_msgs) by extension 'colcon_meta'
[0.210s] Level 1:colcon.colcon_core.package_identification:_identify(src/omron_amr/amr_msgs) by extensions ['ros']
[0.210s] Level 1:colcon.colcon_core.package_identification:_identify(src/omron_amr/amr_msgs) by extension 'ros'
[0.211s] DEBUG:colcon.colcon_core.package_identification:Package 'src/omron_amr/amr_msgs' with type 'ros.ament_cmake' and name 'amr_msgs'
[0.211s] Level 1:colcon.colcon_core.package_identification:_identify(src/omron_amr/amr_nav2) by extensions ['ignore', 'ignore_ament_install']
[0.211s] Level 1:colcon.colcon_core.package_identification:_identify(src/omron_amr/amr_nav2) by extension 'ignore'
[0.211s] Level 1:colcon.colcon_core.package_identification:_identify(src/omron_amr/amr_nav2) by extension 'ignore_ament_install'
[0.211s] Level 1:colcon.colcon_core.package_identification:_identify(src/omron_amr/amr_nav2) by extensions ['colcon_pkg']
[0.211s] Level 1:colcon.colcon_core.package_identification:_identify(src/omron_amr/amr_nav2) by extension 'colcon_pkg'
[0.211s] Level 1:colcon.colcon_core.package_identification:_identify(src/omron_amr/amr_nav2) by extensions ['colcon_meta']
[0.211s] Level 1:colcon.colcon_core.package_identification:_identify(src/omron_amr/amr_nav2) by extension 'colcon_meta'
[0.211s] Level 1:colcon.colcon_core.package_identification:_identify(src/omron_amr/amr_nav2) by extensions ['ros']
[0.211s] Level 1:colcon.colcon_core.package_identification:_identify(src/omron_amr/amr_nav2) by extension 'ros'
[0.212s] DEBUG:colcon.colcon_core.package_identification:Package 'src/omron_amr/amr_nav2' with type 'ros.ament_cmake' and name 'amr_nav2'
[0.212s] Level 1:colcon.colcon_core.package_identification:_identify(src/omron_amr/amr_ros) by extensions ['ignore', 'ignore_ament_install']
[0.212s] Level 1:colcon.colcon_core.package_identification:_identify(src/omron_amr/amr_ros) by extension 'ignore'
[0.212s] Level 1:colcon.colcon_core.package_identification:_identify(src/omron_amr/amr_ros) by extension 'ignore_ament_install'
[0.212s] Level 1:colcon.colcon_core.package_identification:_identify(src/omron_amr/amr_ros) by extensions ['colcon_pkg']
[0.212s] Level 1:colcon.colcon_core.package_identification:_identify(src/omron_amr/amr_ros) by extension 'colcon_pkg'
[0.212s] Level 1:colcon.colcon_core.package_identification:_identify(src/omron_amr/amr_ros) by extensions ['colcon_meta']
[0.212s] Level 1:colcon.colcon_core.package_identification:_identify(src/omron_amr/amr_ros) by extension 'colcon_meta'
[0.212s] Level 1:colcon.colcon_core.package_identification:_identify(src/omron_amr/amr_ros) by extensions ['ros']
[0.212s] Level 1:colcon.colcon_core.package_identification:_identify(src/omron_amr/amr_ros) by extension 'ros'
[0.212s] DEBUG:colcon.colcon_core.package_identification:Package 'src/omron_amr/amr_ros' with type 'ros.ament_cmake' and name 'amr_ros'
[0.213s] Level 1:colcon.colcon_core.package_identification:_identify(src/omron_amr/amr_teleop) by extensions ['ignore', 'ignore_ament_install']
[0.213s] Level 1:colcon.colcon_core.package_identification:_identify(src/omron_amr/amr_teleop) by extension 'ignore'
[0.213s] Level 1:colcon.colcon_core.package_identification:_identify(src/omron_amr/amr_teleop) by extension 'ignore_ament_install'
[0.213s] Level 1:colcon.colcon_core.package_identification:_identify(src/omron_amr/amr_teleop) by extensions ['colcon_pkg']
[0.213s] Level 1:colcon.colcon_core.package_identification:_identify(src/omron_amr/amr_teleop) by extension 'colcon_pkg'
[0.213s] Level 1:colcon.colcon_core.package_identification:_identify(src/omron_amr/amr_teleop) by extensions ['colcon_meta']
[0.213s] Level 1:colcon.colcon_core.package_identification:_identify(src/omron_amr/amr_teleop) by extension 'colcon_meta'
[0.213s] Level 1:colcon.colcon_core.package_identification:_identify(src/omron_amr/amr_teleop) by extensions ['ros']
[0.213s] Level 1:colcon.colcon_core.package_identification:_identify(src/omron_amr/amr_teleop) by extension 'ros'
[0.213s] DEBUG:colcon.colcon_core.package_identification:Package 'src/omron_amr/amr_teleop' with type 'ros.ament_cmake' and name 'amr_teleop'
[0.213s] Level 1:colcon.colcon_core.package_identification:_identify(src/omron_amr/docs) by extensions ['ignore', 'ignore_ament_install']
[0.213s] Level 1:colcon.colcon_core.package_identification:_identify(src/omron_amr/docs) by extension 'ignore'
[0.213s] Level 1:colcon.colcon_core.package_identification:_identify(src/omron_amr/docs) by extension 'ignore_ament_install'
[0.213s] Level 1:colcon.colcon_core.package_identification:_identify(src/omron_amr/docs) by extensions ['colcon_pkg']
[0.213s] Level 1:colcon.colcon_core.package_identification:_identify(src/omron_amr/docs) by extension 'colcon_pkg'
[0.213s] Level 1:colcon.colcon_core.package_identification:_identify(src/omron_amr/docs) by extensions ['colcon_meta']
[0.213s] Level 1:colcon.colcon_core.package_identification:_identify(src/omron_amr/docs) by extension 'colcon_meta'
[0.213s] Level 1:colcon.colcon_core.package_identification:_identify(src/omron_amr/docs) by extensions ['ros']
[0.213s] Level 1:colcon.colcon_core.package_identification:_identify(src/omron_amr/docs) by extension 'ros'
[0.213s] Level 1:colcon.colcon_core.package_identification:_identify(src/omron_amr/docs) by extensions ['cmake', 'python']
[0.213s] Level 1:colcon.colcon_core.package_identification:_identify(src/omron_amr/docs) by extension 'cmake'
[0.213s] Level 1:colcon.colcon_core.package_identification:_identify(src/omron_amr/docs) by extension 'python'
[0.213s] Level 1:colcon.colcon_core.package_identification:_identify(src/omron_amr/docs) by extensions ['python_setup_py']
[0.213s] Level 1:colcon.colcon_core.package_identification:_identify(src/omron_amr/docs) by extension 'python_setup_py'
[0.213s] Level 1:colcon.colcon_core.package_identification:_identify(src/omron_amr/docs/old_docs) by extensions ['ignore', 'ignore_ament_install']
[0.214s] Level 1:colcon.colcon_core.package_identification:_identify(src/omron_amr/docs/old_docs) by extension 'ignore'
[0.214s] Level 1:colcon.colcon_core.package_identification:_identify(src/omron_amr/docs/old_docs) by extension 'ignore_ament_install'
[0.214s] Level 1:colcon.colcon_core.package_identification:_identify(src/omron_amr/docs/old_docs) by extensions ['colcon_pkg']
[0.214s] Level 1:colcon.colcon_core.package_identification:_identify(src/omron_amr/docs/old_docs) by extension 'colcon_pkg'
[0.214s] Level 1:colcon.colcon_core.package_identification:_identify(src/omron_amr/docs/old_docs) by extensions ['colcon_meta']
[0.214s] Level 1:colcon.colcon_core.package_identification:_identify(src/omron_amr/docs/old_docs) by extension 'colcon_meta'
[0.214s] Level 1:colcon.colcon_core.package_identification:_identify(src/omron_amr/docs/old_docs) by extensions ['ros']
[0.214s] Level 1:colcon.colcon_core.package_identification:_identify(src/omron_amr/docs/old_docs) by extension 'ros'
[0.214s] Level 1:colcon.colcon_core.package_identification:_identify(src/omron_amr/docs/old_docs) by extensions ['cmake', 'python']
[0.214s] Level 1:colcon.colcon_core.package_identification:_identify(src/omron_amr/docs/old_docs) by extension 'cmake'
[0.214s] Level 1:colcon.colcon_core.package_identification:_identify(src/omron_amr/docs/old_docs) by extension 'python'
[0.214s] Level 1:colcon.colcon_core.package_identification:_identify(src/omron_amr/docs/old_docs) by extensions ['python_setup_py']
[0.214s] Level 1:colcon.colcon_core.package_identification:_identify(src/omron_amr/docs/old_docs) by extension 'python_setup_py'
[0.214s] Level 1:colcon.colcon_core.package_identification:_identify(src/omron_amr/docs/old_docs/dg-images) by extensions ['ignore', 'ignore_ament_install']
[0.214s] Level 1:colcon.colcon_core.package_identification:_identify(src/omron_amr/docs/old_docs/dg-images) by extension 'ignore'
[0.214s] Level 1:colcon.colcon_core.package_identification:_identify(src/omron_amr/docs/old_docs/dg-images) by extension 'ignore_ament_install'
[0.214s] Level 1:colcon.colcon_core.package_identification:_identify(src/omron_amr/docs/old_docs/dg-images) by extensions ['colcon_pkg']
[0.214s] Level 1:colcon.colcon_core.package_identification:_identify(src/omron_amr/docs/old_docs/dg-images) by extension 'colcon_pkg'
[0.214s] Level 1:colcon.colcon_core.package_identification:_identify(src/omron_amr/docs/old_docs/dg-images) by extensions ['colcon_meta']
[0.214s] Level 1:colcon.colcon_core.package_identification:_identify(src/omron_amr/docs/old_docs/dg-images) by extension 'colcon_meta'
[0.214s] Level 1:colcon.colcon_core.package_identification:_identify(src/omron_amr/docs/old_docs/dg-images) by extensions ['ros']
[0.214s] Level 1:colcon.colcon_core.package_identification:_identify(src/omron_amr/docs/old_docs/dg-images) by extension 'ros'
[0.214s] Level 1:colcon.colcon_core.package_identification:_identify(src/omron_amr/docs/old_docs/dg-images) by extensions ['cmake', 'python']
[0.214s] Level 1:colcon.colcon_core.package_identification:_identify(src/omron_amr/docs/old_docs/dg-images) by extension 'cmake'
[0.214s] Level 1:colcon.colcon_core.package_identification:_identify(src/omron_amr/docs/old_docs/dg-images) by extension 'python'
[0.214s] Level 1:colcon.colcon_core.package_identification:_identify(src/omron_amr/docs/old_docs/dg-images) by extensions ['python_setup_py']
[0.214s] Level 1:colcon.colcon_core.package_identification:_identify(src/omron_amr/docs/old_docs/dg-images) by extension 'python_setup_py'
[0.214s] Level 1:colcon.colcon_core.package_identification:_identify(src/omron_amr/libaria) by extensions ['ignore', 'ignore_ament_install']
[0.214s] Level 1:colcon.colcon_core.package_identification:_identify(src/omron_amr/libaria) by extension 'ignore'
[0.214s] Level 1:colcon.colcon_core.package_identification:_identify(src/omron_amr/libaria) by extension 'ignore_ament_install'
[0.214s] Level 1:colcon.colcon_core.package_identification:_identify(src/omron_amr/libaria) by extensions ['colcon_pkg']
[0.214s] Level 1:colcon.colcon_core.package_identification:_identify(src/omron_amr/libaria) by extension 'colcon_pkg'
[0.214s] Level 1:colcon.colcon_core.package_identification:_identify(src/omron_amr/libaria) by extensions ['colcon_meta']
[0.214s] Level 1:colcon.colcon_core.package_identification:_identify(src/omron_amr/libaria) by extension 'colcon_meta'
[0.214s] Level 1:colcon.colcon_core.package_identification:_identify(src/omron_amr/libaria) by extensions ['ros']
[0.214s] Level 1:colcon.colcon_core.package_identification:_identify(src/omron_amr/libaria) by extension 'ros'
[0.215s] DEBUG:colcon.colcon_core.package_identification:Package 'src/omron_amr/libaria' with type 'ros.cmake' and name 'libaria'
[0.215s] Level 1:colcon.colcon_core.package_discovery:discover_packages(recursive) using defaults
[0.215s] Level 1:colcon.colcon_core.package_discovery:discover_packages(ignore) discover
[0.215s] Level 1:colcon.colcon_core.package_discovery:discover_packages(ignore) using defaults
[0.216s] Level 1:colcon.colcon_core.package_discovery:discover_packages(path) discover
[0.216s] Level 1:colcon.colcon_core.package_discovery:discover_packages(path) using defaults
[0.230s] Level 1:colcon.colcon_core.package_discovery:discover_packages(prefix_path) check parameters
[0.230s] Level 1:colcon.colcon_core.package_discovery:discover_packages(prefix_path) discover
[0.232s] DEBUG:colcon.colcon_installed_package_information.package_discovery:Found 554 installed packages in /opt/ros/jazzy
[0.233s] Level 1:colcon.colcon_core.package_discovery:discover_packages(prefix_path) using defaults
[0.276s] Level 5:colcon.colcon_core.verb:set package 'amr_msgs' build argument 'cmake_args' from command line to 'None'
[0.276s] Level 5:colcon.colcon_core.verb:set package 'amr_msgs' build argument 'cmake_target' from command line to 'None'
[0.276s] Level 5:colcon.colcon_core.verb:set package 'amr_msgs' build argument 'cmake_target_skip_unavailable' from command line to 'False'
[0.276s] Level 5:colcon.colcon_core.verb:set package 'amr_msgs' build argument 'cmake_clean_cache' from command line to 'False'
[0.276s] Level 5:colcon.colcon_core.verb:set package 'amr_msgs' build argument 'cmake_clean_first' from command line to 'False'
[0.276s] Level 5:colcon.colcon_core.verb:set package 'amr_msgs' build argument 'cmake_force_configure' from command line to 'False'
[0.276s] Level 5:colcon.colcon_core.verb:set package 'amr_msgs' build argument 'ament_cmake_args' from command line to 'None'
[0.276s] Level 5:colcon.colcon_core.verb:set package 'amr_msgs' build argument 'catkin_cmake_args' from command line to 'None'
[0.276s] Level 5:colcon.colcon_core.verb:set package 'amr_msgs' build argument 'catkin_skip_building_tests' from command line to 'False'
[0.276s] DEBUG:colcon.colcon_core.verb:Building package 'amr_msgs' with the following arguments: {'ament_cmake_args': None, 'build_base': '/home/cayo-sousa/ws_ld90_sim/build/amr_msgs', 'catkin_cmake_args': None, 'catkin_skip_building_tests': False, 'cmake_args': None, 'cmake_clean_cache': False, 'cmake_clean_first': False, 'cmake_force_configure': False, 'cmake_target': None, 'cmake_target_skip_unavailable': False, 'install_base': '/home/cayo-sousa/ws_ld90_sim/install/amr_msgs', 'merge_install': False, 'path': '/home/cayo-sousa/ws_ld90_sim/src/omron_amr/amr_msgs', 'symlink_install': True, 'test_result_base': None}
[0.277s] Level 5:colcon.colcon_core.verb:set package 'amr_nav2' build argument 'cmake_args' from command line to 'None'
[0.277s] Level 5:colcon.colcon_core.verb:set package 'amr_nav2' build argument 'cmake_target' from command line to 'None'
[0.277s] Level 5:colcon.colcon_core.verb:set package 'amr_nav2' build argument 'cmake_target_skip_unavailable' from command line to 'False'
[0.277s] Level 5:colcon.colcon_core.verb:set package 'amr_nav2' build argument 'cmake_clean_cache' from command line to 'False'
[0.277s] Level 5:colcon.colcon_core.verb:set package 'amr_nav2' build argument 'cmake_clean_first' from command line to 'False'
[0.277s] Level 5:colcon.colcon_core.verb:set package 'amr_nav2' build argument 'cmake_force_configure' from command line to 'False'
[0.277s] Level 5:colcon.colcon_core.verb:set package 'amr_nav2' build argument 'ament_cmake_args' from command line to 'None'
[0.277s] Level 5:colcon.colcon_core.verb:set package 'amr_nav2' build argument 'catkin_cmake_args' from command line to 'None'
[0.277s] Level 5:colcon.colcon_core.verb:set package 'amr_nav2' build argument 'catkin_skip_building_tests' from command line to 'False'
[0.277s] DEBUG:colcon.colcon_core.verb:Building package 'amr_nav2' with the following arguments: {'ament_cmake_args': None, 'build_base': '/home/cayo-sousa/ws_ld90_sim/build/amr_nav2', 'catkin_cmake_args': None, 'catkin_skip_building_tests': False, 'cmake_args': None, 'cmake_clean_cache': False, 'cmake_clean_first': False, 'cmake_force_configure': False, 'cmake_target': None, 'cmake_target_skip_unavailable': False, 'install_base': '/home/cayo-sousa/ws_ld90_sim/install/amr_nav2', 'merge_install': False, 'path': '/home/cayo-sousa/ws_ld90_sim/src/omron_amr/amr_nav2', 'symlink_install': True, 'test_result_base': None}
[0.277s] Level 5:colcon.colcon_core.verb:set package 'amr_teleop' build argument 'cmake_args' from command line to 'None'
[0.277s] Level 5:colcon.colcon_core.verb:set package 'amr_teleop' build argument 'cmake_target' from command line to 'None'
[0.277s] Level 5:colcon.colcon_core.verb:set package 'amr_teleop' build argument 'cmake_target_skip_unavailable' from command line to 'False'
[0.277s] Level 5:colcon.colcon_core.verb:set package 'amr_teleop' build argument 'cmake_clean_cache' from command line to 'False'
[0.277s] Level 5:colcon.colcon_core.verb:set package 'amr_teleop' build argument 'cmake_clean_first' from command line to 'False'
[0.277s] Level 5:colcon.colcon_core.verb:set package 'amr_teleop' build argument 'cmake_force_configure' from command line to 'False'
[0.277s] Level 5:colcon.colcon_core.verb:set package 'amr_teleop' build argument 'ament_cmake_args' from command line to 'None'
[0.277s] Level 5:colcon.colcon_core.verb:set package 'amr_teleop' build argument 'catkin_cmake_args' from command line to 'None'
[0.277s] Level 5:colcon.colcon_core.verb:set package 'amr_teleop' build argument 'catkin_skip_building_tests' from command line to 'False'
[0.277s] DEBUG:colcon.colcon_core.verb:Building package 'amr_teleop' with the following arguments: {'ament_cmake_args': None, 'build_base': '/home/cayo-sousa/ws_ld90_sim/build/amr_teleop', 'catkin_cmake_args': None, 'catkin_skip_building_tests': False, 'cmake_args': None, 'cmake_clean_cache': False, 'cmake_clean_first': False, 'cmake_force_configure': False, 'cmake_target': None, 'cmake_target_skip_unavailable': False, 'install_base': '/home/cayo-sousa/ws_ld90_sim/install/amr_teleop', 'merge_install': False, 'path': '/home/cayo-sousa/ws_ld90_sim/src/omron_amr/amr_teleop', 'symlink_install': True, 'test_result_base': None}
[0.277s] Level 5:colcon.colcon_core.verb:set package 'libaria' build argument 'cmake_args' from command line to 'None'
[0.277s] Level 5:colcon.colcon_core.verb:set package 'libaria' build argument 'cmake_target' from command line to 'None'
[0.277s] Level 5:colcon.colcon_core.verb:set package 'libaria' build argument 'cmake_target_skip_unavailable' from command line to 'False'
[0.277s] Level 5:colcon.colcon_core.verb:set package 'libaria' build argument 'cmake_clean_cache' from command line to 'False'
[0.277s] Level 5:colcon.colcon_core.verb:set package 'libaria' build argument 'cmake_clean_first' from command line to 'False'
[0.277s] Level 5:colcon.colcon_core.verb:set package 'libaria' build argument 'cmake_force_configure' from command line to 'False'
[0.277s] Level 5:colcon.colcon_core.verb:set package 'libaria' build argument 'ament_cmake_args' from command line to 'None'
[0.277s] Level 5:colcon.colcon_core.verb:set package 'libaria' build argument 'catkin_cmake_args' from command line to 'None'
[0.277s] Level 5:colcon.colcon_core.verb:set package 'libaria' build argument 'catkin_skip_building_tests' from command line to 'False'
[0.277s] DEBUG:colcon.colcon_core.verb:Building package 'libaria' with the following arguments: {'ament_cmake_args': None, 'build_base': '/home/cayo-sousa/ws_ld90_sim/build/libaria', 'catkin_cmake_args': None, 'catkin_skip_building_tests': False, 'cmake_args': None, 'cmake_clean_cache': False, 'cmake_clean_first': False, 'cmake_force_configure': False, 'cmake_target': None, 'cmake_target_skip_unavailable': False, 'install_base': '/home/cayo-sousa/ws_ld90_sim/install/libaria', 'merge_install': False, 'path': '/home/cayo-sousa/ws_ld90_sim/src/omron_amr/libaria', 'symlink_install': True, 'test_result_base': None}
[0.277s] Level 5:colcon.colcon_core.verb:set package 'amr_core' build argument 'cmake_args' from command line to 'None'
[0.277s] Level 5:colcon.colcon_core.verb:set package 'amr_core' build argument 'cmake_target' from command line to 'None'
[0.277s] Level 5:colcon.colcon_core.verb:set package 'amr_core' build argument 'cmake_target_skip_unavailable' from command line to 'False'
[0.277s] Level 5:colcon.colcon_core.verb:set package 'amr_core' build argument 'cmake_clean_cache' from command line to 'False'
[0.277s] Level 5:colcon.colcon_core.verb:set package 'amr_core' build argument 'cmake_clean_first' from command line to 'False'
[0.277s] Level 5:colcon.colcon_core.verb:set package 'amr_core' build argument 'cmake_force_configure' from command line to 'False'
[0.277s] Level 5:colcon.colcon_core.verb:set package 'amr_core' build argument 'ament_cmake_args' from command line to 'None'
[0.277s] Level 5:colcon.colcon_core.verb:set package 'amr_core' build argument 'catkin_cmake_args' from command line to 'None'
[0.277s] Level 5:colcon.colcon_core.verb:set package 'amr_core' build argument 'catkin_skip_building_tests' from command line to 'False'
[0.277s] DEBUG:colcon.colcon_core.verb:Building package 'amr_core' with the following arguments: {'ament_cmake_args': None, 'build_base': '/home/cayo-sousa/ws_ld90_sim/build/amr_core', 'catkin_cmake_args': None, 'catkin_skip_building_tests': False, 'cmake_args': None, 'cmake_clean_cache': False, 'cmake_clean_first': False, 'cmake_force_configure': False, 'cmake_target': None, 'cmake_target_skip_unavailable': False, 'install_base': '/home/cayo-sousa/ws_ld90_sim/install/amr_core', 'merge_install': False, 'path': '/home/cayo-sousa/ws_ld90_sim/src/omron_amr/amr_core', 'symlink_install': True, 'test_result_base': None}
[0.278s] Level 5:colcon.colcon_core.verb:set package 'amr_description' build argument 'cmake_args' from command line to 'None'
[0.278s] Level 5:colcon.colcon_core.verb:set package 'amr_description' build argument 'cmake_target' from command line to 'None'
[0.278s] Level 5:colcon.colcon_core.verb:set package 'amr_description' build argument 'cmake_target_skip_unavailable' from command line to 'False'
[0.278s] Level 5:colcon.colcon_core.verb:set package 'amr_description' build argument 'cmake_clean_cache' from command line to 'False'
[0.278s] Level 5:colcon.colcon_core.verb:set package 'amr_description' build argument 'cmake_clean_first' from command line to 'False'
[0.278s] Level 5:colcon.colcon_core.verb:set package 'amr_description' build argument 'cmake_force_configure' from command line to 'False'
[0.278s] Level 5:colcon.colcon_core.verb:set package 'amr_description' build argument 'ament_cmake_args' from command line to 'None'
[0.278s] Level 5:colcon.colcon_core.verb:set package 'amr_description' build argument 'catkin_cmake_args' from command line to 'None'
[0.278s] Level 5:colcon.colcon_core.verb:set package 'amr_description' build argument 'catkin_skip_building_tests' from command line to 'False'
[0.278s] DEBUG:colcon.colcon_core.verb:Building package 'amr_description' with the following arguments: {'ament_cmake_args': None, 'build_base': '/home/cayo-sousa/ws_ld90_sim/build/amr_description', 'catkin_cmake_args': None, 'catkin_skip_building_tests': False, 'cmake_args': None, 'cmake_clean_cache': False, 'cmake_clean_first': False, 'cmake_force_configure': False, 'cmake_target': None, 'cmake_target_skip_unavailable': False, 'install_base': '/home/cayo-sousa/ws_ld90_sim/install/amr_description', 'merge_install': False, 'path': '/home/cayo-sousa/ws_ld90_sim/src/omron_amr/amr_description', 'symlink_install': True, 'test_result_base': None}
[0.278s] Level 5:colcon.colcon_core.verb:set package 'amr_ros' build argument 'cmake_args' from command line to 'None'
[0.278s] Level 5:colcon.colcon_core.verb:set package 'amr_ros' build argument 'cmake_target' from command line to 'None'
[0.278s] Level 5:colcon.colcon_core.verb:set package 'amr_ros' build argument 'cmake_target_skip_unavailable' from command line to 'False'
[0.278s] Level 5:colcon.colcon_core.verb:set package 'amr_ros' build argument 'cmake_clean_cache' from command line to 'False'
[0.278s] Level 5:colcon.colcon_core.verb:set package 'amr_ros' build argument 'cmake_clean_first' from command line to 'False'
[0.278s] Level 5:colcon.colcon_core.verb:set package 'amr_ros' build argument 'cmake_force_configure' from command line to 'False'
[0.278s] Level 5:colcon.colcon_core.verb:set package 'amr_ros' build argument 'ament_cmake_args' from command line to 'None'
[0.278s] Level 5:colcon.colcon_core.verb:set package 'amr_ros' build argument 'catkin_cmake_args' from command line to 'None'
[0.278s] Level 5:colcon.colcon_core.verb:set package 'amr_ros' build argument 'catkin_skip_building_tests' from command line to 'False'
[0.278s] DEBUG:colcon.colcon_core.verb:Building package 'amr_ros' with the following arguments: {'ament_cmake_args': None, 'build_base': '/home/cayo-sousa/ws_ld90_sim/build/amr_ros', 'catkin_cmake_args': None, 'catkin_skip_building_tests': False, 'cmake_args': None, 'cmake_clean_cache': False, 'cmake_clean_first': False, 'cmake_force_configure': False, 'cmake_target': None, 'cmake_target_skip_unavailable': False, 'install_base': '/home/cayo-sousa/ws_ld90_sim/install/amr_ros', 'merge_install': False, 'path': '/home/cayo-sousa/ws_ld90_sim/src/omron_amr/amr_ros', 'symlink_install': True, 'test_result_base': None}
[0.278s] Level 5:colcon.colcon_core.verb:set package 'ld90_gz' build argument 'cmake_args' from command line to 'None'
[0.278s] Level 5:colcon.colcon_core.verb:set package 'ld90_gz' build argument 'cmake_target' from command line to 'None'
[0.278s] Level 5:colcon.colcon_core.verb:set package 'ld90_gz' build argument 'cmake_target_skip_unavailable' from command line to 'False'
[0.278s] Level 5:colcon.colcon_core.verb:set package 'ld90_gz' build argument 'cmake_clean_cache' from command line to 'False'
[0.278s] Level 5:colcon.colcon_core.verb:set package 'ld90_gz' build argument 'cmake_clean_first' from command line to 'False'
[0.278s] Level 5:colcon.colcon_core.verb:set package 'ld90_gz' build argument 'cmake_force_configure' from command line to 'False'
[0.278s] Level 5:colcon.colcon_core.verb:set package 'ld90_gz' build argument 'ament_cmake_args' from command line to 'None'
[0.278s] Level 5:colcon.colcon_core.verb:set package 'ld90_gz' build argument 'catkin_cmake_args' from command line to 'None'
[0.278s] Level 5:colcon.colcon_core.verb:set package 'ld90_gz' build argument 'catkin_skip_building_tests' from command line to 'False'
[0.278s] DEBUG:colcon.colcon_core.verb:Building package 'ld90_gz' with the following arguments: {'ament_cmake_args': None, 'build_base': '/home/cayo-sousa/ws_ld90_sim/build/ld90_gz', 'catkin_cmake_args': None, 'catkin_skip_building_tests': False, 'cmake_args': None, 'cmake_clean_cache': False, 'cmake_clean_first': False, 'cmake_force_configure': False, 'cmake_target': None, 'cmake_target_skip_unavailable': False, 'install_base': '/home/cayo-sousa/ws_ld90_sim/install/ld90_gz', 'merge_install': False, 'path': '/home/cayo-sousa/ws_ld90_sim/src/ld90_gz', 'symlink_install': True, 'test_result_base': None}
[0.278s] INFO:colcon.colcon_core.executor:Executing jobs using 'parallel' executor
[0.279s] DEBUG:colcon.colcon_parallel_executor.executor.parallel:run_until_complete
[0.279s] INFO:colcon.colcon_ros.task.ament_cmake.build:Building ROS package in '/home/cayo-sousa/ws_ld90_sim/src/omron_amr/amr_msgs' with build type 'ament_cmake'
[0.279s] INFO:colcon.colcon_cmake.task.cmake.build:Building CMake package in '/home/cayo-sousa/ws_ld90_sim/src/omron_amr/amr_msgs'
[0.282s] INFO:colcon.colcon_core.plugin_system:Skipping extension 'colcon_core.shell.bat': Not used on non-Windows systems
[0.282s] INFO:colcon.colcon_core.shell:Skip shell extension 'powershell' for command environment: Not usable outside of PowerShell
[0.282s] DEBUG:colcon.colcon_core.shell:Skip shell extension 'dsv' for command environment
[0.284s] INFO:colcon.colcon_ros.task.cmake.build:Building ROS package in '/home/cayo-sousa/ws_ld90_sim/src/omron_amr/libaria' with build type 'cmake'
[0.284s] INFO:colcon.colcon_cmake.task.cmake.build:Building CMake package in '/home/cayo-sousa/ws_ld90_sim/src/omron_amr/libaria'
[0.284s] INFO:colcon.colcon_core.shell:Skip shell extension 'powershell' for command environment: Not usable outside of PowerShell
[0.284s] DEBUG:colcon.colcon_core.shell:Skip shell extension 'dsv' for command environment
[0.286s] INFO:colcon.colcon_ros.task.ament_cmake.build:Building ROS package in '/home/cayo-sousa/ws_ld90_sim/src/omron_amr/amr_nav2' with build type 'ament_cmake'
[0.286s] INFO:colcon.colcon_cmake.task.cmake.build:Building CMake package in '/home/cayo-sousa/ws_ld90_sim/src/omron_amr/amr_nav2'
[0.287s] INFO:colcon.colcon_core.shell:Skip shell extension 'powershell' for command environment: Not usable outside of PowerShell
[0.287s] DEBUG:colcon.colcon_core.shell:Skip shell extension 'dsv' for command environment
[0.289s] INFO:colcon.colcon_ros.task.ament_cmake.build:Building ROS package in '/home/cayo-sousa/ws_ld90_sim/src/omron_amr/amr_teleop' with build type 'ament_cmake'
[0.289s] INFO:colcon.colcon_cmake.task.cmake.build:Building CMake package in '/home/cayo-sousa/ws_ld90_sim/src/omron_amr/amr_teleop'
[0.289s] INFO:colcon.colcon_core.shell:Skip shell extension 'powershell' for command environment: Not usable outside of PowerShell
[0.289s] DEBUG:colcon.colcon_core.shell:Skip shell extension 'dsv' for command environment
[0.294s] DEBUG:colcon.colcon_core.event_handler.log_command:Invoking command in '/home/cayo-sousa/ws_ld90_sim/build/amr_msgs': CMAKE_PREFIX_PATH=${CMAKE_PREFIX_PATH}:/opt/ros/jazzy DEBUGINFOD_URLS=https://debuginfod.ubuntu.com /usr/bin/cmake --build /home/cayo-sousa/ws_ld90_sim/build/amr_msgs -- -j12 -l12
[0.297s] DEBUG:colcon.colcon_core.event_handler.log_command:Invoking command in '/home/cayo-sousa/ws_ld90_sim/build/libaria': CMAKE_PREFIX_PATH=${CMAKE_PREFIX_PATH}:/opt/ros/jazzy DEBUGINFOD_URLS=https://debuginfod.ubuntu.com /usr/bin/cmake --build /home/cayo-sousa/ws_ld90_sim/build/libaria -- -j12 -l12
[0.299s] DEBUG:colcon.colcon_core.event_handler.log_command:Invoking command in '/home/cayo-sousa/ws_ld90_sim/build/amr_nav2': CMAKE_PREFIX_PATH=${CMAKE_PREFIX_PATH}:/opt/ros/jazzy DEBUGINFOD_URLS=https://debuginfod.ubuntu.com /usr/bin/cmake --build /home/cayo-sousa/ws_ld90_sim/build/amr_nav2 -- -j12 -l12
[0.301s] DEBUG:colcon.colcon_core.event_handler.log_command:Invoking command in '/home/cayo-sousa/ws_ld90_sim/build/amr_teleop': CMAKE_PREFIX_PATH=${CMAKE_PREFIX_PATH}:/opt/ros/jazzy DEBUGINFOD_URLS=https://debuginfod.ubuntu.com /usr/bin/cmake --build /home/cayo-sousa/ws_ld90_sim/build/amr_teleop -- -j12 -l12
[0.353s] DEBUG:colcon.colcon_core.event_handler.log_command:Invoked command in '/home/cayo-sousa/ws_ld90_sim/build/amr_nav2' returned '0': CMAKE_PREFIX_PATH=${CMAKE_PREFIX_PATH}:/opt/ros/jazzy DEBUGINFOD_URLS=https://debuginfod.ubuntu.com /usr/bin/cmake --build /home/cayo-sousa/ws_ld90_sim/build/amr_nav2 -- -j12 -l12
[0.363s] DEBUG:colcon.colcon_core.event_handler.log_command:Invoking command in '/home/cayo-sousa/ws_ld90_sim/build/amr_nav2': CMAKE_PREFIX_PATH=${CMAKE_PREFIX_PATH}:/opt/ros/jazzy DEBUGINFOD_URLS=https://debuginfod.ubuntu.com /usr/bin/cmake --install /home/cayo-sousa/ws_ld90_sim/build/amr_nav2
[0.365s] DEBUG:colcon.colcon_core.event_handler.log_command:Invoked command in '/home/cayo-sousa/ws_ld90_sim/build/amr_teleop' returned '0': CMAKE_PREFIX_PATH=${CMAKE_PREFIX_PATH}:/opt/ros/jazzy DEBUGINFOD_URLS=https://debuginfod.ubuntu.com /usr/bin/cmake --build /home/cayo-sousa/ws_ld90_sim/build/amr_teleop -- -j12 -l12
[0.366s] DEBUG:colcon.colcon_core.event_handler.log_command:Invoking command in '/home/cayo-sousa/ws_ld90_sim/build/amr_teleop': CMAKE_PREFIX_PATH=${CMAKE_PREFIX_PATH}:/opt/ros/jazzy DEBUGINFOD_URLS=https://debuginfod.ubuntu.com /usr/bin/cmake --install /home/cayo-sousa/ws_ld90_sim/build/amr_teleop
[0.388s] Level 1:colcon.colcon_core.environment:create_environment_scripts_only(amr_teleop)
[0.389s] DEBUG:colcon.colcon_core.event_handler.log_command:Invoked command in '/home/cayo-sousa/ws_ld90_sim/build/amr_teleop' returned '0': CMAKE_PREFIX_PATH=${CMAKE_PREFIX_PATH}:/opt/ros/jazzy DEBUGINFOD_URLS=https://debuginfod.ubuntu.com /usr/bin/cmake --install /home/cayo-sousa/ws_ld90_sim/build/amr_teleop
[0.394s] Level 1:colcon.colcon_core.environment:checking '/home/cayo-sousa/ws_ld90_sim/install/amr_teleop' for CMake module files
[0.394s] Level 1:colcon.colcon_core.environment:checking '/home/cayo-sousa/ws_ld90_sim/install/amr_teleop' for CMake config files
[0.395s] Level 1:colcon.colcon_core.shell:create_environment_hook('amr_teleop', 'cmake_prefix_path')
[0.395s] INFO:colcon.colcon_core.shell:Creating environment hook '/home/cayo-sousa/ws_ld90_sim/install/amr_teleop/share/amr_teleop/hook/cmake_prefix_path.ps1'
[0.396s] INFO:colcon.colcon_core.shell:Creating environment descriptor '/home/cayo-sousa/ws_ld90_sim/install/amr_teleop/share/amr_teleop/hook/cmake_prefix_path.dsv'
[0.397s] INFO:colcon.colcon_core.shell:Creating environment hook '/home/cayo-sousa/ws_ld90_sim/install/amr_teleop/share/amr_teleop/hook/cmake_prefix_path.sh'
[0.397s] Level 1:colcon.colcon_core.environment:checking '/home/cayo-sousa/ws_ld90_sim/install/amr_teleop/bin'
[0.398s] Level 1:colcon.colcon_core.environment:checking '/home/cayo-sousa/ws_ld90_sim/install/amr_teleop/lib/pkgconfig/amr_teleop.pc'
[0.398s] Level 1:colcon.colcon_core.environment:checking '/home/cayo-sousa/ws_ld90_sim/install/amr_teleop/lib/python3.12/site-packages'
[0.398s] Level 1:colcon.colcon_core.environment:checking '/home/cayo-sousa/ws_ld90_sim/install/amr_teleop/bin'
[0.398s] INFO:colcon.colcon_core.shell:Creating package script '/home/cayo-sousa/ws_ld90_sim/install/amr_teleop/share/amr_teleop/package.ps1'
[0.400s] INFO:colcon.colcon_core.shell:Creating package descriptor '/home/cayo-sousa/ws_ld90_sim/install/amr_teleop/share/amr_teleop/package.dsv'
[0.400s] INFO:colcon.colcon_core.shell:Creating package script '/home/cayo-sousa/ws_ld90_sim/install/amr_teleop/share/amr_teleop/package.sh'
[0.401s] INFO:colcon.colcon_core.shell:Creating package script '/home/cayo-sousa/ws_ld90_sim/install/amr_teleop/share/amr_teleop/package.bash'
[0.402s] INFO:colcon.colcon_core.shell:Creating package script '/home/cayo-sousa/ws_ld90_sim/install/amr_teleop/share/amr_teleop/package.zsh'
[0.403s] Level 1:colcon.colcon_core.environment:create_file_with_runtime_dependencies(/home/cayo-sousa/ws_ld90_sim/install/amr_teleop/share/colcon-core/packages/amr_teleop)
[0.404s] Level 1:colcon.colcon_core.environment:create_environment_scripts_only(amr_teleop)
[0.404s] Level 1:colcon.colcon_core.environment:checking '/home/cayo-sousa/ws_ld90_sim/install/amr_teleop' for CMake module files
[0.405s] Level 1:colcon.colcon_core.environment:checking '/home/cayo-sousa/ws_ld90_sim/install/amr_teleop' for CMake config files
[0.405s] Level 1:colcon.colcon_core.shell:create_environment_hook('amr_teleop', 'cmake_prefix_path')
[0.405s] INFO:colcon.colcon_core.shell:Creating environment hook '/home/cayo-sousa/ws_ld90_sim/install/amr_teleop/share/amr_teleop/hook/cmake_prefix_path.ps1'
[0.406s] INFO:colcon.colcon_core.shell:Creating environment descriptor '/home/cayo-sousa/ws_ld90_sim/install/amr_teleop/share/amr_teleop/hook/cmake_prefix_path.dsv'
[0.406s] INFO:colcon.colcon_core.shell:Creating environment hook '/home/cayo-sousa/ws_ld90_sim/install/amr_teleop/share/amr_teleop/hook/cmake_prefix_path.sh'
[0.407s] Level 1:colcon.colcon_core.environment:checking '/home/cayo-sousa/ws_ld90_sim/install/amr_teleop/bin'
[0.407s] Level 1:colcon.colcon_core.environment:checking '/home/cayo-sousa/ws_ld90_sim/install/amr_teleop/lib/pkgconfig/amr_teleop.pc'
[0.407s] Level 1:colcon.colcon_core.environment:checking '/home/cayo-sousa/ws_ld90_sim/install/amr_teleop/lib/python3.12/site-packages'
[0.407s] Level 1:colcon.colcon_core.environment:checking '/home/cayo-sousa/ws_ld90_sim/install/amr_teleop/bin'
[0.407s] INFO:colcon.colcon_core.shell:Creating package script '/home/cayo-sousa/ws_ld90_sim/install/amr_teleop/share/amr_teleop/package.ps1'
[0.408s] INFO:colcon.colcon_core.shell:Creating package descriptor '/home/cayo-sousa/ws_ld90_sim/install/amr_teleop/share/amr_teleop/package.dsv'
[0.408s] INFO:colcon.colcon_core.shell:Creating package script '/home/cayo-sousa/ws_ld90_sim/install/amr_teleop/share/amr_teleop/package.sh'
[0.409s] INFO:colcon.colcon_core.shell:Creating package script '/home/cayo-sousa/ws_ld90_sim/install/amr_teleop/share/amr_teleop/package.bash'
[0.409s] INFO:colcon.colcon_core.shell:Creating package script '/home/cayo-sousa/ws_ld90_sim/install/amr_teleop/share/amr_teleop/package.zsh'
[0.409s] Level 1:colcon.colcon_core.environment:create_file_with_runtime_dependencies(/home/cayo-sousa/ws_ld90_sim/install/amr_teleop/share/colcon-core/packages/amr_teleop)
[0.410s] Level 1:colcon.colcon_core.environment:create_environment_scripts_only(amr_nav2)
[0.411s] DEBUG:colcon.colcon_core.event_handler.log_command:Invoked command in '/home/cayo-sousa/ws_ld90_sim/build/amr_nav2' returned '0': CMAKE_PREFIX_PATH=${CMAKE_PREFIX_PATH}:/opt/ros/jazzy DEBUGINFOD_URLS=https://debuginfod.ubuntu.com /usr/bin/cmake --install /home/cayo-sousa/ws_ld90_sim/build/amr_nav2
[0.411s] Level 1:colcon.colcon_core.environment:checking '/home/cayo-sousa/ws_ld90_sim/install/amr_nav2' for CMake module files
[0.412s] Level 1:colcon.colcon_core.environment:checking '/home/cayo-sousa/ws_ld90_sim/install/amr_nav2' for CMake config files
[0.412s] Level 1:colcon.colcon_core.shell:create_environment_hook('amr_nav2', 'cmake_prefix_path')
[0.413s] INFO:colcon.colcon_core.shell:Creating environment hook '/home/cayo-sousa/ws_ld90_sim/install/amr_nav2/share/amr_nav2/hook/cmake_prefix_path.ps1'
[0.413s] INFO:colcon.colcon_core.shell:Creating environment descriptor '/home/cayo-sousa/ws_ld90_sim/install/amr_nav2/share/amr_nav2/hook/cmake_prefix_path.dsv'
[0.413s] INFO:colcon.colcon_core.shell:Creating environment hook '/home/cayo-sousa/ws_ld90_sim/install/amr_nav2/share/amr_nav2/hook/cmake_prefix_path.sh'
[0.414s] Level 1:colcon.colcon_core.environment:checking '/home/cayo-sousa/ws_ld90_sim/install/amr_nav2/bin'
[0.414s] Level 1:colcon.colcon_core.environment:checking '/home/cayo-sousa/ws_ld90_sim/install/amr_nav2/lib/pkgconfig/amr_nav2.pc'
[0.414s] Level 1:colcon.colcon_core.environment:checking '/home/cayo-sousa/ws_ld90_sim/install/amr_nav2/lib/python3.12/site-packages'
[0.415s] Level 1:colcon.colcon_core.environment:checking '/home/cayo-sousa/ws_ld90_sim/install/amr_nav2/bin'
[0.415s] INFO:colcon.colcon_core.shell:Creating package script '/home/cayo-sousa/ws_ld90_sim/install/amr_nav2/share/amr_nav2/package.ps1'
[0.416s] INFO:colcon.colcon_core.shell:Creating package descriptor '/home/cayo-sousa/ws_ld90_sim/install/amr_nav2/share/amr_nav2/package.dsv'
[0.416s] INFO:colcon.colcon_core.shell:Creating package script '/home/cayo-sousa/ws_ld90_sim/install/amr_nav2/share/amr_nav2/package.sh'
[0.416s] INFO:colcon.colcon_core.shell:Creating package script '/home/cayo-sousa/ws_ld90_sim/install/amr_nav2/share/amr_nav2/package.bash'
[0.417s] INFO:colcon.colcon_core.shell:Creating package script '/home/cayo-sousa/ws_ld90_sim/install/amr_nav2/share/amr_nav2/package.zsh'
[0.417s] Level 1:colcon.colcon_core.environment:create_file_with_runtime_dependencies(/home/cayo-sousa/ws_ld90_sim/install/amr_nav2/share/colcon-core/packages/amr_nav2)
[0.418s] Level 1:colcon.colcon_core.environment:create_environment_scripts_only(amr_nav2)
[0.418s] Level 1:colcon.colcon_core.environment:checking '/home/cayo-sousa/ws_ld90_sim/install/amr_nav2' for CMake module files
[0.419s] Level 1:colcon.colcon_core.environment:checking '/home/cayo-sousa/ws_ld90_sim/install/amr_nav2' for CMake config files
[0.419s] Level 1:colcon.colcon_core.shell:create_environment_hook('amr_nav2', 'cmake_prefix_path')
[0.419s] INFO:colcon.colcon_core.shell:Creating environment hook '/home/cayo-sousa/ws_ld90_sim/install/amr_nav2/share/amr_nav2/hook/cmake_prefix_path.ps1'
[0.420s] INFO:colcon.colcon_core.shell:Creating environment descriptor '/home/cayo-sousa/ws_ld90_sim/install/amr_nav2/share/amr_nav2/hook/cmake_prefix_path.dsv'
[0.420s] INFO:colcon.colcon_core.shell:Creating environment hook '/home/cayo-sousa/ws_ld90_sim/install/amr_nav2/share/amr_nav2/hook/cmake_prefix_path.sh'
[0.420s] Level 1:colcon.colcon_core.environment:checking '/home/cayo-sousa/ws_ld90_sim/install/amr_nav2/bin'
[0.420s] Level 1:colcon.colcon_core.environment:checking '/home/cayo-sousa/ws_ld90_sim/install/amr_nav2/lib/pkgconfig/amr_nav2.pc'
[0.421s] Level 1:colcon.colcon_core.environment:checking '/home/cayo-sousa/ws_ld90_sim/install/amr_nav2/lib/python3.12/site-packages'
[0.421s] Level 1:colcon.colcon_core.environment:checking '/home/cayo-sousa/ws_ld90_sim/install/amr_nav2/bin'
[0.421s] INFO:colcon.colcon_core.shell:Creating package script '/home/cayo-sousa/ws_ld90_sim/install/amr_nav2/share/amr_nav2/package.ps1'
[0.422s] INFO:colcon.colcon_core.shell:Creating package descriptor '/home/cayo-sousa/ws_ld90_sim/install/amr_nav2/share/amr_nav2/package.dsv'
[0.422s] INFO:colcon.colcon_core.shell:Creating package script '/home/cayo-sousa/ws_ld90_sim/install/amr_nav2/share/amr_nav2/package.sh'
[0.422s] INFO:colcon.colcon_core.shell:Creating package script '/home/cayo-sousa/ws_ld90_sim/install/amr_nav2/share/amr_nav2/package.bash'
[0.423s] INFO:colcon.colcon_core.shell:Creating package script '/home/cayo-sousa/ws_ld90_sim/install/amr_nav2/share/amr_nav2/package.zsh'
[0.423s] Level 1:colcon.colcon_core.environment:create_file_with_runtime_dependencies(/home/cayo-sousa/ws_ld90_sim/install/amr_nav2/share/colcon-core/packages/amr_nav2)
[0.539s] DEBUG:colcon.colcon_core.event_handler.log_command:Invoked command in '/home/cayo-sousa/ws_ld90_sim/build/libaria' returned '0': CMAKE_PREFIX_PATH=${CMAKE_PREFIX_PATH}:/opt/ros/jazzy DEBUGINFOD_URLS=https://debuginfod.ubuntu.com /usr/bin/cmake --build /home/cayo-sousa/ws_ld90_sim/build/libaria -- -j12 -l12
[0.541s] DEBUG:colcon.colcon_core.event_handler.log_command:Invoking command in '/home/cayo-sousa/ws_ld90_sim/build/libaria': CMAKE_PREFIX_PATH=${CMAKE_PREFIX_PATH}:/opt/ros/jazzy DEBUGINFOD_URLS=https://debuginfod.ubuntu.com /usr/bin/cmake --install /home/cayo-sousa/ws_ld90_sim/build/libaria
[0.565s] DEBUG:colcon.colcon_core.event_handler.log_command:Invoked command in '/home/cayo-sousa/ws_ld90_sim/build/libaria' returned '0': CMAKE_PREFIX_PATH=${CMAKE_PREFIX_PATH}:/opt/ros/jazzy DEBUGINFOD_URLS=https://debuginfod.ubuntu.com /usr/bin/cmake --install /home/cayo-sousa/ws_ld90_sim/build/libaria
[0.566s] Level 1:colcon.colcon_core.shell:create_environment_hook('libaria', 'pkg_config_path')
[0.566s] INFO:colcon.colcon_core.shell:Creating environment hook '/home/cayo-sousa/ws_ld90_sim/install/libaria/share/libaria/hook/pkg_config_path.ps1'
[0.567s] INFO:colcon.colcon_core.shell:Creating environment descriptor '/home/cayo-sousa/ws_ld90_sim/install/libaria/share/libaria/hook/pkg_config_path.dsv'
[0.567s] INFO:colcon.colcon_core.shell:Creating environment hook '/home/cayo-sousa/ws_ld90_sim/install/libaria/share/libaria/hook/pkg_config_path.sh'
[0.571s] Level 1:colcon.colcon_core.shell:create_environment_hook('libaria', 'pkg_config_path_multiarch')
[0.571s] INFO:colcon.colcon_core.shell:Creating environment hook '/home/cayo-sousa/ws_ld90_sim/install/libaria/share/libaria/hook/pkg_config_path_multiarch.ps1'
[0.571s] INFO:colcon.colcon_core.shell:Creating environment descriptor '/home/cayo-sousa/ws_ld90_sim/install/libaria/share/libaria/hook/pkg_config_path_multiarch.dsv'
[0.572s] INFO:colcon.colcon_core.shell:Creating environment hook '/home/cayo-sousa/ws_ld90_sim/install/libaria/share/libaria/hook/pkg_config_path_multiarch.sh'
[0.572s] Level 1:colcon.colcon_core.environment:create_environment_scripts_only(libaria)
[0.572s] Level 1:colcon.colcon_core.environment:checking '/home/cayo-sousa/ws_ld90_sim/install/libaria' for CMake module files
[0.573s] Level 1:colcon.colcon_core.environment:checking '/home/cayo-sousa/ws_ld90_sim/install/libaria' for CMake config files
[0.573s] Level 1:colcon.colcon_core.shell:create_environment_hook('libaria', 'cmake_prefix_path')
[0.573s] INFO:colcon.colcon_core.shell:Creating environment hook '/home/cayo-sousa/ws_ld90_sim/install/libaria/share/libaria/hook/cmake_prefix_path.ps1'
[0.574s] INFO:colcon.colcon_core.shell:Creating environment descriptor '/home/cayo-sousa/ws_ld90_sim/install/libaria/share/libaria/hook/cmake_prefix_path.dsv'
[0.574s] INFO:colcon.colcon_core.shell:Creating environment hook '/home/cayo-sousa/ws_ld90_sim/install/libaria/share/libaria/hook/cmake_prefix_path.sh'
[0.574s] Level 1:colcon.colcon_core.environment:checking '/home/cayo-sousa/ws_ld90_sim/install/libaria/lib'
[0.575s] Level 1:colcon.colcon_core.shell:create_environment_hook('libaria', 'ld_library_path_lib')
[0.575s] INFO:colcon.colcon_core.shell:Creating environment hook '/home/cayo-sousa/ws_ld90_sim/install/libaria/share/libaria/hook/ld_library_path_lib.ps1'
[0.575s] INFO:colcon.colcon_core.shell:Creating environment descriptor '/home/cayo-sousa/ws_ld90_sim/install/libaria/share/libaria/hook/ld_library_path_lib.dsv'
[0.575s] INFO:colcon.colcon_core.shell:Creating environment hook '/home/cayo-sousa/ws_ld90_sim/install/libaria/share/libaria/hook/ld_library_path_lib.sh'
[0.576s] Level 1:colcon.colcon_core.environment:checking '/home/cayo-sousa/ws_ld90_sim/install/libaria/bin'
[0.576s] Level 1:colcon.colcon_core.shell:create_environment_hook('libaria', 'path')
[0.576s] INFO:colcon.colcon_core.shell:Creating environment hook '/home/cayo-sousa/ws_ld90_sim/install/libaria/share/libaria/hook/path.ps1'
[0.576s] INFO:colcon.colcon_core.shell:Creating environment descriptor '/home/cayo-sousa/ws_ld90_sim/install/libaria/share/libaria/hook/path.dsv'
[0.577s] INFO:colcon.colcon_core.shell:Creating environment hook '/home/cayo-sousa/ws_ld90_sim/install/libaria/share/libaria/hook/path.sh'
[0.577s] Level 1:colcon.colcon_core.environment:checking '/home/cayo-sousa/ws_ld90_sim/install/libaria/lib/pkgconfig/libaria.pc'
[0.577s] Level 1:colcon.colcon_core.environment:checking '/home/cayo-sousa/ws_ld90_sim/install/libaria/lib/python3.12/site-packages'
[0.578s] Level 1:colcon.colcon_core.environment:checking '/home/cayo-sousa/ws_ld90_sim/install/libaria/bin'
[0.578s] Level 1:colcon.colcon_core.shell:create_environment_hook('libaria', 'pythonscriptspath')
[0.578s] INFO:colcon.colcon_core.shell:Creating environment hook '/home/cayo-sousa/ws_ld90_sim/install/libaria/share/libaria/hook/pythonscriptspath.ps1'
[0.578s] INFO:colcon.colcon_core.shell:Creating environment descriptor '/home/cayo-sousa/ws_ld90_sim/install/libaria/share/libaria/hook/pythonscriptspath.dsv'
[0.579s] INFO:colcon.colcon_core.shell:Creating environment hook '/home/cayo-sousa/ws_ld90_sim/install/libaria/share/libaria/hook/pythonscriptspath.sh'
[0.579s] INFO:colcon.colcon_core.shell:Creating package script '/home/cayo-sousa/ws_ld90_sim/install/libaria/share/libaria/package.ps1'
[0.580s] INFO:colcon.colcon_core.shell:Creating package descriptor '/home/cayo-sousa/ws_ld90_sim/install/libaria/share/libaria/package.dsv'
[0.581s] INFO:colcon.colcon_core.shell:Creating package script '/home/cayo-sousa/ws_ld90_sim/install/libaria/share/libaria/package.sh'
[0.582s] INFO:colcon.colcon_core.shell:Creating package script '/home/cayo-sousa/ws_ld90_sim/install/libaria/share/libaria/package.bash'
[0.582s] INFO:colcon.colcon_core.shell:Creating package script '/home/cayo-sousa/ws_ld90_sim/install/libaria/share/libaria/package.zsh'
[0.583s] Level 1:colcon.colcon_core.environment:create_file_with_runtime_dependencies(/home/cayo-sousa/ws_ld90_sim/install/libaria/share/colcon-core/packages/libaria)
[0.614s] DEBUG:colcon.colcon_core.event_handler.log_command:Invoked command in '/home/cayo-sousa/ws_ld90_sim/build/amr_msgs' returned '2': CMAKE_PREFIX_PATH=${CMAKE_PREFIX_PATH}:/opt/ros/jazzy DEBUGINFOD_URLS=https://debuginfod.ubuntu.com /usr/bin/cmake --build /home/cayo-sousa/ws_ld90_sim/build/amr_msgs -- -j12 -l12
[0.615s] Level 1:colcon.colcon_core.environment:create_environment_scripts_only(amr_msgs)
[0.615s] Level 1:colcon.colcon_core.environment:checking '/home/cayo-sousa/ws_ld90_sim/install/amr_msgs' for CMake module files
[0.618s] Level 1:colcon.colcon_core.environment:checking '/home/cayo-sousa/ws_ld90_sim/install/amr_msgs' for CMake config files
[0.618s] Level 1:colcon.colcon_core.shell:create_environment_hook('amr_msgs', 'cmake_prefix_path')
[0.619s] INFO:colcon.colcon_core.shell:Creating environment hook '/home/cayo-sousa/ws_ld90_sim/install/amr_msgs/share/amr_msgs/hook/cmake_prefix_path.ps1'
[0.619s] INFO:colcon.colcon_core.shell:Creating environment descriptor '/home/cayo-sousa/ws_ld90_sim/install/amr_msgs/share/amr_msgs/hook/cmake_prefix_path.dsv'
[0.619s] INFO:colcon.colcon_core.shell:Creating environment hook '/home/cayo-sousa/ws_ld90_sim/install/amr_msgs/share/amr_msgs/hook/cmake_prefix_path.sh'
[0.620s] Level 1:colcon.colcon_core.environment:checking '/home/cayo-sousa/ws_ld90_sim/install/amr_msgs/lib'
[0.620s] Level 1:colcon.colcon_core.shell:create_environment_hook('amr_msgs', 'ld_library_path_lib')
[0.620s] INFO:colcon.colcon_core.shell:Creating environment hook '/home/cayo-sousa/ws_ld90_sim/install/amr_msgs/share/amr_msgs/hook/ld_library_path_lib.ps1'
[0.620s] INFO:colcon.colcon_core.shell:Creating environment descriptor '/home/cayo-sousa/ws_ld90_sim/install/amr_msgs/share/amr_msgs/hook/ld_library_path_lib.dsv'
[0.621s] INFO:colcon.colcon_core.shell:Creating environment hook '/home/cayo-sousa/ws_ld90_sim/install/amr_msgs/share/amr_msgs/hook/ld_library_path_lib.sh'
[0.621s] Level 1:colcon.colcon_core.environment:checking '/home/cayo-sousa/ws_ld90_sim/install/amr_msgs/bin'
[0.621s] Level 1:colcon.colcon_core.environment:checking '/home/cayo-sousa/ws_ld90_sim/install/amr_msgs/lib/pkgconfig/amr_msgs.pc'
[0.621s] Level 1:colcon.colcon_core.environment:checking '/home/cayo-sousa/ws_ld90_sim/install/amr_msgs/lib/python3.12/site-packages'
[0.622s] Level 1:colcon.colcon_core.shell:create_environment_hook('amr_msgs', 'pythonpath')
[0.622s] INFO:colcon.colcon_core.shell:Creating environment hook '/home/cayo-sousa/ws_ld90_sim/install/amr_msgs/share/amr_msgs/hook/pythonpath.ps1'
[0.622s] INFO:colcon.colcon_core.shell:Creating environment descriptor '/home/cayo-sousa/ws_ld90_sim/install/amr_msgs/share/amr_msgs/hook/pythonpath.dsv'
[0.622s] INFO:colcon.colcon_core.shell:Creating environment hook '/home/cayo-sousa/ws_ld90_sim/install/amr_msgs/share/amr_msgs/hook/pythonpath.sh'
[0.623s] Level 1:colcon.colcon_core.environment:checking '/home/cayo-sousa/ws_ld90_sim/install/amr_msgs/bin'
[0.623s] INFO:colcon.colcon_core.shell:Creating package script '/home/cayo-sousa/ws_ld90_sim/install/amr_msgs/share/amr_msgs/package.ps1'
[0.624s] INFO:colcon.colcon_core.shell:Creating package descriptor '/home/cayo-sousa/ws_ld90_sim/install/amr_msgs/share/amr_msgs/package.dsv'
[0.624s] INFO:colcon.colcon_core.shell:Creating package script '/home/cayo-sousa/ws_ld90_sim/install/amr_msgs/share/amr_msgs/package.sh'
[0.624s] INFO:colcon.colcon_core.shell:Creating package script '/home/cayo-sousa/ws_ld90_sim/install/amr_msgs/share/amr_msgs/package.bash'
[0.625s] INFO:colcon.colcon_core.shell:Creating package script '/home/cayo-sousa/ws_ld90_sim/install/amr_msgs/share/amr_msgs/package.zsh'
[0.625s] Level 1:colcon.colcon_core.environment:create_file_with_runtime_dependencies(/home/cayo-sousa/ws_ld90_sim/install/amr_msgs/share/colcon-core/packages/amr_msgs)
[0.636s] DEBUG:colcon.colcon_parallel_executor.executor.parallel:closing loop
[0.636s] DEBUG:colcon.colcon_parallel_executor.executor.parallel:loop closed
[0.636s] DEBUG:colcon.colcon_parallel_executor.executor.parallel:run_until_complete finished with '2'
[0.636s] DEBUG:colcon.colcon_core.event_reactor:joining thread
[0.640s] INFO:colcon.colcon_core.plugin_system:Skipping extension 'colcon_notification.desktop_notification.terminal_notifier': Not used on non-Darwin systems
[0.640s] INFO:colcon.colcon_core.plugin_system:Skipping extension 'colcon_notification.desktop_notification.win32': Not used on non-Windows systems
[0.640s] INFO:colcon.colcon_notification.desktop_notification:Sending desktop notification using 'notify2'
[0.653s] DEBUG:colcon.colcon_core.event_reactor:joined thread
[0.653s] INFO:colcon.colcon_core.shell:Creating prefix script '/home/cayo-sousa/ws_ld90_sim/install/local_setup.ps1'
[0.654s] INFO:colcon.colcon_core.shell:Creating prefix util module '/home/cayo-sousa/ws_ld90_sim/install/_local_setup_util_ps1.py'
[0.655s] INFO:colcon.colcon_core.shell:Creating prefix chain script '/home/cayo-sousa/ws_ld90_sim/install/setup.ps1'
[0.657s] INFO:colcon.colcon_core.shell:Creating prefix script '/home/cayo-sousa/ws_ld90_sim/install/local_setup.sh'
[0.658s] INFO:colcon.colcon_core.shell:Creating prefix util module '/home/cayo-sousa/ws_ld90_sim/install/_local_setup_util_sh.py'
[0.658s] INFO:colcon.colcon_core.shell:Creating prefix chain script '/home/cayo-sousa/ws_ld90_sim/install/setup.sh'
[0.659s] INFO:colcon.colcon_core.shell:Creating prefix script '/home/cayo-sousa/ws_ld90_sim/install/local_setup.bash'
[0.660s] INFO:colcon.colcon_core.shell:Creating prefix chain script '/home/cayo-sousa/ws_ld90_sim/install/setup.bash'
[0.661s] INFO:colcon.colcon_core.shell:Creating prefix script '/home/cayo-sousa/ws_ld90_sim/install/local_setup.zsh'
[0.662s] INFO:colcon.colcon_core.shell:Creating prefix chain script '/home/cayo-sousa/ws_ld90_sim/install/setup.zsh'
