-- Install configuration: ""
-- Execute custom install script
-- Up-to-date symlink: /home/cayo-sousa/ws_ld90_sim/install/amr_description/share/amr_description/meshes/AMR_Platform.STL
-- Up-to-date symlink: /home/cayo-sousa/ws_ld90_sim/install/amr_description/share/amr_description/meshes/LD250.mtl
-- Up-to-date symlink: /home/cayo-sousa/ws_ld90_sim/install/amr_description/share/amr_description/meshes/LD250.obj
-- Up-to-date symlink: /home/cayo-sousa/ws_ld90_sim/install/amr_description/share/amr_description/meshes/LD90.mtl
-- Up-to-date symlink: /home/cayo-sousa/ws_ld90_sim/install/amr_description/share/amr_description/meshes/LD90.obj
-- Up-to-date symlink: /home/cayo-sousa/ws_ld90_sim/install/amr_description/share/amr_description/urdf/AMR_Platform.urdf
-- Up-to-date symlink: /home/cayo-sousa/ws_ld90_sim/install/amr_description/share/amr_description/urdf/LD250.urdf
-- Up-to-date symlink: /home/cayo-sousa/ws_ld90_sim/install/amr_description/share/amr_description/urdf/LD90.urdf
-- Up-to-date symlink: /home/cayo-sousa/ws_ld90_sim/install/amr_description/share/amr_description/xacro/amr_platform.urdf.xacro
-- Up-to-date symlink: /home/cayo-sousa/ws_ld90_sim/install/amr_description/share/amr_description/xacro/ld250.urdf.xacro
-- Up-to-date symlink: /home/cayo-sousa/ws_ld90_sim/install/amr_description/share/amr_description/xacro/ld250_robot.urdf.xacro
-- Up-to-date symlink: /home/cayo-sousa/ws_ld90_sim/install/amr_description/share/amr_description/xacro/ld90.urdf.xacro
-- Up-to-date symlink: /home/cayo-sousa/ws_ld90_sim/install/amr_description/share/amr_description/xacro/ld90_robot.urdf.xacro
-- Up-to-date symlink: /home/cayo-sousa/ws_ld90_sim/install/amr_description/share/ament_index/resource_index/package_run_dependencies/amr_description
-- Up-to-date symlink: /home/cayo-sousa/ws_ld90_sim/install/amr_description/share/ament_index/resource_index/parent_prefix_path/amr_description
-- Up-to-date symlink: /home/cayo-sousa/ws_ld90_sim/install/amr_description/share/amr_description/environment/ament_prefix_path.sh
-- Up-to-date symlink: /home/cayo-sousa/ws_ld90_sim/install/amr_description/share/amr_description/environment/ament_prefix_path.dsv
-- Up-to-date symlink: /home/cayo-sousa/ws_ld90_sim/install/amr_description/share/amr_description/environment/path.sh
-- Up-to-date symlink: /home/cayo-sousa/ws_ld90_sim/install/amr_description/share/amr_description/environment/path.dsv
-- Up-to-date symlink: /home/cayo-sousa/ws_ld90_sim/install/amr_description/share/amr_description/local_setup.bash
-- Up-to-date symlink: /home/cayo-sousa/ws_ld90_sim/install/amr_description/share/amr_description/local_setup.sh
-- Up-to-date symlink: /home/cayo-sousa/ws_ld90_sim/install/amr_description/share/amr_description/local_setup.zsh
-- Up-to-date symlink: /home/cayo-sousa/ws_ld90_sim/install/amr_description/share/amr_description/local_setup.dsv
-- Symlinking: /home/cayo-sousa/ws_ld90_sim/install/amr_description/share/amr_description/package.dsv
-- Up-to-date symlink: /home/cayo-sousa/ws_ld90_sim/install/amr_description/share/ament_index/resource_index/packages/amr_description
-- Up-to-date symlink: /home/cayo-sousa/ws_ld90_sim/install/amr_description/share/amr_description/cmake/amr_descriptionConfig.cmake
-- Up-to-date symlink: /home/cayo-sousa/ws_ld90_sim/install/amr_description/share/amr_description/cmake/amr_descriptionConfig-version.cmake
-- Up-to-date symlink: /home/cayo-sousa/ws_ld90_sim/install/amr_description/share/amr_description/package.xml
