[0.008s] Invoking command in '/home/cayo-sousa/ws_ld90_sim/build/amr_core': AMENT_PREFIX_PATH=/home/cayo-sousa/ws_ld90_sim/install/amr_msgs CMAKE_PREFIX_PATH=/home/cayo-sousa/ws_ld90_sim/install/libaria:/home/cayo-sousa/ws_ld90_sim/install/amr_msgs DEBUGINFOD_URLS=https://debuginfod.ubuntu.com LD_LIBRARY_PATH=/home/cayo-sousa/ws_ld90_sim/install/libaria/lib:/home/cayo-sousa/ws_ld90_sim/install/amr_msgs/lib PATH=/home/cayo-sousa/ws_ld90_sim/install/libaria/bin:${PATH} PKG_CONFIG_PATH=/home/cayo-sousa/ws_ld90_sim/install/libaria/lib/x86_64-linux-gnu/pkgconfig:/home/cayo-sousa/ws_ld90_sim/install/libaria/lib/pkgconfig PYTHONPATH=/home/cayo-sousa/ws_ld90_sim/install/amr_msgs/lib/python3.12/site-packages /usr/bin/cmake --build /home/cayo-sousa/ws_ld90_sim/build/amr_core -- -j12 -l12
[0.085s] [100%] Built target amr_core
[0.179s] Invoked command in '/home/cayo-sousa/ws_ld90_sim/build/amr_core' returned '0': AMENT_PREFIX_PATH=/home/cayo-sousa/ws_ld90_sim/install/amr_msgs CMAKE_PREFIX_PATH=/home/cayo-sousa/ws_ld90_sim/install/libaria:/home/cayo-sousa/ws_ld90_sim/install/amr_msgs DEBUGINFOD_URLS=https://debuginfod.ubuntu.com LD_LIBRARY_PATH=/home/cayo-sousa/ws_ld90_sim/install/libaria/lib:/home/cayo-sousa/ws_ld90_sim/install/amr_msgs/lib PATH=/home/cayo-sousa/ws_ld90_sim/install/libaria/bin:${PATH} PKG_CONFIG_PATH=/home/cayo-sousa/ws_ld90_sim/install/libaria/lib/x86_64-linux-gnu/pkgconfig:/home/cayo-sousa/ws_ld90_sim/install/libaria/lib/pkgconfig PYTHONPATH=/home/cayo-sousa/ws_ld90_sim/install/amr_msgs/lib/python3.12/site-packages /usr/bin/cmake --build /home/cayo-sousa/ws_ld90_sim/build/amr_core -- -j12 -l12
[0.181s] Invoking command in '/home/cayo-sousa/ws_ld90_sim/build/amr_core': AMENT_PREFIX_PATH=/home/cayo-sousa/ws_ld90_sim/install/amr_msgs CMAKE_PREFIX_PATH=/home/cayo-sousa/ws_ld90_sim/install/libaria:/home/cayo-sousa/ws_ld90_sim/install/amr_msgs DEBUGINFOD_URLS=https://debuginfod.ubuntu.com LD_LIBRARY_PATH=/home/cayo-sousa/ws_ld90_sim/install/libaria/lib:/home/cayo-sousa/ws_ld90_sim/install/amr_msgs/lib PATH=/home/cayo-sousa/ws_ld90_sim/install/libaria/bin:${PATH} PKG_CONFIG_PATH=/home/cayo-sousa/ws_ld90_sim/install/libaria/lib/x86_64-linux-gnu/pkgconfig:/home/cayo-sousa/ws_ld90_sim/install/libaria/lib/pkgconfig PYTHONPATH=/home/cayo-sousa/ws_ld90_sim/install/amr_msgs/lib/python3.12/site-packages /usr/bin/cmake --install /home/cayo-sousa/ws_ld90_sim/build/amr_core
[0.187s] -- Install configuration: ""
[0.187s] -- Execute custom install script
[0.188s] -- Up-to-date symlink: /home/cayo-sousa/ws_ld90_sim/install/amr_core/lib/amr_core/amr_core
[0.189s] -- Up-to-date symlink: /home/cayo-sousa/ws_ld90_sim/install/amr_core/share/ament_index/resource_index/package_run_dependencies/amr_core
[0.189s] -- Up-to-date symlink: /home/cayo-sousa/ws_ld90_sim/install/amr_core/share/ament_index/resource_index/parent_prefix_path/amr_core
[0.190s] -- Up-to-date symlink: /home/cayo-sousa/ws_ld90_sim/install/amr_core/share/amr_core/environment/ament_prefix_path.sh
[0.190s] -- Up-to-date symlink: /home/cayo-sousa/ws_ld90_sim/install/amr_core/share/amr_core/environment/ament_prefix_path.dsv
[0.190s] -- Up-to-date symlink: /home/cayo-sousa/ws_ld90_sim/install/amr_core/share/amr_core/environment/path.sh
[0.191s] -- Up-to-date symlink: /home/cayo-sousa/ws_ld90_sim/install/amr_core/share/amr_core/environment/path.dsv
[0.191s] -- Up-to-date symlink: /home/cayo-sousa/ws_ld90_sim/install/amr_core/share/amr_core/local_setup.bash
[0.191s] -- Up-to-date symlink: /home/cayo-sousa/ws_ld90_sim/install/amr_core/share/amr_core/local_setup.sh
[0.191s] -- Up-to-date symlink: /home/cayo-sousa/ws_ld90_sim/install/amr_core/share/amr_core/local_setup.zsh
[0.191s] -- Up-to-date symlink: /home/cayo-sousa/ws_ld90_sim/install/amr_core/share/amr_core/local_setup.dsv
[0.191s] -- Symlinking: /home/cayo-sousa/ws_ld90_sim/install/amr_core/share/amr_core/package.dsv
[0.199s] -- Up-to-date symlink: /home/cayo-sousa/ws_ld90_sim/install/amr_core/share/ament_index/resource_index/packages/amr_core
[0.199s] -- Up-to-date symlink: /home/cayo-sousa/ws_ld90_sim/install/amr_core/share/amr_core/cmake/amr_coreConfig.cmake
[0.200s] -- Up-to-date symlink: /home/cayo-sousa/ws_ld90_sim/install/amr_core/share/amr_core/cmake/amr_coreConfig-version.cmake
[0.200s] -- Up-to-date symlink: /home/cayo-sousa/ws_ld90_sim/install/amr_core/share/amr_core/package.xml
[0.201s] Invoked command in '/home/cayo-sousa/ws_ld90_sim/build/amr_core' returned '0': AMENT_PREFIX_PATH=/home/cayo-sousa/ws_ld90_sim/install/amr_msgs CMAKE_PREFIX_PATH=/home/cayo-sousa/ws_ld90_sim/install/libaria:/home/cayo-sousa/ws_ld90_sim/install/amr_msgs DEBUGINFOD_URLS=https://debuginfod.ubuntu.com LD_LIBRARY_PATH=/home/cayo-sousa/ws_ld90_sim/install/libaria/lib:/home/cayo-sousa/ws_ld90_sim/install/amr_msgs/lib PATH=/home/cayo-sousa/ws_ld90_sim/install/libaria/bin:${PATH} PKG_CONFIG_PATH=/home/cayo-sousa/ws_ld90_sim/install/libaria/lib/x86_64-linux-gnu/pkgconfig:/home/cayo-sousa/ws_ld90_sim/install/libaria/lib/pkgconfig PYTHONPATH=/home/cayo-sousa/ws_ld90_sim/install/amr_msgs/lib/python3.12/site-packages /usr/bin/cmake --install /home/cayo-sousa/ws_ld90_sim/build/amr_core
